#
# There is insufficient memory for the Java Runtime Environment to continue.
# Native memory allocation (mmap) failed to map 56623104 bytes for G1 virtual space
# Possible reasons:
#   The system is out of physical RAM or swap space
#   The process is running with CompressedOops enabled, and the Java Heap may be blocking the growth of the native heap
# Possible solutions:
#   Reduce memory load on the system
#   Increase physical memory or swap space
#   Check if swap backing store is full
#   Decrease Java heap size (-Xmx/-Xms)
#   Decrease number of Java threads
#   Decrease Java thread stack sizes (-Xss)
#   Set larger code cache with -XX:ReservedCodeCacheSize=
#   JVM is running with Unscaled Compressed Oops mode in which the Java heap is
#     placed in the first 4GB address space. The Java Heap base address is the
#     maximum limit for the native heap growth. Please use -XX:HeapBaseMinAddress
#     to set the Java Heap base and to place the Java Heap above 4GB virtual address.
# This output file may be truncated or incomplete.
#
#  Out of Memory Error (os_windows.cpp:3552), pid=13016, tid=12704
#
# JRE version: Java(TM) SE Runtime Environment (17.0.9+11) (build 17.0.9+11-LTS-201)
# Java VM: Java HotSpot(TM) 64-Bit Server VM (17.0.9+11-LTS-201, mixed mode, sharing, tiered, compressed oops, compressed class ptrs, g1 gc, windows-amd64)
# No core dump will be written. Minidumps are not enabled by default on client versions of Windows
#

---------------  S U M M A R Y ------------

Command Line: -Dforge.logging.console.level=debug -Dforge.logging.markers=REGISTRIES -DignoreList=bootstraplauncher,securejarhandler,asm-commons,asm-util,asm-analysis,asm-tree,asm,JarJarFileSystems,client-extra,fmlcore,javafmllanguage,lowcodelanguage,mclanguage,forge- -Djava.net.preferIPv6Addresses=system -DlegacyClassPath.file=D:\Repositorios github\Enhanced-Minecraft-Mod\Enhanched_Minecraft_Mod\build\classpath\runData_minecraftClasspath.txt -DmergeModules=jna-5.10.0.jar,jna-platform-5.10.0.jar --module-path=C:\Users\estudiante\.gradle\caches\modules-2\files-2.1\cpw.mods\bootstraplauncher\1.1.2\c546e00443d8432cda6baa1c860346980742628\bootstraplauncher-1.1.2.jar;C:\Users\estudiante\.gradle\caches\modules-2\files-2.1\cpw.mods\securejarhandler\2.1.10\51e6a22c6c716beb11e244bf5b8be480f51dd6b5\securejarhandler-2.1.10.jar;C:\Users\estudiante\.gradle\caches\modules-2\files-2.1\org.ow2.asm\asm-commons\9.5\19ab5b5800a3910d30d3a3e64fdb00fd0cb42de0\asm-commons-9.5.jar;C:\Users\estudiante\.gradle\caches\modules-2\files-2.1\org.ow2.asm\asm-util\9.5\64b5a1fc8c1b15ed2efd6a063e976bc8d3dc5ffe\asm-util-9.5.jar;C:\Users\estudiante\.gradle\caches\modules-2\files-2.1\org.ow2.asm\asm-analysis\9.5\490bacc77de7cbc0be1a30bb3471072d705be4a4\asm-analysis-9.5.jar;C:\Users\estudiante\.gradle\caches\modules-2\files-2.1\org.ow2.asm\asm-tree\9.5\fd33c8b6373abaa675be407082fdfda35021254a\asm-tree-9.5.jar;C:\Users\estudiante\.gradle\caches\modules-2\files-2.1\org.ow2.asm\asm\9.5\dc6ea1875f4d64fbc85e1691c95b96a3d8569c90\asm-9.5.jar;C:\Users\estudiante\.gradle\caches\modules-2\files-2.1\net.minecraftforge\JarJarFileSystems\0.3.19\2464eb7d6b9ddb9db36a82cf8a95193e5c6fe020\JarJarFileSystems-0.3.19.jar --add-modules=ALL-MODULE-PATH --add-opens=java.base/java.util.jar=cpw.mods.securejarhandler --add-opens=java.base/java.lang.invoke=cpw.mods.securejarhandler --add-exports=java.base/sun.security.util=cpw.mods.securejarhandler --add-exports=jdk.naming.dns/com.sun.jndi.dns=java.naming -Dfile.encoding=windows-1252 -Duser.country=AR -Duser.language=es -Duser.variant cpw.mods.bootstraplauncher.BootstrapLauncher --launchTarget forgedatauserdev --assetIndex 5 --assetsDir C:\Users\estudiante\.gradle\caches\forge_gradle\assets --gameDir . --fml.forgeVersion 47.2.0 --fml.mcVersion 1.20.1 --fml.forgeGroup net.minecraftforge --fml.mcpVersion 20230612.114412 --mod enhanced_minecraft --all --output D:\Repositorios github\Enhanced-Minecraft-Mod\Enhanched_Minecraft_Mod\src\generated\resources --existing D:\Repositorios github\Enhanced-Minecraft-Mod\Enhanched_Minecraft_Mod\src\main\resources

Host: Intel(R) Celeron(R) N5100 @ 1.10GHz, 4 cores, 3G,  Windows 11 , 64 bit Build 22621 (10.0.22621.2506)
Time: Tue Jan 16 19:52:23 2024 Hora estándar de Argentina elapsed time: 100.797093 seconds (0d 0h 1m 40s)

---------------  T H R E A D  ---------------

Current thread (0x000002613db9c690):  VMThread "VM Thread" [stack: 0x000000fd63200000,0x000000fd63300000] [id=12704]

Stack: [0x000000fd63200000,0x000000fd63300000]
Native frames: (J=compiled Java code, j=interpreted, Vv=VM code, C=native code)
V  [jvm.dll+0x678a4a]
V  [jvm.dll+0x7d9cfd]
V  [jvm.dll+0x7db60e]
V  [jvm.dll+0x7dbc73]
V  [jvm.dll+0x245e1f]
V  [jvm.dll+0x6758f9]
V  [jvm.dll+0x66a2a2]
V  [jvm.dll+0x303686]
V  [jvm.dll+0x30ac06]
V  [jvm.dll+0x35a48e]
V  [jvm.dll+0x35a6bf]
V  [jvm.dll+0x2da678]
V  [jvm.dll+0x2d8a85]
V  [jvm.dll+0x2d808c]
V  [jvm.dll+0x31b97b]
V  [jvm.dll+0x7e048b]
V  [jvm.dll+0x7e11c4]
V  [jvm.dll+0x7e16dd]
V  [jvm.dll+0x7e1ab4]
V  [jvm.dll+0x7e1b80]
V  [jvm.dll+0x78998a]
V  [jvm.dll+0x677875]
C  [ucrtbase.dll+0x29363]
C  [KERNEL32.DLL+0x1257d]
C  [ntdll.dll+0x5aa58]

VM_Operation (0x000000fd62cf73d0): G1CollectForAllocation, mode: safepoint, requested by thread 0x0000026122a537a0


---------------  P R O C E S S  ---------------

Threads class SMR info:
_java_thread_list=0x00000261064a5730, length=14, elements={
0x0000026122a537a0, 0x000002613dba12a0, 0x000002613dba2120, 0x000002613dbb4560,
0x000002613dbb7030, 0x000002613dbb79f0, 0x000002613dbbc3d0, 0x000002613dbc0670,
0x000002613dbc9130, 0x000002613dbcdf40, 0x000002617f063dd0, 0x000002617f13dcd0,
0x000002617f08c190, 0x0000026105992d70
}

Java Threads: ( => current thread )
  0x0000026122a537a0 JavaThread "main" [_thread_blocked, id=8884, stack(0x000000fd62c00000,0x000000fd62d00000)]
  0x000002613dba12a0 JavaThread "Reference Handler" daemon [_thread_blocked, id=13608, stack(0x000000fd63300000,0x000000fd63400000)]
  0x000002613dba2120 JavaThread "Finalizer" daemon [_thread_blocked, id=11404, stack(0x000000fd63400000,0x000000fd63500000)]
  0x000002613dbb4560 JavaThread "Signal Dispatcher" daemon [_thread_blocked, id=2364, stack(0x000000fd63500000,0x000000fd63600000)]
  0x000002613dbb7030 JavaThread "Attach Listener" daemon [_thread_blocked, id=13264, stack(0x000000fd63600000,0x000000fd63700000)]
  0x000002613dbb79f0 JavaThread "Service Thread" daemon [_thread_blocked, id=12524, stack(0x000000fd63700000,0x000000fd63800000)]
  0x000002613dbbc3d0 JavaThread "Monitor Deflation Thread" daemon [_thread_blocked, id=13472, stack(0x000000fd63800000,0x000000fd63900000)]
  0x000002613dbc0670 JavaThread "C2 CompilerThread0" daemon [_thread_blocked, id=7288, stack(0x000000fd63900000,0x000000fd63a00000)]
  0x000002613dbc9130 JavaThread "C1 CompilerThread0" daemon [_thread_blocked, id=10580, stack(0x000000fd63a00000,0x000000fd63b00000)]
  0x000002613dbcdf40 JavaThread "Sweeper thread" daemon [_thread_blocked, id=3960, stack(0x000000fd63b00000,0x000000fd63c00000)]
  0x000002617f063dd0 JavaThread "Common-Cleaner" daemon [_thread_blocked, id=12720, stack(0x000000fd63c00000,0x000000fd63d00000)]
  0x000002617f13dcd0 JavaThread "Notification Thread" daemon [_thread_blocked, id=13236, stack(0x000000fd63e00000,0x000000fd63f00000)]
  0x000002617f08c190 JavaThread "pool-2-thread-1" daemon [_thread_blocked, id=12444, stack(0x000000fd64500000,0x000000fd64600000)]
  0x0000026105992d70 JavaThread "C2 CompilerThread1" daemon [_thread_blocked, id=15052, stack(0x000000fd64600000,0x000000fd64700000)]

Other Threads:
=>0x000002613db9c690 VMThread "VM Thread" [stack: 0x000000fd63200000,0x000000fd63300000] [id=12704]
  0x0000026122a54620 WatcherThread [stack: 0x000000fd63f00000,0x000000fd64000000] [id=11536]
  0x0000026122a903b0 GCTaskThread "GC Thread#0" [stack: 0x000000fd62d00000,0x000000fd62e00000] [id=4348]
  0x000002617f7b8ba0 GCTaskThread "GC Thread#1" [stack: 0x000000fd63d00000,0x000000fd63e00000] [id=11488]
  0x000002617f8069f0 GCTaskThread "GC Thread#2" [stack: 0x000000fd64000000,0x000000fd64100000] [id=11748]
  0x000002617f80eeb0 GCTaskThread "GC Thread#3" [stack: 0x000000fd64100000,0x000000fd64200000] [id=11888]
  0x0000026122a98d40 ConcurrentGCThread "G1 Main Marker" [stack: 0x000000fd62e00000,0x000000fd62f00000] [id=1304]
  0x0000026122a99ef0 ConcurrentGCThread "G1 Conc#0" [stack: 0x000000fd62f00000,0x000000fd63000000] [id=9988]
  0x0000026122ad7a70 ConcurrentGCThread "G1 Refine#0" [stack: 0x000000fd63000000,0x000000fd63100000] [id=12584]
  0x000002617f1fef50 ConcurrentGCThread "G1 Refine#1" [stack: 0x000000fd64200000,0x000000fd64300000] [id=5620]
  0x000002610499b430 ConcurrentGCThread "G1 Refine#2" [stack: 0x000000fd64300000,0x000000fd64400000] [id=14096]
  0x00000261051dad50 ConcurrentGCThread "G1 Refine#3" [stack: 0x000000fd64400000,0x000000fd64500000] [id=14144]
  0x0000026122ad84a0 ConcurrentGCThread "G1 Service" [stack: 0x000000fd63100000,0x000000fd63200000] [id=14744]

Threads with active compile tasks:
C2 CompilerThread0   100967 8794       4       net.minecraft.world.level.block.state.StateDefinition::<init> (252 bytes)
C1 CompilerThread0   100967 8812       3       org.openjdk.nashorn.internal.scripts.Script$Recompilation$13$882AAA$\^eval\_::search (147 bytes)

VM state: at safepoint (normal execution)

VM Mutex/Monitor currently owned by a thread:  ([mutex/lock_event])
[0x0000026122a4ff80] Threads_lock - owner thread: 0x000002613db9c690
[0x0000026122a4e870] Heap_lock - owner thread: 0x0000026122a537a0

Heap address: 0x00000000c2e00000, size: 978 MB, Compressed Oops mode: 32-bit

CDS archive(s) mapped at: [0x000002613e000000-0x000002613ebd0000-0x000002613ebd0000), size 12386304, SharedBaseAddress: 0x000002613e000000, ArchiveRelocationMode: 1.
Compressed class space mapped at: 0x000002613f000000-0x000002617f000000, reserved size: 1073741824
Narrow klass base: 0x000002613e000000, Narrow klass shift: 0, Narrow klass range: 0x100000000

GC Precious Log:
 CPUs: 4 total, 4 available
 Memory: 3911M
 Large Page Support: Disabled
 NUMA Support: Disabled
 Compressed Oops: Enabled (32-bit)
 Heap Region Size: 1M
 Heap Min Capacity: 8M
 Heap Initial Capacity: 62M
 Heap Max Capacity: 978M
 Pre-touch: Disabled
 Parallel Workers: 4
 Concurrent Workers: 1
 Concurrent Refinement Workers: 4
 Periodic GC: Disabled

Heap:
 garbage-first heap   total 258048K, used 135886K [0x00000000c2e00000, 0x0000000100000000)
  region size 1024K, 2 young (2048K), 2 survivors (2048K)
 Metaspace       used 42497K, committed 43712K, reserved 1114112K
  class space    used 5531K, committed 6080K, reserved 1048576K

Heap Regions: E=young(eden), S=young(survivor), O=old, HS=humongous(starts), HC=humongous(continues), CS=collection set, F=free, OA=open archive, CA=closed archive, TAMS=top-at-mark-start (previous, next)
|   0|0x00000000c2e00000, 0x00000000c2f00000, 0x00000000c2f00000|100%|HS|  |TAMS 0x00000000c2f00000, 0x00000000c2e00000| Complete 
|   1|0x00000000c2f00000, 0x00000000c3000000, 0x00000000c3000000|100%|HS|  |TAMS 0x00000000c3000000, 0x00000000c2f00000| Complete 
|   2|0x00000000c3000000, 0x00000000c3100000, 0x00000000c3100000|100%|HC|  |TAMS 0x00000000c3100000, 0x00000000c3000000| Complete 
|   3|0x00000000c3100000, 0x00000000c3200000, 0x00000000c3200000|100%| O|  |TAMS 0x00000000c3200000, 0x00000000c3100000| Untracked 
|   4|0x00000000c3200000, 0x00000000c3300000, 0x00000000c3300000|100%| O|  |TAMS 0x00000000c3300000, 0x00000000c3200000| Untracked 
|   5|0x00000000c3300000, 0x00000000c3400000, 0x00000000c3400000|100%| O|  |TAMS 0x00000000c3400000, 0x00000000c3300000| Untracked 
|   6|0x00000000c3400000, 0x00000000c3500000, 0x00000000c3500000|100%|HS|  |TAMS 0x00000000c3500000, 0x00000000c3400000| Complete 
|   7|0x00000000c3500000, 0x00000000c3600000, 0x00000000c3600000|100%|HC|  |TAMS 0x00000000c3600000, 0x00000000c3500000| Complete 
|   8|0x00000000c3600000, 0x00000000c3700000, 0x00000000c3700000|100%| O|  |TAMS 0x00000000c3700000, 0x00000000c3600000| Untracked 
|   9|0x00000000c3700000, 0x00000000c3800000, 0x00000000c3800000|100%| O|  |TAMS 0x00000000c3800000, 0x00000000c3700000| Untracked 
|  10|0x00000000c3800000, 0x00000000c3900000, 0x00000000c3900000|100%| O|  |TAMS 0x00000000c3900000, 0x00000000c3800000| Untracked 
|  11|0x00000000c3900000, 0x00000000c3a00000, 0x00000000c3a00000|100%|HS|  |TAMS 0x00000000c3a00000, 0x00000000c3900000| Complete 
|  12|0x00000000c3a00000, 0x00000000c3b00000, 0x00000000c3b00000|100%|HC|  |TAMS 0x00000000c3b00000, 0x00000000c3a00000| Complete 
|  13|0x00000000c3b00000, 0x00000000c3c00000, 0x00000000c3c00000|100%| O|  |TAMS 0x00000000c3c00000, 0x00000000c3b00000| Untracked 
|  14|0x00000000c3c00000, 0x00000000c3d00000, 0x00000000c3d00000|100%| O|  |TAMS 0x00000000c3d00000, 0x00000000c3c00000| Untracked 
|  15|0x00000000c3d00000, 0x00000000c3e00000, 0x00000000c3e00000|100%| O|  |TAMS 0x00000000c3e00000, 0x00000000c3d00000| Untracked 
|  16|0x00000000c3e00000, 0x00000000c3f00000, 0x00000000c3f00000|100%| O|  |TAMS 0x00000000c3f00000, 0x00000000c3e00000| Untracked 
|  17|0x00000000c3f00000, 0x00000000c4000000, 0x00000000c4000000|100%| O|  |TAMS 0x00000000c4000000, 0x00000000c3f00000| Untracked 
|  18|0x00000000c4000000, 0x00000000c4100000, 0x00000000c4100000|100%| O|  |TAMS 0x00000000c4100000, 0x00000000c4000000| Untracked 
|  19|0x00000000c4100000, 0x00000000c4200000, 0x00000000c4200000|100%| O|  |TAMS 0x00000000c4200000, 0x00000000c4100000| Untracked 
|  20|0x00000000c4200000, 0x00000000c4300000, 0x00000000c4300000|100%| O|  |TAMS 0x00000000c4300000, 0x00000000c4200000| Untracked 
|  21|0x00000000c4300000, 0x00000000c4400000, 0x00000000c4400000|100%| O|  |TAMS 0x00000000c4400000, 0x00000000c4300000| Untracked 
|  22|0x00000000c4400000, 0x00000000c4500000, 0x00000000c4500000|100%| O|  |TAMS 0x00000000c4500000, 0x00000000c4400000| Untracked 
|  23|0x00000000c4500000, 0x00000000c4600000, 0x00000000c4600000|100%|HS|  |TAMS 0x00000000c4600000, 0x00000000c4500000| Complete 
|  24|0x00000000c4600000, 0x00000000c4700000, 0x00000000c4700000|100%|HC|  |TAMS 0x00000000c4700000, 0x00000000c4600000| Complete 
|  25|0x00000000c4700000, 0x00000000c4800000, 0x00000000c4800000|100%| O|  |TAMS 0x00000000c4800000, 0x00000000c4700000| Untracked 
|  26|0x00000000c4800000, 0x00000000c4900000, 0x00000000c4900000|100%| O|  |TAMS 0x00000000c4900000, 0x00000000c4800000| Untracked 
|  27|0x00000000c4900000, 0x00000000c4a00000, 0x00000000c4a00000|100%| O|  |TAMS 0x00000000c4a00000, 0x00000000c4900000| Untracked 
|  28|0x00000000c4a00000, 0x00000000c4b00000, 0x00000000c4b00000|100%| O|  |TAMS 0x00000000c4b00000, 0x00000000c4a00000| Untracked 
|  29|0x00000000c4b00000, 0x00000000c4c00000, 0x00000000c4c00000|100%| O|  |TAMS 0x00000000c4c00000, 0x00000000c4b00000| Untracked 
|  30|0x00000000c4c00000, 0x00000000c4d00000, 0x00000000c4d00000|100%| O|  |TAMS 0x00000000c4d00000, 0x00000000c4c00000| Untracked 
|  31|0x00000000c4d00000, 0x00000000c4e00000, 0x00000000c4e00000|100%| O|  |TAMS 0x00000000c4e00000, 0x00000000c4d00000| Untracked 
|  32|0x00000000c4e00000, 0x00000000c4f00000, 0x00000000c4f00000|100%| O|  |TAMS 0x00000000c4f00000, 0x00000000c4e00000| Untracked 
|  33|0x00000000c4f00000, 0x00000000c5000000, 0x00000000c5000000|100%|HS|  |TAMS 0x00000000c5000000, 0x00000000c4f00000| Complete 
|  34|0x00000000c5000000, 0x00000000c5100000, 0x00000000c5100000|100%| O|  |TAMS 0x00000000c5100000, 0x00000000c5000000| Untracked 
|  35|0x00000000c5100000, 0x00000000c5200000, 0x00000000c5200000|100%| O|  |TAMS 0x00000000c5200000, 0x00000000c5100000| Untracked 
|  36|0x00000000c5200000, 0x00000000c5300000, 0x00000000c5300000|100%| O|  |TAMS 0x00000000c5300000, 0x00000000c5200000| Untracked 
|  37|0x00000000c5300000, 0x00000000c5400000, 0x00000000c5400000|100%|HS|  |TAMS 0x00000000c5400000, 0x00000000c5300000| Complete 
|  38|0x00000000c5400000, 0x00000000c5500000, 0x00000000c5500000|100%|HC|  |TAMS 0x00000000c5500000, 0x00000000c5400000| Complete 
|  39|0x00000000c5500000, 0x00000000c5600000, 0x00000000c5600000|100%|HS|  |TAMS 0x00000000c5600000, 0x00000000c5500000| Complete 
|  40|0x00000000c5600000, 0x00000000c5700000, 0x00000000c5700000|100%| O|  |TAMS 0x00000000c5700000, 0x00000000c5600000| Untracked 
|  41|0x00000000c5700000, 0x00000000c5800000, 0x00000000c5800000|100%| O|  |TAMS 0x00000000c5800000, 0x00000000c5700000| Untracked 
|  42|0x00000000c5800000, 0x00000000c5900000, 0x00000000c5900000|100%| O|  |TAMS 0x00000000c5900000, 0x00000000c5800000| Untracked 
|  43|0x00000000c5900000, 0x00000000c5a00000, 0x00000000c5a00000|100%| O|  |TAMS 0x00000000c5a00000, 0x00000000c5900000| Untracked 
|  44|0x00000000c5a00000, 0x00000000c5b00000, 0x00000000c5b00000|100%| O|  |TAMS 0x00000000c5b00000, 0x00000000c5a00000| Untracked 
|  45|0x00000000c5b00000, 0x00000000c5c00000, 0x00000000c5c00000|100%| O|  |TAMS 0x00000000c5c00000, 0x00000000c5b00000| Untracked 
|  46|0x00000000c5c00000, 0x00000000c5d00000, 0x00000000c5d00000|100%| O|  |TAMS 0x00000000c5d00000, 0x00000000c5c00000| Untracked 
|  47|0x00000000c5d00000, 0x00000000c5e00000, 0x00000000c5e00000|100%| O|  |TAMS 0x00000000c5e00000, 0x00000000c5d00000| Untracked 
|  48|0x00000000c5e00000, 0x00000000c5f00000, 0x00000000c5f00000|100%| O|  |TAMS 0x00000000c5f00000, 0x00000000c5e00000| Untracked 
|  49|0x00000000c5f00000, 0x00000000c6000000, 0x00000000c6000000|100%| O|  |TAMS 0x00000000c6000000, 0x00000000c5f00000| Untracked 
|  50|0x00000000c6000000, 0x00000000c6100000, 0x00000000c6100000|100%| O|  |TAMS 0x00000000c6100000, 0x00000000c6000000| Untracked 
|  51|0x00000000c6100000, 0x00000000c6200000, 0x00000000c6200000|100%| O|  |TAMS 0x00000000c6200000, 0x00000000c6100000| Untracked 
|  52|0x00000000c6200000, 0x00000000c6300000, 0x00000000c6300000|100%| O|  |TAMS 0x00000000c6300000, 0x00000000c6200000| Untracked 
|  53|0x00000000c6300000, 0x00000000c6400000, 0x00000000c6400000|100%| O|  |TAMS 0x00000000c6400000, 0x00000000c6300000| Untracked 
|  54|0x00000000c6400000, 0x00000000c6500000, 0x00000000c6500000|100%| O|  |TAMS 0x00000000c6500000, 0x00000000c6400000| Untracked 
|  55|0x00000000c6500000, 0x00000000c6600000, 0x00000000c6600000|100%| O|  |TAMS 0x00000000c6600000, 0x00000000c6500000| Untracked 
|  56|0x00000000c6600000, 0x00000000c6700000, 0x00000000c6700000|100%| O|  |TAMS 0x00000000c6700000, 0x00000000c6600000| Untracked 
|  57|0x00000000c6700000, 0x00000000c6800000, 0x00000000c6800000|100%| O|  |TAMS 0x00000000c6800000, 0x00000000c6700000| Untracked 
|  58|0x00000000c6800000, 0x00000000c6900000, 0x00000000c6900000|100%| O|  |TAMS 0x00000000c6900000, 0x00000000c6800000| Untracked 
|  59|0x00000000c6900000, 0x00000000c6a00000, 0x00000000c6a00000|100%| O|  |TAMS 0x00000000c6a00000, 0x00000000c6900000| Untracked 
|  60|0x00000000c6a00000, 0x00000000c6b00000, 0x00000000c6b00000|100%| O|  |TAMS 0x00000000c6b00000, 0x00000000c6a00000| Untracked 
|  61|0x00000000c6b00000, 0x00000000c6c00000, 0x00000000c6c00000|100%| O|  |TAMS 0x00000000c6c00000, 0x00000000c6b00000| Untracked 
|  62|0x00000000c6c00000, 0x00000000c6d00000, 0x00000000c6d00000|100%| O|  |TAMS 0x00000000c6d00000, 0x00000000c6c00000| Untracked 
|  63|0x00000000c6d00000, 0x00000000c6e00000, 0x00000000c6e00000|100%| O|  |TAMS 0x00000000c6e00000, 0x00000000c6d00000| Untracked 
|  64|0x00000000c6e00000, 0x00000000c6f00000, 0x00000000c6f00000|100%| O|  |TAMS 0x00000000c6f00000, 0x00000000c6e00000| Untracked 
|  65|0x00000000c6f00000, 0x00000000c7000000, 0x00000000c7000000|100%| O|  |TAMS 0x00000000c7000000, 0x00000000c6f00000| Untracked 
|  66|0x00000000c7000000, 0x00000000c7100000, 0x00000000c7100000|100%| O|  |TAMS 0x00000000c7100000, 0x00000000c7000000| Untracked 
|  67|0x00000000c7100000, 0x00000000c7200000, 0x00000000c7200000|100%| O|  |TAMS 0x00000000c7200000, 0x00000000c7100000| Untracked 
|  68|0x00000000c7200000, 0x00000000c7300000, 0x00000000c7300000|100%| O|  |TAMS 0x00000000c7300000, 0x00000000c7200000| Untracked 
|  69|0x00000000c7300000, 0x00000000c7400000, 0x00000000c7400000|100%| O|  |TAMS 0x00000000c7400000, 0x00000000c7300000| Untracked 
|  70|0x00000000c7400000, 0x00000000c7400000, 0x00000000c7500000|  0%| F|  |TAMS 0x00000000c7400000, 0x00000000c7400000| Untracked 
|  71|0x00000000c7500000, 0x00000000c7600000, 0x00000000c7600000|100%| O|  |TAMS 0x00000000c7600000, 0x00000000c7500000| Untracked 
|  72|0x00000000c7600000, 0x00000000c7700000, 0x00000000c7700000|100%| O|  |TAMS 0x00000000c7700000, 0x00000000c7600000| Untracked 
|  73|0x00000000c7700000, 0x00000000c7800000, 0x00000000c7800000|100%| O|  |TAMS 0x00000000c7800000, 0x00000000c7700000| Untracked 
|  74|0x00000000c7800000, 0x00000000c7800000, 0x00000000c7900000|  0%| F|  |TAMS 0x00000000c7800000, 0x00000000c7800000| Untracked 
|  75|0x00000000c7900000, 0x00000000c7a00000, 0x00000000c7a00000|100%| O|  |TAMS 0x00000000c7a00000, 0x00000000c7900000| Untracked 
|  76|0x00000000c7a00000, 0x00000000c7b00000, 0x00000000c7b00000|100%| O|  |TAMS 0x00000000c7b00000, 0x00000000c7a00000| Untracked 
|  77|0x00000000c7b00000, 0x00000000c7c00000, 0x00000000c7c00000|100%| O|  |TAMS 0x00000000c7c00000, 0x00000000c7b00000| Untracked 
|  78|0x00000000c7c00000, 0x00000000c7c00000, 0x00000000c7d00000|  0%| F|  |TAMS 0x00000000c7c00000, 0x00000000c7c00000| Untracked 
|  79|0x00000000c7d00000, 0x00000000c7e00000, 0x00000000c7e00000|100%| O|  |TAMS 0x00000000c7e00000, 0x00000000c7d00000| Untracked 
|  80|0x00000000c7e00000, 0x00000000c7f00000, 0x00000000c7f00000|100%| O|  |TAMS 0x00000000c7f00000, 0x00000000c7e00000| Untracked 
|  81|0x00000000c7f00000, 0x00000000c8000000, 0x00000000c8000000|100%| O|  |TAMS 0x00000000c8000000, 0x00000000c7f00000| Untracked 
|  82|0x00000000c8000000, 0x00000000c8100000, 0x00000000c8100000|100%| O|  |TAMS 0x00000000c8100000, 0x00000000c8000000| Untracked 
|  83|0x00000000c8100000, 0x00000000c8200000, 0x00000000c8200000|100%| O|  |TAMS 0x00000000c8200000, 0x00000000c8100000| Untracked 
|  84|0x00000000c8200000, 0x00000000c8300000, 0x00000000c8300000|100%| O|  |TAMS 0x00000000c8300000, 0x00000000c8200000| Untracked 
|  85|0x00000000c8300000, 0x00000000c8400000, 0x00000000c8400000|100%| O|  |TAMS 0x00000000c8400000, 0x00000000c8300000| Untracked 
|  86|0x00000000c8400000, 0x00000000c8500000, 0x00000000c8500000|100%| O|  |TAMS 0x00000000c8500000, 0x00000000c8400000| Untracked 
|  87|0x00000000c8500000, 0x00000000c8600000, 0x00000000c8600000|100%| O|  |TAMS 0x00000000c8600000, 0x00000000c8500000| Untracked 
|  88|0x00000000c8600000, 0x00000000c8700000, 0x00000000c8700000|100%| O|  |TAMS 0x00000000c8700000, 0x00000000c8600000| Untracked 
|  89|0x00000000c8700000, 0x00000000c8800000, 0x00000000c8800000|100%| O|  |TAMS 0x00000000c8800000, 0x00000000c8700000| Untracked 
|  90|0x00000000c8800000, 0x00000000c8900000, 0x00000000c8900000|100%| O|  |TAMS 0x00000000c8900000, 0x00000000c8800000| Untracked 
|  91|0x00000000c8900000, 0x00000000c8a00000, 0x00000000c8a00000|100%| O|  |TAMS 0x00000000c8a00000, 0x00000000c8900000| Untracked 
|  92|0x00000000c8a00000, 0x00000000c8b00000, 0x00000000c8b00000|100%| O|  |TAMS 0x00000000c8b00000, 0x00000000c8a00000| Untracked 
|  93|0x00000000c8b00000, 0x00000000c8c00000, 0x00000000c8c00000|100%| O|  |TAMS 0x00000000c8c00000, 0x00000000c8b00000| Untracked 
|  94|0x00000000c8c00000, 0x00000000c8d00000, 0x00000000c8d00000|100%| O|  |TAMS 0x00000000c8d00000, 0x00000000c8c00000| Untracked 
|  95|0x00000000c8d00000, 0x00000000c8e00000, 0x00000000c8e00000|100%| O|  |TAMS 0x00000000c8e00000, 0x00000000c8d00000| Untracked 
|  96|0x00000000c8e00000, 0x00000000c8f00000, 0x00000000c8f00000|100%| O|  |TAMS 0x00000000c8f00000, 0x00000000c8e00000| Untracked 
|  97|0x00000000c8f00000, 0x00000000c9000000, 0x00000000c9000000|100%| O|  |TAMS 0x00000000c9000000, 0x00000000c8f00000| Untracked 
|  98|0x00000000c9000000, 0x00000000c9100000, 0x00000000c9100000|100%| O|  |TAMS 0x00000000c9100000, 0x00000000c9000000| Untracked 
|  99|0x00000000c9100000, 0x00000000c9200000, 0x00000000c9200000|100%| O|  |TAMS 0x00000000c9200000, 0x00000000c9100000| Untracked 
| 100|0x00000000c9200000, 0x00000000c9300000, 0x00000000c9300000|100%| O|  |TAMS 0x00000000c9300000, 0x00000000c9200000| Untracked 
| 101|0x00000000c9300000, 0x00000000c9400000, 0x00000000c9400000|100%| O|  |TAMS 0x00000000c9400000, 0x00000000c9300000| Untracked 
| 102|0x00000000c9400000, 0x00000000c9500000, 0x00000000c9500000|100%| O|  |TAMS 0x00000000c9500000, 0x00000000c9400000| Untracked 
| 103|0x00000000c9500000, 0x00000000c9600000, 0x00000000c9600000|100%| O|  |TAMS 0x00000000c9600000, 0x00000000c9500000| Untracked 
| 104|0x00000000c9600000, 0x00000000c9700000, 0x00000000c9700000|100%| O|  |TAMS 0x00000000c9700000, 0x00000000c9600000| Untracked 
| 105|0x00000000c9700000, 0x00000000c9800000, 0x00000000c9800000|100%| O|  |TAMS 0x00000000c9800000, 0x00000000c9700000| Untracked 
| 106|0x00000000c9800000, 0x00000000c9900000, 0x00000000c9900000|100%| O|  |TAMS 0x00000000c9900000, 0x00000000c9800000| Untracked 
| 107|0x00000000c9900000, 0x00000000c9a00000, 0x00000000c9a00000|100%| O|  |TAMS 0x00000000c99fe600, 0x00000000c9900000| Untracked 
| 108|0x00000000c9a00000, 0x00000000c9b00000, 0x00000000c9b00000|100%| O|  |TAMS 0x00000000c9a00000, 0x00000000c9a00000| Untracked 
| 109|0x00000000c9b00000, 0x00000000c9c00000, 0x00000000c9c00000|100%| O|  |TAMS 0x00000000c9b00000, 0x00000000c9b00000| Untracked 
| 110|0x00000000c9c00000, 0x00000000c9d00000, 0x00000000c9d00000|100%| O|  |TAMS 0x00000000c9c00000, 0x00000000c9c00000| Untracked 
| 111|0x00000000c9d00000, 0x00000000c9e00000, 0x00000000c9e00000|100%| O|  |TAMS 0x00000000c9d00000, 0x00000000c9d00000| Untracked 
| 112|0x00000000c9e00000, 0x00000000c9f00000, 0x00000000c9f00000|100%| O|  |TAMS 0x00000000c9e00000, 0x00000000c9e00000| Untracked 
| 113|0x00000000c9f00000, 0x00000000ca000000, 0x00000000ca000000|100%| O|  |TAMS 0x00000000c9f00000, 0x00000000c9f00000| Untracked 
| 114|0x00000000ca000000, 0x00000000ca100000, 0x00000000ca100000|100%| O|  |TAMS 0x00000000ca000000, 0x00000000ca000000| Untracked 
| 115|0x00000000ca100000, 0x00000000ca200000, 0x00000000ca200000|100%| O|  |TAMS 0x00000000ca100000, 0x00000000ca100000| Untracked 
| 116|0x00000000ca200000, 0x00000000ca300000, 0x00000000ca300000|100%| O|  |TAMS 0x00000000ca200000, 0x00000000ca200000| Untracked 
| 117|0x00000000ca300000, 0x00000000ca400000, 0x00000000ca400000|100%| O|  |TAMS 0x00000000ca300000, 0x00000000ca300000| Untracked 
| 118|0x00000000ca400000, 0x00000000ca500000, 0x00000000ca500000|100%| O|  |TAMS 0x00000000ca400000, 0x00000000ca400000| Untracked 
| 119|0x00000000ca500000, 0x00000000ca600000, 0x00000000ca600000|100%| O|  |TAMS 0x00000000ca500000, 0x00000000ca500000| Untracked 
| 120|0x00000000ca600000, 0x00000000ca700000, 0x00000000ca700000|100%| O|  |TAMS 0x00000000ca600000, 0x00000000ca600000| Untracked 
| 121|0x00000000ca700000, 0x00000000ca800000, 0x00000000ca800000|100%| O|  |TAMS 0x00000000ca700000, 0x00000000ca700000| Untracked 
| 122|0x00000000ca800000, 0x00000000ca900000, 0x00000000ca900000|100%| O|  |TAMS 0x00000000ca800000, 0x00000000ca800000| Untracked 
| 123|0x00000000ca900000, 0x00000000caa00000, 0x00000000caa00000|100%| O|  |TAMS 0x00000000ca900000, 0x00000000ca900000| Untracked 
| 124|0x00000000caa00000, 0x00000000cab00000, 0x00000000cab00000|100%| O|  |TAMS 0x00000000caa00000, 0x00000000caa00000| Untracked 
| 125|0x00000000cab00000, 0x00000000cac00000, 0x00000000cac00000|100%| O|  |TAMS 0x00000000cab00000, 0x00000000cab00000| Untracked 
| 126|0x00000000cac00000, 0x00000000cad00000, 0x00000000cad00000|100%| O|  |TAMS 0x00000000cac00000, 0x00000000cac00000| Untracked 
| 127|0x00000000cad00000, 0x00000000cae00000, 0x00000000cae00000|100%| O|  |TAMS 0x00000000cad00000, 0x00000000cad00000| Untracked 
| 128|0x00000000cae00000, 0x00000000caf00000, 0x00000000caf00000|100%| O|  |TAMS 0x00000000cae00000, 0x00000000cae00000| Untracked 
| 129|0x00000000caf00000, 0x00000000cb000000, 0x00000000cb000000|100%| O|  |TAMS 0x00000000caf00000, 0x00000000caf00000| Untracked 
| 130|0x00000000cb000000, 0x00000000cb100000, 0x00000000cb100000|100%| O|  |TAMS 0x00000000cb000000, 0x00000000cb000000| Untracked 
| 131|0x00000000cb100000, 0x00000000cb200000, 0x00000000cb200000|100%| O|  |TAMS 0x00000000cb100000, 0x00000000cb100000| Untracked 
| 132|0x00000000cb200000, 0x00000000cb300000, 0x00000000cb300000|100%| O|  |TAMS 0x00000000cb200000, 0x00000000cb200000| Untracked 
| 133|0x00000000cb300000, 0x00000000cb400000, 0x00000000cb400000|100%| O|  |TAMS 0x00000000cb300000, 0x00000000cb300000| Untracked 
| 134|0x00000000cb400000, 0x00000000cb45c400, 0x00000000cb500000| 36%| O|  |TAMS 0x00000000cb400000, 0x00000000cb400000| Untracked 
| 135|0x00000000cb500000, 0x00000000cb500000, 0x00000000cb600000|  0%| F|  |TAMS 0x00000000cb500000, 0x00000000cb500000| Untracked 
| 136|0x00000000cb600000, 0x00000000cb600000, 0x00000000cb700000|  0%| F|  |TAMS 0x00000000cb600000, 0x00000000cb600000| Untracked 
| 137|0x00000000cb700000, 0x00000000cb700000, 0x00000000cb800000|  0%| F|  |TAMS 0x00000000cb700000, 0x00000000cb700000| Untracked 
| 138|0x00000000cb800000, 0x00000000cb800000, 0x00000000cb900000|  0%| F|  |TAMS 0x00000000cb800000, 0x00000000cb800000| Untracked 
| 139|0x00000000cb900000, 0x00000000cb900000, 0x00000000cba00000|  0%| F|  |TAMS 0x00000000cb900000, 0x00000000cb900000| Untracked 
| 140|0x00000000cba00000, 0x00000000cba00000, 0x00000000cbb00000|  0%| F|  |TAMS 0x00000000cba00000, 0x00000000cba00000| Untracked 
| 141|0x00000000cbb00000, 0x00000000cbb00000, 0x00000000cbc00000|  0%| F|  |TAMS 0x00000000cbb00000, 0x00000000cbb00000| Untracked 
| 142|0x00000000cbc00000, 0x00000000cbc00000, 0x00000000cbd00000|  0%| F|  |TAMS 0x00000000cbc00000, 0x00000000cbc00000| Untracked 
| 143|0x00000000cbd00000, 0x00000000cbd00000, 0x00000000cbe00000|  0%| F|  |TAMS 0x00000000cbd00000, 0x00000000cbd00000| Untracked 
| 144|0x00000000cbe00000, 0x00000000cbe00000, 0x00000000cbf00000|  0%| F|  |TAMS 0x00000000cbe00000, 0x00000000cbe00000| Untracked 
| 145|0x00000000cbf00000, 0x00000000cbf00000, 0x00000000cc000000|  0%| F|  |TAMS 0x00000000cbf00000, 0x00000000cbf00000| Untracked 
| 146|0x00000000cc000000, 0x00000000cc000000, 0x00000000cc100000|  0%| F|  |TAMS 0x00000000cc000000, 0x00000000cc000000| Untracked 
| 147|0x00000000cc100000, 0x00000000cc100000, 0x00000000cc200000|  0%| F|  |TAMS 0x00000000cc100000, 0x00000000cc100000| Untracked 
| 148|0x00000000cc200000, 0x00000000cc200000, 0x00000000cc300000|  0%| F|  |TAMS 0x00000000cc200000, 0x00000000cc200000| Untracked 
| 149|0x00000000cc300000, 0x00000000cc300000, 0x00000000cc400000|  0%| F|  |TAMS 0x00000000cc300000, 0x00000000cc300000| Untracked 
| 150|0x00000000cc400000, 0x00000000cc400000, 0x00000000cc500000|  0%| F|  |TAMS 0x00000000cc400000, 0x00000000cc400000| Untracked 
| 151|0x00000000cc500000, 0x00000000cc500000, 0x00000000cc600000|  0%| F|  |TAMS 0x00000000cc500000, 0x00000000cc500000| Untracked 
| 152|0x00000000cc600000, 0x00000000cc600000, 0x00000000cc700000|  0%| F|  |TAMS 0x00000000cc600000, 0x00000000cc600000| Untracked 
| 153|0x00000000cc700000, 0x00000000cc700000, 0x00000000cc800000|  0%| F|  |TAMS 0x00000000cc700000, 0x00000000cc700000| Untracked 
| 154|0x00000000cc800000, 0x00000000cc800000, 0x00000000cc900000|  0%| F|  |TAMS 0x00000000cc800000, 0x00000000cc800000| Untracked 
| 155|0x00000000cc900000, 0x00000000cc900000, 0x00000000cca00000|  0%| F|  |TAMS 0x00000000cc900000, 0x00000000cc900000| Untracked 
| 156|0x00000000cca00000, 0x00000000cca00000, 0x00000000ccb00000|  0%| F|  |TAMS 0x00000000cca00000, 0x00000000cca00000| Untracked 
| 157|0x00000000ccb00000, 0x00000000ccb00000, 0x00000000ccc00000|  0%| F|  |TAMS 0x00000000ccb00000, 0x00000000ccb00000| Untracked 
| 158|0x00000000ccc00000, 0x00000000ccc00000, 0x00000000ccd00000|  0%| F|  |TAMS 0x00000000ccc00000, 0x00000000ccc00000| Untracked 
| 159|0x00000000ccd00000, 0x00000000ccd00000, 0x00000000cce00000|  0%| F|  |TAMS 0x00000000ccd00000, 0x00000000ccd00000| Untracked 
| 160|0x00000000cce00000, 0x00000000cce00000, 0x00000000ccf00000|  0%| F|  |TAMS 0x00000000cce00000, 0x00000000cce00000| Untracked 
| 161|0x00000000ccf00000, 0x00000000ccf00000, 0x00000000cd000000|  0%| F|  |TAMS 0x00000000ccf00000, 0x00000000ccf00000| Untracked 
| 162|0x00000000cd000000, 0x00000000cd000000, 0x00000000cd100000|  0%| F|  |TAMS 0x00000000cd000000, 0x00000000cd000000| Untracked 
| 163|0x00000000cd100000, 0x00000000cd100000, 0x00000000cd200000|  0%| F|  |TAMS 0x00000000cd100000, 0x00000000cd100000| Untracked 
| 164|0x00000000cd200000, 0x00000000cd200000, 0x00000000cd300000|  0%| F|  |TAMS 0x00000000cd200000, 0x00000000cd200000| Untracked 
| 165|0x00000000cd300000, 0x00000000cd300000, 0x00000000cd400000|  0%| F|  |TAMS 0x00000000cd300000, 0x00000000cd300000| Untracked 
| 166|0x00000000cd400000, 0x00000000cd400000, 0x00000000cd500000|  0%| F|  |TAMS 0x00000000cd400000, 0x00000000cd400000| Untracked 
| 167|0x00000000cd500000, 0x00000000cd500000, 0x00000000cd600000|  0%| F|  |TAMS 0x00000000cd500000, 0x00000000cd500000| Untracked 
| 168|0x00000000cd600000, 0x00000000cd600000, 0x00000000cd700000|  0%| F|  |TAMS 0x00000000cd600000, 0x00000000cd600000| Untracked 
| 169|0x00000000cd700000, 0x00000000cd700000, 0x00000000cd800000|  0%| F|  |TAMS 0x00000000cd700000, 0x00000000cd700000| Untracked 
| 170|0x00000000cd800000, 0x00000000cd800000, 0x00000000cd900000|  0%| F|  |TAMS 0x00000000cd800000, 0x00000000cd800000| Untracked 
| 171|0x00000000cd900000, 0x00000000cd900000, 0x00000000cda00000|  0%| F|  |TAMS 0x00000000cd900000, 0x00000000cd900000| Untracked 
| 172|0x00000000cda00000, 0x00000000cda00000, 0x00000000cdb00000|  0%| F|  |TAMS 0x00000000cda00000, 0x00000000cda00000| Untracked 
| 173|0x00000000cdb00000, 0x00000000cdb00000, 0x00000000cdc00000|  0%| F|  |TAMS 0x00000000cdb00000, 0x00000000cdb00000| Untracked 
| 174|0x00000000cdc00000, 0x00000000cdc00000, 0x00000000cdd00000|  0%| F|  |TAMS 0x00000000cdc00000, 0x00000000cdc00000| Untracked 
| 175|0x00000000cdd00000, 0x00000000cdd00000, 0x00000000cde00000|  0%| F|  |TAMS 0x00000000cdd00000, 0x00000000cdd00000| Untracked 
| 176|0x00000000cde00000, 0x00000000cde00000, 0x00000000cdf00000|  0%| F|  |TAMS 0x00000000cde00000, 0x00000000cde00000| Untracked 
| 177|0x00000000cdf00000, 0x00000000cdf00000, 0x00000000ce000000|  0%| F|  |TAMS 0x00000000cdf00000, 0x00000000cdf00000| Untracked 
| 178|0x00000000ce000000, 0x00000000ce000000, 0x00000000ce100000|  0%| F|  |TAMS 0x00000000ce000000, 0x00000000ce000000| Untracked 
| 179|0x00000000ce100000, 0x00000000ce100000, 0x00000000ce200000|  0%| F|  |TAMS 0x00000000ce100000, 0x00000000ce100000| Untracked 
| 180|0x00000000ce200000, 0x00000000ce200000, 0x00000000ce300000|  0%| F|  |TAMS 0x00000000ce200000, 0x00000000ce200000| Untracked 
| 181|0x00000000ce300000, 0x00000000ce300000, 0x00000000ce400000|  0%| F|  |TAMS 0x00000000ce300000, 0x00000000ce300000| Untracked 
| 182|0x00000000ce400000, 0x00000000ce400000, 0x00000000ce500000|  0%| F|  |TAMS 0x00000000ce400000, 0x00000000ce400000| Untracked 
| 183|0x00000000ce500000, 0x00000000ce500000, 0x00000000ce600000|  0%| F|  |TAMS 0x00000000ce500000, 0x00000000ce500000| Untracked 
| 184|0x00000000ce600000, 0x00000000ce600000, 0x00000000ce700000|  0%| F|  |TAMS 0x00000000ce600000, 0x00000000ce600000| Untracked 
| 185|0x00000000ce700000, 0x00000000ce700000, 0x00000000ce800000|  0%| F|  |TAMS 0x00000000ce700000, 0x00000000ce700000| Untracked 
| 186|0x00000000ce800000, 0x00000000ce800000, 0x00000000ce900000|  0%| F|  |TAMS 0x00000000ce800000, 0x00000000ce800000| Untracked 
| 187|0x00000000ce900000, 0x00000000ce900000, 0x00000000cea00000|  0%| F|  |TAMS 0x00000000ce900000, 0x00000000ce900000| Untracked 
| 188|0x00000000cea00000, 0x00000000cea00000, 0x00000000ceb00000|  0%| F|  |TAMS 0x00000000cea00000, 0x00000000cea00000| Untracked 
| 189|0x00000000ceb00000, 0x00000000ceb00000, 0x00000000cec00000|  0%| F|  |TAMS 0x00000000ceb00000, 0x00000000ceb00000| Untracked 
| 190|0x00000000cec00000, 0x00000000cec00000, 0x00000000ced00000|  0%| F|  |TAMS 0x00000000cec00000, 0x00000000cec00000| Untracked 
| 191|0x00000000ced00000, 0x00000000ced00000, 0x00000000cee00000|  0%| F|  |TAMS 0x00000000ced00000, 0x00000000ced00000| Untracked 
| 192|0x00000000cee00000, 0x00000000cee00000, 0x00000000cef00000|  0%| F|  |TAMS 0x00000000cee00000, 0x00000000cee00000| Untracked 
| 193|0x00000000cef00000, 0x00000000cef00000, 0x00000000cf000000|  0%| F|  |TAMS 0x00000000cef00000, 0x00000000cef00000| Untracked 
| 194|0x00000000cf000000, 0x00000000cf000000, 0x00000000cf100000|  0%| F|  |TAMS 0x00000000cf000000, 0x00000000cf000000| Untracked 
| 195|0x00000000cf100000, 0x00000000cf100000, 0x00000000cf200000|  0%| F|  |TAMS 0x00000000cf100000, 0x00000000cf100000| Untracked 
| 196|0x00000000cf200000, 0x00000000cf200000, 0x00000000cf300000|  0%| F|  |TAMS 0x00000000cf200000, 0x00000000cf200000| Untracked 
| 197|0x00000000cf300000, 0x00000000cf300000, 0x00000000cf400000|  0%| F|  |TAMS 0x00000000cf300000, 0x00000000cf300000| Untracked 
| 198|0x00000000cf400000, 0x00000000cf400000, 0x00000000cf500000|  0%| F|  |TAMS 0x00000000cf400000, 0x00000000cf400000| Untracked 
| 199|0x00000000cf500000, 0x00000000cf500000, 0x00000000cf600000|  0%| F|  |TAMS 0x00000000cf500000, 0x00000000cf500000| Untracked 
| 200|0x00000000cf600000, 0x00000000cf600000, 0x00000000cf700000|  0%| F|  |TAMS 0x00000000cf600000, 0x00000000cf600000| Untracked 
| 201|0x00000000cf700000, 0x00000000cf700000, 0x00000000cf800000|  0%| F|  |TAMS 0x00000000cf700000, 0x00000000cf700000| Untracked 
| 202|0x00000000cf800000, 0x00000000cf800000, 0x00000000cf900000|  0%| F|  |TAMS 0x00000000cf800000, 0x00000000cf800000| Untracked 
| 203|0x00000000cf900000, 0x00000000cf900000, 0x00000000cfa00000|  0%| F|  |TAMS 0x00000000cf900000, 0x00000000cf900000| Untracked 
| 204|0x00000000cfa00000, 0x00000000cfa00000, 0x00000000cfb00000|  0%| F|  |TAMS 0x00000000cfa00000, 0x00000000cfa00000| Untracked 
| 205|0x00000000cfb00000, 0x00000000cfb00000, 0x00000000cfc00000|  0%| F|  |TAMS 0x00000000cfb00000, 0x00000000cfb00000| Untracked 
| 206|0x00000000cfc00000, 0x00000000cfc00000, 0x00000000cfd00000|  0%| F|  |TAMS 0x00000000cfc00000, 0x00000000cfc00000| Untracked 
| 207|0x00000000cfd00000, 0x00000000cfd00000, 0x00000000cfe00000|  0%| F|  |TAMS 0x00000000cfd00000, 0x00000000cfd00000| Untracked 
| 208|0x00000000cfe00000, 0x00000000cfe00000, 0x00000000cff00000|  0%| F|  |TAMS 0x00000000cfe00000, 0x00000000cfe00000| Untracked 
| 209|0x00000000cff00000, 0x00000000cff00000, 0x00000000d0000000|  0%| F|  |TAMS 0x00000000cff00000, 0x00000000cff00000| Untracked 
| 210|0x00000000d0000000, 0x00000000d0000000, 0x00000000d0100000|  0%| F|  |TAMS 0x00000000d0000000, 0x00000000d0000000| Untracked 
| 211|0x00000000d0100000, 0x00000000d0100000, 0x00000000d0200000|  0%| F|  |TAMS 0x00000000d0100000, 0x00000000d0100000| Untracked 
| 212|0x00000000d0200000, 0x00000000d0200000, 0x00000000d0300000|  0%| F|  |TAMS 0x00000000d0200000, 0x00000000d0200000| Untracked 
| 213|0x00000000d0300000, 0x00000000d0300000, 0x00000000d0400000|  0%| F|  |TAMS 0x00000000d0300000, 0x00000000d0300000| Untracked 
| 214|0x00000000d0400000, 0x00000000d0400000, 0x00000000d0500000|  0%| F|  |TAMS 0x00000000d0400000, 0x00000000d0400000| Untracked 
| 215|0x00000000d0500000, 0x00000000d0500000, 0x00000000d0600000|  0%| F|  |TAMS 0x00000000d0500000, 0x00000000d0500000| Untracked 
| 216|0x00000000d0600000, 0x00000000d0600000, 0x00000000d0700000|  0%| F|  |TAMS 0x00000000d0600000, 0x00000000d0600000| Untracked 
| 217|0x00000000d0700000, 0x00000000d0700000, 0x00000000d0800000|  0%| F|  |TAMS 0x00000000d0700000, 0x00000000d0700000| Untracked 
| 218|0x00000000d0800000, 0x00000000d0800000, 0x00000000d0900000|  0%| F|  |TAMS 0x00000000d0800000, 0x00000000d0800000| Untracked 
| 219|0x00000000d0900000, 0x00000000d0900000, 0x00000000d0a00000|  0%| F|  |TAMS 0x00000000d0900000, 0x00000000d0900000| Untracked 
| 220|0x00000000d0a00000, 0x00000000d0a00000, 0x00000000d0b00000|  0%| F|  |TAMS 0x00000000d0a00000, 0x00000000d0a00000| Untracked 
| 221|0x00000000d0b00000, 0x00000000d0b00000, 0x00000000d0c00000|  0%| F|  |TAMS 0x00000000d0b00000, 0x00000000d0b00000| Untracked 
| 222|0x00000000d0c00000, 0x00000000d0c00000, 0x00000000d0d00000|  0%| F|  |TAMS 0x00000000d0c00000, 0x00000000d0c00000| Untracked 
| 223|0x00000000d0d00000, 0x00000000d0d00000, 0x00000000d0e00000|  0%| F|  |TAMS 0x00000000d0d00000, 0x00000000d0d00000| Untracked 
| 224|0x00000000d0e00000, 0x00000000d0e00000, 0x00000000d0f00000|  0%| F|  |TAMS 0x00000000d0e00000, 0x00000000d0e00000| Untracked 
| 225|0x00000000d0f00000, 0x00000000d0f00000, 0x00000000d1000000|  0%| F|  |TAMS 0x00000000d0f00000, 0x00000000d0f00000| Untracked 
| 226|0x00000000d1000000, 0x00000000d1000000, 0x00000000d1100000|  0%| F|  |TAMS 0x00000000d1000000, 0x00000000d1000000| Untracked 
| 227|0x00000000d1100000, 0x00000000d1100000, 0x00000000d1200000|  0%| F|  |TAMS 0x00000000d1100000, 0x00000000d1100000| Untracked 
| 228|0x00000000d1200000, 0x00000000d1200000, 0x00000000d1300000|  0%| F|  |TAMS 0x00000000d1200000, 0x00000000d1200000| Untracked 
| 229|0x00000000d1300000, 0x00000000d1300000, 0x00000000d1400000|  0%| F|  |TAMS 0x00000000d1300000, 0x00000000d1300000| Untracked 
| 230|0x00000000d1400000, 0x00000000d1400000, 0x00000000d1500000|  0%| F|  |TAMS 0x00000000d1400000, 0x00000000d1400000| Untracked 
| 231|0x00000000d1500000, 0x00000000d1500000, 0x00000000d1600000|  0%| F|  |TAMS 0x00000000d1500000, 0x00000000d1500000| Untracked 
| 232|0x00000000d1600000, 0x00000000d1600000, 0x00000000d1700000|  0%| F|  |TAMS 0x00000000d1600000, 0x00000000d1600000| Untracked 
| 233|0x00000000d1700000, 0x00000000d1700000, 0x00000000d1800000|  0%| F|  |TAMS 0x00000000d1700000, 0x00000000d1700000| Untracked 
| 234|0x00000000d1800000, 0x00000000d1800000, 0x00000000d1900000|  0%| F|  |TAMS 0x00000000d1800000, 0x00000000d1800000| Untracked 
| 235|0x00000000d1900000, 0x00000000d1900000, 0x00000000d1a00000|  0%| F|  |TAMS 0x00000000d1900000, 0x00000000d1900000| Untracked 
| 236|0x00000000d1a00000, 0x00000000d1a00000, 0x00000000d1b00000|  0%| F|  |TAMS 0x00000000d1a00000, 0x00000000d1a00000| Untracked 
| 237|0x00000000d1b00000, 0x00000000d1b00000, 0x00000000d1c00000|  0%| F|  |TAMS 0x00000000d1b00000, 0x00000000d1b00000| Untracked 
| 238|0x00000000d1c00000, 0x00000000d1c00000, 0x00000000d1d00000|  0%| F|  |TAMS 0x00000000d1c00000, 0x00000000d1c00000| Untracked 
| 239|0x00000000d1d00000, 0x00000000d1d00000, 0x00000000d1e00000|  0%| F|  |TAMS 0x00000000d1d00000, 0x00000000d1d00000| Untracked 
| 240|0x00000000d1e00000, 0x00000000d1e00000, 0x00000000d1f00000|  0%| F|  |TAMS 0x00000000d1e00000, 0x00000000d1e00000| Untracked 
| 241|0x00000000d1f00000, 0x00000000d1f00000, 0x00000000d2000000|  0%| F|  |TAMS 0x00000000d1f00000, 0x00000000d1f00000| Untracked 
| 242|0x00000000d2000000, 0x00000000d2000000, 0x00000000d2100000|  0%| F|  |TAMS 0x00000000d2000000, 0x00000000d2000000| Untracked 
| 243|0x00000000d2100000, 0x00000000d2100000, 0x00000000d2200000|  0%| F|  |TAMS 0x00000000d2100000, 0x00000000d2100000| Untracked 
| 244|0x00000000d2200000, 0x00000000d2200000, 0x00000000d2300000|  0%| F|  |TAMS 0x00000000d2200000, 0x00000000d2200000| Untracked 
| 245|0x00000000d2300000, 0x00000000d2300000, 0x00000000d2400000|  0%| F|  |TAMS 0x00000000d2300000, 0x00000000d2300000| Untracked 
| 246|0x00000000d2400000, 0x00000000d24574b0, 0x00000000d2500000| 34%| S|CS|TAMS 0x00000000d2400000, 0x00000000d2400000| Complete 
| 247|0x00000000d2500000, 0x00000000d2600000, 0x00000000d2600000|100%| S|CS|TAMS 0x00000000d2500000, 0x00000000d2500000| Complete 
| 248|0x00000000d2600000, 0x00000000d2600000, 0x00000000d2700000|  0%| F|  |TAMS 0x00000000d2600000, 0x00000000d2600000| Untracked 
| 249|0x00000000d2700000, 0x00000000d2700000, 0x00000000d2800000|  0%| F|  |TAMS 0x00000000d2700000, 0x00000000d2700000| Untracked 
| 250|0x00000000d2800000, 0x00000000d2800000, 0x00000000d2900000|  0%| F|  |TAMS 0x00000000d2800000, 0x00000000d2800000| Untracked 
| 251|0x00000000d2900000, 0x00000000d2900000, 0x00000000d2a00000|  0%| F|  |TAMS 0x00000000d2900000, 0x00000000d2900000| Untracked 

Card table byte_map: [0x00000261394c0000,0x00000261396b0000] _byte_map_base: 0x0000026138ea9000

Marking Bits (Prev, Next): (CMBitMap*) 0x0000026122a909d0, (CMBitMap*) 0x0000026122a90a10
 Prev Bits: [0x00000261398a0000, 0x000002613a7e8000)
 Next Bits: [0x000002613a7f0000, 0x000002613b738000)

Polling page: 0x0000026122200000

Metaspace:

Usage:
  Non-class:     36.10 MB used.
      Class:      5.40 MB used.
       Both:     41.50 MB used.

Virtual space:
  Non-class space:       64.00 MB reserved,      36.75 MB ( 57%) committed,  1 nodes.
      Class space:        1.00 GB reserved,       5.94 MB ( <1%) committed,  1 nodes.
             Both:        1.06 GB reserved,      42.69 MB (  4%) committed. 

Chunk freelists:
   Non-Class:  11.28 MB
       Class:  10.05 MB
        Both:  21.33 MB

MaxMetaspaceSize: unlimited
CompressedClassSpaceSize: 1.00 GB
Initial GC threshold: 21.00 MB
Current GC threshold: 70.94 MB
CDS: on
MetaspaceReclaimPolicy: balanced
 - commit_granule_bytes: 65536.
 - commit_granule_words: 8192.
 - virtual_space_node_default_size: 8388608.
 - enlarge_chunks_in_place: 1.
 - new_chunks_are_fully_committed: 0.
 - uncommit_free_chunks: 1.
 - use_allocation_guard: 0.
 - handle_deallocations: 1.


Internal statistics:

num_allocs_failed_limit: 3.
num_arena_births: 1702.
num_arena_deaths: 0.
num_vsnodes_births: 2.
num_vsnodes_deaths: 0.
num_space_committed: 683.
num_space_uncommitted: 0.
num_chunks_returned_to_freelist: 3.
num_chunks_taken_from_freelist: 3413.
num_chunk_merges: 3.
num_chunk_splits: 2184.
num_chunks_enlarged: 1335.
num_inconsistent_stats: 0.

CodeHeap 'non-profiled nmethods': size=120000Kb used=4894Kb max_used=4894Kb free=115105Kb
 bounds [0x0000026131da0000, 0x0000026132270000, 0x00000261392d0000]
CodeHeap 'profiled nmethods': size=120000Kb used=14099Kb max_used=14099Kb free=105900Kb
 bounds [0x000002612a2d0000, 0x000002612b0a0000, 0x0000026131800000]
CodeHeap 'non-nmethods': size=5760Kb used=1369Kb max_used=1407Kb free=4390Kb
 bounds [0x0000026131800000, 0x0000026131a70000, 0x0000026131da0000]
 total_blobs=8023 nmethods=7306 adapters=630
 compilation: enabled
              stopped_count=0, restarted_count=0
 full_count=0

Compilation events (20 events):
Event: 100.648 Thread 0x000002613dbc9130 nmethod 8795 0x000002612b07d590 code [0x000002612b07d740, 0x000002612b07d888]
Event: 100.653 Thread 0x000002613dbc9130 8797       3       org.openjdk.nashorn.internal.scripts.Script$Recompilation$13$882AAA$\^eval\_::search (147 bytes)
Event: 100.690 Thread 0x000002613dbc9130 nmethod 8797 0x000002612b07d990 code [0x000002612b07e940, 0x000002612b089178]
Event: 100.691 Thread 0x000002613dbc9130 8799       3       org.openjdk.nashorn.internal.runtime.linker.NashornCallSiteDescriptor::get (64 bytes)
Event: 100.692 Thread 0x000002613dbc9130 nmethod 8799 0x000002612b08c010 code [0x000002612b08c220, 0x000002612b08ca08]
Event: 100.692 Thread 0x000002613dbc9130 8800       3       org.openjdk.nashorn.internal.runtime.linker.NashornCallSiteDescriptor::<init> (14 bytes)
Event: 100.693 Thread 0x000002613dbc9130 nmethod 8800 0x000002612b08cc90 code [0x000002612b08cec0, 0x000002612b08d788]
Event: 100.694 Thread 0x000002613dbc9130 8801       3       jdk.dynalink.CallSiteDescriptor::<init> (32 bytes)
Event: 100.695 Thread 0x000002613dbc9130 nmethod 8801 0x000002612b08da90 code [0x000002612b08dca0, 0x000002612b08e4e8]
Event: 100.695 Thread 0x000002613dbc9130 8802       3       jdk.dynalink.SecureLookupSupplier::<init> (18 bytes)
Event: 100.695 Thread 0x000002613dbc9130 nmethod 8802 0x000002612b08e790 code [0x000002612b08e940, 0x000002612b08ec68]
Event: 100.695 Thread 0x000002613dbc9130 8803       3       org.openjdk.nashorn.internal.runtime.linker.NashornCallSiteDescriptor::isOptimistic (8 bytes)
Event: 100.696 Thread 0x000002613dbc9130 nmethod 8803 0x000002612b08ed90 code [0x000002612b08ef20, 0x000002612b08f0f8]
Event: 100.702 Thread 0x000002613dbc9130 8805   !   3       org.openjdk.nashorn.internal.runtime.linker.NashornBeansLinker::getGuardedInvocation (347 bytes)
Event: 100.711 Thread 0x000002613dbc9130 nmethod 8805 0x000002612b08f190 code [0x000002612b08f6e0, 0x000002612b092b08]
Event: 100.712 Thread 0x000002613dbc9130 8806       3       jdk.dynalink.beans.BeansLinker::getGuardedInvocation (36 bytes)
Event: 100.714 Thread 0x000002613dbc9130 nmethod 8806 0x000002612b093d10 code [0x000002612b093f20, 0x000002612b0945b8]
Event: 100.714 Thread 0x000002613dbc9130 8811       3       jdk.internal.misc.Unsafe::compareAndSetBoolean (19 bytes)
Event: 100.715 Thread 0x000002613dbc9130 nmethod 8811 0x000002612b094810 code [0x000002612b0949c0, 0x000002612b094c68]
Event: 100.717 Thread 0x000002613dbc9130 8812       3       org.openjdk.nashorn.internal.scripts.Script$Recompilation$13$882AAA$\^eval\_::search (147 bytes)

GC Heap History (20 events):
Event: 78.625 GC heap after
{Heap after GC invocations=39 (full 0):
 garbage-first heap   total 230400K, used 88342K [0x00000000c2e00000, 0x0000000100000000)
  region size 1024K, 5 young (5120K), 5 survivors (5120K)
 Metaspace       used 29038K, committed 29952K, reserved 1114112K
  class space    used 3572K, committed 3968K, reserved 1048576K
}
Event: 78.846 GC heap before
{Heap before GC invocations=39 (full 0):
 garbage-first heap   total 230400K, used 93462K [0x00000000c2e00000, 0x0000000100000000)
  region size 1024K, 11 young (11264K), 5 survivors (5120K)
 Metaspace       used 29240K, committed 30144K, reserved 1114112K
  class space    used 3606K, committed 4032K, reserved 1048576K
}
Event: 78.862 GC heap after
{Heap after GC invocations=40 (full 0):
 garbage-first heap   total 230400K, used 86117K [0x00000000c2e00000, 0x0000000100000000)
  region size 1024K, 1 young (1024K), 1 survivors (1024K)
 Metaspace       used 29240K, committed 30144K, reserved 1114112K
  class space    used 3606K, committed 4032K, reserved 1048576K
}
Event: 82.029 GC heap before
{Heap before GC invocations=40 (full 0):
 garbage-first heap   total 230400K, used 194661K [0x00000000c2e00000, 0x0000000100000000)
  region size 1024K, 107 young (109568K), 1 survivors (1024K)
 Metaspace       used 32700K, committed 33664K, reserved 1114112K
  class space    used 3942K, committed 4352K, reserved 1048576K
}
Event: 82.045 GC heap after
{Heap after GC invocations=41 (full 0):
 garbage-first heap   total 230400K, used 88265K [0x00000000c2e00000, 0x0000000100000000)
  region size 1024K, 3 young (3072K), 3 survivors (3072K)
 Metaspace       used 32700K, committed 33664K, reserved 1114112K
  class space    used 3942K, committed 4352K, reserved 1048576K
}
Event: 85.783 GC heap before
{Heap before GC invocations=41 (full 0):
 garbage-first heap   total 230400K, used 195785K [0x00000000c2e00000, 0x0000000100000000)
  region size 1024K, 108 young (110592K), 3 survivors (3072K)
 Metaspace       used 34241K, committed 35328K, reserved 1114112K
  class space    used 4119K, committed 4608K, reserved 1048576K
}
Event: 85.808 GC heap after
{Heap after GC invocations=42 (full 0):
 garbage-first heap   total 230400K, used 90818K [0x00000000c2e00000, 0x0000000100000000)
  region size 1024K, 6 young (6144K), 6 survivors (6144K)
 Metaspace       used 34241K, committed 35328K, reserved 1114112K
  class space    used 4119K, committed 4608K, reserved 1048576K
}
Event: 88.870 GC heap before
{Heap before GC invocations=42 (full 0):
 garbage-first heap   total 230400K, used 195266K [0x00000000c2e00000, 0x0000000100000000)
  region size 1024K, 108 young (110592K), 6 survivors (6144K)
 Metaspace       used 36147K, committed 37248K, reserved 1114112K
  class space    used 4326K, committed 4800K, reserved 1048576K
}
Event: 88.891 GC heap after
{Heap after GC invocations=43 (full 0):
 garbage-first heap   total 230400K, used 93512K [0x00000000c2e00000, 0x0000000100000000)
  region size 1024K, 8 young (8192K), 8 survivors (8192K)
 Metaspace       used 36147K, committed 37248K, reserved 1114112K
  class space    used 4326K, committed 4800K, reserved 1048576K
}
Event: 93.561 GC heap before
{Heap before GC invocations=43 (full 0):
 garbage-first heap   total 230400K, used 196936K [0x00000000c2e00000, 0x0000000100000000)
  region size 1024K, 109 young (111616K), 8 survivors (8192K)
 Metaspace       used 40554K, committed 41664K, reserved 1114112K
  class space    used 5210K, committed 5696K, reserved 1048576K
}
Event: 93.619 GC heap after
{Heap after GC invocations=44 (full 0):
 garbage-first heap   total 230400K, used 100016K [0x00000000c2e00000, 0x0000000100000000)
  region size 1024K, 13 young (13312K), 13 survivors (13312K)
 Metaspace       used 40554K, committed 41664K, reserved 1114112K
  class space    used 5210K, committed 5696K, reserved 1048576K
}
Event: 95.398 GC heap before
{Heap before GC invocations=44 (full 0):
 garbage-first heap   total 230400K, used 192176K [0x00000000c2e00000, 0x0000000100000000)
  region size 1024K, 103 young (105472K), 13 survivors (13312K)
 Metaspace       used 41690K, committed 42816K, reserved 1114112K
  class space    used 5394K, committed 5888K, reserved 1048576K
}
Event: 95.490 GC heap after
{Heap after GC invocations=45 (full 0):
 garbage-first heap   total 230400K, used 109700K [0x00000000c2e00000, 0x0000000100000000)
  region size 1024K, 13 young (13312K), 13 survivors (13312K)
 Metaspace       used 41690K, committed 42816K, reserved 1114112K
  class space    used 5394K, committed 5888K, reserved 1048576K
}
Event: 97.744 GC heap before
{Heap before GC invocations=45 (full 0):
 garbage-first heap   total 230400K, used 189572K [0x00000000c2e00000, 0x0000000100000000)
  region size 1024K, 91 young (93184K), 13 survivors (13312K)
 Metaspace       used 42019K, committed 43200K, reserved 1114112K
  class space    used 5452K, committed 5952K, reserved 1048576K
}
Event: 97.943 GC heap after
{Heap after GC invocations=46 (full 0):
 garbage-first heap   total 230400K, used 121337K [0x00000000c2e00000, 0x0000000100000000)
  region size 1024K, 11 young (11264K), 11 survivors (11264K)
 Metaspace       used 42019K, committed 43200K, reserved 1114112K
  class space    used 5452K, committed 5952K, reserved 1048576K
}
Event: 99.000 GC heap before
{Heap before GC invocations=46 (full 0):
 garbage-first heap   total 230400K, used 188921K [0x00000000c2e00000, 0x0000000100000000)
  region size 1024K, 77 young (78848K), 11 survivors (11264K)
 Metaspace       used 42327K, committed 43520K, reserved 1114112K
  class space    used 5489K, committed 6016K, reserved 1048576K
}
Event: 99.069 GC heap after
{Heap after GC invocations=47 (full 0):
 garbage-first heap   total 230400K, used 129536K [0x00000000c2e00000, 0x0000000100000000)
  region size 1024K, 8 young (8192K), 8 survivors (8192K)
 Metaspace       used 42327K, committed 43520K, reserved 1114112K
  class space    used 5489K, committed 6016K, reserved 1048576K
}
Event: 100.585 GC heap before
{Heap before GC invocations=48 (full 0):
 garbage-first heap   total 258048K, used 189952K [0x00000000c2e00000, 0x0000000100000000)
  region size 1024K, 67 young (68608K), 8 survivors (8192K)
 Metaspace       used 42488K, committed 43712K, reserved 1114112K
  class space    used 5529K, committed 6080K, reserved 1048576K
}
Event: 100.623 GC heap after
{Heap after GC invocations=49 (full 0):
 garbage-first heap   total 258048K, used 137076K [0x00000000c2e00000, 0x0000000100000000)
  region size 1024K, 8 young (8192K), 8 survivors (8192K)
 Metaspace       used 42488K, committed 43712K, reserved 1114112K
  class space    used 5529K, committed 6080K, reserved 1048576K
}
Event: 100.757 GC heap before
{Heap before GC invocations=49 (full 0):
 garbage-first heap   total 258048K, used 141172K [0x00000000c2e00000, 0x0000000100000000)
  region size 1024K, 12 young (12288K), 8 survivors (8192K)
 Metaspace       used 42497K, committed 43712K, reserved 1114112K
  class space    used 5531K, committed 6080K, reserved 1048576K
}

Deoptimization events (20 events):
Event: 99.882 Thread 0x0000026122a537a0 Uncommon trap: trap_request=0xffffffc6 fr.pc=0x0000026132238990 relative=0x0000000000000870
Event: 99.882 Thread 0x0000026122a537a0 Uncommon trap: reason=bimorphic_or_optimized_type_check action=maybe_recompile pc=0x0000026132238990 method=net.minecraft.world.phys.shapes.VoxelShape.lambda$forAllBoxes$2(Lnet/minecraft/world/phys/shapes/Shapes$DoubleLineConsumer;Lit/unimi/dsi/fastutil/d
Event: 99.882 Thread 0x0000026122a537a0 DEOPT PACKING pc=0x0000026132238990 sp=0x000000fd62cfd370
Event: 99.882 Thread 0x0000026122a537a0 DEOPT UNPACKING pc=0x000002613185239d sp=0x000000fd62cfd2f0 mode 2
Event: 99.882 Thread 0x0000026122a537a0 Uncommon trap: trap_request=0xffffffc6 fr.pc=0x0000026132238990 relative=0x0000000000000870
Event: 99.882 Thread 0x0000026122a537a0 Uncommon trap: reason=bimorphic_or_optimized_type_check action=maybe_recompile pc=0x0000026132238990 method=net.minecraft.world.phys.shapes.VoxelShape.lambda$forAllBoxes$2(Lnet/minecraft/world/phys/shapes/Shapes$DoubleLineConsumer;Lit/unimi/dsi/fastutil/d
Event: 99.882 Thread 0x0000026122a537a0 DEOPT PACKING pc=0x0000026132238990 sp=0x000000fd62cfd370
Event: 99.882 Thread 0x0000026122a537a0 DEOPT UNPACKING pc=0x000002613185239d sp=0x000000fd62cfd2f0 mode 2
Event: 99.944 Thread 0x0000026122a537a0 Uncommon trap: trap_request=0xffffff45 fr.pc=0x0000026131f94358 relative=0x00000000000000b8
Event: 99.944 Thread 0x0000026122a537a0 Uncommon trap: reason=unstable_if action=reinterpret pc=0x0000026131f94358 method=java.util.stream.MatchOps$BooleanTerminalSink.<init>(Ljava/util/stream/MatchOps$MatchKind;)V @ 9 c2
Event: 99.944 Thread 0x0000026122a537a0 DEOPT PACKING pc=0x0000026131f94358 sp=0x000000fd62cfd7b0
Event: 99.944 Thread 0x0000026122a537a0 DEOPT UNPACKING pc=0x000002613185239d sp=0x000000fd62cfd5f8 mode 2
Event: 100.231 Thread 0x0000026122a537a0 Uncommon trap: trap_request=0xffffff45 fr.pc=0x00000261321d4358 relative=0x0000000000000238
Event: 100.231 Thread 0x0000026122a537a0 Uncommon trap: reason=unstable_if action=reinterpret pc=0x00000261321d4358 method=net.minecraft.world.level.block.state.properties.Property.equals(Ljava/lang/Object;)Z @ 30 c2
Event: 100.231 Thread 0x0000026122a537a0 DEOPT PACKING pc=0x00000261321d4358 sp=0x000000fd62cfcac0
Event: 100.231 Thread 0x0000026122a537a0 DEOPT UNPACKING pc=0x000002613185239d sp=0x000000fd62cfc9f8 mode 2
Event: 100.231 Thread 0x0000026122a537a0 Uncommon trap: trap_request=0xffffff45 fr.pc=0x00000261321d51a4 relative=0x0000000000000204
Event: 100.231 Thread 0x0000026122a537a0 Uncommon trap: reason=unstable_if action=reinterpret pc=0x00000261321d51a4 method=net.minecraft.world.level.block.state.properties.Property.equals(Ljava/lang/Object;)Z @ 30 c2
Event: 100.231 Thread 0x0000026122a537a0 DEOPT PACKING pc=0x00000261321d51a4 sp=0x000000fd62cfca40
Event: 100.231 Thread 0x0000026122a537a0 DEOPT UNPACKING pc=0x000002613185239d sp=0x000000fd62cfc9e8 mode 2

Classes unloaded (0 events):
No events

Classes redefined (0 events):
No events

Internal exceptions (20 events):
Event: 84.146 Thread 0x0000026122a537a0 Exception <a 'java/lang/NoSuchMethodError'{0x00000000cd638e78}: 'java.lang.Object java.lang.invoke.DelegatingMethodHandle$Holder.reinvoke_L(java.lang.Object, int, java.lang.Object, java.lang.Object, java.lang.Object)'> (0x00000000cd638e78) 
thrown [s\open\src\hotspot\share\interpreter\linkResolver.cpp, line 759]
Event: 84.156 Thread 0x0000026122a537a0 Exception <a 'java/lang/NoSuchMethodError'{0x00000000cd647fd0}: 'java.lang.Object java.lang.invoke.DelegatingMethodHandle$Holder.reinvoke_L(java.lang.Object, int, java.lang.Object, java.lang.Object, java.lang.Object, int)'> (0x00000000cd647fd0) 
thrown [s\open\src\hotspot\share\interpreter\linkResolver.cpp, line 759]
Event: 84.194 Thread 0x0000026122a537a0 Exception <a 'java/lang/NoSuchMethodError'{0x00000000cd483db8}: 'java.lang.Object java.lang.invoke.Invokers$Holder.exactInvoker(java.lang.Object, java.lang.Object, java.lang.Object, java.lang.Object, java.lang.Object, java.lang.Object)'> (0x00000000cd483db8) 
thrown [s\open\src\hotspot\share\interpreter\linkResolver.cpp, line 759]
Event: 85.810 Thread 0x0000026122a537a0 Implicit null exception at 0x0000026132016b18 to 0x0000026132016d50
Event: 90.997 Thread 0x0000026122a537a0 Exception <a 'java/lang/NoSuchMethodError'{0x00000000ce4eef90}: 'void java.lang.invoke.DirectMethodHandle$Holder.invokeStatic(java.lang.Object, java.lang.Object, java.lang.Object, java.lang.Object, java.lang.Object, java.lang.Object, java.lang.Object)'> (0x00000000ce4eef90) 
thrown [s\open\src\hotspot\share\interpreter\linkResolver.cpp, line 759]
Event: 91.009 Thread 0x0000026122a537a0 Exception <a 'java/lang/NoSuchMethodError'{0x00000000ce3110e8}: 'int java.lang.invoke.DirectMethodHandle$Holder.invokeSpecialIFC(java.lang.Object, java.lang.Object, java.lang.Object)'> (0x00000000ce3110e8) 
thrown [s\open\src\hotspot\share\interpreter\linkResolver.cpp, line 759]
Event: 91.475 Thread 0x0000026122a537a0 Exception <a 'java/lang/NoSuchMethodError'{0x00000000cdd92050}: 'java.lang.Object java.lang.invoke.DirectMethodHandle$Holder.newInvokeSpecial(java.lang.Object, int, java.lang.Object, java.lang.Object)'> (0x00000000cdd92050) 
thrown [s\open\src\hotspot\share\interpreter\linkResolver.cpp, line 759]
Event: 91.476 Thread 0x0000026122a537a0 Exception <a 'java/lang/NoSuchMethodError'{0x00000000cdd95c28}: 'java.lang.Object java.lang.invoke.Invokers$Holder.linkToTargetMethod(int, java.lang.Object, java.lang.Object, java.lang.Object)'> (0x00000000cdd95c28) 
thrown [s\open\src\hotspot\share\interpreter\linkResolver.cpp, line 759]
Event: 91.740 Thread 0x0000026122a537a0 Exception <a 'java/lang/NoSuchMethodError'{0x00000000cdb4afa0}: 'java.lang.Object java.lang.invoke.DirectMethodHandle$Holder.invokeStatic(java.lang.Object, int, int, java.lang.Object)'> (0x00000000cdb4afa0) 
thrown [s\open\src\hotspot\share\interpreter\linkResolver.cpp, line 759]
Event: 91.741 Thread 0x0000026122a537a0 Exception <a 'java/lang/NoSuchMethodError'{0x00000000cdb4e8e8}: 'java.lang.Object java.lang.invoke.DirectMethodHandle$Holder.invokeStaticInit(java.lang.Object, int, int, java.lang.Object)'> (0x00000000cdb4e8e8) 
thrown [s\open\src\hotspot\share\interpreter\linkResolver.cpp, line 759]
Event: 92.720 Thread 0x0000026122a537a0 Exception <a 'java/lang/NoSuchMethodError'{0x00000000cb9f2770}: 'java.lang.Object java.lang.invoke.DirectMethodHandle$Holder.newInvokeSpecial(java.lang.Object, java.lang.Object, java.lang.Object, java.lang.Object, java.lang.Object, java.lang.Object, java.lang.Object, java.lang.Object)'> (0x00000000cb9f2770) 
thrown [s\open\src\hotspot\share\interpreter\linkResolver.cpp, line 759]
Event: 92.721 Thread 0x0000026122a537a0 Exception <a 'java/lang/NoSuchMethodError'{0x00000000cb9f7188}: 'java.lang.Object java.lang.invoke.Invokers$Holder.linkToTargetMethod(java.lang.Object, java.lang.Object, java.lang.Object, java.lang.Object, java.lang.Object, java.lang.Object, java.lang.Object, java.lang.Object)'> (0x00000000cb9f7188) 
thrown [s\open\src\hotspot\share\interpreter\linkResolver.cpp, line 759]
Event: 93.433 Thread 0x0000026122a537a0 Exception <a 'java/lang/NoSuchMethodError'{0x00000000cac85688}: 'java.lang.Object java.lang.invoke.DirectMethodHandle$Holder.newInvokeSpecial(java.lang.Object, float)'> (0x00000000cac85688) 
thrown [s\open\src\hotspot\share\interpreter\linkResolver.cpp, line 759]
Event: 93.775 Thread 0x0000026122a537a0 Exception <a 'java/lang/NoSuchMethodError'{0x00000000d07c0150}: 'java.lang.Object java.lang.invoke.DirectMethodHandle$Holder.invokeStaticInit(java.lang.Object, java.lang.Object, java.lang.Object, java.lang.Object, java.lang.Object, java.lang.Object, int)'> (0x00000000d07c0150) 
thrown [s\open\src\hotspot\share\interpreter\linkResolver.cpp, line 759]
Event: 94.049 Thread 0x0000026122a537a0 Exception <a 'java/lang/NoSuchMethodError'{0x00000000cefc34b8}: 'int java.lang.invoke.DirectMethodHandle$Holder.invokeStaticInit(java.lang.Object, int, java.lang.Object)'> (0x00000000cefc34b8) 
thrown [s\open\src\hotspot\share\interpreter\linkResolver.cpp, line 759]
Event: 94.089 Thread 0x0000026122a537a0 Exception <a 'java/lang/NoSuchMethodError'{0x00000000ceeb0aa8}: 'java.lang.Object java.lang.invoke.Invokers$Holder.invoker(java.lang.Object, java.lang.Object, java.lang.Object, java.lang.Object, java.lang.Object, java.lang.Object, java.lang.Object, java.lang.Object, java.lang.Object, java.lang.Object, java.lang.Object, java.lang.Object, java.lang.Object, java.lang.Object, java.lang.Object, java.lang.Object, java.lang.Object, java.lang.Object)'> (0x00000000ceeb0aa8) 
thrown [s\open\src\hotspot\share\interpr
Event: 94.092 Thread 0x0000026122a537a0 Exception <a 'java/lang/NoSuchMethodError'{0x00000000ceebbe40}: 'java.lang.Object java.lang.invoke.DelegatingMethodHandle$Holder.delegate(java.lang.Object, java.lang.Object, java.lang.Object, java.lang.Object, java.lang.Object, java.lang.Object, java.lang.Object, java.lang.Object, java.lang.Object, java.lang.Object, java.lang.Object, java.lang.Object, java.lang.Object, java.lang.Object, java.lang.Object, java.lang.Object, java.lang.Object, java.lang.Object)'> (0x00000000ceebbe40) 
thrown [s\open\src\hotspo
Event: 94.106 Thread 0x0000026122a537a0 Exception <a 'java/lang/NoSuchMethodError'{0x00000000ceeec1c8}: 'java.lang.Object java.lang.invoke.Invokers$Holder.invoker(java.lang.Object, java.lang.Object, java.lang.Object, java.lang.Object, java.lang.Object, java.lang.Object, java.lang.Object, java.lang.Object, java.lang.Object, java.lang.Object, java.lang.Object, java.lang.Object, java.lang.Object)'> (0x00000000ceeec1c8) 
thrown [s\open\src\hotspot\share\interpreter\linkResolver.cpp, line 759]
Event: 94.108 Thread 0x0000026122a537a0 Exception <a 'java/lang/NoSuchMethodError'{0x00000000ceef1d70}: 'java.lang.Object java.lang.invoke.DirectMethodHandle$Holder.invokeSpecial(java.lang.Object, java.lang.Object, java.lang.Object, java.lang.Object, java.lang.Object, java.lang.Object, java.lang.Object, java.lang.Object, java.lang.Object, java.lang.Object, java.lang.Object, java.lang.Object, java.lang.Object, java.lang.Object)'> (0x00000000ceef1d70) 
thrown [s\open\src\hotspot\share\interpreter\linkResolver.cpp, line 759]
Event: 94.847 Thread 0x0000026122a537a0 Exception <a 'java/lang/NoSuchMethodError'{0x00000000cccf7710}: 'java.lang.Object java.lang.invoke.DirectMethodHandle$Holder.newInvokeSpecial(java.lang.Object, int, int, int, int, int, int)'> (0x00000000cccf7710) 
thrown [s\open\src\hotspot\share\interpreter\linkResolver.cpp, line 759]

VM Operations (20 events):
Event: 95.490 Executing VM operation: G1CollectForAllocation done
Event: 96.503 Executing VM operation: Cleanup
Event: 96.505 Executing VM operation: Cleanup done
Event: 97.518 Executing VM operation: Cleanup
Event: 97.518 Executing VM operation: Cleanup done
Event: 97.744 Executing VM operation: G1CollectForAllocation
Event: 97.943 Executing VM operation: G1CollectForAllocation done
Event: 98.944 Executing VM operation: Cleanup
Event: 98.961 Executing VM operation: Cleanup done
Event: 98.999 Executing VM operation: G1CollectForAllocation
Event: 99.069 Executing VM operation: G1CollectForAllocation done
Event: 99.763 Executing VM operation: G1Concurrent
Event: 99.785 Executing VM operation: G1Concurrent done
Event: 100.105 Executing VM operation: G1Concurrent
Event: 100.106 Executing VM operation: G1Concurrent done
Event: 100.584 Executing VM operation: G1CollectForAllocation
Event: 100.623 Executing VM operation: G1CollectForAllocation done
Event: 100.699 Executing VM operation: HandshakeAllThreads
Event: 100.700 Executing VM operation: HandshakeAllThreads done
Event: 100.736 Executing VM operation: G1CollectForAllocation

Events (20 events):
Event: 88.696 loading class java/util/EnumMap$EntryIterator done
Event: 88.696 loading class java/util/EnumMap$EntryIterator$Entry
Event: 88.697 loading class java/util/EnumMap$EntryIterator$Entry done
Event: 88.951 loading class java/util/concurrent/locks/AbstractQueuedSynchronizer$ConditionNode
Event: 88.952 loading class java/util/concurrent/locks/AbstractQueuedSynchronizer$ConditionNode done
Event: 91.469 Thread 0x0000026104761810 Thread exited: 0x0000026104761810
Event: 91.553 Thread 0x0000026105992d70 Thread added: 0x0000026105992d70
Event: 92.221 Thread 0x000002613dbcdf40 flushing nmethod 0x000002612ae90a90
Event: 92.221 Thread 0x000002613dbcdf40 flushing nmethod 0x000002612ae91890
Event: 92.221 Thread 0x000002613dbcdf40 flushing nmethod 0x000002612ae94d10
Event: 92.221 Thread 0x000002613dbcdf40 flushing nmethod 0x000002612ae99790
Event: 92.221 Thread 0x000002613dbcdf40 flushing nmethod 0x000002612aedca10
Event: 97.030 Thread 0x0000026105992d70 Thread exited: 0x0000026105992d70
Event: 97.204 Thread 0x0000026105992d70 Thread added: 0x0000026105992d70
Event: 97.593 Thread 0x0000026105992d70 Thread exited: 0x0000026105992d70
Event: 98.509 Thread 0x0000026105992d70 Thread added: 0x0000026105992d70
Event: 98.682 Thread 0x0000026105992d70 Thread exited: 0x0000026105992d70
Event: 99.072 Thread 0x0000026105992d70 Thread added: 0x0000026105992d70
Event: 99.465 Thread 0x0000026105992d70 Thread exited: 0x0000026105992d70
Event: 100.712 Thread 0x0000026105992d70 Thread added: 0x0000026105992d70


Dynamic libraries:
0x00007ff772700000 - 0x00007ff772710000 	C:\Program Files\Java\jdk-17\bin\java.exe
0x00007ffa49d10000 - 0x00007ffa49f27000 	C:\WINDOWS\SYSTEM32\ntdll.dll
0x00007ffa48cd0000 - 0x00007ffa48d94000 	C:\WINDOWS\System32\KERNEL32.DLL
0x00007ffa47240000 - 0x00007ffa475e6000 	C:\WINDOWS\System32\KERNELBASE.dll
0x00007ffa47940000 - 0x00007ffa47a51000 	C:\WINDOWS\System32\ucrtbase.dll
0x00007ffa412d0000 - 0x00007ffa412e9000 	C:\Program Files\Java\jdk-17\bin\jli.dll
0x00007ffa3fe70000 - 0x00007ffa3fe8b000 	C:\Program Files\Java\jdk-17\bin\VCRUNTIME140.dll
0x00007ffa49c10000 - 0x00007ffa49cc3000 	C:\WINDOWS\System32\ADVAPI32.dll
0x00007ffa49b60000 - 0x00007ffa49c07000 	C:\WINDOWS\System32\msvcrt.dll
0x00007ffa48560000 - 0x00007ffa48608000 	C:\WINDOWS\System32\sechost.dll
0x00007ffa470f0000 - 0x00007ffa47118000 	C:\WINDOWS\System32\bcrypt.dll
0x00007ffa47ef0000 - 0x00007ffa48007000 	C:\WINDOWS\System32\RPCRT4.dll
0x00007ffa49050000 - 0x00007ffa491fe000 	C:\WINDOWS\System32\USER32.dll
0x00007ffa47050000 - 0x00007ffa47076000 	C:\WINDOWS\System32\win32u.dll
0x00007ffa49b30000 - 0x00007ffa49b59000 	C:\WINDOWS\System32\GDI32.dll
0x00007ffa230f0000 - 0x00007ffa23383000 	C:\WINDOWS\WinSxS\amd64_microsoft.windows.common-controls_6595b64144ccf1df_6.0.22621.2506_none_270c5ae97388e100\COMCTL32.dll
0x00007ffa47120000 - 0x00007ffa47238000 	C:\WINDOWS\System32\gdi32full.dll
0x00007ffa478a0000 - 0x00007ffa4793a000 	C:\WINDOWS\System32\msvcp_win.dll
0x00007ffa3eaa0000 - 0x00007ffa3eaaa000 	C:\WINDOWS\SYSTEM32\VERSION.dll
0x00007ffa48630000 - 0x00007ffa48661000 	C:\WINDOWS\System32\IMM32.DLL
0x00007ffa41290000 - 0x00007ffa4129c000 	C:\Program Files\Java\jdk-17\bin\vcruntime140_1.dll
0x00007ffa34250000 - 0x00007ffa342de000 	C:\Program Files\Java\jdk-17\bin\msvcp140.dll
0x00007ffa08710000 - 0x00007ffa092f1000 	C:\Program Files\Java\jdk-17\bin\server\jvm.dll
0x00007ffa48e80000 - 0x00007ffa48e88000 	C:\WINDOWS\System32\PSAPI.DLL
0x00007ff9e5090000 - 0x00007ff9e5099000 	C:\WINDOWS\SYSTEM32\WSOCK32.dll
0x00007ffa41150000 - 0x00007ffa41184000 	C:\WINDOWS\SYSTEM32\WINMM.dll
0x00007ffa49250000 - 0x00007ffa492c1000 	C:\WINDOWS\System32\WS2_32.dll
0x00007ffa46130000 - 0x00007ffa46148000 	C:\WINDOWS\SYSTEM32\kernel.appcore.dll
0x00007ffa40240000 - 0x00007ffa4024a000 	C:\Program Files\Java\jdk-17\bin\jimage.dll
0x00007ffa44870000 - 0x00007ffa44aa3000 	C:\WINDOWS\SYSTEM32\DBGHELP.DLL
0x00007ffa481d0000 - 0x00007ffa48559000 	C:\WINDOWS\System32\combase.dll
0x00007ffa48da0000 - 0x00007ffa48e77000 	C:\WINDOWS\System32\OLEAUT32.dll
0x00007ffa3ead0000 - 0x00007ffa3eb02000 	C:\WINDOWS\SYSTEM32\dbgcore.DLL
0x00007ffa475f0000 - 0x00007ffa4766a000 	C:\WINDOWS\System32\bcryptPrimitives.dll
0x00007ffa34220000 - 0x00007ffa34245000 	C:\Program Files\Java\jdk-17\bin\java.dll
0x00007ffa18990000 - 0x00007ffa18a67000 	C:\Program Files\Java\jdk-17\bin\jsvml.dll
0x00007ffa492d0000 - 0x00007ffa49b2a000 	C:\WINDOWS\System32\SHELL32.dll
0x00007ffa44f60000 - 0x00007ffa45856000 	C:\WINDOWS\SYSTEM32\windows.storage.dll
0x00007ffa44e20000 - 0x00007ffa44f5e000 	C:\WINDOWS\SYSTEM32\wintypes.dll
0x00007ffa486d0000 - 0x00007ffa487c3000 	C:\WINDOWS\System32\SHCORE.dll
0x00007ffa48670000 - 0x00007ffa486ce000 	C:\WINDOWS\System32\shlwapi.dll
0x00007ffa46f80000 - 0x00007ffa46fa6000 	C:\WINDOWS\SYSTEM32\profapi.dll
0x00007ffa3ea20000 - 0x00007ffa3ea39000 	C:\Program Files\Java\jdk-17\bin\net.dll
0x00007ffa41010000 - 0x00007ffa41147000 	C:\WINDOWS\SYSTEM32\WINHTTP.dll
0x00007ffa465a0000 - 0x00007ffa46609000 	C:\WINDOWS\system32\mswsock.dll
0x00007ffa3d540000 - 0x00007ffa3d556000 	C:\Program Files\Java\jdk-17\bin\nio.dll
0x00007ffa3fd30000 - 0x00007ffa3fd48000 	C:\Program Files\Java\jdk-17\bin\zip.dll
0x00007ffa3fe60000 - 0x00007ffa3fe70000 	C:\Program Files\Java\jdk-17\bin\verify.dll
0x00007ffa34300000 - 0x00007ffa3430a000 	C:\Program Files\Java\jdk-17\bin\management.dll
0x00007ffa342f0000 - 0x00007ffa342fb000 	C:\Program Files\Java\jdk-17\bin\management_ext.dll
0x00007ffa41240000 - 0x00007ffa41257000 	C:\WINDOWS\system32\napinsp.dll
0x00007ffa2cb90000 - 0x00007ffa2cbab000 	C:\WINDOWS\system32\pnrpnsp.dll
0x00007ffa45ba0000 - 0x00007ffa45c99000 	C:\WINDOWS\SYSTEM32\DNSAPI.dll
0x00007ffa45b30000 - 0x00007ffa45b5d000 	C:\WINDOWS\SYSTEM32\IPHLPAPI.DLL
0x00007ffa48cc0000 - 0x00007ffa48cc9000 	C:\WINDOWS\System32\NSI.dll
0x00007ffa1f2f0000 - 0x00007ffa1f301000 	C:\WINDOWS\System32\winrnr.dll
0x00007ffa18af0000 - 0x00007ffa18b05000 	C:\WINDOWS\system32\wshbth.dll
0x00007ffa18d00000 - 0x00007ffa18d21000 	C:\WINDOWS\system32\nlansp_c.dll
0x00007ffa41df0000 - 0x00007ffa41dfa000 	C:\Windows\System32\rasadhlp.dll
0x00007ffa40600000 - 0x00007ffa40683000 	C:\WINDOWS\System32\fwpuclnt.dll
0x00007ffa468f0000 - 0x00007ffa4690b000 	C:\WINDOWS\SYSTEM32\CRYPTSP.dll
0x00007ffa46090000 - 0x00007ffa460c5000 	C:\WINDOWS\system32\rsaenh.dll
0x00007ffa46640000 - 0x00007ffa4666c000 	C:\WINDOWS\SYSTEM32\USERENV.dll
0x00007ffa468d0000 - 0x00007ffa468dc000 	C:\WINDOWS\SYSTEM32\CRYPTBASE.dll
0x00007ffa41460000 - 0x00007ffa41479000 	C:\WINDOWS\SYSTEM32\dhcpcsvc6.DLL
0x00007ffa40f30000 - 0x00007ffa40f4f000 	C:\WINDOWS\SYSTEM32\dhcpcsvc.DLL

dbghelp: loaded successfully - version: 4.0.5 - missing functions: none
symbol engine: initialized successfully - sym options: 0x614 - pdb path: .;C:\Program Files\Java\jdk-17\bin;C:\WINDOWS\SYSTEM32;C:\WINDOWS\WinSxS\amd64_microsoft.windows.common-controls_6595b64144ccf1df_6.0.22621.2506_none_270c5ae97388e100;C:\Program Files\Java\jdk-17\bin\server

VM Arguments:
jvm_args: -Dforge.logging.console.level=debug -Dforge.logging.markers=REGISTRIES -DignoreList=bootstraplauncher,securejarhandler,asm-commons,asm-util,asm-analysis,asm-tree,asm,JarJarFileSystems,client-extra,fmlcore,javafmllanguage,lowcodelanguage,mclanguage,forge- -Djava.net.preferIPv6Addresses=system -DlegacyClassPath.file=D:\Repositorios github\Enhanced-Minecraft-Mod\Enhanched_Minecraft_Mod\build\classpath\runData_minecraftClasspath.txt -DmergeModules=jna-5.10.0.jar,jna-platform-5.10.0.jar --module-path=C:\Users\estudiante\.gradle\caches\modules-2\files-2.1\cpw.mods\bootstraplauncher\1.1.2\c546e00443d8432cda6baa1c860346980742628\bootstraplauncher-1.1.2.jar;C:\Users\estudiante\.gradle\caches\modules-2\files-2.1\cpw.mods\securejarhandler\2.1.10\51e6a22c6c716beb11e244bf5b8be480f51dd6b5\securejarhandler-2.1.10.jar;C:\Users\estudiante\.gradle\caches\modules-2\files-2.1\org.ow2.asm\asm-commons\9.5\19ab5b5800a3910d30d3a3e64fdb00fd0cb42de0\asm-commons-9.5.jar;C:\Users\estudiante\.gradle\caches\modules-2\files-2.1\org.ow2.asm\asm-util\9.5\64b5a1fc8c1b15ed2efd6a063e976bc8d3dc5ffe\asm-util-9.5.jar;C:\Users\estudiante\.gradle\caches\modules-2\files-2.1\org.ow2.asm\asm-analysis\9.5\490bacc77de7cbc0be1a30bb3471072d705be4a4\asm-analysis-9.5.jar;C:\Users\estudiante\.gradle\caches\modules-2\files-2.1\org.ow2.asm\asm-tree\9.5\fd33c8b6373abaa675be407082fdfda35021254a\asm-tree-9.5.jar;C:\Users\estudiante\.gradle\caches\modules-2\files-2.1\org.ow2.asm\asm\9.5\dc6ea1875f4d64fbc85e1691c95b96a3d8569c90\asm-9.5.jar;C:\Users\estudiante\.gradle\caches\modules-2\files-2.1\net.minecraftforge\JarJarFileSystems\0.3.19\2464eb7d6b9ddb9db36a82cf8a95193e5c6fe020\JarJarFileSystems-0.3.19.jar --add-modules=ALL-MODULE-PATH --add-opens=java.base/java.util.jar=cpw.mods.securejarhandler --add-opens=java.base/java.lang.invoke=cpw.mods.securejarhandler --add-exports=java.base/sun.security.util=cpw.mods.securejarhandler --add-exports=jdk.naming.dns/com.sun.jndi.dns=java.naming -Dfile.encoding=windows-1252 -Duser.country=AR -Duser.language=es -Duser.variant 
java_command: cpw.mods.bootstraplauncher.BootstrapLauncher --launchTarget forgedatauserdev --assetIndex 5 --assetsDir C:\Users\estudiante\.gradle\caches\forge_gradle\assets --gameDir . --fml.forgeVersion 47.2.0 --fml.mcVersion 1.20.1 --fml.forgeGroup net.minecraftforge --fml.mcpVersion 20230612.114412 --mod enhanced_minecraft --all --output D:\Repositorios github\Enhanced-Minecraft-Mod\Enhanched_Minecraft_Mod\src\generated\resources --existing D:\Repositorios github\Enhanced-Minecraft-Mod\Enhanched_Minecraft_Mod\src\main\resources
java_class_path (initial): D:\Repositorios github\Enhanced-Minecraft-Mod\Enhanched_Minecraft_Mod\build\classes\java\main;D:\Repositorios github\Enhanced-Minecraft-Mod\Enhanched_Minecraft_Mod\build\resources\main;C:\Users\estudiante\.gradle\caches\forge_gradle\minecraft_user_repo\net\minecraftforge\forge\1.20.1-47.2.0_mapped_parchment_2023.06.26-1.20.1\forge-1.20.1-47.2.0_mapped_parchment_2023.06.26-1.20.1.jar;C:\Users\estudiante\.gradle\caches\forge_gradle\minecraft_repo\versions\1.20.1\client-extra.jar;C:\Users\estudiante\.gradle\caches\modules-2\files-2.1\net.minecraftforge\fmlearlydisplay\1.20.1-47.2.0\4c56a03dcedcb909c7eaa8469dd5a36c493a0008\fmlearlydisplay-1.20.1-47.2.0.jar;C:\Users\estudiante\.gradle\caches\modules-2\files-2.1\net.minecraftforge\javafmllanguage\1.20.1-47.2.0\7f9181f85acc66547685a72020713fc8cbde98\javafmllanguage-1.20.1-47.2.0.jar;C:\Users\estudiante\.gradle\caches\modules-2\files-2.1\net.minecraftforge\lowcodelanguage\1.20.1-47.2.0\7872f5205685fdd26fae39b1be79b0e60ca5b7bd\lowcodelanguage-1.20.1-47.2.0.jar;C:\Users\estudiante\.gradle\caches\modules-2\files-2.1\net.minecraftforge\mclanguage\1.20.1-47.2.0\d501d161cabed08b3c139a2c6217b02a39f3c3e9\mclanguage-1.20.1-47.2.0.jar;C:\Users\estudiante\.gradle\caches\modules-2\files-2.1\net.minecraftforge\fmlcore\1.20.1-47.2.0\ffd3c6debac0a388c9e33ac43c9f5eafb91cb466\fmlcore-1.20.1-47.2.0.jar;C:\Users\estudiante\.gradle\caches\modules-2\files-2.1\net.minecraftforge\fmlloader\1.20.1-47.2.0\7811231940c0a8b6008453bbc64fdf7fa1280fe9\fmlloader-1.20.1-47.2.0.jar;C:\Users\estudiante\.gradle\caches\modules-2\files-2.1\net.minecraftforge\JarJarSelector\0.3.19\376cc9c8ea60720cf027c01fc033de915699801c\JarJarSelector-0.3.19.jar;C:\Users\estudiante\.gradle\caches\modules-2\files-2.1\net.minecraftforge\JarJarMetadata\0.3.19\83feaa9b770e6ac0e96ee4fc23fa89325c5fe2\JarJarMetadata-0.3.19.jar;C:\Users\estudiante\.gradle\caches\modules-2\files-2.1\com.google.guava\guava\31.1-jre\60458f877d055d0c9114d9e1a2efb737b4bc282c\gua
Launcher Type: SUN_STANDARD

[Global flags]
     intx CICompilerCount                          = 3                                         {product} {ergonomic}
     uint ConcGCThreads                            = 1                                         {product} {ergonomic}
     uint G1ConcRefinementThreads                  = 4                                         {product} {ergonomic}
   size_t G1HeapRegionSize                         = 1048576                                   {product} {ergonomic}
    uintx GCDrainStackTargetSize                   = 64                                        {product} {ergonomic}
   size_t InitialHeapSize                          = 65011712                                  {product} {ergonomic}
   size_t MarkStackSize                            = 4194304                                   {product} {ergonomic}
   size_t MaxHeapSize                              = 1025507328                                {product} {ergonomic}
   size_t MaxNewSize                               = 614465536                                 {product} {ergonomic}
   size_t MinHeapDeltaBytes                        = 1048576                                   {product} {ergonomic}
   size_t MinHeapSize                              = 8388608                                   {product} {ergonomic}
    uintx NonNMethodCodeHeapSize                   = 5832780                                {pd product} {ergonomic}
    uintx NonProfiledCodeHeapSize                  = 122912730                              {pd product} {ergonomic}
    uintx ProfiledCodeHeapSize                     = 122912730                              {pd product} {ergonomic}
    uintx ReservedCodeCacheSize                    = 251658240                              {pd product} {ergonomic}
     bool SegmentedCodeCache                       = true                                      {product} {ergonomic}
   size_t SoftMaxHeapSize                          = 1025507328                             {manageable} {ergonomic}
     bool UseCompressedClassPointers               = true                           {product lp64_product} {ergonomic}
     bool UseCompressedOops                        = true                           {product lp64_product} {ergonomic}
     bool UseG1GC                                  = true                                      {product} {ergonomic}
     bool UseLargePagesIndividualAllocation        = false                                  {pd product} {ergonomic}

Logging:
Log output configuration:
 #0: stdout all=warning uptime,level,tags
 #1: stderr all=off uptime,level,tags

Environment Variables:
PATH=C:\Program Files\Common Files\Oracle\Java\javapath;C:\Program Files (x86)\Common Files\Oracle\Java\javapath;C:\Program Files\Microsoft MPI\Bin\;C:\WINDOWS\system32;C:\WINDOWS;C:\WINDOWS\System32\Wbem;C:\WINDOWS\System32\WindowsPowerShell\v1.0\;C:\WINDOWS\System32\OpenSSH\;C:\Program Files\Calibre2\;C:\Program Files\dotnet\;C:\Program Files\Git\cmd;C:\Users\estudiante\AppData\Local\Microsoft\WindowsApps;C:\Users\estudiante\.dotnet\tools;C:\Users\estudiante\AppData\Local\GitHubDesktop\bin
USERNAME=estudiante
OS=Windows_NT
PROCESSOR_IDENTIFIER=Intel64 Family 6 Model 156 Stepping 0, GenuineIntel



---------------  S Y S T E M  ---------------

OS:
 Windows 11 , 64 bit Build 22621 (10.0.22621.2506)
OS uptime: 1 days 4:11 hours
Hyper-V role detected

CPU: total 4 (initial active 4) (4 cores per cpu, 1 threads per core) family 6 model 156 stepping 0 microcode 0x24000023, cx8, cmov, fxsr, mmx, 3dnowpref, sse, sse2, sse3, ssse3, sse4.1, sse4.2, popcnt, tsc, tscinvbit, aes, erms, clmul, sha, clflush, clflushopt, clwb, hv

Memory: 4k page, system-wide physical 3911M (660M free)
TotalPageFile size 11930M (AvailPageFile size 46M)
current process WorkingSet (physical memory assigned to process): 376M, peak: 376M
current process commit charge ("private bytes"): 445M, peak: 499M

vm_info: Java HotSpot(TM) 64-Bit Server VM (17.0.9+11-LTS-201) for windows-amd64 JRE (17.0.9+11-LTS-201), built on Oct 10 2023 23:16:06 by "mach5one" with MS VC++ 17.1 (VS2022)

END.
