[13sep.2024 00:00:07.460] [Render thread/INFO] [net.minecraft.client.gui.components.ChatComponent/]: [System] [CHAT] Tu modo de juego cambió a Supervivencia
[13sep.2024 00:00:07.456] [Server thread/INFO] [net.minecraft.server.MinecraftServer/]: [Dev: Tu modo de juego cambió a Supervivencia]
[13sep.2024 00:00:20.978] [Server thread/INFO] [net.minecraft.server.MinecraftServer/]: [Dev: Tu modo de juego cambió a Creativo]
[13sep.2024 00:00:20.982] [Render thread/INFO] [net.minecraft.client.gui.components.ChatComponent/]: [System] [CHAT] Tu modo de juego cambió a Creativo
[13sep.2024 00:00:33.413] [Render thread/INFO] [net.minecraft.advancements.AdvancementList/]: Loaded 609 advancements
[13sep.2024 00:00:35.213] [Server thread/INFO] [net.minecraft.server.MinecraftServer/]: [Dev: Tu modo de juego cambió a Supervivencia]
[13sep.2024 00:00:35.214] [Render thread/INFO] [net.minecraft.client.gui.components.ChatComponent/]: [System] [CHAT] Tu modo de juego cambió a Supervivencia
[13sep.2024 00:01:27.209] [Server thread/INFO] [net.minecraft.server.MinecraftServer/]: [Dev: Tu modo de juego cambió a Creativo]
[13sep.2024 00:01:27.210] [Render thread/INFO] [net.minecraft.client.gui.components.ChatComponent/]: [System] [CHAT] Tu modo de juego cambió a Creativo
[13sep.2024 00:01:35.731] [Server thread/INFO] [net.minecraft.server.MinecraftServer/]: [Dev: Tu modo de juego cambió a Supervivencia]
[13sep.2024 00:01:35.733] [Render thread/INFO] [net.minecraft.client.gui.components.ChatComponent/]: [System] [CHAT] Tu modo de juego cambió a Supervivencia
[13sep.2024 00:01:50.842] [Server thread/INFO] [net.minecraft.client.server.IntegratedServer/]: Saving and pausing game...
[13sep.2024 00:01:50.934] [Server thread/INFO] [net.minecraft.server.MinecraftServer/]: Saving chunks for level 'ServerLevel[EMT 2]'/minecraft:overworld
[13sep.2024 00:01:50.976] [Server thread/INFO] [net.minecraft.server.MinecraftServer/]: Saving chunks for level 'ServerLevel[EMT 2]'/minecraft:the_end
[13sep.2024 00:01:50.978] [Server thread/INFO] [net.minecraft.server.MinecraftServer/]: Saving chunks for level 'ServerLevel[EMT 2]'/minecraft:the_nether
[13sep.2024 00:01:51.465] [Render thread/INFO] [mezz.jei.forge.startup.StartEventObserver/]: JEI StartEventObserver received class net.minecraftforge.client.event.ClientPlayerNetworkEvent$LoggingOut
[13sep.2024 00:01:51.465] [Render thread/INFO] [mezz.jei.forge.startup.StartEventObserver/]: JEI StartEventObserver transitioning state from JEI_STARTED to DISABLED
[13sep.2024 00:01:51.465] [Render thread/INFO] [mezz.jei.library.startup.JeiStarter/]: Stopping JEI
[13sep.2024 00:01:51.465] [Render thread/INFO] [mezz.jei.library.load.PluginCaller/]: Sending Runtime Unavailable...
[13sep.2024 00:01:51.466] [Render thread/INFO] [mezz.jei.forge.plugins.forge.ForgeGuiPlugin/]: Stopping JEI GUI
[13sep.2024 00:01:51.474] [Render thread/INFO] [mezz.jei.library.load.PluginCaller/]: Sending Runtime Unavailable took 8.462 ms
[13sep.2024 00:01:51.501] [Server thread/INFO] [net.minecraft.server.network.ServerGamePacketListenerImpl/]: Dev lost connection: Desconectado/a
[13sep.2024 00:01:51.501] [Server thread/INFO] [net.minecraft.server.MinecraftServer/]: Dev se desconectó
[13sep.2024 00:01:51.535] [Server thread/INFO] [net.minecraft.server.network.ServerGamePacketListenerImpl/]: Stopping singleplayer server as player logged out
[13sep.2024 00:01:51.603] [Server thread/INFO] [net.minecraft.server.MinecraftServer/]: Stopping server
[13sep.2024 00:01:51.603] [Server thread/INFO] [net.minecraft.server.MinecraftServer/]: Saving players
[13sep.2024 00:01:51.604] [Server thread/INFO] [net.minecraft.server.MinecraftServer/]: Saving worlds
[13sep.2024 00:01:52.564] [Server thread/INFO] [net.minecraft.server.MinecraftServer/]: Saving chunks for level 'ServerLevel[EMT 2]'/minecraft:overworld
[13sep.2024 00:01:52.931] [Server thread/INFO] [net.minecraft.server.MinecraftServer/]: Saving chunks for level 'ServerLevel[EMT 2]'/minecraft:the_end
[13sep.2024 00:01:52.932] [Server thread/INFO] [net.minecraft.server.MinecraftServer/]: Saving chunks for level 'ServerLevel[EMT 2]'/minecraft:the_nether
[13sep.2024 00:01:52.964] [Server thread/INFO] [net.minecraft.server.MinecraftServer/]: ThreadedAnvilChunkStorage (EMT 2): All chunks are saved
[13sep.2024 00:01:52.964] [Server thread/INFO] [net.minecraft.server.MinecraftServer/]: ThreadedAnvilChunkStorage (DIM1): All chunks are saved
[13sep.2024 00:01:52.965] [Server thread/INFO] [net.minecraft.server.MinecraftServer/]: ThreadedAnvilChunkStorage (DIM-1): All chunks are saved
[13sep.2024 00:01:52.965] [Server thread/INFO] [net.minecraft.server.MinecraftServer/]: ThreadedAnvilChunkStorage: All dimensions are saved
[13sep.2024 00:01:54.971] [Render thread/INFO] [net.minecraft.client.Minecraft/]: Stopping!
