#
# A fatal error has been detected by the Java Runtime Environment:
#
#  EXCEPTION_ACCESS_VIOLATION (0xc0000005) at pc=0x00007ff9e1dc2b60, pid=6652, tid=3600
#
# JRE version: OpenJDK Runtime Environment Temurin-17.0.9+9 (17.0.9+9) (build 17.0.9+9)
# Java VM: OpenJDK 64-Bit Server VM Temurin-17.0.9+9 (17.0.9+9, mixed mode, sharing, tiered, compressed oops, compressed class ptrs, g1 gc, windows-amd64)
# Problematic frame:
# C  [atio6axx.dll+0x192b60]
#
# No core dump will be written. Minidumps are not enabled by default on client versions of Windows
#
# If you would like to submit a bug report, please visit:
#   https://github.com/adoptium/adoptium-support/issues
# The crash happened outside the Java Virtual Machine in native code.
# See problematic frame for where to report the bug.
#

---------------  S U M M A R Y ------------

Command Line: -Dforge.enableGameTest=true -Dforge.enabledGameTestNamespaces=enhanced_minecraft -Dforge.logging.console.level=debug -Dforge.logging.markers=REGISTRIES -DignoreList=bootstraplauncher,securejarhandler,asm-commons,asm-util,asm-analysis,asm-tree,asm,JarJarFileSystems,client-extra,fmlcore,javafmllanguage,lowcodelanguage,mclanguage,forge- -Djava.net.preferIPv6Addresses=system -DlegacyClassPath.file=D:\Repositorios Github\Enhanced-Minecraft-Mod\Enhanched_Minecraft_Mod\build\classpath\runClient_minecraftClasspath.txt -DmergeModules=jna-5.10.0.jar,jna-platform-5.10.0.jar --module-path=C:\Users\admin\.gradle\caches\modules-2\files-2.1\cpw.mods\bootstraplauncher\1.1.2\c546e00443d8432cda6baa1c860346980742628\bootstraplauncher-1.1.2.jar;C:\Users\admin\.gradle\caches\modules-2\files-2.1\cpw.mods\securejarhandler\2.1.10\51e6a22c6c716beb11e244bf5b8be480f51dd6b5\securejarhandler-2.1.10.jar;C:\Users\admin\.gradle\caches\modules-2\files-2.1\org.ow2.asm\asm-commons\9.5\19ab5b5800a3910d30d3a3e64fdb00fd0cb42de0\asm-commons-9.5.jar;C:\Users\admin\.gradle\caches\modules-2\files-2.1\org.ow2.asm\asm-util\9.5\64b5a1fc8c1b15ed2efd6a063e976bc8d3dc5ffe\asm-util-9.5.jar;C:\Users\admin\.gradle\caches\modules-2\files-2.1\org.ow2.asm\asm-analysis\9.5\490bacc77de7cbc0be1a30bb3471072d705be4a4\asm-analysis-9.5.jar;C:\Users\admin\.gradle\caches\modules-2\files-2.1\org.ow2.asm\asm-tree\9.5\fd33c8b6373abaa675be407082fdfda35021254a\asm-tree-9.5.jar;C:\Users\admin\.gradle\caches\modules-2\files-2.1\org.ow2.asm\asm\9.5\dc6ea1875f4d64fbc85e1691c95b96a3d8569c90\asm-9.5.jar;C:\Users\admin\.gradle\caches\modules-2\files-2.1\net.minecraftforge\JarJarFileSystems\0.3.19\2464eb7d6b9ddb9db36a82cf8a95193e5c6fe020\JarJarFileSystems-0.3.19.jar --add-modules=ALL-MODULE-PATH --add-opens=java.base/java.util.jar=cpw.mods.securejarhandler --add-opens=java.base/java.lang.invoke=cpw.mods.securejarhandler --add-exports=java.base/sun.security.util=cpw.mods.securejarhandler --add-exports=jdk.naming.dns/com.sun.jndi.dns=java.naming -XX:HeapDumpPath=MojangTricksIntelDriversForPerformance_javaw.exe_minecraft.exe.heapdump -Dfile.encoding=windows-1252 -Duser.country=AR -Duser.language=es -Duser.variant cpw.mods.bootstraplauncher.BootstrapLauncher --launchTarget forgeclientuserdev --version MOD_DEV --assetIndex 5 --assetsDir C:\Users\admin\.gradle\caches\forge_gradle\assets --gameDir . --fml.forgeVersion 47.2.0 --fml.mcVersion 1.20.1 --fml.forgeGroup net.minecraftforge --fml.mcpVersion 20230612.114412

Host: AMD Ryzen 3 2200U with Radeon Vega Mobile Gfx  , 4 cores, 5G,  Windows 10 , 64 bit Build 19041 (10.0.19041.3636)
Time: Tue Jan  9 12:30:25 2024 Hora estándar de Argentina elapsed time: 6.216214 seconds (0d 0h 0m 6s)

---------------  T H R E A D  ---------------

Current thread (0x000001749fd4de20):  JavaThread "main" [_thread_in_native, id=3600, stack(0x00000046ca400000,0x00000046ca500000)]

Stack: [0x00000046ca400000,0x00000046ca500000],  sp=0x00000046ca4fb408,  free space=1005k
Native frames: (J=compiled Java code, j=interpreted, Vv=VM code, C=native code)
C  [atio6axx.dll+0x192b60]

Java frames: (J=compiled Java code, j=interpreted, Vv=VM code)
j  org.lwjgl.system.JNI.invokePPPP(IIJJJJ)J+0 org.lwjgl@3.3.1+7
j  org.lwjgl.glfw.GLFW.nglfwCreateWindow(IIJJJ)J+14 org.lwjgl.glfw@3.3.1+7
j  org.lwjgl.glfw.GLFW.glfwCreateWindow(IILjava/lang/CharSequence;JJ)J+34 org.lwjgl.glfw@3.3.1+7
j  net.minecraftforge.fml.earlydisplay.DisplayWindow.initWindow(Ljava/lang/String;)V+408 fmlearlydisplay@1.20.1-47.2.0
j  net.minecraftforge.fml.earlydisplay.DisplayWindow.start(Ljava/lang/String;Ljava/lang/String;)Ljava/lang/Runnable;+14 fmlearlydisplay@1.20.1-47.2.0
j  net.minecraftforge.fml.earlydisplay.DisplayWindow.initialize([Ljava/lang/String;)Ljava/lang/Runnable;+410 fmlearlydisplay@1.20.1-47.2.0
j  net.minecraftforge.fml.loading.ImmediateWindowHandler.load(Ljava/lang/String;[Ljava/lang/String;)V+180 fmlloader@1.20.1-47.2.0
j  net.minecraftforge.fml.loading.ModDirTransformerDiscoverer.earlyInitialization(Ljava/lang/String;[Ljava/lang/String;)V+2 fmlloader@1.20.1-47.2.0
j  cpw.mods.modlauncher.TransformationServicesHandler.lambda$discoverServices$18(Lcpw/mods/modlauncher/ArgumentHandler$DiscoveryData;Lcpw/mods/modlauncher/serviceapi/ITransformerDiscoveryService;)V+9 cpw.mods.modlauncher@10.0.9
j  cpw.mods.modlauncher.TransformationServicesHandler$$Lambda$415+0x00000174be215478.accept(Ljava/lang/Object;)V+8 cpw.mods.modlauncher@10.0.9
j  java.lang.Iterable.forEach(Ljava/util/function/Consumer;)V+30 java.base@17.0.9
j  cpw.mods.modlauncher.TransformationServicesHandler.discoverServices(Lcpw/mods/modlauncher/ArgumentHandler$DiscoveryData;)V+145 cpw.mods.modlauncher@10.0.9
j  cpw.mods.modlauncher.Launcher.run([Ljava/lang/String;)V+14 cpw.mods.modlauncher@10.0.9
j  cpw.mods.modlauncher.Launcher.main([Ljava/lang/String;)V+78 cpw.mods.modlauncher@10.0.9
j  cpw.mods.modlauncher.BootstrapLaunchConsumer.accept([Ljava/lang/String;)V+1 cpw.mods.modlauncher@10.0.9
j  cpw.mods.modlauncher.BootstrapLaunchConsumer.accept(Ljava/lang/Object;)V+5 cpw.mods.modlauncher@10.0.9
j  cpw.mods.bootstraplauncher.BootstrapLauncher.main([Ljava/lang/String;)V+515 cpw.mods.bootstraplauncher@1.1.2
v  ~StubRoutines::call_stub

siginfo: EXCEPTION_ACCESS_VIOLATION (0xc0000005), reading address 0xffffffffffffffff


Registers:
RAX=0x0000000000000000, RBX=0x00007ff9e56033b0, RCX=0x3a433b72616a2e30, RDX=0x00000000000000d0
RSP=0x00000046ca4fb408, RBP=0x00000046ca4fb570, RSI=0x00007ff9e5512d40, RDI=0x00000046ca4fb860
R8 =0x00000000000001a5, R9 =0x3a433b72616a2e30, R10=0x0000000000000000, R11=0x0000000000000200
R12=0x00007ff9e5603408, R13=0x00007ff9e5605c08, R14=0x00007ff9e56033b0, R15=0x0000000000000000
RIP=0x00007ff9e1dc2b60, EFLAGS=0x0000000000010202


Register to memory mapping:

RIP=0x00007ff9e1dc2b60 atio6axx.dll
RAX=0x0 is NULL
RBX=0x00007ff9e56033b0 atio6axx.dll
RCX=0x3a433b72616a2e30 is an unknown value
RDX=0x00000000000000d0 is an unknown value
RSP=0x00000046ca4fb408 is pointing into the stack for thread: 0x000001749fd4de20
RBP=0x00000046ca4fb570 is pointing into the stack for thread: 0x000001749fd4de20
RSI=0x00007ff9e5512d40 atio6axx.dll
RDI=0x00000046ca4fb860 is pointing into the stack for thread: 0x000001749fd4de20
R8 =0x00000000000001a5 is an unknown value
R9 =0x3a433b72616a2e30 is an unknown value
R10=0x0 is NULL
R11=0x0000000000000200 is an unknown value
R12=0x00007ff9e5603408 atio6axx.dll
R13=0x00007ff9e5605c08 atio6axx.dll
R14=0x00007ff9e56033b0 atio6axx.dll
R15=0x0 is NULL


Top of Stack: (sp=0x00000046ca4fb408)
0x00000046ca4fb408:   00007ff9e1dc2e7c 00007ff9e5606020
0x00000046ca4fb418:   00000174fee518f8 0000000000000000
0x00000046ca4fb428:   00007ff9e1dc3e8d 00000046ca4fb860
0x00000046ca4fb438:   00007ff9e1d7f484 00007ff9e56033b0
0x00000046ca4fb448:   00007ff9e5512d40 0000652e6176616a
0x00000046ca4fb458:   0000bb74c8cad8ae 00000046ca4fb860
0x00000046ca4fb468:   00007ff9e1d80457 00007ff9e56033b8
0x00000046ca4fb478:   00007ff9e5512d40 00007ff9e5512d40
0x00000046ca4fb488:   0000017484a0c0ac 00007ff9e56033b0
0x00000046ca4fb498:   00007ffa00000000 0000000000000009
0x00000046ca4fb4a8:   0000017484a0c25c 0000017484a0c3b8
0x00000046ca4fb4b8:   00007ff9e56033b8 00000046ca4fb860
0x00000046ca4fb4c8:   00000046ca4fb62b 00007f006176616a
0x00000046ca4fb4d8:   00007f006176616a 46676e697274535c
0x00000046ca4fb4e8:   5c6f666e49656c69 3062343039303430
0x00000046ca4fb4f8:   726556656c69465c 000000006e6f6973
0x00000046ca4fb508:   0000000000000000 0000000000000000
0x00000046ca4fb518:   0000000000000000 0000000a0000011c
0x00000046ca4fb528:   00004a6500000000 0000000000000002
0x00000046ca4fb538:   0000000000000000 0000000000000000
0x00000046ca4fb548:   0000000000000000 0000000000000000
0x00000046ca4fb558:   0000000000000000 0000000000000000
0x00000046ca4fb568:   0000000000000000 0000000000000000
0x00000046ca4fb578:   0000000000000000 0000000000000000
0x00000046ca4fb588:   0000000000000000 0000000000000000
0x00000046ca4fb598:   0000000000000000 0000000000000000
0x00000046ca4fb5a8:   0000000000000000 0000000000000000
0x00000046ca4fb5b8:   0000000000000000 0000000000000000
0x00000046ca4fb5c8:   0000000000000000 0000000000000000
0x00000046ca4fb5d8:   0000000000000000 0000000000000000
0x00000046ca4fb5e8:   0000000000000000 72676f72505c3a43
0x00000046ca4fb5f8:   73656c6946206d61 657370696c63455c 

Instructions: (pc=0x00007ff9e1dc2b60)
0x00007ff9e1dc2a60:   74 09 33 c9 ff 15 e6 89 66 03 90 48 8b c3 48 83
0x00007ff9e1dc2a70:   c4 20 5b c3 cc cc cc cc cc cc cc cc cc cc cc cc
0x00007ff9e1dc2a80:   48 83 ec 28 48 8b 51 08 48 85 d2 74 09 33 c9 ff
0x00007ff9e1dc2a90:   15 bb 89 66 03 90 48 83 c4 28 c3 cc cc cc cc cc
0x00007ff9e1dc2aa0:   48 89 11 c3 cc cc cc cc cc cc cc cc cc cc cc cc
0x00007ff9e1dc2ab0:   48 8b c1 c3 cc cc cc cc cc cc cc cc cc cc cc cc
0x00007ff9e1dc2ac0:   48 3b ca 74 10 41 8b 00 39 01 74 09 48 83 c1 04
0x00007ff9e1dc2ad0:   48 3b ca 75 f3 48 8b c1 c3 cc cc cc cc cc cc cc
0x00007ff9e1dc2ae0:   48 8b c1 c3 cc cc cc cc cc cc cc cc cc cc cc cc
0x00007ff9e1dc2af0:   48 83 39 00 0f 94 c0 c3 cc cc cc cc cc cc cc cc
0x00007ff9e1dc2b00:   4c 8d 04 d5 00 00 00 00 33 d2 e9 c1 d0 dd 01 cc
0x00007ff9e1dc2b10:   4c 8b 41 08 48 8b 02 49 89 00 48 83 41 08 08 c3
0x00007ff9e1dc2b20:   48 8b c1 c3 cc cc cc cc cc cc cc cc cc cc cc cc
0x00007ff9e1dc2b30:   48 8b c1 c3 cc cc cc cc cc cc cc cc cc cc cc cc
0x00007ff9e1dc2b40:   49 8b 00 48 89 02 c3 cc cc cc cc cc cc cc cc cc
0x00007ff9e1dc2b50:   8b 81 40 39 00 00 c3 cc cc cc cc cc cc cc cc cc
0x00007ff9e1dc2b60:   8b 81 40 39 00 00 83 c0 f0 83 f8 67 0f 87 5a 01
0x00007ff9e1dc2b70:   00 00 48 8d 15 87 d4 e6 ff 0f b6 84 02 f0 2c 19
0x00007ff9e1dc2b80:   00 8b 8c 82 d0 2c 19 00 48 03 ca ff e1 48 8b 0d
0x00007ff9e1dc2b90:   6c 6f 7e 03 83 b9 b4 34 00 00 02 0f 87 2b 01 00
0x00007ff9e1dc2ba0:   00 48 8d 91 0c 29 00 00 c7 02 e1 00 00 00 e9 ce
0x00007ff9e1dc2bb0:   00 00 00 48 8b 0d 46 6f 7e 03 83 b9 b4 34 00 00
0x00007ff9e1dc2bc0:   02 0f 87 05 01 00 00 48 8d 91 0c 29 00 00 c7 02
0x00007ff9e1dc2bd0:   f0 00 00 00 e9 a8 00 00 00 48 8b 0d 20 6f 7e 03
0x00007ff9e1dc2be0:   83 b9 b4 34 00 00 02 0f 87 df 00 00 00 48 8d 91
0x00007ff9e1dc2bf0:   0c 29 00 00 c7 02 00 04 00 00 e9 82 00 00 00 48
0x00007ff9e1dc2c00:   8b 0d fa 6e 7e 03 83 b9 b4 34 00 00 02 0f 87 b9
0x00007ff9e1dc2c10:   00 00 00 48 8d 91 0c 29 00 00 c7 02 00 08 00 00
0x00007ff9e1dc2c20:   eb 5f 48 8b 0d d7 6e 7e 03 83 b9 b4 34 00 00 02
0x00007ff9e1dc2c30:   0f 87 96 00 00 00 48 8d 91 0c 29 00 00 c7 02 00
0x00007ff9e1dc2c40:   09 00 00 eb 3c 48 8b 0d b4 6e 7e 03 83 b9 b4 34
0x00007ff9e1dc2c50:   00 00 02 77 77 48 8d 91 0c 29 00 00 c7 02 3c 0f 


Stack slot to memory mapping:
stack at sp + 0 slots: 0x00007ff9e1dc2e7c atio6axx.dll
stack at sp + 1 slots: 0x00007ff9e5606020 atio6axx.dll
stack at sp + 2 slots: 0x00000174fee518f8 points into unknown readable memory: 0x00007ff9e4e0f5f0 | f0 f5 e0 e4 f9 7f 00 00
stack at sp + 3 slots: 0x0 is NULL
stack at sp + 4 slots: 0x00007ff9e1dc3e8d atio6axx.dll
stack at sp + 5 slots: 0x00000046ca4fb860 is pointing into the stack for thread: 0x000001749fd4de20
stack at sp + 6 slots: 0x00007ff9e1d7f484 atio6axx.dll
stack at sp + 7 slots: 0x00007ff9e56033b0 atio6axx.dll


---------------  P R O C E S S  ---------------

Threads class SMR info:
_java_thread_list=0x00000174ff705e40, length=14, elements={
0x000001749fd4de20, 0x00000174bc580700, 0x00000174bc5831e0, 0x00000174bc599da0,
0x00000174bc59c680, 0x00000174bc59d6f0, 0x00000174bc5a2270, 0x00000174bc5a5620,
0x00000174bc5a66d0, 0x00000174bc5b7f40, 0x00000174bc7cfe60, 0x00000174bc7d0d90,
0x00000174842ecb00, 0x00000174bc7d3610
}

Java Threads: ( => current thread )
=>0x000001749fd4de20 JavaThread "main" [_thread_in_native, id=3600, stack(0x00000046ca400000,0x00000046ca500000)]
  0x00000174bc580700 JavaThread "Reference Handler" daemon [_thread_blocked, id=4536, stack(0x00000046cab00000,0x00000046cac00000)]
  0x00000174bc5831e0 JavaThread "Finalizer" daemon [_thread_blocked, id=6004, stack(0x00000046cac00000,0x00000046cad00000)]
  0x00000174bc599da0 JavaThread "Signal Dispatcher" daemon [_thread_blocked, id=3648, stack(0x00000046cad00000,0x00000046cae00000)]
  0x00000174bc59c680 JavaThread "Attach Listener" daemon [_thread_blocked, id=3588, stack(0x00000046cae00000,0x00000046caf00000)]
  0x00000174bc59d6f0 JavaThread "Service Thread" daemon [_thread_blocked, id=7588, stack(0x00000046caf00000,0x00000046cb000000)]
  0x00000174bc5a2270 JavaThread "Monitor Deflation Thread" daemon [_thread_blocked, id=11296, stack(0x00000046cb000000,0x00000046cb100000)]
  0x00000174bc5a5620 JavaThread "C2 CompilerThread0" daemon [_thread_blocked, id=13276, stack(0x00000046cb100000,0x00000046cb200000)]
  0x00000174bc5a66d0 JavaThread "C1 CompilerThread0" daemon [_thread_blocked, id=7896, stack(0x00000046cb200000,0x00000046cb300000)]
  0x00000174bc5b7f40 JavaThread "Sweeper thread" daemon [_thread_blocked, id=7400, stack(0x00000046cb300000,0x00000046cb400000)]
  0x00000174bc7cfe60 JavaThread "Common-Cleaner" daemon [_thread_blocked, id=5976, stack(0x00000046cb400000,0x00000046cb500000)]
  0x00000174bc7d0d90 JavaThread "Notification Thread" daemon [_thread_blocked, id=12616, stack(0x00000046cb600000,0x00000046cb700000)]
  0x00000174842ecb00 JavaThread "C2 CompilerThread1" daemon [_thread_in_native, id=6852, stack(0x00000046cb500000,0x00000046cb600000)]
  0x00000174bc7d3610 JavaThread "pool-2-thread-1" daemon [_thread_blocked, id=12732, stack(0x00000046cbf00000,0x00000046cc000000)]

Other Threads:
  0x00000174bc57b8e0 VMThread "VM Thread" [stack: 0x00000046caa00000,0x00000046cab00000] [id=2620]
  0x000001749fd4ecf0 WatcherThread [stack: 0x00000046cb700000,0x00000046cb800000] [id=11652]
  0x000001749fd988c0 GCTaskThread "GC Thread#0" [stack: 0x00000046ca500000,0x00000046ca600000] [id=8044]
  0x00000174fe030360 GCTaskThread "GC Thread#1" [stack: 0x00000046cb800000,0x00000046cb900000] [id=12736]
  0x00000174fe312f00 GCTaskThread "GC Thread#2" [stack: 0x00000046cb900000,0x00000046cba00000] [id=8520]
  0x00000174fe3131c0 GCTaskThread "GC Thread#3" [stack: 0x00000046cba00000,0x00000046cbb00000] [id=5176]
  0x000001749fda55a0 ConcurrentGCThread "G1 Main Marker" [stack: 0x00000046ca600000,0x00000046ca700000] [id=10848]
  0x000001749fda7680 ConcurrentGCThread "G1 Conc#0" [stack: 0x00000046ca700000,0x00000046ca800000] [id=3524]
  0x000001749fdec690 ConcurrentGCThread "G1 Refine#0" [stack: 0x00000046ca800000,0x00000046ca900000] [id=7460]
  0x00000174ff6b1ab0 ConcurrentGCThread "G1 Refine#1" [stack: 0x00000046cbb00000,0x00000046cbc00000] [id=9636]
  0x000001749fdecfd0 ConcurrentGCThread "G1 Service" [stack: 0x00000046ca900000,0x00000046caa00000] [id=9732]

Threads with active compile tasks:
C2 CompilerThread1     6274 3623       4       jdk.internal.org.objectweb.asm.Frame::execute (2305 bytes)

VM state: not at safepoint (normal execution)

VM Mutex/Monitor currently owned by a thread: None

Heap address: 0x00000000a0c00000, size: 1524 MB, Compressed Oops mode: 32-bit

CDS archive(s) mapped at: [0x00000174bd000000-0x00000174bdba0000-0x00000174bdba0000), size 12189696, SharedBaseAddress: 0x00000174bd000000, ArchiveRelocationMode: 1.
Compressed class space mapped at: 0x00000174be000000-0x00000174fe000000, reserved size: 1073741824
Narrow klass base: 0x00000174bd000000, Narrow klass shift: 0, Narrow klass range: 0x100000000

GC Precious Log:
 CPUs: 4 total, 4 available
 Memory: 6092M
 Large Page Support: Disabled
 NUMA Support: Disabled
 Compressed Oops: Enabled (32-bit)
 Heap Region Size: 1M
 Heap Min Capacity: 8M
 Heap Initial Capacity: 96M
 Heap Max Capacity: 1524M
 Pre-touch: Disabled
 Parallel Workers: 4
 Concurrent Workers: 1
 Concurrent Refinement Workers: 4
 Periodic GC: Disabled

Heap:
 garbage-first heap   total 118784K, used 66632K [0x00000000a0c00000, 0x0000000100000000)
  region size 1024K, 35 young (35840K), 6 survivors (6144K)
 Metaspace       used 16732K, committed 17024K, reserved 1114112K
  class space    used 1904K, committed 2048K, reserved 1048576K

Heap Regions: E=young(eden), S=young(survivor), O=old, HS=humongous(starts), HC=humongous(continues), CS=collection set, F=free, OA=open archive, CA=closed archive, TAMS=top-at-mark-start (previous, next)
|   0|0x00000000a0c00000, 0x00000000a0d00000, 0x00000000a0d00000|100%|HS|  |TAMS 0x00000000a0c00000, 0x00000000a0c00000| Complete 
|   1|0x00000000a0d00000, 0x00000000a0e00000, 0x00000000a0e00000|100%|HS|  |TAMS 0x00000000a0d00000, 0x00000000a0d00000| Complete 
|   2|0x00000000a0e00000, 0x00000000a0f00000, 0x00000000a0f00000|100%|HC|  |TAMS 0x00000000a0e00000, 0x00000000a0e00000| Complete 
|   3|0x00000000a0f00000, 0x00000000a1000000, 0x00000000a1000000|100%| O|  |TAMS 0x00000000a0f00000, 0x00000000a0f00000| Untracked 
|   4|0x00000000a1000000, 0x00000000a1100000, 0x00000000a1100000|100%| O|  |TAMS 0x00000000a1000000, 0x00000000a1000000| Untracked 
|   5|0x00000000a1100000, 0x00000000a1200000, 0x00000000a1200000|100%| O|  |TAMS 0x00000000a1100000, 0x00000000a1100000| Untracked 
|   6|0x00000000a1200000, 0x00000000a1300000, 0x00000000a1300000|100%|HS|  |TAMS 0x00000000a1200000, 0x00000000a1200000| Complete 
|   7|0x00000000a1300000, 0x00000000a1400000, 0x00000000a1400000|100%|HC|  |TAMS 0x00000000a1300000, 0x00000000a1300000| Complete 
|   8|0x00000000a1400000, 0x00000000a1500000, 0x00000000a1500000|100%| O|  |TAMS 0x00000000a1400000, 0x00000000a1400000| Untracked 
|   9|0x00000000a1500000, 0x00000000a1600000, 0x00000000a1600000|100%| O|  |TAMS 0x00000000a1500000, 0x00000000a1500000| Untracked 
|  10|0x00000000a1600000, 0x00000000a1700000, 0x00000000a1700000|100%| O|  |TAMS 0x00000000a1600000, 0x00000000a1600000| Untracked 
|  11|0x00000000a1700000, 0x00000000a1800000, 0x00000000a1800000|100%|HS|  |TAMS 0x00000000a1700000, 0x00000000a1700000| Complete 
|  12|0x00000000a1800000, 0x00000000a1900000, 0x00000000a1900000|100%|HC|  |TAMS 0x00000000a1800000, 0x00000000a1800000| Complete 
|  13|0x00000000a1900000, 0x00000000a1a00000, 0x00000000a1a00000|100%| O|  |TAMS 0x00000000a1900000, 0x00000000a1900000| Untracked 
|  14|0x00000000a1a00000, 0x00000000a1b00000, 0x00000000a1b00000|100%| O|  |TAMS 0x00000000a1a00000, 0x00000000a1a00000| Untracked 
|  15|0x00000000a1b00000, 0x00000000a1c00000, 0x00000000a1c00000|100%| O|  |TAMS 0x00000000a1b00000, 0x00000000a1b00000| Untracked 
|  16|0x00000000a1c00000, 0x00000000a1d00000, 0x00000000a1d00000|100%| O|  |TAMS 0x00000000a1c00000, 0x00000000a1c00000| Untracked 
|  17|0x00000000a1d00000, 0x00000000a1e00000, 0x00000000a1e00000|100%| O|  |TAMS 0x00000000a1d00000, 0x00000000a1d00000| Untracked 
|  18|0x00000000a1e00000, 0x00000000a1f00000, 0x00000000a1f00000|100%| O|  |TAMS 0x00000000a1e00000, 0x00000000a1e00000| Untracked 
|  19|0x00000000a1f00000, 0x00000000a2000000, 0x00000000a2000000|100%|HS|  |TAMS 0x00000000a1f00000, 0x00000000a1f00000| Complete 
|  20|0x00000000a2000000, 0x00000000a2100000, 0x00000000a2100000|100%|HC|  |TAMS 0x00000000a2000000, 0x00000000a2000000| Complete 
|  21|0x00000000a2100000, 0x00000000a2200000, 0x00000000a2200000|100%| O|  |TAMS 0x00000000a2100000, 0x00000000a2100000| Untracked 
|  22|0x00000000a2200000, 0x00000000a2300000, 0x00000000a2300000|100%| O|  |TAMS 0x00000000a2200000, 0x00000000a2200000| Untracked 
|  23|0x00000000a2300000, 0x00000000a2400000, 0x00000000a2400000|100%| O|  |TAMS 0x00000000a2300000, 0x00000000a2300000| Untracked 
|  24|0x00000000a2400000, 0x00000000a2500000, 0x00000000a2500000|100%| O|  |TAMS 0x00000000a2400000, 0x00000000a2400000| Untracked 
|  25|0x00000000a2500000, 0x00000000a2600000, 0x00000000a2600000|100%| O|  |TAMS 0x00000000a2500000, 0x00000000a2500000| Untracked 
|  26|0x00000000a2600000, 0x00000000a2700000, 0x00000000a2700000|100%| O|  |TAMS 0x00000000a2600000, 0x00000000a2600000| Untracked 
|  27|0x00000000a2700000, 0x00000000a2800000, 0x00000000a2800000|100%| O|  |TAMS 0x00000000a2700000, 0x00000000a2700000| Untracked 
|  28|0x00000000a2800000, 0x00000000a2900000, 0x00000000a2900000|100%| O|  |TAMS 0x00000000a2800000, 0x00000000a2800000| Untracked 
|  29|0x00000000a2900000, 0x00000000a2a00000, 0x00000000a2a00000|100%| O|  |TAMS 0x00000000a2900000, 0x00000000a2900000| Untracked 
|  30|0x00000000a2a00000, 0x00000000a2b00000, 0x00000000a2b00000|100%| O|  |TAMS 0x00000000a2a00000, 0x00000000a2a00000| Untracked 
|  31|0x00000000a2b00000, 0x00000000a2b70600, 0x00000000a2c00000| 43%| O|  |TAMS 0x00000000a2b00000, 0x00000000a2b00000| Untracked 
|  32|0x00000000a2c00000, 0x00000000a2c00000, 0x00000000a2d00000|  0%| F|  |TAMS 0x00000000a2c00000, 0x00000000a2c00000| Untracked 
|  33|0x00000000a2d00000, 0x00000000a2d00000, 0x00000000a2e00000|  0%| F|  |TAMS 0x00000000a2d00000, 0x00000000a2d00000| Untracked 
|  34|0x00000000a2e00000, 0x00000000a2e00000, 0x00000000a2f00000|  0%| F|  |TAMS 0x00000000a2e00000, 0x00000000a2e00000| Untracked 
|  35|0x00000000a2f00000, 0x00000000a2f00000, 0x00000000a3000000|  0%| F|  |TAMS 0x00000000a2f00000, 0x00000000a2f00000| Untracked 
|  36|0x00000000a3000000, 0x00000000a3000000, 0x00000000a3100000|  0%| F|  |TAMS 0x00000000a3000000, 0x00000000a3000000| Untracked 
|  37|0x00000000a3100000, 0x00000000a3100000, 0x00000000a3200000|  0%| F|  |TAMS 0x00000000a3100000, 0x00000000a3100000| Untracked 
|  38|0x00000000a3200000, 0x00000000a3200000, 0x00000000a3300000|  0%| F|  |TAMS 0x00000000a3200000, 0x00000000a3200000| Untracked 
|  39|0x00000000a3300000, 0x00000000a3300000, 0x00000000a3400000|  0%| F|  |TAMS 0x00000000a3300000, 0x00000000a3300000| Untracked 
|  40|0x00000000a3400000, 0x00000000a3400000, 0x00000000a3500000|  0%| F|  |TAMS 0x00000000a3400000, 0x00000000a3400000| Untracked 
|  41|0x00000000a3500000, 0x00000000a3500000, 0x00000000a3600000|  0%| F|  |TAMS 0x00000000a3500000, 0x00000000a3500000| Untracked 
|  42|0x00000000a3600000, 0x00000000a3600000, 0x00000000a3700000|  0%| F|  |TAMS 0x00000000a3600000, 0x00000000a3600000| Untracked 
|  43|0x00000000a3700000, 0x00000000a3700000, 0x00000000a3800000|  0%| F|  |TAMS 0x00000000a3700000, 0x00000000a3700000| Untracked 
|  44|0x00000000a3800000, 0x00000000a3800000, 0x00000000a3900000|  0%| F|  |TAMS 0x00000000a3800000, 0x00000000a3800000| Untracked 
|  45|0x00000000a3900000, 0x00000000a3900000, 0x00000000a3a00000|  0%| F|  |TAMS 0x00000000a3900000, 0x00000000a3900000| Untracked 
|  46|0x00000000a3a00000, 0x00000000a3a00000, 0x00000000a3b00000|  0%| F|  |TAMS 0x00000000a3a00000, 0x00000000a3a00000| Untracked 
|  47|0x00000000a3b00000, 0x00000000a3b00000, 0x00000000a3c00000|  0%| F|  |TAMS 0x00000000a3b00000, 0x00000000a3b00000| Untracked 
|  48|0x00000000a3c00000, 0x00000000a3c00000, 0x00000000a3d00000|  0%| F|  |TAMS 0x00000000a3c00000, 0x00000000a3c00000| Untracked 
|  49|0x00000000a3d00000, 0x00000000a3d00000, 0x00000000a3e00000|  0%| F|  |TAMS 0x00000000a3d00000, 0x00000000a3d00000| Untracked 
|  50|0x00000000a3e00000, 0x00000000a3ea1b10, 0x00000000a3f00000| 63%| S|CS|TAMS 0x00000000a3e00000, 0x00000000a3e00000| Complete 
|  51|0x00000000a3f00000, 0x00000000a4000000, 0x00000000a4000000|100%| S|CS|TAMS 0x00000000a3f00000, 0x00000000a3f00000| Complete 
|  52|0x00000000a4000000, 0x00000000a4000000, 0x00000000a4100000|  0%| F|  |TAMS 0x00000000a4000000, 0x00000000a4000000| Untracked 
|  53|0x00000000a4100000, 0x00000000a4100000, 0x00000000a4200000|  0%| F|  |TAMS 0x00000000a4100000, 0x00000000a4100000| Untracked 
|  54|0x00000000a4200000, 0x00000000a4200000, 0x00000000a4300000|  0%| F|  |TAMS 0x00000000a4200000, 0x00000000a4200000| Untracked 
|  55|0x00000000a4300000, 0x00000000a4300000, 0x00000000a4400000|  0%| F|  |TAMS 0x00000000a4300000, 0x00000000a4300000| Untracked 
|  56|0x00000000a4400000, 0x00000000a4500000, 0x00000000a4500000|100%| S|CS|TAMS 0x00000000a4400000, 0x00000000a4400000| Complete 
|  57|0x00000000a4500000, 0x00000000a4600000, 0x00000000a4600000|100%| S|CS|TAMS 0x00000000a4500000, 0x00000000a4500000| Complete 
|  58|0x00000000a4600000, 0x00000000a4700000, 0x00000000a4700000|100%| S|CS|TAMS 0x00000000a4600000, 0x00000000a4600000| Complete 
|  59|0x00000000a4700000, 0x00000000a4800000, 0x00000000a4800000|100%| S|CS|TAMS 0x00000000a4700000, 0x00000000a4700000| Complete 
|  60|0x00000000a4800000, 0x00000000a4800000, 0x00000000a4900000|  0%| F|  |TAMS 0x00000000a4800000, 0x00000000a4800000| Untracked 
|  61|0x00000000a4900000, 0x00000000a4900000, 0x00000000a4a00000|  0%| F|  |TAMS 0x00000000a4900000, 0x00000000a4900000| Untracked 
|  62|0x00000000a4a00000, 0x00000000a4a00000, 0x00000000a4b00000|  0%| F|  |TAMS 0x00000000a4a00000, 0x00000000a4a00000| Untracked 
|  63|0x00000000a4b00000, 0x00000000a4b00000, 0x00000000a4c00000|  0%| F|  |TAMS 0x00000000a4b00000, 0x00000000a4b00000| Untracked 
|  64|0x00000000a4c00000, 0x00000000a4c00000, 0x00000000a4d00000|  0%| F|  |TAMS 0x00000000a4c00000, 0x00000000a4c00000| Untracked 
|  65|0x00000000a4d00000, 0x00000000a4d00000, 0x00000000a4e00000|  0%| F|  |TAMS 0x00000000a4d00000, 0x00000000a4d00000| Untracked 
|  66|0x00000000a4e00000, 0x00000000a4e00000, 0x00000000a4f00000|  0%| F|  |TAMS 0x00000000a4e00000, 0x00000000a4e00000| Untracked 
|  67|0x00000000a4f00000, 0x00000000a4f00000, 0x00000000a5000000|  0%| F|  |TAMS 0x00000000a4f00000, 0x00000000a4f00000| Untracked 
|  68|0x00000000a5000000, 0x00000000a5000000, 0x00000000a5100000|  0%| F|  |TAMS 0x00000000a5000000, 0x00000000a5000000| Untracked 
|  69|0x00000000a5100000, 0x00000000a5100000, 0x00000000a5200000|  0%| F|  |TAMS 0x00000000a5100000, 0x00000000a5100000| Untracked 
|  70|0x00000000a5200000, 0x00000000a5200000, 0x00000000a5300000|  0%| F|  |TAMS 0x00000000a5200000, 0x00000000a5200000| Untracked 
|  71|0x00000000a5300000, 0x00000000a5300000, 0x00000000a5400000|  0%| F|  |TAMS 0x00000000a5300000, 0x00000000a5300000| Untracked 
|  72|0x00000000a5400000, 0x00000000a5400000, 0x00000000a5500000|  0%| F|  |TAMS 0x00000000a5400000, 0x00000000a5400000| Untracked 
|  73|0x00000000a5500000, 0x00000000a5500000, 0x00000000a5600000|  0%| F|  |TAMS 0x00000000a5500000, 0x00000000a5500000| Untracked 
|  74|0x00000000a5600000, 0x00000000a5600000, 0x00000000a5700000|  0%| F|  |TAMS 0x00000000a5600000, 0x00000000a5600000| Untracked 
|  75|0x00000000a5700000, 0x00000000a5700000, 0x00000000a5800000|  0%| F|  |TAMS 0x00000000a5700000, 0x00000000a5700000| Untracked 
|  76|0x00000000a5800000, 0x00000000a5800000, 0x00000000a5900000|  0%| F|  |TAMS 0x00000000a5800000, 0x00000000a5800000| Untracked 
|  77|0x00000000a5900000, 0x00000000a5900000, 0x00000000a5a00000|  0%| F|  |TAMS 0x00000000a5900000, 0x00000000a5900000| Untracked 
|  78|0x00000000a5a00000, 0x00000000a5a00000, 0x00000000a5b00000|  0%| F|  |TAMS 0x00000000a5a00000, 0x00000000a5a00000| Untracked 
|  79|0x00000000a5b00000, 0x00000000a5b00000, 0x00000000a5c00000|  0%| F|  |TAMS 0x00000000a5b00000, 0x00000000a5b00000| Untracked 
|  80|0x00000000a5c00000, 0x00000000a5c00000, 0x00000000a5d00000|  0%| F|  |TAMS 0x00000000a5c00000, 0x00000000a5c00000| Untracked 
|  81|0x00000000a5d00000, 0x00000000a5d00000, 0x00000000a5e00000|  0%| F|  |TAMS 0x00000000a5d00000, 0x00000000a5d00000| Untracked 
|  82|0x00000000a5e00000, 0x00000000a5e00000, 0x00000000a5f00000|  0%| F|  |TAMS 0x00000000a5e00000, 0x00000000a5e00000| Untracked 
|  83|0x00000000a5f00000, 0x00000000a5f00000, 0x00000000a6000000|  0%| F|  |TAMS 0x00000000a5f00000, 0x00000000a5f00000| Untracked 
|  84|0x00000000a6000000, 0x00000000a6000000, 0x00000000a6100000|  0%| F|  |TAMS 0x00000000a6000000, 0x00000000a6000000| Untracked 
|  85|0x00000000a6100000, 0x00000000a6100000, 0x00000000a6200000|  0%| F|  |TAMS 0x00000000a6100000, 0x00000000a6100000| Untracked 
|  86|0x00000000a6200000, 0x00000000a6200000, 0x00000000a6300000|  0%| F|  |TAMS 0x00000000a6200000, 0x00000000a6200000| Untracked 
|  87|0x00000000a6300000, 0x00000000a6400000, 0x00000000a6400000|100%| E|  |TAMS 0x00000000a6300000, 0x00000000a6300000| Complete 
|  88|0x00000000a6400000, 0x00000000a6500000, 0x00000000a6500000|100%| E|CS|TAMS 0x00000000a6400000, 0x00000000a6400000| Complete 
|  89|0x00000000a6500000, 0x00000000a6600000, 0x00000000a6600000|100%| E|CS|TAMS 0x00000000a6500000, 0x00000000a6500000| Complete 
|  90|0x00000000a6600000, 0x00000000a6700000, 0x00000000a6700000|100%| E|CS|TAMS 0x00000000a6600000, 0x00000000a6600000| Complete 
|  91|0x00000000a6700000, 0x00000000a6800000, 0x00000000a6800000|100%| E|CS|TAMS 0x00000000a6700000, 0x00000000a6700000| Complete 
|  92|0x00000000a6800000, 0x00000000a6900000, 0x00000000a6900000|100%| E|CS|TAMS 0x00000000a6800000, 0x00000000a6800000| Complete 
|  93|0x00000000a6900000, 0x00000000a6a00000, 0x00000000a6a00000|100%| E|CS|TAMS 0x00000000a6900000, 0x00000000a6900000| Complete 
|  94|0x00000000a6a00000, 0x00000000a6b00000, 0x00000000a6b00000|100%| E|CS|TAMS 0x00000000a6a00000, 0x00000000a6a00000| Complete 
|  95|0x00000000a6b00000, 0x00000000a6c00000, 0x00000000a6c00000|100%| E|CS|TAMS 0x00000000a6b00000, 0x00000000a6b00000| Complete 
|  96|0x00000000a6c00000, 0x00000000a6d00000, 0x00000000a6d00000|100%| E|CS|TAMS 0x00000000a6c00000, 0x00000000a6c00000| Complete 
|  97|0x00000000a6d00000, 0x00000000a6e00000, 0x00000000a6e00000|100%| E|CS|TAMS 0x00000000a6d00000, 0x00000000a6d00000| Complete 
|  98|0x00000000a6e00000, 0x00000000a6f00000, 0x00000000a6f00000|100%| E|CS|TAMS 0x00000000a6e00000, 0x00000000a6e00000| Complete 
|  99|0x00000000a6f00000, 0x00000000a7000000, 0x00000000a7000000|100%| E|CS|TAMS 0x00000000a6f00000, 0x00000000a6f00000| Complete 
| 100|0x00000000a7000000, 0x00000000a7100000, 0x00000000a7100000|100%| E|CS|TAMS 0x00000000a7000000, 0x00000000a7000000| Complete 
| 101|0x00000000a7100000, 0x00000000a7200000, 0x00000000a7200000|100%| E|CS|TAMS 0x00000000a7100000, 0x00000000a7100000| Complete 
| 102|0x00000000a7200000, 0x00000000a7300000, 0x00000000a7300000|100%| E|CS|TAMS 0x00000000a7200000, 0x00000000a7200000| Complete 
| 103|0x00000000a7300000, 0x00000000a7400000, 0x00000000a7400000|100%| E|CS|TAMS 0x00000000a7300000, 0x00000000a7300000| Complete 
| 104|0x00000000a7400000, 0x00000000a7500000, 0x00000000a7500000|100%| E|CS|TAMS 0x00000000a7400000, 0x00000000a7400000| Complete 
| 105|0x00000000a7500000, 0x00000000a7600000, 0x00000000a7600000|100%| E|CS|TAMS 0x00000000a7500000, 0x00000000a7500000| Complete 
| 106|0x00000000a7600000, 0x00000000a7700000, 0x00000000a7700000|100%| E|CS|TAMS 0x00000000a7600000, 0x00000000a7600000| Complete 
| 107|0x00000000a7700000, 0x00000000a7800000, 0x00000000a7800000|100%| E|CS|TAMS 0x00000000a7700000, 0x00000000a7700000| Complete 
| 108|0x00000000a7800000, 0x00000000a7900000, 0x00000000a7900000|100%| E|CS|TAMS 0x00000000a7800000, 0x00000000a7800000| Complete 
| 109|0x00000000a7900000, 0x00000000a7a00000, 0x00000000a7a00000|100%| E|CS|TAMS 0x00000000a7900000, 0x00000000a7900000| Complete 
| 110|0x00000000a7a00000, 0x00000000a7b00000, 0x00000000a7b00000|100%| E|CS|TAMS 0x00000000a7a00000, 0x00000000a7a00000| Complete 
| 111|0x00000000a7b00000, 0x00000000a7c00000, 0x00000000a7c00000|100%| E|CS|TAMS 0x00000000a7b00000, 0x00000000a7b00000| Complete 
| 112|0x00000000a7c00000, 0x00000000a7d00000, 0x00000000a7d00000|100%| E|CS|TAMS 0x00000000a7c00000, 0x00000000a7c00000| Complete 
| 113|0x00000000a7d00000, 0x00000000a7e00000, 0x00000000a7e00000|100%| E|CS|TAMS 0x00000000a7d00000, 0x00000000a7d00000| Complete 
| 114|0x00000000a7e00000, 0x00000000a7f00000, 0x00000000a7f00000|100%| E|CS|TAMS 0x00000000a7e00000, 0x00000000a7e00000| Complete 
| 115|0x00000000a7f00000, 0x00000000a8000000, 0x00000000a8000000|100%| E|CS|TAMS 0x00000000a7f00000, 0x00000000a7f00000| Complete 

Card table byte_map: [0x00000174b6b50000,0x00000174b6e50000] _byte_map_base: 0x00000174b664a000

Marking Bits (Prev, Next): (CMBitMap*) 0x000001749fd98df0, (CMBitMap*) 0x000001749fd98e30
 Prev Bits: [0x00000174b7150000, 0x00000174b8920000)
 Next Bits: [0x00000174b8920000, 0x00000174ba0f0000)

Polling page: 0x000001749db50000

Metaspace:

Usage:
  Non-class:     14.48 MB used.
      Class:      1.86 MB used.
       Both:     16.34 MB used.

Virtual space:
  Non-class space:       64.00 MB reserved,      14.62 MB ( 23%) committed,  1 nodes.
      Class space:        1.00 GB reserved,       2.00 MB ( <1%) committed,  1 nodes.
             Both:        1.06 GB reserved,      16.62 MB (  2%) committed. 

Chunk freelists:
   Non-Class:  836.00 KB
       Class:  13.82 MB
        Both:  14.64 MB

MaxMetaspaceSize: unlimited
CompressedClassSpaceSize: 1.00 GB
Initial GC threshold: 21.00 MB
Current GC threshold: 21.00 MB
CDS: on
MetaspaceReclaimPolicy: balanced
 - commit_granule_bytes: 65536.
 - commit_granule_words: 8192.
 - virtual_space_node_default_size: 8388608.
 - enlarge_chunks_in_place: 1.
 - new_chunks_are_fully_committed: 0.
 - uncommit_free_chunks: 1.
 - use_allocation_guard: 0.
 - handle_deallocations: 1.


Internal statistics:

num_allocs_failed_limit: 0.
num_arena_births: 298.
num_arena_deaths: 0.
num_vsnodes_births: 2.
num_vsnodes_deaths: 0.
num_space_committed: 266.
num_space_uncommitted: 0.
num_chunks_returned_to_freelist: 0.
num_chunks_taken_from_freelist: 724.
num_chunk_merges: 0.
num_chunk_splits: 450.
num_chunks_enlarged: 291.
num_inconsistent_stats: 0.

CodeHeap 'non-profiled nmethods': size=120000Kb used=2334Kb max_used=2334Kb free=117666Kb
 bounds [0x00000174af320000, 0x00000174af590000, 0x00000174b6850000]
CodeHeap 'profiled nmethods': size=120000Kb used=6813Kb max_used=6813Kb free=113186Kb
 bounds [0x00000174a7850000, 0x00000174a7f00000, 0x00000174aed80000]
CodeHeap 'non-nmethods': size=5760Kb used=1621Kb max_used=1652Kb free=4138Kb
 bounds [0x00000174aed80000, 0x00000174aeff0000, 0x00000174af320000]
 total_blobs=4691 nmethods=3643 adapters=960
 compilation: enabled
              stopped_count=0, restarted_count=0
 full_count=0

Compilation events (20 events):
Event: 6.093 Thread 0x00000174bc5a66d0 3638       3       sun.misc.Unsafe::putInt (11 bytes)
Event: 6.093 Thread 0x00000174bc5a66d0 nmethod 3638 0x00000174a7ef2c10 code [0x00000174a7ef2da0, 0x00000174a7ef2eb8]
Event: 6.093 Thread 0x00000174bc5a66d0 3639       3       org.lwjgl.system.MemoryUtil::encodeASCIIUnsafe (53 bytes)
Event: 6.094 Thread 0x00000174bc5a66d0 nmethod 3639 0x00000174a7ef2f90 code [0x00000174a7ef3160, 0x00000174a7ef3578]
Event: 6.133 Thread 0x00000174bc5a66d0 3640       3       java.util.concurrent.ConcurrentHashMap::sumCount (60 bytes)
Event: 6.133 Thread 0x00000174bc5a66d0 nmethod 3640 0x00000174a7ef3710 code [0x00000174a7ef38c0, 0x00000174a7ef3b18]
Event: 6.138 Thread 0x00000174bc5a66d0 3643       3       java.lang.invoke.InvokerBytecodeGenerator::emitStaticInvoke (258 bytes)
Event: 6.139 Thread 0x00000174bc5a66d0 nmethod 3643 0x00000174a7ef3c10 code [0x00000174a7ef3f20, 0x00000174a7ef4e68]
Event: 6.139 Thread 0x00000174bc5a66d0 3645       3       java.lang.invoke.LambdaForm$Name::internArguments (62 bytes)
Event: 6.140 Thread 0x00000174bc5a66d0 nmethod 3645 0x00000174a7ef5490 code [0x00000174a7ef5680, 0x00000174a7ef5d88]
Event: 6.140 Thread 0x00000174bc5a66d0 3644       3       java.lang.invoke.InvokerBytecodeGenerator::refKindOpcode (112 bytes)
Event: 6.140 Thread 0x00000174bc5a66d0 nmethod 3644 0x00000174a7ef5f10 code [0x00000174a7ef6180, 0x00000174a7ef6a38]
Event: 6.140 Thread 0x00000174bc5a66d0 3647       3       jdk.internal.org.objectweb.asm.AnnotationWriter::<init> (60 bytes)
Event: 6.141 Thread 0x00000174bc5a66d0 nmethod 3647 0x00000174a7ef6c90 code [0x00000174a7ef6e60, 0x00000174a7ef7268]
Event: 6.141 Thread 0x00000174bc5a66d0 3648       3       jdk.internal.org.objectweb.asm.AnnotationVisitor::<init> (7 bytes)
Event: 6.141 Thread 0x00000174bc5a66d0 nmethod 3648 0x00000174a7ef7410 code [0x00000174a7ef75c0, 0x00000174a7ef7708]
Event: 6.141 Thread 0x00000174bc5a66d0 3646       1       java.lang.invoke.InvokerBytecodeGenerator::setClassWriter (6 bytes)
Event: 6.141 Thread 0x00000174bc5a66d0 nmethod 3646 0x00000174af55f290 code [0x00000174af55f420, 0x00000174af55f538]
Event: 6.141 Thread 0x00000174bc5a66d0 3649       1       java.lang.Class::getClassData (5 bytes)
Event: 6.141 Thread 0x00000174bc5a66d0 nmethod 3649 0x00000174af55f590 code [0x00000174af55f720, 0x00000174af55f7f8]

GC Heap History (20 events):
Event: 0.578 GC heap before
{Heap before GC invocations=0 (full 0):
 garbage-first heap   total 98304K, used 21504K [0x00000000a0c00000, 0x0000000100000000)
  region size 1024K, 13 young (13312K), 0 survivors (0K)
 Metaspace       used 2039K, committed 2304K, reserved 1114112K
  class space    used 187K, committed 320K, reserved 1048576K
}
Event: 0.583 GC heap after
{Heap after GC invocations=1 (full 0):
 garbage-first heap   total 98304K, used 9696K [0x00000000a0c00000, 0x0000000100000000)
  region size 1024K, 2 young (2048K), 2 survivors (2048K)
 Metaspace       used 2039K, committed 2304K, reserved 1114112K
  class space    used 187K, committed 320K, reserved 1048576K
}
Event: 0.902 GC heap before
{Heap before GC invocations=1 (full 0):
 garbage-first heap   total 98304K, used 21984K [0x00000000a0c00000, 0x0000000100000000)
  region size 1024K, 14 young (14336K), 2 survivors (2048K)
 Metaspace       used 2691K, committed 2880K, reserved 1114112K
  class space    used 263K, committed 384K, reserved 1048576K
}
Event: 0.906 GC heap after
{Heap after GC invocations=2 (full 0):
 garbage-first heap   total 98304K, used 11008K [0x00000000a0c00000, 0x0000000100000000)
  region size 1024K, 2 young (2048K), 2 survivors (2048K)
 Metaspace       used 2691K, committed 2880K, reserved 1114112K
  class space    used 263K, committed 384K, reserved 1048576K
}
Event: 1.432 GC heap before
{Heap before GC invocations=2 (full 0):
 garbage-first heap   total 98304K, used 32512K [0x00000000a0c00000, 0x0000000100000000)
  region size 1024K, 24 young (24576K), 2 survivors (2048K)
 Metaspace       used 4830K, committed 5056K, reserved 1114112K
  class space    used 471K, committed 576K, reserved 1048576K
}
Event: 1.438 GC heap after
{Heap after GC invocations=3 (full 0):
 garbage-first heap   total 98304K, used 14138K [0x00000000a0c00000, 0x0000000100000000)
  region size 1024K, 3 young (3072K), 3 survivors (3072K)
 Metaspace       used 4830K, committed 5056K, reserved 1114112K
  class space    used 471K, committed 576K, reserved 1048576K
}
Event: 1.927 GC heap before
{Heap before GC invocations=3 (full 0):
 garbage-first heap   total 98304K, used 70458K [0x00000000a0c00000, 0x0000000100000000)
  region size 1024K, 56 young (57344K), 3 survivors (3072K)
 Metaspace       used 4869K, committed 5120K, reserved 1114112K
  class space    used 471K, committed 576K, reserved 1048576K
}
Event: 1.936 GC heap after
{Heap after GC invocations=4 (full 0):
 garbage-first heap   total 98304K, used 19644K [0x00000000a0c00000, 0x0000000100000000)
  region size 1024K, 7 young (7168K), 7 survivors (7168K)
 Metaspace       used 4869K, committed 5120K, reserved 1114112K
  class space    used 471K, committed 576K, reserved 1048576K
}
Event: 2.395 GC heap before
{Heap before GC invocations=4 (full 0):
 garbage-first heap   total 98304K, used 68796K [0x00000000a0c00000, 0x0000000100000000)
  region size 1024K, 55 young (56320K), 7 survivors (7168K)
 Metaspace       used 4907K, committed 5120K, reserved 1114112K
  class space    used 471K, committed 576K, reserved 1048576K
}
Event: 2.404 GC heap after
{Heap after GC invocations=5 (full 0):
 garbage-first heap   total 98304K, used 21094K [0x00000000a0c00000, 0x0000000100000000)
  region size 1024K, 5 young (5120K), 5 survivors (5120K)
 Metaspace       used 4907K, committed 5120K, reserved 1114112K
  class space    used 471K, committed 576K, reserved 1048576K
}
Event: 3.337 GC heap before
{Heap before GC invocations=5 (full 0):
 garbage-first heap   total 98304K, used 72294K [0x00000000a0c00000, 0x0000000100000000)
  region size 1024K, 55 young (56320K), 5 survivors (5120K)
 Metaspace       used 5055K, committed 5312K, reserved 1114112K
  class space    used 481K, committed 640K, reserved 1048576K
}
Event: 3.345 GC heap after
{Heap after GC invocations=6 (full 0):
 garbage-first heap   total 118784K, used 24501K [0x00000000a0c00000, 0x0000000100000000)
  region size 1024K, 5 young (5120K), 5 survivors (5120K)
 Metaspace       used 5055K, committed 5312K, reserved 1114112K
  class space    used 481K, committed 640K, reserved 1048576K
}
Event: 3.738 GC heap before
{Heap before GC invocations=6 (full 0):
 garbage-first heap   total 118784K, used 92085K [0x00000000a0c00000, 0x0000000100000000)
  region size 1024K, 69 young (70656K), 5 survivors (5120K)
 Metaspace       used 5065K, committed 5312K, reserved 1114112K
  class space    used 481K, committed 640K, reserved 1048576K
}
Event: 3.749 GC heap after
{Heap after GC invocations=7 (full 0):
 garbage-first heap   total 118784K, used 31744K [0x00000000a0c00000, 0x0000000100000000)
  region size 1024K, 9 young (9216K), 9 survivors (9216K)
 Metaspace       used 5065K, committed 5312K, reserved 1114112K
  class space    used 481K, committed 640K, reserved 1048576K
}
Event: 3.839 GC heap before
{Heap before GC invocations=7 (full 0):
 garbage-first heap   total 118784K, used 91136K [0x00000000a0c00000, 0x0000000100000000)
  region size 1024K, 67 young (68608K), 9 survivors (9216K)
 Metaspace       used 5065K, committed 5312K, reserved 1114112K
  class space    used 481K, committed 640K, reserved 1048576K
}
Event: 3.849 GC heap after
{Heap after GC invocations=8 (full 0):
 garbage-first heap   total 118784K, used 33729K [0x00000000a0c00000, 0x0000000100000000)
  region size 1024K, 2 young (2048K), 2 survivors (2048K)
 Metaspace       used 5065K, committed 5312K, reserved 1114112K
  class space    used 481K, committed 640K, reserved 1048576K
}
Event: 4.708 GC heap before
{Heap before GC invocations=8 (full 0):
 garbage-first heap   total 118784K, used 93121K [0x00000000a0c00000, 0x0000000100000000)
  region size 1024K, 60 young (61440K), 2 survivors (2048K)
 Metaspace       used 6126K, committed 6336K, reserved 1114112K
  class space    used 604K, committed 704K, reserved 1048576K
}
Event: 4.715 GC heap after
{Heap after GC invocations=9 (full 0):
 garbage-first heap   total 118784K, used 36258K [0x00000000a0c00000, 0x0000000100000000)
  region size 1024K, 4 young (4096K), 4 survivors (4096K)
 Metaspace       used 6126K, committed 6336K, reserved 1114112K
  class space    used 604K, committed 704K, reserved 1048576K
}
Event: 5.459 GC heap before
{Heap before GC invocations=9 (full 0):
 garbage-first heap   total 118784K, used 93602K [0x00000000a0c00000, 0x0000000100000000)
  region size 1024K, 60 young (61440K), 4 survivors (4096K)
 Metaspace       used 11807K, committed 12096K, reserved 1114112K
  class space    used 1326K, committed 1472K, reserved 1048576K
}
Event: 5.467 GC heap after
{Heap after GC invocations=10 (full 0):
 garbage-first heap   total 118784K, used 37960K [0x00000000a0c00000, 0x0000000100000000)
  region size 1024K, 6 young (6144K), 6 survivors (6144K)
 Metaspace       used 11807K, committed 12096K, reserved 1114112K
  class space    used 1326K, committed 1472K, reserved 1048576K
}

Dll operation events (10 events):
Event: 0.009 Loaded shared library C:\Program Files\Eclipse Adoptium\jdk-17.0.9.9-hotspot\bin\java.dll
Event: 0.028 Loaded shared library C:\Program Files\Eclipse Adoptium\jdk-17.0.9.9-hotspot\bin\jsvml.dll
Event: 0.228 Loaded shared library C:\Program Files\Eclipse Adoptium\jdk-17.0.9.9-hotspot\bin\net.dll
Event: 0.230 Loaded shared library C:\Program Files\Eclipse Adoptium\jdk-17.0.9.9-hotspot\bin\nio.dll
Event: 0.234 Loaded shared library C:\Program Files\Eclipse Adoptium\jdk-17.0.9.9-hotspot\bin\zip.dll
Event: 0.321 Loaded shared library C:\Program Files\Eclipse Adoptium\jdk-17.0.9.9-hotspot\bin\jimage.dll
Event: 0.911 Loaded shared library C:\Program Files\Eclipse Adoptium\jdk-17.0.9.9-hotspot\bin\verify.dll
Event: 4.965 Loaded shared library C:\Program Files\Eclipse Adoptium\jdk-17.0.9.9-hotspot\bin\management.dll
Event: 4.969 Loaded shared library C:\Program Files\Eclipse Adoptium\jdk-17.0.9.9-hotspot\bin\management_ext.dll
Event: 6.023 Loaded shared library C:\Users\admin\AppData\Local\Temp\lwjgladmin\3.3.1-build-7\lwjgl.dll

Deoptimization events (20 events):
Event: 5.934 Thread 0x000001749fd4de20 DEOPT PACKING pc=0x00000174af4fb884 sp=0x00000046ca4fe5e0
Event: 5.934 Thread 0x000001749fd4de20 DEOPT UNPACKING pc=0x00000174aedd69a3 sp=0x00000046ca4fe5e0 mode 2
Event: 5.934 Thread 0x000001749fd4de20 Uncommon trap: trap_request=0xffffffde fr.pc=0x00000174af4be2ac relative=0x000000000000008c
Event: 5.934 Thread 0x000001749fd4de20 Uncommon trap: reason=class_check action=maybe_recompile pc=0x00000174af4be2ac method=java.util.AbstractList$RandomAccessSpliterator.getFence()I @ 34 c2
Event: 5.934 Thread 0x000001749fd4de20 DEOPT PACKING pc=0x00000174af4be2ac sp=0x00000046ca4fe600
Event: 5.934 Thread 0x000001749fd4de20 DEOPT UNPACKING pc=0x00000174aedd69a3 sp=0x00000046ca4fe580 mode 2
Event: 5.934 Thread 0x000001749fd4de20 Uncommon trap: trap_request=0xffffffde fr.pc=0x00000174af4be2ac relative=0x000000000000008c
Event: 5.935 Thread 0x000001749fd4de20 Uncommon trap: reason=class_check action=maybe_recompile pc=0x00000174af4be2ac method=java.util.AbstractList$RandomAccessSpliterator.getFence()I @ 34 c2
Event: 5.935 Thread 0x000001749fd4de20 DEOPT PACKING pc=0x00000174af4be2ac sp=0x00000046ca4fe600
Event: 5.935 Thread 0x000001749fd4de20 DEOPT UNPACKING pc=0x00000174aedd69a3 sp=0x00000046ca4fe580 mode 2
Event: 5.936 Thread 0x000001749fd4de20 Uncommon trap: trap_request=0xffffffde fr.pc=0x00000174af4be2ac relative=0x000000000000008c
Event: 5.936 Thread 0x000001749fd4de20 Uncommon trap: reason=class_check action=maybe_recompile pc=0x00000174af4be2ac method=java.util.AbstractList$RandomAccessSpliterator.getFence()I @ 34 c2
Event: 5.936 Thread 0x000001749fd4de20 DEOPT PACKING pc=0x00000174af4be2ac sp=0x00000046ca4fe600
Event: 5.936 Thread 0x000001749fd4de20 DEOPT UNPACKING pc=0x00000174aedd69a3 sp=0x00000046ca4fe580 mode 2
Event: 6.051 Thread 0x000001749fd4de20 DEOPT PACKING pc=0x00000174a7edbce9 sp=0x00000046ca4fae50
Event: 6.051 Thread 0x000001749fd4de20 DEOPT UNPACKING pc=0x00000174aedd7143 sp=0x00000046ca4fa3a8 mode 0
Event: 6.136 Thread 0x00000174bc7d3610 Uncommon trap: trap_request=0xffffff45 fr.pc=0x00000174af39afa4 relative=0x0000000000000104
Event: 6.136 Thread 0x00000174bc7d3610 Uncommon trap: reason=unstable_if action=reinterpret pc=0x00000174af39afa4 method=java.util.concurrent.TimeUnit.convert(JLjava/util/concurrent/TimeUnit;)J @ 8 c2
Event: 6.136 Thread 0x00000174bc7d3610 DEOPT PACKING pc=0x00000174af39afa4 sp=0x00000046cbfff3c0
Event: 6.136 Thread 0x00000174bc7d3610 DEOPT UNPACKING pc=0x00000174aedd69a3 sp=0x00000046cbfff370 mode 2

Classes unloaded (0 events):
No events

Classes redefined (0 events):
No events

Internal exceptions (20 events):
Event: 5.896 Thread 0x000001749fd4de20 Exception <a 'java/lang/NoSuchMethodError'{0x00000000a6ecd370}: 'void java.lang.invoke.DirectMethodHandle$Holder.invokeStaticInit(java.lang.Object, java.lang.Object)'> (0x00000000a6ecd370) 
thrown [s\src\hotspot\share\interpreter\linkResolver.cpp, line 759]
Event: 5.897 Thread 0x000001749fd4de20 Exception <a 'java/lang/NoSuchMethodError'{0x00000000a6ed9be8}: 'java.lang.Object java.lang.invoke.DirectMethodHandle$Holder.invokeStaticInit(java.lang.Object, java.lang.Object, java.lang.Object, java.lang.Object)'> (0x00000000a6ed9be8) 
thrown [s\src\hotspot\share\interpreter\linkResolver.cpp, line 759]
Event: 5.898 Thread 0x000001749fd4de20 Exception <a 'java/lang/IncompatibleClassChangeError'{0x00000000a6edf490}: Found class java.lang.Object, but interface was expected> (0x00000000a6edf490) 
thrown [s\src\hotspot\share\interpreter\linkResolver.cpp, line 826]
Event: 5.901 Thread 0x000001749fd4de20 Exception <a 'java/lang/IncompatibleClassChangeError'{0x00000000a6d14798}: Found class java.lang.Object, but interface was expected> (0x00000000a6d14798) 
thrown [s\src\hotspot\share\interpreter\linkResolver.cpp, line 826]
Event: 5.930 Thread 0x000001749fd4de20 Exception <a 'sun/nio/fs/WindowsException'{0x00000000a6caabf0}> (0x00000000a6caabf0) 
thrown [s\src\hotspot\share\prims\jni.cpp, line 516]
Event: 5.948 Thread 0x000001749fd4de20 Exception <a 'java/lang/NoSuchMethodError'{0x00000000a6ced138}: 'java.lang.Object java.lang.invoke.DirectMethodHandle$Holder.invokeVirtual(java.lang.Object, java.lang.Object, java.lang.Object)'> (0x00000000a6ced138) 
thrown [s\src\hotspot\share\interpreter\linkResolver.cpp, line 759]
Event: 5.972 Thread 0x000001749fd4de20 Exception <a 'sun/nio/fs/WindowsException'{0x00000000a6bf3418}> (0x00000000a6bf3418) 
thrown [s\src\hotspot\share\prims\jni.cpp, line 516]
Event: 5.975 Thread 0x000001749fd4de20 Exception <a 'java/lang/NoSuchMethodError'{0x00000000a6a22968}: 'java.lang.Object java.lang.invoke.DirectMethodHandle$Holder.invokeStatic(java.lang.Object, int, java.lang.Object, java.lang.Object, java.lang.Object, java.lang.Object)'> (0x00000000a6a22968) 
thrown [s\src\hotspot\share\interpreter\linkResolver.cpp, line 759]
Event: 5.976 Thread 0x000001749fd4de20 Exception <a 'java/lang/NoSuchMethodError'{0x00000000a6a2b190}: 'java.lang.Object java.lang.invoke.DirectMethodHandle$Holder.newInvokeSpecial(java.lang.Object, int, java.lang.Object, java.lang.Object)'> (0x00000000a6a2b190) 
thrown [s\src\hotspot\share\interpreter\linkResolver.cpp, line 759]
Event: 5.976 Thread 0x000001749fd4de20 Exception <a 'java/lang/NoSuchMethodError'{0x00000000a6a2f298}: 'java.lang.Object java.lang.invoke.DirectMethodHandle$Holder.invokeSpecial(java.lang.Object, java.lang.Object, int, java.lang.Object, java.lang.Object)'> (0x00000000a6a2f298) 
thrown [s\src\hotspot\share\interpreter\linkResolver.cpp, line 759]
Event: 6.019 Thread 0x000001749fd4de20 Exception <a 'sun/nio/fs/WindowsException'{0x00000000a68abb08}> (0x00000000a68abb08) 
thrown [s\src\hotspot\share\prims\jni.cpp, line 516]
Event: 6.019 Thread 0x000001749fd4de20 Exception <a 'sun/nio/fs/WindowsException'{0x00000000a68abe58}> (0x00000000a68abe58) 
thrown [s\src\hotspot\share\prims\jni.cpp, line 516]
Event: 6.037 Thread 0x000001749fd4de20 Exception <a 'sun/nio/fs/WindowsException'{0x00000000a66fa0c0}> (0x00000000a66fa0c0) 
thrown [s\src\hotspot\share\prims\jni.cpp, line 516]
Event: 6.037 Thread 0x000001749fd4de20 Exception <a 'sun/nio/fs/WindowsException'{0x00000000a66fa420}> (0x00000000a66fa420) 
thrown [s\src\hotspot\share\prims\jni.cpp, line 516]
Event: 6.055 Thread 0x000001749fd4de20 Exception <a 'java/lang/NoSuchMethodError'{0x00000000a65daa38}: 'int java.lang.invoke.DirectMethodHandle$Holder.invokeStaticInit(java.lang.Object, java.lang.Object, int, long)'> (0x00000000a65daa38) 
thrown [s\src\hotspot\share\interpreter\linkResolver.cpp, line 759]
Event: 6.055 Thread 0x000001749fd4de20 Exception <a 'java/lang/NoSuchMethodError'{0x00000000a65e05c8}: 'java.lang.Object java.lang.invoke.DirectMethodHandle$Holder.newInvokeSpecial(java.lang.Object, java.lang.Object, int)'> (0x00000000a65e05c8) 
thrown [s\src\hotspot\share\interpreter\linkResolver.cpp, line 759]
Event: 6.065 Thread 0x000001749fd4de20 Exception <a 'java/lang/NoSuchMethodError'{0x00000000a65f4388}: 'int java.lang.invoke.DirectMethodHandle$Holder.invokeStaticInit(java.lang.Object, java.lang.Object, long, long)'> (0x00000000a65f4388) 
thrown [s\src\hotspot\share\interpreter\linkResolver.cpp, line 759]
Event: 6.066 Thread 0x000001749fd4de20 Exception <a 'java/lang/NoSuchMethodError'{0x00000000a65fa2e0}: 'java.lang.Object java.lang.invoke.DirectMethodHandle$Holder.newInvokeSpecial(java.lang.Object, java.lang.Object, long)'> (0x00000000a65fa2e0) 
thrown [s\src\hotspot\share\interpreter\linkResolver.cpp, line 759]
Event: 6.067 Thread 0x000001749fd4de20 Exception <a 'java/lang/NoSuchMethodError'{0x00000000a65fde50}: 'java.lang.Object java.lang.invoke.Invokers$Holder.linkToTargetMethod(java.lang.Object, long, java.lang.Object)'> (0x00000000a65fde50) 
thrown [s\src\hotspot\share\interpreter\linkResolver.cpp, line 759]
Event: 6.072 Thread 0x000001749fd4de20 Exception <a 'java/lang/NoSuchMethodError'{0x00000000a6405a78}: 'int java.lang.invoke.DirectMethodHandle$Holder.invokeStaticInit(java.lang.Object, java.lang.Object, java.lang.Object, long)'> (0x00000000a6405a78) 
thrown [s\src\hotspot\share\interpreter\linkResolver.cpp, line 759]

VM Operations (20 events):
Event: 5.449 Executing VM operation: HandshakeAllThreads
Event: 5.449 Executing VM operation: HandshakeAllThreads done
Event: 5.459 Executing VM operation: G1CollectForAllocation
Event: 5.467 Executing VM operation: G1CollectForAllocation done
Event: 5.528 Executing VM operation: HandshakeAllThreads
Event: 5.528 Executing VM operation: HandshakeAllThreads done
Event: 5.528 Executing VM operation: HandshakeAllThreads
Event: 5.528 Executing VM operation: HandshakeAllThreads done
Event: 5.638 Executing VM operation: HandshakeAllThreads
Event: 5.638 Executing VM operation: HandshakeAllThreads done
Event: 5.752 Executing VM operation: HandshakeAllThreads
Event: 5.752 Executing VM operation: HandshakeAllThreads done
Event: 5.824 Executing VM operation: HandshakeAllThreads
Event: 5.824 Executing VM operation: HandshakeAllThreads done
Event: 5.924 Executing VM operation: HandshakeAllThreads
Event: 5.924 Executing VM operation: HandshakeAllThreads done
Event: 6.012 Executing VM operation: ICBufferFull
Event: 6.012 Executing VM operation: ICBufferFull done
Event: 6.137 Executing VM operation: HandshakeAllThreads
Event: 6.137 Executing VM operation: HandshakeAllThreads done

Events (20 events):
Event: 6.050 loading class java/nio/DirectDoubleBufferU done
Event: 6.053 loading class java/util/function/LongPredicate
Event: 6.053 loading class java/util/function/LongPredicate done
Event: 6.074 loading class java/nio/InvalidMarkException
Event: 6.074 loading class java/nio/InvalidMarkException done
Event: 6.074 loading class java/nio/BufferUnderflowException
Event: 6.074 loading class java/nio/BufferUnderflowException done
Event: 6.135 loading class java/util/concurrent/ScheduledThreadPoolExecutor$ScheduledFutureTask
Event: 6.135 loading class java/util/concurrent/FutureTask
Event: 6.135 loading class java/util/concurrent/FutureTask done
Event: 6.135 loading class java/util/concurrent/ScheduledThreadPoolExecutor$ScheduledFutureTask done
Event: 6.135 loading class java/util/concurrent/FutureTask$WaitNode
Event: 6.135 loading class java/util/concurrent/FutureTask$WaitNode done
Event: 6.135 loading class java/util/concurrent/Executors$RunnableAdapter
Event: 6.135 loading class java/util/concurrent/Executors$RunnableAdapter done
Event: 6.136 Thread 0x00000174bc7d3610 Thread added: 0x00000174bc7d3610
Event: 6.136 loading class java/util/concurrent/locks/AbstractQueuedSynchronizer$ConditionNode
Event: 6.136 loading class java/util/concurrent/ForkJoinPool$ManagedBlocker
Event: 6.137 loading class java/util/concurrent/ForkJoinPool$ManagedBlocker done
Event: 6.137 loading class java/util/concurrent/locks/AbstractQueuedSynchronizer$ConditionNode done


Dynamic libraries:
0x00007ff7b1a10000 - 0x00007ff7b1a1e000 	C:\Program Files\Eclipse Adoptium\jdk-17.0.9.9-hotspot\bin\java.exe
0x00007ffa5a350000 - 0x00007ffa5a548000 	C:\Windows\SYSTEM32\ntdll.dll
0x00007ffa59200000 - 0x00007ffa592bd000 	C:\Windows\System32\KERNEL32.DLL
0x00007ffa57a30000 - 0x00007ffa57d26000 	C:\Windows\System32\KERNELBASE.dll
0x00007ffa57fa0000 - 0x00007ffa580a0000 	C:\Windows\System32\ucrtbase.dll
0x00007ffa51a00000 - 0x00007ffa51a1b000 	C:\Program Files\Eclipse Adoptium\jdk-17.0.9.9-hotspot\bin\VCRUNTIME140.dll
0x00007ffa51a20000 - 0x00007ffa51a37000 	C:\Program Files\Eclipse Adoptium\jdk-17.0.9.9-hotspot\bin\jli.dll
0x00007ffa59400000 - 0x00007ffa5959e000 	C:\Windows\System32\USER32.dll
0x00007ffa57d30000 - 0x00007ffa57d52000 	C:\Windows\System32\win32u.dll
0x00007ffa59320000 - 0x00007ffa5934c000 	C:\Windows\System32\GDI32.dll
0x00007ffa58240000 - 0x00007ffa5835a000 	C:\Windows\System32\gdi32full.dll
0x00007ffa42160000 - 0x00007ffa423fa000 	C:\Windows\WinSxS\amd64_microsoft.windows.common-controls_6595b64144ccf1df_6.0.19041.3636_none_60b6a03d71f818d5\COMCTL32.dll
0x00007ffa580a0000 - 0x00007ffa5813d000 	C:\Windows\System32\msvcp_win.dll
0x00007ffa58ff0000 - 0x00007ffa5908e000 	C:\Windows\System32\msvcrt.dll
0x00007ffa58490000 - 0x00007ffa584c0000 	C:\Windows\System32\IMM32.DLL
0x00007ffa51f50000 - 0x00007ffa51f5c000 	C:\Program Files\Eclipse Adoptium\jdk-17.0.9.9-hotspot\bin\vcruntime140_1.dll
0x00007ffa431f0000 - 0x00007ffa4327d000 	C:\Program Files\Eclipse Adoptium\jdk-17.0.9.9-hotspot\bin\msvcp140.dll
0x00007ffa2c7a0000 - 0x00007ffa2d401000 	C:\Program Files\Eclipse Adoptium\jdk-17.0.9.9-hotspot\bin\server\jvm.dll
0x00007ffa59350000 - 0x00007ffa593ff000 	C:\Windows\System32\ADVAPI32.dll
0x00007ffa59160000 - 0x00007ffa591fc000 	C:\Windows\System32\sechost.dll
0x00007ffa58b10000 - 0x00007ffa58c36000 	C:\Windows\System32\RPCRT4.dll
0x00007ffa36a00000 - 0x00007ffa36a09000 	C:\Windows\SYSTEM32\WSOCK32.dll
0x00007ffa4daa0000 - 0x00007ffa4dac7000 	C:\Windows\SYSTEM32\WINMM.dll
0x00007ffa57890000 - 0x00007ffa578db000 	C:\Windows\SYSTEM32\POWRPROF.dll
0x00007ffa58f80000 - 0x00007ffa58feb000 	C:\Windows\System32\WS2_32.dll
0x00007ffa4de90000 - 0x00007ffa4de9a000 	C:\Windows\SYSTEM32\VERSION.dll
0x00007ffa57870000 - 0x00007ffa57882000 	C:\Windows\SYSTEM32\UMPDC.dll
0x00007ffa56280000 - 0x00007ffa56292000 	C:\Windows\SYSTEM32\kernel.appcore.dll
0x00007ffa519f0000 - 0x00007ffa519fa000 	C:\Program Files\Eclipse Adoptium\jdk-17.0.9.9-hotspot\bin\jimage.dll
0x00007ffa55ff0000 - 0x00007ffa561d4000 	C:\Windows\SYSTEM32\DBGHELP.DLL
0x00007ffa47660000 - 0x00007ffa47694000 	C:\Windows\SYSTEM32\dbgcore.DLL
0x00007ffa58140000 - 0x00007ffa581c2000 	C:\Windows\System32\bcryptPrimitives.dll
0x00007ffa51900000 - 0x00007ffa51925000 	C:\Program Files\Eclipse Adoptium\jdk-17.0.9.9-hotspot\bin\java.dll
0x00007ffa43110000 - 0x00007ffa431e7000 	C:\Program Files\Eclipse Adoptium\jdk-17.0.9.9-hotspot\bin\jsvml.dll
0x00007ffa59bc0000 - 0x00007ffa5a305000 	C:\Windows\System32\SHELL32.dll
0x00007ffa55850000 - 0x00007ffa55feb000 	C:\Windows\SYSTEM32\windows.storage.dll
0x00007ffa58540000 - 0x00007ffa58894000 	C:\Windows\System32\combase.dll
0x00007ffa573a0000 - 0x00007ffa573cd000 	C:\Windows\SYSTEM32\Wldp.dll
0x00007ffa588a0000 - 0x00007ffa5894d000 	C:\Windows\System32\SHCORE.dll
0x00007ffa58c60000 - 0x00007ffa58cb5000 	C:\Windows\System32\shlwapi.dll
0x00007ffa57960000 - 0x00007ffa57985000 	C:\Windows\SYSTEM32\profapi.dll
0x00007ffa50bd0000 - 0x00007ffa50be9000 	C:\Program Files\Eclipse Adoptium\jdk-17.0.9.9-hotspot\bin\net.dll
0x00007ffa4dad0000 - 0x00007ffa4dbda000 	C:\Windows\SYSTEM32\WINHTTP.dll
0x00007ffa57100000 - 0x00007ffa5716a000 	C:\Windows\system32\mswsock.dll
0x00007ffa4fb60000 - 0x00007ffa4fb76000 	C:\Program Files\Eclipse Adoptium\jdk-17.0.9.9-hotspot\bin\nio.dll
0x00007ffa50bf0000 - 0x00007ffa50c08000 	C:\Program Files\Eclipse Adoptium\jdk-17.0.9.9-hotspot\bin\zip.dll
0x00007ffa518f0000 - 0x00007ffa51900000 	C:\Program Files\Eclipse Adoptium\jdk-17.0.9.9-hotspot\bin\verify.dll
0x00007ffa50bc0000 - 0x00007ffa50bc9000 	C:\Program Files\Eclipse Adoptium\jdk-17.0.9.9-hotspot\bin\management.dll
0x00007ffa4fb50000 - 0x00007ffa4fb5b000 	C:\Program Files\Eclipse Adoptium\jdk-17.0.9.9-hotspot\bin\management_ext.dll
0x00007ffa58eb0000 - 0x00007ffa58eb8000 	C:\Windows\System32\PSAPI.DLL
0x00007ffa3fd30000 - 0x00007ffa3fd47000 	C:\Windows\system32\napinsp.dll
0x00007ffa3e440000 - 0x00007ffa3e45b000 	C:\Windows\system32\pnrpnsp.dll
0x00007ffa52820000 - 0x00007ffa52835000 	C:\Windows\system32\wshbth.dll
0x00007ffa50ba0000 - 0x00007ffa50bbd000 	C:\Windows\system32\NLAapi.dll
0x00007ffa56df0000 - 0x00007ffa56e2b000 	C:\Windows\SYSTEM32\IPHLPAPI.DLL
0x00007ffa56e30000 - 0x00007ffa56efa000 	C:\Windows\SYSTEM32\DNSAPI.dll
0x00007ffa58de0000 - 0x00007ffa58de8000 	C:\Windows\System32\NSI.dll
0x00007ffa3dd80000 - 0x00007ffa3dd92000 	C:\Windows\System32\winrnr.dll
0x00007ffa4b780000 - 0x00007ffa4b78a000 	C:\Windows\System32\rasadhlp.dll
0x00007ffa464c0000 - 0x00007ffa46540000 	C:\Windows\System32\fwpuclnt.dll
0x00007ffa57ec0000 - 0x00007ffa57ee7000 	C:\Windows\System32\bcrypt.dll
0x00007ffa50cc0000 - 0x00007ffa50d35000 	C:\Users\admin\AppData\Local\Temp\lwjgladmin\3.3.1-build-7\lwjgl.dll
0x00007ffa4f0f0000 - 0x00007ffa4f151000 	C:\Users\admin\AppData\Local\Temp\lwjgladmin\3.3.1-build-7\glfw.dll
0x00007ffa4d3c0000 - 0x00007ffa4d405000 	C:\Windows\SYSTEM32\dinput8.dll
0x00007ffa50fc0000 - 0x00007ffa50fd1000 	C:\Windows\SYSTEM32\xinput1_4.dll
0x00007ffa58360000 - 0x00007ffa583ae000 	C:\Windows\System32\cfgmgr32.dll
0x00007ffa576f0000 - 0x00007ffa57723000 	C:\Windows\SYSTEM32\DEVOBJ.dll
0x00007ffa552c0000 - 0x00007ffa552ef000 	C:\Windows\SYSTEM32\dwmapi.dll
0x00007ffa4c8e0000 - 0x00007ffa4ca32000 	C:\Windows\SYSTEM32\inputhost.dll
0x00007ffa59090000 - 0x00007ffa5915d000 	C:\Windows\System32\OLEAUT32.dll
0x00007ffa54bf0000 - 0x00007ffa54ce2000 	C:\Windows\SYSTEM32\CoreMessaging.dll
0x00007ffa53250000 - 0x00007ffa53346000 	C:\Windows\SYSTEM32\PROPSYS.dll
0x00007ffa541b0000 - 0x00007ffa54305000 	C:\Windows\SYSTEM32\wintypes.dll
0x00007ffa54890000 - 0x00007ffa54beb000 	C:\Windows\SYSTEM32\CoreUIComponents.dll
0x00007ffa56b50000 - 0x00007ffa56b83000 	C:\Windows\SYSTEM32\ntmarta.dll
0x00007ffa550e0000 - 0x00007ffa5517e000 	C:\Windows\system32\uxtheme.dll
0x00007ffa58cc0000 - 0x00007ffa58dd4000 	C:\Windows\System32\MSCTF.dll
0x00007ff9fa660000 - 0x00007ff9fa785000 	C:\Windows\SYSTEM32\opengl32.dll
0x00007ff9fa600000 - 0x00007ff9fa62c000 	C:\Windows\SYSTEM32\GLU32.dll
0x00007ffa58ec0000 - 0x00007ffa58f69000 	C:\Windows\System32\clbcatq.dll
0x00007ffa52320000 - 0x00007ffa5234d000 	C:\Windows\System32\DriverStore\FileRepository\u0390451.inf_amd64_39377efdd62734d1\B390182\atig6pxx.dll
0x00007ff9e1c30000 - 0x00007ff9e5865000 	C:\Windows\System32\DriverStore\FileRepository\u0390451.inf_amd64_39377efdd62734d1\B390182\atio6axx.dll
0x00007ffa59750000 - 0x00007ffa59bbe000 	C:\Windows\System32\SETUPAPI.dll
0x00007ffa581d0000 - 0x00007ffa58237000 	C:\Windows\System32\WINTRUST.dll
0x00007ffa57d60000 - 0x00007ffa57ebd000 	C:\Windows\System32\CRYPT32.dll
0x00007ffa57530000 - 0x00007ffa57542000 	C:\Windows\SYSTEM32\MSASN1.dll

dbghelp: loaded successfully - version: 4.0.5 - missing functions: none
symbol engine: initialized successfully - sym options: 0x614 - pdb path: .;C:\Program Files\Eclipse Adoptium\jdk-17.0.9.9-hotspot\bin;C:\Windows\SYSTEM32;C:\Windows\WinSxS\amd64_microsoft.windows.common-controls_6595b64144ccf1df_6.0.19041.3636_none_60b6a03d71f818d5;C:\Program Files\Eclipse Adoptium\jdk-17.0.9.9-hotspot\bin\server;C:\Users\admin\AppData\Local\Temp\lwjgladmin\3.3.1-build-7;C:\Windows\System32\DriverStore\FileRepository\u0390451.inf_amd64_39377efdd62734d1\B390182

VM Arguments:
jvm_args: -Dforge.enableGameTest=true -Dforge.enabledGameTestNamespaces=enhanced_minecraft -Dforge.logging.console.level=debug -Dforge.logging.markers=REGISTRIES -DignoreList=bootstraplauncher,securejarhandler,asm-commons,asm-util,asm-analysis,asm-tree,asm,JarJarFileSystems,client-extra,fmlcore,javafmllanguage,lowcodelanguage,mclanguage,forge- -Djava.net.preferIPv6Addresses=system -DlegacyClassPath.file=D:\Repositorios Github\Enhanced-Minecraft-Mod\Enhanched_Minecraft_Mod\build\classpath\runClient_minecraftClasspath.txt -DmergeModules=jna-5.10.0.jar,jna-platform-5.10.0.jar --module-path=C:\Users\admin\.gradle\caches\modules-2\files-2.1\cpw.mods\bootstraplauncher\1.1.2\c546e00443d8432cda6baa1c860346980742628\bootstraplauncher-1.1.2.jar;C:\Users\admin\.gradle\caches\modules-2\files-2.1\cpw.mods\securejarhandler\2.1.10\51e6a22c6c716beb11e244bf5b8be480f51dd6b5\securejarhandler-2.1.10.jar;C:\Users\admin\.gradle\caches\modules-2\files-2.1\org.ow2.asm\asm-commons\9.5\19ab5b5800a3910d30d3a3e64fdb00fd0cb42de0\asm-commons-9.5.jar;C:\Users\admin\.gradle\caches\modules-2\files-2.1\org.ow2.asm\asm-util\9.5\64b5a1fc8c1b15ed2efd6a063e976bc8d3dc5ffe\asm-util-9.5.jar;C:\Users\admin\.gradle\caches\modules-2\files-2.1\org.ow2.asm\asm-analysis\9.5\490bacc77de7cbc0be1a30bb3471072d705be4a4\asm-analysis-9.5.jar;C:\Users\admin\.gradle\caches\modules-2\files-2.1\org.ow2.asm\asm-tree\9.5\fd33c8b6373abaa675be407082fdfda35021254a\asm-tree-9.5.jar;C:\Users\admin\.gradle\caches\modules-2\files-2.1\org.ow2.asm\asm\9.5\dc6ea1875f4d64fbc85e1691c95b96a3d8569c90\asm-9.5.jar;C:\Users\admin\.gradle\caches\modules-2\files-2.1\net.minecraftforge\JarJarFileSystems\0.3.19\2464eb7d6b9ddb9db36a82cf8a95193e5c6fe020\JarJarFileSystems-0.3.19.jar --add-modules=ALL-MODULE-PATH --add-opens=java.base/java.util.jar=cpw.mods.securejarhandler --add-opens=java.base/java.lang.invoke=cpw.mods.securejarhandler --add-exports=java.base/sun.security.util=cpw.mods.securejarhandler --add-exports=jdk.naming.dns/com.sun.jndi.dns=java.naming -XX:HeapDumpPath=MojangTricksIntelDriversForPerformance_javaw.exe_minecraft.exe.heapdump -Dfile.encoding=windows-1252 -Duser.country=AR -Duser.language=es -Duser.variant 
java_command: cpw.mods.bootstraplauncher.BootstrapLauncher --launchTarget forgeclientuserdev --version MOD_DEV --assetIndex 5 --assetsDir C:\Users\admin\.gradle\caches\forge_gradle\assets --gameDir . --fml.forgeVersion 47.2.0 --fml.mcVersion 1.20.1 --fml.forgeGroup net.minecraftforge --fml.mcpVersion 20230612.114412
java_class_path (initial): D:\Repositorios Github\Enhanced-Minecraft-Mod\Enhanched_Minecraft_Mod\build\classes\java\main;D:\Repositorios Github\Enhanced-Minecraft-Mod\Enhanched_Minecraft_Mod\build\resources\main;C:\Users\admin\.gradle\caches\forge_gradle\minecraft_user_repo\net\minecraftforge\forge\1.20.1-47.2.0_mapped_parchment_2023.06.26-1.20.1\forge-1.20.1-47.2.0_mapped_parchment_2023.06.26-1.20.1.jar;C:\Users\admin\.gradle\caches\forge_gradle\minecraft_repo\versions\1.20.1\client-extra.jar;C:\Users\admin\.gradle\caches\modules-2\files-2.1\net.minecraftforge\fmlearlydisplay\1.20.1-47.2.0\4c56a03dcedcb909c7eaa8469dd5a36c493a0008\fmlearlydisplay-1.20.1-47.2.0.jar;C:\Users\admin\.gradle\caches\modules-2\files-2.1\net.minecraftforge\javafmllanguage\1.20.1-47.2.0\7f9181f85acc66547685a72020713fc8cbde98\javafmllanguage-1.20.1-47.2.0.jar;C:\Users\admin\.gradle\caches\modules-2\files-2.1\net.minecraftforge\lowcodelanguage\1.20.1-47.2.0\7872f5205685fdd26fae39b1be79b0e60ca5b7bd\lowcodelanguage-1.20.1-47.2.0.jar;C:\Users\admin\.gradle\caches\modules-2\files-2.1\net.minecraftforge\mclanguage\1.20.1-47.2.0\d501d161cabed08b3c139a2c6217b02a39f3c3e9\mclanguage-1.20.1-47.2.0.jar;C:\Users\admin\.gradle\caches\modules-2\files-2.1\net.minecraftforge\fmlcore\1.20.1-47.2.0\ffd3c6debac0a388c9e33ac43c9f5eafb91cb466\fmlcore-1.20.1-47.2.0.jar;C:\Users\admin\.gradle\caches\modules-2\files-2.1\net.minecraftforge\fmlloader\1.20.1-47.2.0\7811231940c0a8b6008453bbc64fdf7fa1280fe9\fmlloader-1.20.1-47.2.0.jar;C:\Users\admin\.gradle\caches\modules-2\files-2.1\net.minecraftforge\JarJarSelector\0.3.19\376cc9c8ea60720cf027c01fc033de915699801c\JarJarSelector-0.3.19.jar;C:\Users\admin\.gradle\caches\modules-2\files-2.1\net.minecraftforge\JarJarMetadata\0.3.19\83feaa9b770e6ac0e96ee4fc23fa89325c5fe2\JarJarMetadata-0.3.19.jar;C:\Users\admin\.gradle\caches\modules-2\files-2.1\com.google.guava\guava\31.1-jre\60458f877d055d0c9114d9e1a2efb737b4bc282c\guava-31.1-jre.jar;C:\Users\admin\.gradle\caches\modules-2
Launcher Type: SUN_STANDARD

[Global flags]
     intx CICompilerCount                          = 3                                         {product} {ergonomic}
     uint ConcGCThreads                            = 1                                         {product} {ergonomic}
     uint G1ConcRefinementThreads                  = 4                                         {product} {ergonomic}
   size_t G1HeapRegionSize                         = 1048576                                   {product} {ergonomic}
    uintx GCDrainStackTargetSize                   = 64                                        {product} {ergonomic}
    ccstr HeapDumpPath                             = MojangTricksIntelDriversForPerformance_javaw.exe_minecraft.exe.heapdump         {manageable} {command line}
   size_t InitialHeapSize                          = 100663296                                 {product} {ergonomic}
   size_t MarkStackSize                            = 4194304                                   {product} {ergonomic}
   size_t MaxHeapSize                              = 1598029824                                {product} {ergonomic}
   size_t MaxNewSize                               = 958398464                                 {product} {ergonomic}
   size_t MinHeapDeltaBytes                        = 1048576                                   {product} {ergonomic}
   size_t MinHeapSize                              = 8388608                                   {product} {ergonomic}
    uintx NonNMethodCodeHeapSize                   = 5832780                                {pd product} {ergonomic}
    uintx NonProfiledCodeHeapSize                  = 122912730                              {pd product} {ergonomic}
    uintx ProfiledCodeHeapSize                     = 122912730                              {pd product} {ergonomic}
    uintx ReservedCodeCacheSize                    = 251658240                              {pd product} {ergonomic}
     bool SegmentedCodeCache                       = true                                      {product} {ergonomic}
   size_t SoftMaxHeapSize                          = 1598029824                             {manageable} {ergonomic}
     bool UseCompressedClassPointers               = true                           {product lp64_product} {ergonomic}
     bool UseCompressedOops                        = true                           {product lp64_product} {ergonomic}
     bool UseG1GC                                  = true                                      {product} {ergonomic}
     bool UseLargePagesIndividualAllocation        = false                                  {pd product} {ergonomic}

Logging:
Log output configuration:
 #0: stdout all=warning uptime,level,tags
 #1: stderr all=off uptime,level,tags

Environment Variables:
JAVA_HOME=C:\Program Files\Eclipse Adoptium\jdk-17.0.9.9-hotspot\
PATH=C:\Program Files\Eclipse Adoptium\jdk-17.0.9.9-hotspot\bin;C:\Program Files\Common Files\Oracle\Java\javapath;C:\Program Files (x86)\Common Files\Oracle\Java\javapath;C:\Windows\system32;C:\Windows;C:\Windows\System32\Wbem;C:\Windows\System32\WindowsPowerShell\v1.0\;C:\Windows\System32\OpenSSH\;C:\Program Files\dotnet\;C:\Program Files\Git\cmd;C:\Users\admin\AppData\Local\Microsoft\WindowsApps;C:\Users\admin\.dotnet\tools;C:\Users\admin\AppData\Local\GitHubDesktop\bin
USERNAME=admin
OS=Windows_NT
PROCESSOR_IDENTIFIER=AMD64 Family 23 Model 17 Stepping 0, AuthenticAMD
TMP=C:\Users\admin\AppData\Local\Temp
TEMP=C:\Users\admin\AppData\Local\Temp



Periodic native trim disabled


---------------  S Y S T E M  ---------------

OS:
 Windows 10 , 64 bit Build 19041 (10.0.19041.3636)
OS uptime: 0 days 0:49 hours

CPU: total 4 (initial active 4) (4 cores per cpu, 2 threads per core) family 23 model 17 stepping 0 microcode 0x0, cx8, cmov, fxsr, ht, mmx, 3dnowpref, sse, sse2, sse3, ssse3, sse4a, sse4.1, sse4.2, popcnt, lzcnt, tsc, tscinvbit, avx, avx2, aes, clmul, bmi1, bmi2, adx, sha, fma, vzeroupper, clflush, clflushopt
Processor Information for all 4 processors :
  Max Mhz: 2500, Current Mhz: 2500, Mhz Limit: 2500

Memory: 4k page, system-wide physical 6092M (1130M free)
TotalPageFile size 12353M (AvailPageFile size 1414M)
current process WorkingSet (physical memory assigned to process): 217M, peak: 219M
current process commit charge ("private bytes"): 253M, peak: 255M

vm_info: OpenJDK 64-Bit Server VM (17.0.9+9) for windows-amd64 JRE (17.0.9+9), built on Oct 26 2023 14:01:42 by "admin" with MS VC++ 16.10 / 16.11 (VS2019)

END.
