#
# A fatal error has been detected by the Java Runtime Environment:
#
#  EXCEPTION_ACCESS_VIOLATION (0xc0000005) at pc=0x00007ff9e1dc2b60, pid=8880, tid=6728
#
# JRE version: Java(TM) SE Runtime Environment (17.0.9+11) (build 17.0.9+11-LTS-201)
# Java VM: Java HotSpot(TM) 64-Bit Server VM (17.0.9+11-LTS-201, mixed mode, sharing, tiered, compressed oops, compressed class ptrs, g1 gc, windows-amd64)
# Problematic frame:
# C  [atio6axx.dll+0x192b60]
#
# No core dump will be written. Minidumps are not enabled by default on client versions of Windows
#
# If you would like to submit a bug report, please visit:
#   https://bugreport.java.com/bugreport/crash.jsp
# The crash happened outside the Java Virtual Machine in native code.
# See problematic frame for where to report the bug.
#

---------------  S U M M A R Y ------------

Command Line: -Dforge.enableGameTest=true -Dforge.enabledGameTestNamespaces=enhanced_minecraft -Dforge.logging.console.level=debug -Dforge.logging.markers=REGISTRIES -DignoreList=bootstraplauncher,securejarhandler,asm-commons,asm-util,asm-analysis,asm-tree,asm,JarJarFileSystems,client-extra,fmlcore,javafmllanguage,lowcodelanguage,mclanguage,forge- -Djava.net.preferIPv6Addresses=system -DlegacyClassPath.file=D:\Repositorios Github\Enhanced-Minecraft-Mod\Enhanched_Minecraft_Mod\build\classpath\runClient_minecraftClasspath.txt -DmergeModules=jna-5.10.0.jar,jna-platform-5.10.0.jar --module-path=C:\Users\admin\.gradle\caches\modules-2\files-2.1\cpw.mods\bootstraplauncher\1.1.2\c546e00443d8432cda6baa1c860346980742628\bootstraplauncher-1.1.2.jar;C:\Users\admin\.gradle\caches\modules-2\files-2.1\cpw.mods\securejarhandler\2.1.10\51e6a22c6c716beb11e244bf5b8be480f51dd6b5\securejarhandler-2.1.10.jar;C:\Users\admin\.gradle\caches\modules-2\files-2.1\org.ow2.asm\asm-commons\9.5\19ab5b5800a3910d30d3a3e64fdb00fd0cb42de0\asm-commons-9.5.jar;C:\Users\admin\.gradle\caches\modules-2\files-2.1\org.ow2.asm\asm-util\9.5\64b5a1fc8c1b15ed2efd6a063e976bc8d3dc5ffe\asm-util-9.5.jar;C:\Users\admin\.gradle\caches\modules-2\files-2.1\org.ow2.asm\asm-analysis\9.5\490bacc77de7cbc0be1a30bb3471072d705be4a4\asm-analysis-9.5.jar;C:\Users\admin\.gradle\caches\modules-2\files-2.1\org.ow2.asm\asm-tree\9.5\fd33c8b6373abaa675be407082fdfda35021254a\asm-tree-9.5.jar;C:\Users\admin\.gradle\caches\modules-2\files-2.1\org.ow2.asm\asm\9.5\dc6ea1875f4d64fbc85e1691c95b96a3d8569c90\asm-9.5.jar;C:\Users\admin\.gradle\caches\modules-2\files-2.1\net.minecraftforge\JarJarFileSystems\0.3.19\2464eb7d6b9ddb9db36a82cf8a95193e5c6fe020\JarJarFileSystems-0.3.19.jar --add-modules=ALL-MODULE-PATH --add-opens=java.base/java.util.jar=cpw.mods.securejarhandler --add-opens=java.base/java.lang.invoke=cpw.mods.securejarhandler --add-exports=java.base/sun.security.util=cpw.mods.securejarhandler --add-exports=jdk.naming.dns/com.sun.jndi.dns=java.naming -XX:HeapDumpPath=MojangTricksIntelDriversForPerformance_javaw.exe_minecraft.exe.heapdump -Dfile.encoding=windows-1252 -Duser.country=AR -Duser.language=es -Duser.variant cpw.mods.bootstraplauncher.BootstrapLauncher --launchTarget forgeclientuserdev --version MOD_DEV --assetIndex 5 --assetsDir C:\Users\admin\.gradle\caches\forge_gradle\assets --gameDir . --fml.forgeVersion 47.2.0 --fml.mcVersion 1.20.1 --fml.forgeGroup net.minecraftforge --fml.mcpVersion 20230612.114412

Host: AMD Ryzen 3 2200U with Radeon Vega Mobile Gfx  , 4 cores, 5G,  Windows 10 , 64 bit Build 19041 (10.0.19041.3636)
Time: Tue Jan  9 11:54:00 2024 Hora estándar de Argentina elapsed time: 7.035656 seconds (0d 0h 0m 7s)

---------------  T H R E A D  ---------------

Current thread (0x00000256ed930c50):  JavaThread "main" [_thread_in_native, id=6728, stack(0x000000976c100000,0x000000976c200000)]

Stack: [0x000000976c100000,0x000000976c200000],  sp=0x000000976c1fb2e8,  free space=1004k
Native frames: (J=compiled Java code, j=interpreted, Vv=VM code, C=native code)
C  [atio6axx.dll+0x192b60]

Java frames: (J=compiled Java code, j=interpreted, Vv=VM code)
j  org.lwjgl.system.JNI.invokePPPP(IIJJJJ)J+0 org.lwjgl@3.3.1+7
j  org.lwjgl.glfw.GLFW.nglfwCreateWindow(IIJJJ)J+14 org.lwjgl.glfw@3.3.1+7
j  org.lwjgl.glfw.GLFW.glfwCreateWindow(IILjava/lang/CharSequence;JJ)J+34 org.lwjgl.glfw@3.3.1+7
j  net.minecraftforge.fml.earlydisplay.DisplayWindow.initWindow(Ljava/lang/String;)V+408 fmlearlydisplay@1.20.1-47.2.0
j  net.minecraftforge.fml.earlydisplay.DisplayWindow.start(Ljava/lang/String;Ljava/lang/String;)Ljava/lang/Runnable;+14 fmlearlydisplay@1.20.1-47.2.0
j  net.minecraftforge.fml.earlydisplay.DisplayWindow.initialize([Ljava/lang/String;)Ljava/lang/Runnable;+410 fmlearlydisplay@1.20.1-47.2.0
j  net.minecraftforge.fml.loading.ImmediateWindowHandler.load(Ljava/lang/String;[Ljava/lang/String;)V+180 fmlloader@1.20.1-47.2.0
j  net.minecraftforge.fml.loading.ModDirTransformerDiscoverer.earlyInitialization(Ljava/lang/String;[Ljava/lang/String;)V+2 fmlloader@1.20.1-47.2.0
j  cpw.mods.modlauncher.TransformationServicesHandler.lambda$discoverServices$18(Lcpw/mods/modlauncher/ArgumentHandler$DiscoveryData;Lcpw/mods/modlauncher/serviceapi/ITransformerDiscoveryService;)V+9 cpw.mods.modlauncher@10.0.9
j  cpw.mods.modlauncher.TransformationServicesHandler$$Lambda$416+0x0000025690216db0.accept(Ljava/lang/Object;)V+8 cpw.mods.modlauncher@10.0.9
J 2364 c1 java.lang.Iterable.forEach(Ljava/util/function/Consumer;)V java.base@17.0.9 (39 bytes) @ 0x00000256803e9c1c [0x00000256803e9920+0x00000000000002fc]
j  cpw.mods.modlauncher.TransformationServicesHandler.discoverServices(Lcpw/mods/modlauncher/ArgumentHandler$DiscoveryData;)V+145 cpw.mods.modlauncher@10.0.9
j  cpw.mods.modlauncher.Launcher.run([Ljava/lang/String;)V+14 cpw.mods.modlauncher@10.0.9
j  cpw.mods.modlauncher.Launcher.main([Ljava/lang/String;)V+78 cpw.mods.modlauncher@10.0.9
j  cpw.mods.modlauncher.BootstrapLaunchConsumer.accept([Ljava/lang/String;)V+1 cpw.mods.modlauncher@10.0.9
j  cpw.mods.modlauncher.BootstrapLaunchConsumer.accept(Ljava/lang/Object;)V+5 cpw.mods.modlauncher@10.0.9
j  cpw.mods.bootstraplauncher.BootstrapLauncher.main([Ljava/lang/String;)V+515 cpw.mods.bootstraplauncher@1.1.2
v  ~StubRoutines::call_stub

siginfo: EXCEPTION_ACCESS_VIOLATION (0xc0000005), reading address 0xffffffffffffffff


Register to memory mapping:

RIP=0x00007ff9e1dc2b60 atio6axx.dll
RAX=0x0 is NULL
RBX=0x00007ff9e56033b0 atio6axx.dll
RCX=0x65686361635c656c is an unknown value
RDX=0x00000000000000d0 is an unknown value
RSP=0x000000976c1fb2e8 is pointing into the stack for thread: 0x00000256ed930c50
RBP=0x000000976c1fb450 is pointing into the stack for thread: 0x00000256ed930c50
RSI=0x00007ff9e5512d40 atio6axx.dll
RDI=0x000000976c1fb740 is pointing into the stack for thread: 0x00000256ed930c50
R8 =0x00000000000001a5 is an unknown value
R9 =0x65686361635c656c is an unknown value
R10=0x0 is NULL
R11=0x0000000000000200 is an unknown value
R12=0x00007ff9e5603408 atio6axx.dll
R13=0x00007ff9e5605c08 atio6axx.dll
R14=0x00007ff9e56033b0 atio6axx.dll
R15=0x0 is NULL


Registers:
RAX=0x0000000000000000, RBX=0x00007ff9e56033b0, RCX=0x65686361635c656c, RDX=0x00000000000000d0
RSP=0x000000976c1fb2e8, RBP=0x000000976c1fb450, RSI=0x00007ff9e5512d40, RDI=0x000000976c1fb740
R8 =0x00000000000001a5, R9 =0x65686361635c656c, R10=0x0000000000000000, R11=0x0000000000000200
R12=0x00007ff9e5603408, R13=0x00007ff9e5605c08, R14=0x00007ff9e56033b0, R15=0x0000000000000000
RIP=0x00007ff9e1dc2b60, EFLAGS=0x0000000000010206

Top of Stack: (sp=0x000000976c1fb2e8)
0x000000976c1fb2e8:   00007ff9e1dc2e7c 00007ff9e5606020
0x000000976c1fb2f8:   00000256fd0f97d8 0000000000000000
0x000000976c1fb308:   00007ff9e1dc3e8d 000000976c1fb740
0x000000976c1fb318:   00007ff9e1d7f484 00007ff9e56033b0
0x000000976c1fb328:   00007ff9e5512d40 0000652e6176616a
0x000000976c1fb338:   000017734afcdd92 000000976c1fb740
0x000000976c1fb348:   00007ff9e1d80457 00007ff9e56033b8
0x000000976c1fb358:   00007ff9e5512d40 00007ff9e5512d40
0x000000976c1fb368:   00000256fe951a08 00007ff9e56033b0
0x000000976c1fb378:   00007ffa00000000 0000000000000009
0x000000976c1fb388:   00000256fe951bd0 00000256fe951d38
0x000000976c1fb398:   00007ff9e56033b8 000000976c1fb740
0x000000976c1fb3a8:   000000976c1fb4f1 00007f006176616a
0x000000976c1fb3b8:   00007f006176616a 46676e697274535c
0x000000976c1fb3c8:   5c6f666e49656c69 3062343039303430
0x000000976c1fb3d8:   726556656c69465c 000000006e6f6973 

Instructions: (pc=0x00007ff9e1dc2b60)
0x00007ff9e1dc2a60:   74 09 33 c9 ff 15 e6 89 66 03 90 48 8b c3 48 83
0x00007ff9e1dc2a70:   c4 20 5b c3 cc cc cc cc cc cc cc cc cc cc cc cc
0x00007ff9e1dc2a80:   48 83 ec 28 48 8b 51 08 48 85 d2 74 09 33 c9 ff
0x00007ff9e1dc2a90:   15 bb 89 66 03 90 48 83 c4 28 c3 cc cc cc cc cc
0x00007ff9e1dc2aa0:   48 89 11 c3 cc cc cc cc cc cc cc cc cc cc cc cc
0x00007ff9e1dc2ab0:   48 8b c1 c3 cc cc cc cc cc cc cc cc cc cc cc cc
0x00007ff9e1dc2ac0:   48 3b ca 74 10 41 8b 00 39 01 74 09 48 83 c1 04
0x00007ff9e1dc2ad0:   48 3b ca 75 f3 48 8b c1 c3 cc cc cc cc cc cc cc
0x00007ff9e1dc2ae0:   48 8b c1 c3 cc cc cc cc cc cc cc cc cc cc cc cc
0x00007ff9e1dc2af0:   48 83 39 00 0f 94 c0 c3 cc cc cc cc cc cc cc cc
0x00007ff9e1dc2b00:   4c 8d 04 d5 00 00 00 00 33 d2 e9 c1 d0 dd 01 cc
0x00007ff9e1dc2b10:   4c 8b 41 08 48 8b 02 49 89 00 48 83 41 08 08 c3
0x00007ff9e1dc2b20:   48 8b c1 c3 cc cc cc cc cc cc cc cc cc cc cc cc
0x00007ff9e1dc2b30:   48 8b c1 c3 cc cc cc cc cc cc cc cc cc cc cc cc
0x00007ff9e1dc2b40:   49 8b 00 48 89 02 c3 cc cc cc cc cc cc cc cc cc
0x00007ff9e1dc2b50:   8b 81 40 39 00 00 c3 cc cc cc cc cc cc cc cc cc
0x00007ff9e1dc2b60:   8b 81 40 39 00 00 83 c0 f0 83 f8 67 0f 87 5a 01
0x00007ff9e1dc2b70:   00 00 48 8d 15 87 d4 e6 ff 0f b6 84 02 f0 2c 19
0x00007ff9e1dc2b80:   00 8b 8c 82 d0 2c 19 00 48 03 ca ff e1 48 8b 0d
0x00007ff9e1dc2b90:   6c 6f 7e 03 83 b9 b4 34 00 00 02 0f 87 2b 01 00
0x00007ff9e1dc2ba0:   00 48 8d 91 0c 29 00 00 c7 02 e1 00 00 00 e9 ce
0x00007ff9e1dc2bb0:   00 00 00 48 8b 0d 46 6f 7e 03 83 b9 b4 34 00 00
0x00007ff9e1dc2bc0:   02 0f 87 05 01 00 00 48 8d 91 0c 29 00 00 c7 02
0x00007ff9e1dc2bd0:   f0 00 00 00 e9 a8 00 00 00 48 8b 0d 20 6f 7e 03
0x00007ff9e1dc2be0:   83 b9 b4 34 00 00 02 0f 87 df 00 00 00 48 8d 91
0x00007ff9e1dc2bf0:   0c 29 00 00 c7 02 00 04 00 00 e9 82 00 00 00 48
0x00007ff9e1dc2c00:   8b 0d fa 6e 7e 03 83 b9 b4 34 00 00 02 0f 87 b9
0x00007ff9e1dc2c10:   00 00 00 48 8d 91 0c 29 00 00 c7 02 00 08 00 00
0x00007ff9e1dc2c20:   eb 5f 48 8b 0d d7 6e 7e 03 83 b9 b4 34 00 00 02
0x00007ff9e1dc2c30:   0f 87 96 00 00 00 48 8d 91 0c 29 00 00 c7 02 00
0x00007ff9e1dc2c40:   09 00 00 eb 3c 48 8b 0d b4 6e 7e 03 83 b9 b4 34
0x00007ff9e1dc2c50:   00 00 02 77 77 48 8d 91 0c 29 00 00 c7 02 3c 0f 


Stack slot to memory mapping:
stack at sp + 0 slots: 0x00007ff9e1dc2e7c atio6axx.dll
stack at sp + 1 slots: 0x00007ff9e5606020 atio6axx.dll
stack at sp + 2 slots: 0x00000256fd0f97d8 points into unknown readable memory: 0x00007ff9e4e0f5f0 | f0 f5 e0 e4 f9 7f 00 00
stack at sp + 3 slots: 0x0 is NULL
stack at sp + 4 slots: 0x00007ff9e1dc3e8d atio6axx.dll
stack at sp + 5 slots: 0x000000976c1fb740 is pointing into the stack for thread: 0x00000256ed930c50
stack at sp + 6 slots: 0x00007ff9e1d7f484 atio6axx.dll
stack at sp + 7 slots: 0x00007ff9e56033b0 atio6axx.dll


Compiled method (c1)    7091 2364       3       java.lang.Iterable::forEach (39 bytes)
 total in heap  [0x00000256803e9710,0x00000256803ea118] = 2568
 relocation     [0x00000256803e9868,0x00000256803e9908] = 160
 main code      [0x00000256803e9920,0x00000256803e9ee0] = 1472
 stub code      [0x00000256803e9ee0,0x00000256803e9f68] = 136
 metadata       [0x00000256803e9f68,0x00000256803e9f78] = 16
 scopes data    [0x00000256803e9f78,0x00000256803ea008] = 144
 scopes pcs     [0x00000256803ea008,0x00000256803ea0f8] = 240
 dependencies   [0x00000256803ea0f8,0x00000256803ea100] = 8
 nul chk table  [0x00000256803ea100,0x00000256803ea118] = 24

[Constant Pool (empty)]

[MachCode]
[Entry Point]
  # {method} {0x000002568f083240} 'forEach' '(Ljava/util/function/Consumer;)V' in 'java/lang/Iterable'
  # this:     rdx:rdx   = 'java/lang/Iterable'
  # parm0:    r8:r8     = 'java/util/function/Consumer'
  #           [sp+0x70]  (sp of caller)
  0x00000256803e9920: 448b 5208 | 49bb 0000 | 008f 5602 | 0000 4d03 | d34c 3bd0 

  0x00000256803e9934: ;   {runtime_call ic_miss_stub}
  0x00000256803e9934: 0f85 4631 | 1907 660f | 1f44 0000 
[Verified Entry Point]
  0x00000256803e9940: 8984 2400 | 90ff ff55 | 4883 ec60 | 4c89 4424 

  0x00000256803e9950: ;   {metadata(method data for {method} {0x000002568f083240} 'forEach' '(Ljava/util/function/Consumer;)V' in 'java/lang/Iterable')}
  0x00000256803e9950: 3048 bef8 | 063e d056 | 0200 008b | becc 0000 | 0083 c702 | 89be cc00 | 0000 81e7 | fe07 0000 
  0x00000256803e9970: 83ff 000f | 847d 0400 

  0x00000256803e9978: ;   {metadata(method data for {method} {0x000002568f083240} 'forEach' '(Ljava/util/function/Consumer;)V' in 'java/lang/Iterable')}
  0x00000256803e9978: 0048 bef8 | 063e d056 | 0200 0048 | 8386 1001 

  0x00000256803e9988: ;   {metadata(method data for {method} {0x000002568f085d78} 'requireNonNull' '(Ljava/lang/Object;)Ljava/lang/Object;' in 'java/util/Objects')}
  0x00000256803e9988: 0000 0148 | be20 fc00 | d056 0200 | 008b becc | 0000 0083 | c702 89be | cc00 0000 | 81e7 feff 
  0x00000256803e99a8: 1f00 83ff | 000f 8464 | 0400 0049 

  0x00000256803e99b4: ;   {metadata(method data for {method} {0x000002568f085d78} 'requireNonNull' '(Ljava/lang/Object;)Ljava/lang/Object;' in 'java/util/Objects')}
  0x00000256803e99b4: 83f8 0048 | be20 fc00 | d056 0200 | 0048 bf20 | 0100 0000 | 0000 000f | 840a 0000 | 0048 bf10 
  0x00000256803e99d4: 0100 0000 | 0000 0048 | 8b1c 3e48 | 8d5b 0148 | 891c 3e0f | 8473 0300 | 0048 8bf2 

  0x00000256803e99f0: ;   {metadata(method data for {method} {0x000002568f083240} 'forEach' '(Ljava/util/function/Consumer;)V' in 'java/lang/Iterable')}
  0x00000256803e99f0: 48bf f806 | 3ed0 5602 | 0000 8b76 | 0849 ba00 | 0000 8f56 | 0200 0049 | 03f2 483b | b730 0100 
  0x00000256803e9a10: 0075 0d48 | 8387 3801 | 0000 01e9 | 6600 0000 | 483b b740 | 0100 0075 | 0d48 8387 | 4801 0000 
  0x00000256803e9a30: 01e9 5000 | 0000 4881 | bf30 0100 | 0000 0000 | 0075 1748 | 89b7 3001 | 0000 48c7 | 8738 0100 
  0x00000256803e9a50: 0001 0000 | 00e9 2c00 | 0000 4881 | bf40 0100 | 0000 0000 | 0075 1748 | 89b7 4001 | 0000 48c7 
  0x00000256803e9a70: 8748 0100 | 0001 0000 | 00e9 0800 | 0000 4883 | 8720 0100 | 0001 0f1f | 8000 0000 | 0048 b830 
  0x00000256803e9a90: 5fb0 ff56 

  0x00000256803e9a94: ;   {virtual_call}
  0x00000256803e9a94: 0200 00e8 

  0x00000256803e9a98: ; ImmutableOopMap {[48]=Oop }
                      ;*invokeinterface iterator {reexecute=0 rethrow=0 return_oop=0}
                      ; - java.lang.Iterable::forEach@6 (line 74)
  0x00000256803e9a98: f483 2407 | 4889 4424 | 38e9 bd01 | 0000 6690 | 488b 4424 

  0x00000256803e9aac: ;   {metadata(method data for {method} {0x000002568f083240} 'forEach' '(Ljava/util/function/Consumer;)V' in 'java/lang/Iterable')}
  0x00000256803e9aac: 3848 baf8 | 063e d056 | 0200 008b | 4008 49ba | 0000 008f | 5602 0000 | 4903 c248 | 3b82 c001 
  0x00000256803e9acc: 0000 750d | 4883 82c8 | 0100 0001 | e966 0000 | 0048 3b82 | d001 0000 | 750d 4883 | 82d8 0100 
  0x00000256803e9aec: 0001 e950 | 0000 0048 | 81ba c001 | 0000 0000 | 0000 7517 | 4889 82c0 | 0100 0048 | c782 c801 
  0x00000256803e9b0c: 0000 0100 | 0000 e92c | 0000 0048 | 81ba d001 | 0000 0000 | 0000 7517 | 4889 82d0 | 0100 0048 
  0x00000256803e9b2c: c782 d801 | 0000 0100 | 0000 e908 | 0000 0048 | 8382 b001 | 0000 0148 | 8b54 2438 | 0f1f 4400 
  0x00000256803e9b4c: 0048 b850 | 60b0 ff56 

  0x00000256803e9b54: ;   {virtual_call}
  0x00000256803e9b54: 0200 00e8 

  0x00000256803e9b58: ; ImmutableOopMap {[56]=Oop [48]=Oop }
                      ;*invokeinterface next {reexecute=0 rethrow=0 return_oop=0}
                      ; - java.lang.Iterable::forEach@22 (line 74)
  0x00000256803e9b58: 4486 2407 | 4c8b 4424 | 3049 3b00 

  0x00000256803e9b64: ;   {metadata(method data for {method} {0x000002568f083240} 'forEach' '(Ljava/util/function/Consumer;)V' in 'java/lang/Iterable')}
  0x00000256803e9b64: 498b d048 | bef8 063e | d056 0200 | 008b 5208 | 49ba 0000 | 008f 5602 | 0000 4903 | d248 3b96 
  0x00000256803e9b84: f801 0000 | 750d 4883 | 8600 0200 | 0001 e966 | 0000 0048 | 3b96 0802 | 0000 750d | 4883 8610 
  0x00000256803e9ba4: 0200 0001 | e950 0000 | 0048 81be | f801 0000 | 0000 0000 | 7517 4889 | 96f8 0100 | 0048 c786 
  0x00000256803e9bc4: 0002 0000 | 0100 0000 | e92c 0000 | 0048 81be | 0802 0000 | 0000 0000 | 7517 4889 | 9608 0200 
  0x00000256803e9be4: 0048 c786 | 1002 0000 | 0100 0000 | e908 0000 | 0048 8386 | e801 0000 | 0149 8bf0 | 4c8b c048 
  0x00000256803e9c04: 8bd6 0f1f | 8000 0000 | 0048 b8b0 | 0bb1 ff56 

  0x00000256803e9c14: ;   {virtual_call}
  0x00000256803e9c14: 0200 00e8 

  0x00000256803e9c18: ; ImmutableOopMap {[56]=Oop [48]=Oop }
                      ;*invokeinterface accept {reexecute=0 rethrow=0 return_oop=0}
                      ; - java.lang.Iterable::forEach@30 (line 75)
  0x00000256803e9c18: 7482 2407 

  0x00000256803e9c1c: ;   {metadata(method data for {method} {0x000002568f083240} 'forEach' '(Ljava/util/function/Consumer;)V' in 'java/lang/Iterable')}
  0x00000256803e9c1c: 48ba f806 | 3ed0 5602 | 0000 8bb2 | d000 0000 | 83c6 0289 | b2d0 0000 | 0081 e6fe | 3f00 0083 
  0x00000256803e9c3c: fe00 0f84 | f901 0000 | 4d8b 9750 

  0x00000256803e9c48: ; ImmutableOopMap {[56]=Oop [48]=Oop }
                      ;*goto {reexecute=1 rethrow=0 return_oop=0}
                      ; - (reexecute) java.lang.Iterable::forEach@35 (line 76)
                      ;   {poll}
  0x00000256803e9c48: 0300 0041 

  0x00000256803e9c4c: ;   {metadata(method data for {method} {0x000002568f083240} 'forEach' '(Ljava/util/function/Consumer;)V' in 'java/lang/Iterable')}
  0x00000256803e9c4c: 8502 48ba | f806 3ed0 | 5602 0000 | ff82 2002 | 0000 488b | 4424 3848 | 3b00 488b 

  0x00000256803e9c68: ;   {metadata(method data for {method} {0x000002568f083240} 'forEach' '(Ljava/util/function/Consumer;)V' in 'java/lang/Iterable')}
  0x00000256803e9c68: d048 bef8 | 063e d056 | 0200 008b | 5208 49ba | 0000 008f | 5602 0000 | 4903 d248 | 3b96 6801 
  0x00000256803e9c88: 0000 750d | 4883 8670 | 0100 0001 | e966 0000 | 0048 3b96 | 7801 0000 | 750d 4883 | 8680 0100 
  0x00000256803e9ca8: 0001 e950 | 0000 0048 | 81be 6801 | 0000 0000 | 0000 7517 | 4889 9668 | 0100 0048 | c786 7001 
  0x00000256803e9cc8: 0000 0100 | 0000 e92c | 0000 0048 | 81be 7801 | 0000 0000 | 0000 7517 | 4889 9678 | 0100 0048 
  0x00000256803e9ce8: c786 8001 | 0000 0100 | 0000 e908 | 0000 0048 | 8386 5801 | 0000 0148 | 8bd0 6666 | 9048 b8c0 
  0x00000256803e9d08: 62b0 ff56 

  0x00000256803e9d0c: ;   {virtual_call}
  0x00000256803e9d0c: 0200 00e8 

  0x00000256803e9d10: ; ImmutableOopMap {[48]=Oop [56]=Oop }
                      ;*invokeinterface hasNext {reexecute=0 rethrow=0 return_oop=0}
                      ; - java.lang.Iterable::forEach@13 (line 74)
  0x00000256803e9d10: 8c82 2407 

  0x00000256803e9d14: ;   {metadata(method data for {method} {0x000002568f083240} 'forEach' '(Ljava/util/function/Consumer;)V' in 'java/lang/Iterable')}
  0x00000256803e9d14: 83f8 0048 | baf8 063e | d056 0200 | 0048 bea0 | 0100 0000 | 0000 000f | 850a 0000 | 0048 be90 
  0x00000256803e9d34: 0100 0000 | 0000 0048 | 8b3c 3248 | 8d7f 0148 | 893c 320f | 855b fdff | ff48 83c4 

  0x00000256803e9d50: ;   {poll_return}
  0x00000256803e9d50: 605d 493b | a748 0300 | 000f 8704 | 0100 00c3 | 4889 5424 | 4866 6690 

  0x00000256803e9d68: ;   {no_reloc}
  0x00000256803e9d68: e91b 0100 | 0000 0000 | 0000 498b | 8708 0100 | 0048 8d78 | 3049 3bbf | 1801 0000 | 0f87 0801 
  0x00000256803e9d88: 0000 4989 | bf08 0100 | 0048 c700 | 0100 0000 | 488b ca49 | ba00 0000 | 8f56 0200 | 0049 2bca 
  0x00000256803e9da8: 8948 0848 | 33c9 8948 | 0c48 33c9 | 4889 4810 | 4889 4818 | 4889 4820 | 4889 4828 

  0x00000256803e9dc4: ;   {metadata(method data for {method} {0x000002568f085d78} 'requireNonNull' '(Ljava/lang/Object;)Ljava/lang/Object;' in 'java/util/Objects')}
  0x00000256803e9dc4: 488b d048 | be20 fc00 | d056 0200 | 0048 8386 | 3001 0000 | 0148 8bd0 | 4889 4424 | 4066 0f1f 
  0x00000256803e9de4: ;   {optimized virtual_call}
  0x00000256803e9de4: 4400 00e8 

  0x00000256803e9de8: ; ImmutableOopMap {[48]=Oop [64]=Oop [72]=Oop }
                      ;*invokespecial <init> {reexecute=0 rethrow=0 return_oop=0}
                      ; - java.util.Objects::requireNonNull@8 (line 208)
                      ; - java.lang.Iterable::forEach@1 (line 73)
  0x00000256803e9de8: 942f 1907 | 488b 4424 | 40e9 c800 

  0x00000256803e9df4: ;   {metadata({method} {0x000002568f083240} 'forEach' '(Ljava/util/function/Consumer;)V' in 'java/lang/Iterable')}
  0x00000256803e9df4: 0000 49ba | 3832 088f | 5602 0000 | 4c89 5424 | 0848 c704 | 24ff ffff 

  0x00000256803e9e0c: ;   {runtime_call counter_overflow Runtime1 stub}
  0x00000256803e9e0c: ffe8 6e0d 

  0x00000256803e9e10: ; ImmutableOopMap {rdx=Oop r8=Oop [48]=Oop }
                      ;*synchronization entry
                      ; - java.lang.Iterable::forEach@-1 (line 73)
  0x00000256803e9e10: 2407 e962 

  0x00000256803e9e14: ;   {metadata({method} {0x000002568f085d78} 'requireNonNull' '(Ljava/lang/Object;)Ljava/lang/Object;' in 'java/util/Objects')}
  0x00000256803e9e14: fbff ff49 | ba70 5d08 | 8f56 0200 | 004c 8954 | 2408 48c7 | 0424 ffff 

  0x00000256803e9e2c: ;   {runtime_call counter_overflow Runtime1 stub}
  0x00000256803e9e2c: ffff e84d 

  0x00000256803e9e30: ; ImmutableOopMap {rdx=Oop r8=Oop [48]=Oop }
                      ;*synchronization entry
                      ; - java.util.Objects::requireNonNull@-1 (line 207)
                      ; - java.lang.Iterable::forEach@1 (line 73)
  0x00000256803e9e30: 0d24 07e9 | 7bfb ffff 

  0x00000256803e9e38: ;   {runtime_call throw_null_pointer_exception Runtime1 stub}
  0x00000256803e9e38: e863 ad23 

  0x00000256803e9e3c: ; ImmutableOopMap {[56]=Oop rax=Oop r8=Oop [48]=Oop }
                      ;*invokeinterface accept {reexecute=0 rethrow=0 return_oop=0}
                      ; - java.lang.Iterable::forEach@30 (line 75)
                      ;   {metadata({method} {0x000002568f083240} 'forEach' '(Ljava/util/function/Consumer;)V' in 'java/lang/Iterable')}
  0x00000256803e9e3c: 0749 ba38 | 3208 8f56 | 0200 004c | 8954 2408 | 48c7 0424 | 2300 0000 

  0x00000256803e9e54: ;   {runtime_call counter_overflow Runtime1 stub}
  0x00000256803e9e54: e827 0d24 

  0x00000256803e9e58: ; ImmutableOopMap {[56]=Oop [48]=Oop }
                      ;*goto {reexecute=1 rethrow=0 return_oop=0}
                      ; - (reexecute) java.lang.Iterable::forEach@35 (line 76)
  0x00000256803e9e58: 07e9 e6fd 

  0x00000256803e9e5c: ;   {runtime_call throw_null_pointer_exception Runtime1 stub}
  0x00000256803e9e5c: ffff e83d 

  0x00000256803e9e60: ; ImmutableOopMap {rax=Oop [56]=Oop [48]=Oop }
                      ;*invokeinterface hasNext {reexecute=0 rethrow=0 return_oop=0}
                      ; - java.lang.Iterable::forEach@13 (line 74)
                      ;   {internal_word}
  0x00000256803e9e60: ad23 0749 | ba52 9d3e | 8056 0200 | 004d 8997 | 6003 0000 

  0x00000256803e9e74: ;   {runtime_call SafepointBlob}
  0x00000256803e9e74: e987 9519 

  0x00000256803e9e78: ;   {metadata(NULL)}
  0x00000256803e9e78: 0748 ba00 | 0000 0000 | 0000 00b8 | 000f 050a 

  0x00000256803e9e88: ;   {runtime_call load_klass_patching Runtime1 stub}
  0x00000256803e9e88: e873 fc23 

  0x00000256803e9e8c: ; ImmutableOopMap {[48]=Oop [72]=Oop }
                      ;*new {reexecute=1 rethrow=0 return_oop=0}
                      ; - (reexecute) java.util.Objects::requireNonNull@4 (line 208)
                      ; - java.lang.Iterable::forEach@1 (line 73)
  0x00000256803e9e8c: 07e9 d6fe | ffff 488b 

  0x00000256803e9e94: ;   {runtime_call fast_new_instance Runtime1 stub}
  0x00000256803e9e94: d2e8 e6b8 

  0x00000256803e9e98: ; ImmutableOopMap {[48]=Oop [72]=Oop }
                      ;*new {reexecute=0 rethrow=0 return_oop=0}
                      ; - java.util.Objects::requireNonNull@4 (line 208)
                      ; - java.lang.Iterable::forEach@1 (line 73)
  0x00000256803e9e98: 2307 e925 | ffff ff90 | 9049 8b87 | d803 0000 | 49c7 87d8 | 0300 0000 | 0000 0049 | c787 e003 
  0x00000256803e9eb8: 0000 0000 | 0000 4883 

  0x00000256803e9ec0: ;   {runtime_call unwind_exception Runtime1 stub}
  0x00000256803e9ec0: c460 5de9 | b89d 2307 | f4f4 f4f4 | f4f4 f4f4 | f4f4 f4f4 | f4f4 f4f4 | f4f4 f4f4 | f4f4 f4f4 
[Stub Code]
  0x00000256803e9ee0: ;   {no_reloc}
  0x00000256803e9ee0: 0f1f 4400 

  0x00000256803e9ee4: ;   {static_stub}
  0x00000256803e9ee4: 0048 bb00 | 0000 0000 

  0x00000256803e9eec: ;   {runtime_call}
  0x00000256803e9eec: 0000 00e9 | fbff ffff 

  0x00000256803e9ef4: ;   {static_stub}
  0x00000256803e9ef4: 9048 bb00 | 0000 0000 

  0x00000256803e9efc: ;   {runtime_call}
  0x00000256803e9efc: 0000 00e9 | fbff ffff 

  0x00000256803e9f04: ;   {static_stub}
  0x00000256803e9f04: 9048 bb00 | 0000 0000 

  0x00000256803e9f0c: ;   {runtime_call}
  0x00000256803e9f0c: 0000 00e9 | fbff ffff 

  0x00000256803e9f14: ;   {static_stub}
  0x00000256803e9f14: 9048 bb00 | 0000 0000 

  0x00000256803e9f1c: ;   {runtime_call}
  0x00000256803e9f1c: 0000 00e9 | fbff ffff 

  0x00000256803e9f24: ;   {static_stub}
  0x00000256803e9f24: 9048 bb00 | 0000 0000 

  0x00000256803e9f2c: ;   {runtime_call}
  0x00000256803e9f2c: 0000 00e9 | fbff ffff 
[Exception Handler]
  0x00000256803e9f34: ;   {runtime_call handle_exception_from_callee Runtime1 stub}
  0x00000256803e9f34: e847 d623 

  0x00000256803e9f38: ;   {external_word}
  0x00000256803e9f38: 0748 b990 | 00fb 27fa | 7f00 0048 

  0x00000256803e9f44: ;   {runtime_call}
  0x00000256803e9f44: 83e4 f049 | ba20 eac8 | 27fa 7f00 | 0041 ffd2 

  0x00000256803e9f54: ;   {section_word}
  0x00000256803e9f54: f449 ba55 | 9f3e 8056 | 0200 0041 

  0x00000256803e9f60: ;   {runtime_call DeoptimizationBlob}
  0x00000256803e9f60: 52e9 3a87 | 1907 f4f4 
[/MachCode]


---------------  P R O C E S S  ---------------

Threads class SMR info:
_java_thread_list=0x00000256fe8a7a30, length=13, elements={
0x00000256ed930c50, 0x00000256fce26fd0, 0x00000256fce28500, 0x00000256fce3bb80,
0x00000256fce3e460, 0x00000256fce3f4d0, 0x00000256fce40540, 0x00000256fce446f0,
0x00000256fce4a420, 0x00000256fce5e8b0, 0x00000256fce11ea0, 0x00000256fd1d8220,
0x00000256fef99f00
}

Java Threads: ( => current thread )
=>0x00000256ed930c50 JavaThread "main" [_thread_in_native, id=6728, stack(0x000000976c100000,0x000000976c200000)]
  0x00000256fce26fd0 JavaThread "Reference Handler" daemon [_thread_blocked, id=11416, stack(0x000000976c800000,0x000000976c900000)]
  0x00000256fce28500 JavaThread "Finalizer" daemon [_thread_blocked, id=8296, stack(0x000000976c900000,0x000000976ca00000)]
  0x00000256fce3bb80 JavaThread "Signal Dispatcher" daemon [_thread_blocked, id=10640, stack(0x000000976ca00000,0x000000976cb00000)]
  0x00000256fce3e460 JavaThread "Attach Listener" daemon [_thread_blocked, id=6264, stack(0x000000976cb00000,0x000000976cc00000)]
  0x00000256fce3f4d0 JavaThread "Service Thread" daemon [_thread_blocked, id=1952, stack(0x000000976cc00000,0x000000976cd00000)]
  0x00000256fce40540 JavaThread "Monitor Deflation Thread" daemon [_thread_blocked, id=8944, stack(0x000000976cd00000,0x000000976ce00000)]
  0x00000256fce446f0 JavaThread "C2 CompilerThread0" daemon [_thread_blocked, id=8048, stack(0x000000976ce00000,0x000000976cf00000)]
  0x00000256fce4a420 JavaThread "C1 CompilerThread0" daemon [_thread_blocked, id=6908, stack(0x000000976cf00000,0x000000976d000000)]
  0x00000256fce5e8b0 JavaThread "Sweeper thread" daemon [_thread_blocked, id=8964, stack(0x000000976d000000,0x000000976d100000)]
  0x00000256fce11ea0 JavaThread "Common-Cleaner" daemon [_thread_blocked, id=2700, stack(0x000000976d100000,0x000000976d200000)]
  0x00000256fd1d8220 JavaThread "Notification Thread" daemon [_thread_blocked, id=7432, stack(0x000000976d300000,0x000000976d400000)]
  0x00000256fef99f00 JavaThread "pool-2-thread-1" daemon [_thread_blocked, id=6564, stack(0x000000976da00000,0x000000976db00000)]

Other Threads:
  0x00000256fce20910 VMThread "VM Thread" [stack: 0x000000976c700000,0x000000976c800000] [id=2740]
  0x00000256ed9337a0 WatcherThread [stack: 0x000000976d400000,0x000000976d500000] [id=4436]
  0x00000256ed97e1d0 GCTaskThread "GC Thread#0" [stack: 0x000000976c200000,0x000000976c300000] [id=11028]
  0x00000256fd7d7260 GCTaskThread "GC Thread#1" [stack: 0x000000976d500000,0x000000976d600000] [id=5384]
  0x00000256fd6e92b0 GCTaskThread "GC Thread#2" [stack: 0x000000976d600000,0x000000976d700000] [id=7304]
  0x00000256fd8160e0 GCTaskThread "GC Thread#3" [stack: 0x000000976d700000,0x000000976d800000] [id=10380]
  0x00000256ed98bec0 ConcurrentGCThread "G1 Main Marker" [stack: 0x000000976c300000,0x000000976c400000] [id=8616]
  0x00000256ed98cf80 ConcurrentGCThread "G1 Conc#0" [stack: 0x000000976c400000,0x000000976c500000] [id=4016]
  0x00000256ed9e13a0 ConcurrentGCThread "G1 Refine#0" [stack: 0x000000976c500000,0x000000976c600000] [id=11080]
  0x00000256ed9e1ce0 ConcurrentGCThread "G1 Service" [stack: 0x000000976c600000,0x000000976c700000] [id=6268]

Threads with active compile tasks:

VM state: not at safepoint (normal execution)

VM Mutex/Monitor currently owned by a thread: None

Heap address: 0x00000000a0c00000, size: 1524 MB, Compressed Oops mode: 32-bit

CDS archive(s) mapped at: [0x000002568f000000-0x000002568fbd0000-0x000002568fbd0000), size 12386304, SharedBaseAddress: 0x000002568f000000, ArchiveRelocationMode: 1.
Compressed class space mapped at: 0x0000025690000000-0x00000256d0000000, reserved size: 1073741824
Narrow klass base: 0x000002568f000000, Narrow klass shift: 0, Narrow klass range: 0x100000000

GC Precious Log:
 CPUs: 4 total, 4 available
 Memory: 6092M
 Large Page Support: Disabled
 NUMA Support: Disabled
 Compressed Oops: Enabled (32-bit)
 Heap Region Size: 1M
 Heap Min Capacity: 8M
 Heap Initial Capacity: 96M
 Heap Max Capacity: 1524M
 Pre-touch: Disabled
 Parallel Workers: 4
 Concurrent Workers: 1
 Concurrent Refinement Workers: 4
 Periodic GC: Disabled

Heap:
 garbage-first heap   total 123904K, used 42302K [0x00000000a0c00000, 0x0000000100000000)
  region size 1024K, 11 young (11264K), 8 survivors (8192K)
 Metaspace       used 16731K, committed 17088K, reserved 1114112K
  class space    used 1905K, committed 2048K, reserved 1048576K

Heap Regions: E=young(eden), S=young(survivor), O=old, HS=humongous(starts), HC=humongous(continues), CS=collection set, F=free, OA=open archive, CA=closed archive, TAMS=top-at-mark-start (previous, next)
|   0|0x00000000a0c00000, 0x00000000a0d00000, 0x00000000a0d00000|100%|HS|  |TAMS 0x00000000a0c00000, 0x00000000a0c00000| Complete 
|   1|0x00000000a0d00000, 0x00000000a0e00000, 0x00000000a0e00000|100%|HS|  |TAMS 0x00000000a0d00000, 0x00000000a0d00000| Complete 
|   2|0x00000000a0e00000, 0x00000000a0f00000, 0x00000000a0f00000|100%|HC|  |TAMS 0x00000000a0e00000, 0x00000000a0e00000| Complete 
|   3|0x00000000a0f00000, 0x00000000a1000000, 0x00000000a1000000|100%| O|  |TAMS 0x00000000a0f00000, 0x00000000a0f00000| Untracked 
|   4|0x00000000a1000000, 0x00000000a1100000, 0x00000000a1100000|100%| O|  |TAMS 0x00000000a1000000, 0x00000000a1000000| Untracked 
|   5|0x00000000a1100000, 0x00000000a1200000, 0x00000000a1200000|100%| O|  |TAMS 0x00000000a1100000, 0x00000000a1100000| Untracked 
|   6|0x00000000a1200000, 0x00000000a1300000, 0x00000000a1300000|100%|HS|  |TAMS 0x00000000a1200000, 0x00000000a1200000| Complete 
|   7|0x00000000a1300000, 0x00000000a1400000, 0x00000000a1400000|100%|HC|  |TAMS 0x00000000a1300000, 0x00000000a1300000| Complete 
|   8|0x00000000a1400000, 0x00000000a1500000, 0x00000000a1500000|100%| O|  |TAMS 0x00000000a1400000, 0x00000000a1400000| Untracked 
|   9|0x00000000a1500000, 0x00000000a1600000, 0x00000000a1600000|100%| O|  |TAMS 0x00000000a1500000, 0x00000000a1500000| Untracked 
|  10|0x00000000a1600000, 0x00000000a1700000, 0x00000000a1700000|100%| O|  |TAMS 0x00000000a1600000, 0x00000000a1600000| Untracked 
|  11|0x00000000a1700000, 0x00000000a1800000, 0x00000000a1800000|100%|HS|  |TAMS 0x00000000a1700000, 0x00000000a1700000| Complete 
|  12|0x00000000a1800000, 0x00000000a1900000, 0x00000000a1900000|100%|HC|  |TAMS 0x00000000a1800000, 0x00000000a1800000| Complete 
|  13|0x00000000a1900000, 0x00000000a1a00000, 0x00000000a1a00000|100%| O|  |TAMS 0x00000000a1900000, 0x00000000a1900000| Untracked 
|  14|0x00000000a1a00000, 0x00000000a1b00000, 0x00000000a1b00000|100%| O|  |TAMS 0x00000000a1a00000, 0x00000000a1a00000| Untracked 
|  15|0x00000000a1b00000, 0x00000000a1c00000, 0x00000000a1c00000|100%| O|  |TAMS 0x00000000a1b00000, 0x00000000a1b00000| Untracked 
|  16|0x00000000a1c00000, 0x00000000a1d00000, 0x00000000a1d00000|100%| O|  |TAMS 0x00000000a1c00000, 0x00000000a1c00000| Untracked 
|  17|0x00000000a1d00000, 0x00000000a1e00000, 0x00000000a1e00000|100%| O|  |TAMS 0x00000000a1d00000, 0x00000000a1d00000| Untracked 
|  18|0x00000000a1e00000, 0x00000000a1f00000, 0x00000000a1f00000|100%| O|  |TAMS 0x00000000a1e00000, 0x00000000a1e00000| Untracked 
|  19|0x00000000a1f00000, 0x00000000a2000000, 0x00000000a2000000|100%| O|  |TAMS 0x00000000a1f00000, 0x00000000a1f00000| Untracked 
|  20|0x00000000a2000000, 0x00000000a2100000, 0x00000000a2100000|100%| O|  |TAMS 0x00000000a2000000, 0x00000000a2000000| Untracked 
|  21|0x00000000a2100000, 0x00000000a2200000, 0x00000000a2200000|100%| O|  |TAMS 0x00000000a2100000, 0x00000000a2100000| Untracked 
|  22|0x00000000a2200000, 0x00000000a2300000, 0x00000000a2300000|100%|HS|  |TAMS 0x00000000a2200000, 0x00000000a2200000| Complete 
|  23|0x00000000a2300000, 0x00000000a2400000, 0x00000000a2400000|100%|HC|  |TAMS 0x00000000a2300000, 0x00000000a2300000| Complete 
|  24|0x00000000a2400000, 0x00000000a2500000, 0x00000000a2500000|100%| O|  |TAMS 0x00000000a2400000, 0x00000000a2400000| Untracked 
|  25|0x00000000a2500000, 0x00000000a2600000, 0x00000000a2600000|100%| O|  |TAMS 0x00000000a2500000, 0x00000000a2500000| Untracked 
|  26|0x00000000a2600000, 0x00000000a2700000, 0x00000000a2700000|100%| O|  |TAMS 0x00000000a2600000, 0x00000000a2600000| Untracked 
|  27|0x00000000a2700000, 0x00000000a2800000, 0x00000000a2800000|100%| O|  |TAMS 0x00000000a2700000, 0x00000000a2700000| Untracked 
|  28|0x00000000a2800000, 0x00000000a2900000, 0x00000000a2900000|100%| O|  |TAMS 0x00000000a2800000, 0x00000000a2800000| Untracked 
|  29|0x00000000a2900000, 0x00000000a2a00000, 0x00000000a2a00000|100%| O|  |TAMS 0x00000000a2900000, 0x00000000a2900000| Untracked 
|  30|0x00000000a2a00000, 0x00000000a2b00000, 0x00000000a2b00000|100%| O|  |TAMS 0x00000000a2a00000, 0x00000000a2a00000| Untracked 
|  31|0x00000000a2b00000, 0x00000000a2c00000, 0x00000000a2c00000|100%| O|  |TAMS 0x00000000a2b00000, 0x00000000a2b00000| Untracked 
|  32|0x00000000a2c00000, 0x00000000a2c00000, 0x00000000a2d00000|  0%| F|  |TAMS 0x00000000a2c00000, 0x00000000a2c00000| Untracked 
|  33|0x00000000a2d00000, 0x00000000a2d00000, 0x00000000a2e00000|  0%| F|  |TAMS 0x00000000a2d00000, 0x00000000a2d00000| Untracked 
|  34|0x00000000a2e00000, 0x00000000a2e00000, 0x00000000a2f00000|  0%| F|  |TAMS 0x00000000a2e00000, 0x00000000a2e00000| Untracked 
|  35|0x00000000a2f00000, 0x00000000a2f00000, 0x00000000a3000000|  0%| F|  |TAMS 0x00000000a2f00000, 0x00000000a2f00000| Untracked 
|  36|0x00000000a3000000, 0x00000000a3000000, 0x00000000a3100000|  0%| F|  |TAMS 0x00000000a3000000, 0x00000000a3000000| Untracked 
|  37|0x00000000a3100000, 0x00000000a3100000, 0x00000000a3200000|  0%| F|  |TAMS 0x00000000a3100000, 0x00000000a3100000| Untracked 
|  38|0x00000000a3200000, 0x00000000a3200000, 0x00000000a3300000|  0%| F|  |TAMS 0x00000000a3200000, 0x00000000a3200000| Untracked 
|  39|0x00000000a3300000, 0x00000000a3300000, 0x00000000a3400000|  0%| F|  |TAMS 0x00000000a3300000, 0x00000000a3300000| Untracked 
|  40|0x00000000a3400000, 0x00000000a3400000, 0x00000000a3500000|  0%| F|  |TAMS 0x00000000a3400000, 0x00000000a3400000| Untracked 
|  41|0x00000000a3500000, 0x00000000a3500000, 0x00000000a3600000|  0%| F|  |TAMS 0x00000000a3500000, 0x00000000a3500000| Untracked 
|  42|0x00000000a3600000, 0x00000000a3600000, 0x00000000a3700000|  0%| F|  |TAMS 0x00000000a3600000, 0x00000000a3600000| Untracked 
|  43|0x00000000a3700000, 0x00000000a3700000, 0x00000000a3800000|  0%| F|  |TAMS 0x00000000a3700000, 0x00000000a3700000| Untracked 
|  44|0x00000000a3800000, 0x00000000a3800000, 0x00000000a3900000|  0%| F|  |TAMS 0x00000000a3800000, 0x00000000a3800000| Untracked 
|  45|0x00000000a3900000, 0x00000000a3900000, 0x00000000a3a00000|  0%| F|  |TAMS 0x00000000a3900000, 0x00000000a3900000| Untracked 
|  46|0x00000000a3a00000, 0x00000000a3a00000, 0x00000000a3b00000|  0%| F|  |TAMS 0x00000000a3a00000, 0x00000000a3a00000| Untracked 
|  47|0x00000000a3b00000, 0x00000000a3b00000, 0x00000000a3c00000|  0%| F|  |TAMS 0x00000000a3b00000, 0x00000000a3b00000| Untracked 
|  48|0x00000000a3c00000, 0x00000000a3c00000, 0x00000000a3d00000|  0%| F|  |TAMS 0x00000000a3c00000, 0x00000000a3c00000| Untracked 
|  49|0x00000000a3d00000, 0x00000000a3d00000, 0x00000000a3e00000|  0%| F|  |TAMS 0x00000000a3d00000, 0x00000000a3d00000| Untracked 
|  50|0x00000000a3e00000, 0x00000000a3e00000, 0x00000000a3f00000|  0%| F|  |TAMS 0x00000000a3e00000, 0x00000000a3e00000| Untracked 
|  51|0x00000000a3f00000, 0x00000000a3f00000, 0x00000000a4000000|  0%| F|  |TAMS 0x00000000a3f00000, 0x00000000a3f00000| Untracked 
|  52|0x00000000a4000000, 0x00000000a404fa60, 0x00000000a4100000| 31%| S|CS|TAMS 0x00000000a4000000, 0x00000000a4000000| Complete 
|  53|0x00000000a4100000, 0x00000000a4200000, 0x00000000a4200000|100%| S|CS|TAMS 0x00000000a4100000, 0x00000000a4100000| Complete 
|  54|0x00000000a4200000, 0x00000000a4300000, 0x00000000a4300000|100%| S|CS|TAMS 0x00000000a4200000, 0x00000000a4200000| Complete 
|  55|0x00000000a4300000, 0x00000000a4400000, 0x00000000a4400000|100%| S|CS|TAMS 0x00000000a4300000, 0x00000000a4300000| Complete 
|  56|0x00000000a4400000, 0x00000000a4500000, 0x00000000a4500000|100%| S|CS|TAMS 0x00000000a4400000, 0x00000000a4400000| Complete 
|  57|0x00000000a4500000, 0x00000000a4600000, 0x00000000a4600000|100%| S|CS|TAMS 0x00000000a4500000, 0x00000000a4500000| Complete 
|  58|0x00000000a4600000, 0x00000000a4700000, 0x00000000a4700000|100%| S|CS|TAMS 0x00000000a4600000, 0x00000000a4600000| Complete 
|  59|0x00000000a4700000, 0x00000000a4800000, 0x00000000a4800000|100%| S|CS|TAMS 0x00000000a4700000, 0x00000000a4700000| Complete 
|  60|0x00000000a4800000, 0x00000000a4800000, 0x00000000a4900000|  0%| F|  |TAMS 0x00000000a4800000, 0x00000000a4800000| Untracked 
|  61|0x00000000a4900000, 0x00000000a4900000, 0x00000000a4a00000|  0%| F|  |TAMS 0x00000000a4900000, 0x00000000a4900000| Untracked 
|  62|0x00000000a4a00000, 0x00000000a4a00000, 0x00000000a4b00000|  0%| F|  |TAMS 0x00000000a4a00000, 0x00000000a4a00000| Untracked 
|  63|0x00000000a4b00000, 0x00000000a4b00000, 0x00000000a4c00000|  0%| F|  |TAMS 0x00000000a4b00000, 0x00000000a4b00000| Untracked 
|  64|0x00000000a4c00000, 0x00000000a4c00000, 0x00000000a4d00000|  0%| F|  |TAMS 0x00000000a4c00000, 0x00000000a4c00000| Untracked 
|  65|0x00000000a4d00000, 0x00000000a4d00000, 0x00000000a4e00000|  0%| F|  |TAMS 0x00000000a4d00000, 0x00000000a4d00000| Untracked 
|  66|0x00000000a4e00000, 0x00000000a4e00000, 0x00000000a4f00000|  0%| F|  |TAMS 0x00000000a4e00000, 0x00000000a4e00000| Untracked 
|  67|0x00000000a4f00000, 0x00000000a4f00000, 0x00000000a5000000|  0%| F|  |TAMS 0x00000000a4f00000, 0x00000000a4f00000| Untracked 
|  68|0x00000000a5000000, 0x00000000a5000000, 0x00000000a5100000|  0%| F|  |TAMS 0x00000000a5000000, 0x00000000a5000000| Untracked 
|  69|0x00000000a5100000, 0x00000000a5100000, 0x00000000a5200000|  0%| F|  |TAMS 0x00000000a5100000, 0x00000000a5100000| Untracked 
|  70|0x00000000a5200000, 0x00000000a5200000, 0x00000000a5300000|  0%| F|  |TAMS 0x00000000a5200000, 0x00000000a5200000| Untracked 
|  71|0x00000000a5300000, 0x00000000a5300000, 0x00000000a5400000|  0%| F|  |TAMS 0x00000000a5300000, 0x00000000a5300000| Untracked 
|  72|0x00000000a5400000, 0x00000000a5400000, 0x00000000a5500000|  0%| F|  |TAMS 0x00000000a5400000, 0x00000000a5400000| Untracked 
|  73|0x00000000a5500000, 0x00000000a5500000, 0x00000000a5600000|  0%| F|  |TAMS 0x00000000a5500000, 0x00000000a5500000| Untracked 
|  74|0x00000000a5600000, 0x00000000a5600000, 0x00000000a5700000|  0%| F|  |TAMS 0x00000000a5600000, 0x00000000a5600000| Untracked 
|  75|0x00000000a5700000, 0x00000000a5700000, 0x00000000a5800000|  0%| F|  |TAMS 0x00000000a5700000, 0x00000000a5700000| Untracked 
|  76|0x00000000a5800000, 0x00000000a5800000, 0x00000000a5900000|  0%| F|  |TAMS 0x00000000a5800000, 0x00000000a5800000| Untracked 
|  77|0x00000000a5900000, 0x00000000a5900000, 0x00000000a5a00000|  0%| F|  |TAMS 0x00000000a5900000, 0x00000000a5900000| Untracked 
|  78|0x00000000a5a00000, 0x00000000a5a00000, 0x00000000a5b00000|  0%| F|  |TAMS 0x00000000a5a00000, 0x00000000a5a00000| Untracked 
|  79|0x00000000a5b00000, 0x00000000a5b00000, 0x00000000a5c00000|  0%| F|  |TAMS 0x00000000a5b00000, 0x00000000a5b00000| Untracked 
|  80|0x00000000a5c00000, 0x00000000a5c00000, 0x00000000a5d00000|  0%| F|  |TAMS 0x00000000a5c00000, 0x00000000a5c00000| Untracked 
|  81|0x00000000a5d00000, 0x00000000a5d00000, 0x00000000a5e00000|  0%| F|  |TAMS 0x00000000a5d00000, 0x00000000a5d00000| Untracked 
|  82|0x00000000a5e00000, 0x00000000a5e00000, 0x00000000a5f00000|  0%| F|  |TAMS 0x00000000a5e00000, 0x00000000a5e00000| Untracked 
|  83|0x00000000a5f00000, 0x00000000a5f00000, 0x00000000a6000000|  0%| F|  |TAMS 0x00000000a5f00000, 0x00000000a5f00000| Untracked 
|  84|0x00000000a6000000, 0x00000000a6000000, 0x00000000a6100000|  0%| F|  |TAMS 0x00000000a6000000, 0x00000000a6000000| Untracked 
|  85|0x00000000a6100000, 0x00000000a6100000, 0x00000000a6200000|  0%| F|  |TAMS 0x00000000a6100000, 0x00000000a6100000| Untracked 
|  86|0x00000000a6200000, 0x00000000a6200000, 0x00000000a6300000|  0%| F|  |TAMS 0x00000000a6200000, 0x00000000a6200000| Untracked 
|  87|0x00000000a6300000, 0x00000000a6300000, 0x00000000a6400000|  0%| F|  |TAMS 0x00000000a6300000, 0x00000000a6300000| Untracked 
|  88|0x00000000a6400000, 0x00000000a6400000, 0x00000000a6500000|  0%| F|  |TAMS 0x00000000a6400000, 0x00000000a6400000| Untracked 
|  89|0x00000000a6500000, 0x00000000a6500000, 0x00000000a6600000|  0%| F|  |TAMS 0x00000000a6500000, 0x00000000a6500000| Untracked 
|  90|0x00000000a6600000, 0x00000000a6600000, 0x00000000a6700000|  0%| F|  |TAMS 0x00000000a6600000, 0x00000000a6600000| Untracked 
|  91|0x00000000a6700000, 0x00000000a6700000, 0x00000000a6800000|  0%| F|  |TAMS 0x00000000a6700000, 0x00000000a6700000| Untracked 
|  92|0x00000000a6800000, 0x00000000a6800000, 0x00000000a6900000|  0%| F|  |TAMS 0x00000000a6800000, 0x00000000a6800000| Untracked 
|  93|0x00000000a6900000, 0x00000000a6900000, 0x00000000a6a00000|  0%| F|  |TAMS 0x00000000a6900000, 0x00000000a6900000| Untracked 
|  94|0x00000000a6a00000, 0x00000000a6a00000, 0x00000000a6b00000|  0%| F|  |TAMS 0x00000000a6a00000, 0x00000000a6a00000| Untracked 
|  95|0x00000000a6b00000, 0x00000000a6b00000, 0x00000000a6c00000|  0%| F|  |TAMS 0x00000000a6b00000, 0x00000000a6b00000| Untracked 
|  96|0x00000000a6c00000, 0x00000000a6c00000, 0x00000000a6d00000|  0%| F|  |TAMS 0x00000000a6c00000, 0x00000000a6c00000| Untracked 
|  97|0x00000000a6d00000, 0x00000000a6d00000, 0x00000000a6e00000|  0%| F|  |TAMS 0x00000000a6d00000, 0x00000000a6d00000| Untracked 
|  98|0x00000000a6e00000, 0x00000000a6e00000, 0x00000000a6f00000|  0%| F|  |TAMS 0x00000000a6e00000, 0x00000000a6e00000| Untracked 
|  99|0x00000000a6f00000, 0x00000000a6f00000, 0x00000000a7000000|  0%| F|  |TAMS 0x00000000a6f00000, 0x00000000a6f00000| Untracked 
| 100|0x00000000a7000000, 0x00000000a7000000, 0x00000000a7100000|  0%| F|  |TAMS 0x00000000a7000000, 0x00000000a7000000| Untracked 
| 101|0x00000000a7100000, 0x00000000a7100000, 0x00000000a7200000|  0%| F|  |TAMS 0x00000000a7100000, 0x00000000a7100000| Untracked 
| 102|0x00000000a7200000, 0x00000000a7200000, 0x00000000a7300000|  0%| F|  |TAMS 0x00000000a7200000, 0x00000000a7200000| Untracked 
| 103|0x00000000a7300000, 0x00000000a7300000, 0x00000000a7400000|  0%| F|  |TAMS 0x00000000a7300000, 0x00000000a7300000| Untracked 
| 104|0x00000000a7400000, 0x00000000a7400000, 0x00000000a7500000|  0%| F|  |TAMS 0x00000000a7400000, 0x00000000a7400000| Untracked 
| 105|0x00000000a7500000, 0x00000000a7500000, 0x00000000a7600000|  0%| F|  |TAMS 0x00000000a7500000, 0x00000000a7500000| Untracked 
| 106|0x00000000a7600000, 0x00000000a7600000, 0x00000000a7700000|  0%| F|  |TAMS 0x00000000a7600000, 0x00000000a7600000| Untracked 
| 107|0x00000000a7700000, 0x00000000a7700000, 0x00000000a7800000|  0%| F|  |TAMS 0x00000000a7700000, 0x00000000a7700000| Untracked 
| 108|0x00000000a7800000, 0x00000000a7800000, 0x00000000a7900000|  0%| F|  |TAMS 0x00000000a7800000, 0x00000000a7800000| Untracked 
| 109|0x00000000a7900000, 0x00000000a7900000, 0x00000000a7a00000|  0%| F|  |TAMS 0x00000000a7900000, 0x00000000a7900000| Untracked 
| 110|0x00000000a7a00000, 0x00000000a7a00000, 0x00000000a7b00000|  0%| F|  |TAMS 0x00000000a7a00000, 0x00000000a7a00000| Untracked 
| 111|0x00000000a7b00000, 0x00000000a7b00000, 0x00000000a7c00000|  0%| F|  |TAMS 0x00000000a7b00000, 0x00000000a7b00000| Untracked 
| 112|0x00000000a7c00000, 0x00000000a7c00000, 0x00000000a7d00000|  0%| F|  |TAMS 0x00000000a7c00000, 0x00000000a7c00000| Untracked 
| 113|0x00000000a7d00000, 0x00000000a7d00000, 0x00000000a7e00000|  0%| F|  |TAMS 0x00000000a7d00000, 0x00000000a7d00000| Untracked 
| 114|0x00000000a7e00000, 0x00000000a7e00000, 0x00000000a7f00000|  0%| F|  |TAMS 0x00000000a7e00000, 0x00000000a7e00000| Untracked 
| 115|0x00000000a7f00000, 0x00000000a7f00000, 0x00000000a8000000|  0%| F|  |TAMS 0x00000000a7f00000, 0x00000000a7f00000| Untracked 
| 116|0x00000000a8000000, 0x00000000a8000000, 0x00000000a8100000|  0%| F|  |TAMS 0x00000000a8000000, 0x00000000a8000000| Untracked 
| 117|0x00000000a8100000, 0x00000000a8100000, 0x00000000a8200000|  0%| F|  |TAMS 0x00000000a8100000, 0x00000000a8100000| Untracked 
| 118|0x00000000a8200000, 0x00000000a8300000, 0x00000000a8300000|100%| E|  |TAMS 0x00000000a8200000, 0x00000000a8200000| Complete 
| 119|0x00000000a8300000, 0x00000000a8400000, 0x00000000a8400000|100%| E|CS|TAMS 0x00000000a8300000, 0x00000000a8300000| Complete 
| 120|0x00000000a8400000, 0x00000000a8500000, 0x00000000a8500000|100%| E|CS|TAMS 0x00000000a8400000, 0x00000000a8400000| Complete 

Card table byte_map: [0x00000256f72c0000,0x00000256f75c0000] _byte_map_base: 0x00000256f6dba000

Marking Bits (Prev, Next): (CMBitMap*) 0x00000256ed97f710, (CMBitMap*) 0x00000256ed97f750
 Prev Bits: [0x00000256f78c0000, 0x00000256f9090000)
 Next Bits: [0x00000256f9090000, 0x00000256fa860000)

Polling page: 0x00000256ed9f0000

Metaspace:

Usage:
  Non-class:     14.48 MB used.
      Class:      1.86 MB used.
       Both:     16.34 MB used.

Virtual space:
  Non-class space:       64.00 MB reserved,      14.69 MB ( 23%) committed,  1 nodes.
      Class space:        1.00 GB reserved,       2.00 MB ( <1%) committed,  1 nodes.
             Both:        1.06 GB reserved,      16.69 MB (  2%) committed. 

Chunk freelists:
   Non-Class:  820.00 KB
       Class:  13.82 MB
        Both:  14.62 MB

MaxMetaspaceSize: unlimited
CompressedClassSpaceSize: 1.00 GB
Initial GC threshold: 21.00 MB
Current GC threshold: 21.00 MB
CDS: on
MetaspaceReclaimPolicy: balanced
 - commit_granule_bytes: 65536.
 - commit_granule_words: 8192.
 - virtual_space_node_default_size: 8388608.
 - enlarge_chunks_in_place: 1.
 - new_chunks_are_fully_committed: 0.
 - uncommit_free_chunks: 1.
 - use_allocation_guard: 0.
 - handle_deallocations: 1.


Internal statistics:

num_allocs_failed_limit: 0.
num_arena_births: 298.
num_arena_deaths: 0.
num_vsnodes_births: 2.
num_vsnodes_deaths: 0.
num_space_committed: 267.
num_space_uncommitted: 0.
num_chunks_returned_to_freelist: 0.
num_chunks_taken_from_freelist: 729.
num_chunk_merges: 0.
num_chunk_splits: 444.
num_chunks_enlarged: 288.
num_inconsistent_stats: 0.

CodeHeap 'non-profiled nmethods': size=120000Kb used=2077Kb max_used=2077Kb free=117922Kb
 bounds [0x0000025687ad0000, 0x0000025687d40000, 0x000002568f000000]
CodeHeap 'profiled nmethods': size=120000Kb used=6731Kb max_used=6731Kb free=113268Kb
 bounds [0x0000025680000000, 0x00000256806a0000, 0x0000025687530000]
CodeHeap 'non-nmethods': size=5760Kb used=1621Kb max_used=1639Kb free=4138Kb
 bounds [0x0000025687530000, 0x00000256877a0000, 0x0000025687ad0000]
 total_blobs=4652 nmethods=3604 adapters=960
 compilation: enabled
              stopped_count=0, restarted_count=0
 full_count=0

Compilation events (20 events):
Event: 6.903 Thread 0x00000256fce4a420 nmethod 3601 0x000002568068a690 code [0x000002568068a9a0, 0x000002568068b8e8]
Event: 6.903 Thread 0x00000256fce4a420 3602       3       java.lang.invoke.InvokerBytecodeGenerator::refKindOpcode (112 bytes)
Event: 6.904 Thread 0x00000256fce4a420 nmethod 3602 0x000002568068bf10 code [0x000002568068c180, 0x000002568068ca38]
Event: 6.904 Thread 0x00000256fce4a420 3597       3       java.lang.System$2::defineClass (21 bytes)
Event: 6.904 Thread 0x00000256fce4a420 nmethod 3597 0x000002568068cc90 code [0x000002568068ce40, 0x000002568068cfc8]
Event: 6.904 Thread 0x00000256fce4a420 3592       3       java.lang.invoke.MethodHandles$Lookup::ensureDefineClassPermission (38 bytes)
Event: 6.905 Thread 0x00000256fce4a420 nmethod 3592 0x000002568068d090 code [0x000002568068d2a0, 0x000002568068d9b8]
Event: 6.905 Thread 0x00000256fce4a420 3593       3       java.lang.invoke.MethodHandles$Lookup::makeHiddenClassDefiner (22 bytes)
Event: 6.905 Thread 0x00000256fce4a420 nmethod 3593 0x000002568068dc10 code [0x000002568068ddc0, 0x000002568068dfa8]
Event: 6.905 Thread 0x00000256fce4a420 3594   !   3       java.lang.invoke.MethodHandles$Lookup$ClassFile::newInstance (370 bytes)
Event: 6.906 Thread 0x00000256fce446f0 nmethod 3560 0x0000025687cd5890 code [0x0000025687cd5a40, 0x0000025687cd6158]
Event: 6.906 Thread 0x00000256fce446f0 3566       4       java.nio.ByteBuffer::<init> (47 bytes)
Event: 6.908 Thread 0x00000256fce4a420 nmethod 3594 0x000002568068e110 code [0x000002568068e7e0, 0x0000025680691638]
Event: 6.908 Thread 0x00000256fce4a420 3605       1       java.lang.invoke.InvokerBytecodeGenerator::setClassWriter (6 bytes)
Event: 6.909 Thread 0x00000256fce4a420 nmethod 3605 0x0000025687cd6810 code [0x0000025687cd69a0, 0x0000025687cd6ab8]
Event: 6.909 Thread 0x00000256fce4a420 3606       1       java.lang.Class::getClassData (5 bytes)
Event: 6.909 Thread 0x00000256fce446f0 nmethod 3566 0x0000025687cd6b10 code [0x0000025687cd6ca0, 0x0000025687cd6f78]
Event: 6.909 Thread 0x00000256fce446f0 3603       4       java.util.ArrayList::iterator (9 bytes)
Event: 6.909 Thread 0x00000256fce4a420 nmethod 3606 0x0000025687cd7110 code [0x0000025687cd72a0, 0x0000025687cd7378]
Event: 6.909 Thread 0x00000256fce446f0 nmethod 3603 0x0000025687cd7410 code [0x0000025687cd75a0, 0x0000025687cd7698]

GC Heap History (20 events):
Event: 1.285 GC heap before
{Heap before GC invocations=1 (full 0):
 garbage-first heap   total 98304K, used 23131K [0x00000000a0c00000, 0x0000000100000000)
  region size 1024K, 15 young (15360K), 2 survivors (2048K)
 Metaspace       used 2781K, committed 2944K, reserved 1114112K
  class space    used 269K, committed 384K, reserved 1048576K
}
Event: 1.289 GC heap after
{Heap after GC invocations=2 (full 0):
 garbage-first heap   total 98304K, used 11130K [0x00000000a0c00000, 0x0000000100000000)
  region size 1024K, 2 young (2048K), 2 survivors (2048K)
 Metaspace       used 2781K, committed 2944K, reserved 1114112K
  class space    used 269K, committed 384K, reserved 1048576K
}
Event: 2.045 GC heap before
{Heap before GC invocations=2 (full 0):
 garbage-first heap   total 98304K, used 32634K [0x00000000a0c00000, 0x0000000100000000)
  region size 1024K, 24 young (24576K), 2 survivors (2048K)
 Metaspace       used 4830K, committed 5056K, reserved 1114112K
  class space    used 471K, committed 576K, reserved 1048576K
}
Event: 2.051 GC heap after
{Heap after GC invocations=3 (full 0):
 garbage-first heap   total 98304K, used 14142K [0x00000000a0c00000, 0x0000000100000000)
  region size 1024K, 3 young (3072K), 3 survivors (3072K)
 Metaspace       used 4830K, committed 5056K, reserved 1114112K
  class space    used 471K, committed 576K, reserved 1048576K
}
Event: 3.137 GC heap before
{Heap before GC invocations=3 (full 0):
 garbage-first heap   total 98304K, used 54078K [0x00000000a0c00000, 0x0000000100000000)
  region size 1024K, 40 young (40960K), 3 survivors (3072K)
 Metaspace       used 4869K, committed 5056K, reserved 1114112K
  class space    used 471K, committed 576K, reserved 1048576K
}
Event: 3.146 GC heap after
{Heap after GC invocations=4 (full 0):
 garbage-first heap   total 98304K, used 20042K [0x00000000a0c00000, 0x0000000100000000)
  region size 1024K, 5 young (5120K), 5 survivors (5120K)
 Metaspace       used 4869K, committed 5056K, reserved 1114112K
  class space    used 471K, committed 576K, reserved 1048576K
}
Event: 3.307 GC heap before
{Heap before GC invocations=4 (full 0):
 garbage-first heap   total 98304K, used 67146K [0x00000000a0c00000, 0x0000000100000000)
  region size 1024K, 51 young (52224K), 5 survivors (5120K)
 Metaspace       used 4874K, committed 5120K, reserved 1114112K
  class space    used 471K, committed 576K, reserved 1048576K
}
Event: 3.315 GC heap after
{Heap after GC invocations=5 (full 0):
 garbage-first heap   total 98304K, used 22203K [0x00000000a0c00000, 0x0000000100000000)
  region size 1024K, 5 young (5120K), 5 survivors (5120K)
 Metaspace       used 4874K, committed 5120K, reserved 1114112K
  class space    used 471K, committed 576K, reserved 1048576K
}
Event: 4.176 GC heap before
{Heap before GC invocations=5 (full 0):
 garbage-first heap   total 98304K, used 69307K [0x00000000a0c00000, 0x0000000100000000)
  region size 1024K, 51 young (52224K), 5 survivors (5120K)
 Metaspace       used 5016K, committed 5248K, reserved 1114112K
  class space    used 480K, committed 640K, reserved 1048576K
}
Event: 4.184 GC heap after
{Heap after GC invocations=6 (full 0):
 garbage-first heap   total 98304K, used 25291K [0x00000000a0c00000, 0x0000000100000000)
  region size 1024K, 5 young (5120K), 5 survivors (5120K)
 Metaspace       used 5016K, committed 5248K, reserved 1114112K
  class space    used 480K, committed 640K, reserved 1048576K
}
Event: 4.642 GC heap before
{Heap before GC invocations=6 (full 0):
 garbage-first heap   total 98304K, used 72395K [0x00000000a0c00000, 0x0000000100000000)
  region size 1024K, 51 young (52224K), 5 survivors (5120K)
 Metaspace       used 5059K, committed 5312K, reserved 1114112K
  class space    used 481K, committed 640K, reserved 1048576K
}
Event: 4.649 GC heap after
{Heap after GC invocations=7 (full 0):
 garbage-first heap   total 98304K, used 28387K [0x00000000a0c00000, 0x0000000100000000)
  region size 1024K, 6 young (6144K), 6 survivors (6144K)
 Metaspace       used 5059K, committed 5312K, reserved 1114112K
  class space    used 481K, committed 640K, reserved 1048576K
}
Event: 4.786 GC heap before
{Heap before GC invocations=7 (full 0):
 garbage-first heap   total 98304K, used 76515K [0x00000000a0c00000, 0x0000000100000000)
  region size 1024K, 51 young (52224K), 6 survivors (6144K)
 Metaspace       used 5065K, committed 5312K, reserved 1114112K
  class space    used 481K, committed 640K, reserved 1048576K
}
Event: 4.792 GC heap after
{Heap after GC invocations=8 (full 0):
 garbage-first heap   total 98304K, used 33665K [0x00000000a0c00000, 0x0000000100000000)
  region size 1024K, 7 young (7168K), 7 survivors (7168K)
 Metaspace       used 5065K, committed 5312K, reserved 1114112K
  class space    used 481K, committed 640K, reserved 1048576K
}
Event: 4.896 GC heap before
{Heap before GC invocations=8 (full 0):
 garbage-first heap   total 98304K, used 75649K [0x00000000a0c00000, 0x0000000100000000)
  region size 1024K, 48 young (49152K), 7 survivors (7168K)
 Metaspace       used 5065K, committed 5312K, reserved 1114112K
  class space    used 481K, committed 640K, reserved 1048576K
}
Event: 4.902 GC heap after
{Heap after GC invocations=9 (full 0):
 garbage-first heap   total 123904K, used 34304K [0x00000000a0c00000, 0x0000000100000000)
  region size 1024K, 2 young (2048K), 2 survivors (2048K)
 Metaspace       used 5065K, committed 5312K, reserved 1114112K
  class space    used 481K, committed 640K, reserved 1048576K
}
Event: 5.779 GC heap before
{Heap before GC invocations=9 (full 0):
 garbage-first heap   total 123904K, used 92672K [0x00000000a0c00000, 0x0000000100000000)
  region size 1024K, 59 young (60416K), 2 survivors (2048K)
 Metaspace       used 7491K, committed 7744K, reserved 1114112K
  class space    used 800K, committed 896K, reserved 1048576K
}
Event: 5.785 GC heap after
{Heap after GC invocations=10 (full 0):
 garbage-first heap   total 123904K, used 36784K [0x00000000a0c00000, 0x0000000100000000)
  region size 1024K, 4 young (4096K), 4 survivors (4096K)
 Metaspace       used 7491K, committed 7744K, reserved 1114112K
  class space    used 800K, committed 896K, reserved 1048576K
}
Event: 6.820 GC heap before
{Heap before GC invocations=10 (full 0):
 garbage-first heap   total 123904K, used 95152K [0x00000000a0c00000, 0x0000000100000000)
  region size 1024K, 61 young (62464K), 4 survivors (4096K)
 Metaspace       used 16069K, committed 16384K, reserved 1114112K
  class space    used 1869K, committed 2048K, reserved 1048576K
}
Event: 6.831 GC heap after
{Heap after GC invocations=11 (full 0):
 garbage-first heap   total 123904K, used 40254K [0x00000000a0c00000, 0x0000000100000000)
  region size 1024K, 8 young (8192K), 8 survivors (8192K)
 Metaspace       used 16069K, committed 16384K, reserved 1114112K
  class space    used 1869K, committed 2048K, reserved 1048576K
}

Deoptimization events (20 events):
Event: 6.645 Thread 0x00000256ed930c50 Uncommon trap: trap_request=0xffffffc6 fr.pc=0x0000025687bd6070 relative=0x0000000000000ab0
Event: 6.645 Thread 0x00000256ed930c50 Uncommon trap: reason=bimorphic_or_optimized_type_check action=maybe_recompile pc=0x0000025687bd6070 method=java.util.stream.AbstractPipeline.evaluate(Ljava/util/Spliterator;ZLjava/util/function/IntFunction;)Ljava/util/stream/Node; @ 23 c2
Event: 6.645 Thread 0x00000256ed930c50 DEOPT PACKING pc=0x0000025687bd6070 sp=0x000000976c1feca0
Event: 6.645 Thread 0x00000256ed930c50 DEOPT UNPACKING pc=0x00000256875823a3 sp=0x000000976c1fec70 mode 2
Event: 6.709 Thread 0x00000256ed930c50 Uncommon trap: trap_request=0xffffffde fr.pc=0x0000025687c0090c relative=0x00000000000006ec
Event: 6.709 Thread 0x00000256ed930c50 Uncommon trap: reason=class_check action=maybe_recompile pc=0x0000025687c0090c method=java.nio.file.FileTreeWalker.visit(Ljava/nio/file/Path;ZZ)Ljava/nio/file/FileTreeWalker$Event; @ 58 c2
Event: 6.709 Thread 0x00000256ed930c50 DEOPT PACKING pc=0x0000025687c0090c sp=0x000000976c1fe670
Event: 6.709 Thread 0x00000256ed930c50 DEOPT UNPACKING pc=0x00000256875823a3 sp=0x000000976c1fe620 mode 2
Event: 6.709 Thread 0x00000256ed930c50 Uncommon trap: trap_request=0xffffffde fr.pc=0x0000025687c34ec8 relative=0x0000000000000268
Event: 6.709 Thread 0x00000256ed930c50 Uncommon trap: reason=class_check action=maybe_recompile pc=0x0000025687c34ec8 method=java.nio.file.Files.isRegularFile(Ljava/nio/file/Path;[Ljava/nio/file/LinkOption;)Z @ 36 c2
Event: 6.709 Thread 0x00000256ed930c50 DEOPT PACKING pc=0x0000025687c34ec8 sp=0x000000976c1fe3e0
Event: 6.709 Thread 0x00000256ed930c50 DEOPT UNPACKING pc=0x00000256875823a3 sp=0x000000976c1fe378 mode 2
Event: 6.710 Thread 0x00000256ed930c50 Uncommon trap: trap_request=0xffffffde fr.pc=0x0000025687b8c120 relative=0x0000000000000e80
Event: 6.710 Thread 0x00000256ed930c50 Uncommon trap: reason=class_check action=maybe_recompile pc=0x0000025687b8c120 method=java.nio.file.FileTreeWalker.next()Ljava/nio/file/FileTreeWalker$Event; @ 37 c2
Event: 6.710 Thread 0x00000256ed930c50 DEOPT PACKING pc=0x0000025687b8c120 sp=0x000000976c1fe4d0
Event: 6.710 Thread 0x00000256ed930c50 DEOPT UNPACKING pc=0x00000256875823a3 sp=0x000000976c1fe438 mode 2
Event: 6.898 Thread 0x00000256fef99f00 Uncommon trap: trap_request=0xffffff45 fr.pc=0x0000025687b8aca4 relative=0x0000000000000104
Event: 6.898 Thread 0x00000256fef99f00 Uncommon trap: reason=unstable_if action=reinterpret pc=0x0000025687b8aca4 method=java.util.concurrent.TimeUnit.convert(JLjava/util/concurrent/TimeUnit;)J @ 8 c2
Event: 6.898 Thread 0x00000256fef99f00 DEOPT PACKING pc=0x0000025687b8aca4 sp=0x000000976daff090
Event: 6.898 Thread 0x00000256fef99f00 DEOPT UNPACKING pc=0x00000256875823a3 sp=0x000000976daff040 mode 2

Classes unloaded (0 events):
No events

Classes redefined (0 events):
No events

Internal exceptions (20 events):
Event: 6.672 Thread 0x00000256ed930c50 Exception <a 'java/lang/NoSuchMethodError'{0x00000000a5328a48}: 'void java.lang.invoke.DirectMethodHandle$Holder.invokeStaticInit(java.lang.Object, java.lang.Object)'> (0x00000000a5328a48) 
thrown [s\open\src\hotspot\share\interpreter\linkResolver.cpp, line 759]
Event: 6.672 Thread 0x00000256ed930c50 Exception <a 'java/lang/NoSuchMethodError'{0x00000000a53352c0}: 'java.lang.Object java.lang.invoke.DirectMethodHandle$Holder.invokeStaticInit(java.lang.Object, java.lang.Object, java.lang.Object, java.lang.Object)'> (0x00000000a53352c0) 
thrown [s\open\src\hotspot\share\interpreter\linkResolver.cpp, line 759]
Event: 6.673 Thread 0x00000256ed930c50 Exception <a 'java/lang/IncompatibleClassChangeError'{0x00000000a533ab68}: Found class java.lang.Object, but interface was expected> (0x00000000a533ab68) 
thrown [s\open\src\hotspot\share\interpreter\linkResolver.cpp, line 826]
Event: 6.676 Thread 0x00000256ed930c50 Exception <a 'java/lang/IncompatibleClassChangeError'{0x00000000a536f2c0}: Found class java.lang.Object, but interface was expected> (0x00000000a536f2c0) 
thrown [s\open\src\hotspot\share\interpreter\linkResolver.cpp, line 826]
Event: 6.708 Thread 0x00000256ed930c50 Exception <a 'sun/nio/fs/WindowsException'{0x00000000a5104d98}> (0x00000000a5104d98) 
thrown [s\open\src\hotspot\share\prims\jni.cpp, line 516]
Event: 6.720 Thread 0x00000256ed930c50 Exception <a 'java/lang/NoSuchMethodError'{0x00000000a5146fd0}: 'java.lang.Object java.lang.invoke.DirectMethodHandle$Holder.invokeVirtual(java.lang.Object, java.lang.Object, java.lang.Object)'> (0x00000000a5146fd0) 
thrown [s\open\src\hotspot\share\interpreter\linkResolver.cpp, line 759]
Event: 6.747 Thread 0x00000256ed930c50 Exception <a 'sun/nio/fs/WindowsException'{0x00000000a504b488}> (0x00000000a504b488) 
thrown [s\open\src\hotspot\share\prims\jni.cpp, line 516]
Event: 6.751 Thread 0x00000256ed930c50 Exception <a 'java/lang/NoSuchMethodError'{0x00000000a5079810}: 'java.lang.Object java.lang.invoke.DirectMethodHandle$Holder.invokeStatic(java.lang.Object, int, java.lang.Object, java.lang.Object, java.lang.Object, java.lang.Object)'> (0x00000000a5079810) 
thrown [s\open\src\hotspot\share\interpreter\linkResolver.cpp, line 759]
Event: 6.752 Thread 0x00000256ed930c50 Exception <a 'java/lang/NoSuchMethodError'{0x00000000a5082288}: 'java.lang.Object java.lang.invoke.DirectMethodHandle$Holder.newInvokeSpecial(java.lang.Object, int, java.lang.Object, java.lang.Object)'> (0x00000000a5082288) 
thrown [s\open\src\hotspot\share\interpreter\linkResolver.cpp, line 759]
Event: 6.753 Thread 0x00000256ed930c50 Exception <a 'java/lang/NoSuchMethodError'{0x00000000a5086390}: 'java.lang.Object java.lang.invoke.DirectMethodHandle$Holder.invokeSpecial(java.lang.Object, java.lang.Object, int, java.lang.Object, java.lang.Object)'> (0x00000000a5086390) 
thrown [s\open\src\hotspot\share\interpreter\linkResolver.cpp, line 759]
Event: 6.811 Thread 0x00000256ed930c50 Exception <a 'sun/nio/fs/WindowsException'{0x00000000a4edc100}> (0x00000000a4edc100) 
thrown [s\open\src\hotspot\share\prims\jni.cpp, line 516]
Event: 6.811 Thread 0x00000256ed930c50 Exception <a 'sun/nio/fs/WindowsException'{0x00000000a4edc450}> (0x00000000a4edc450) 
thrown [s\open\src\hotspot\share\prims\jni.cpp, line 516]
Event: 6.835 Thread 0x00000256ed930c50 Exception <a 'sun/nio/fs/WindowsException'{0x00000000a845e0f0}> (0x00000000a845e0f0) 
thrown [s\open\src\hotspot\share\prims\jni.cpp, line 516]
Event: 6.835 Thread 0x00000256ed930c50 Exception <a 'sun/nio/fs/WindowsException'{0x00000000a845e450}> (0x00000000a845e450) 
thrown [s\open\src\hotspot\share\prims\jni.cpp, line 516]
Event: 6.849 Thread 0x00000256ed930c50 Exception <a 'java/lang/NoSuchMethodError'{0x00000000a84ec610}: 'int java.lang.invoke.DirectMethodHandle$Holder.invokeStaticInit(java.lang.Object, java.lang.Object, int, long)'> (0x00000000a84ec610) 
thrown [s\open\src\hotspot\share\interpreter\linkResolver.cpp, line 759]
Event: 6.850 Thread 0x00000256ed930c50 Exception <a 'java/lang/NoSuchMethodError'{0x00000000a84f21a0}: 'java.lang.Object java.lang.invoke.DirectMethodHandle$Holder.newInvokeSpecial(java.lang.Object, java.lang.Object, int)'> (0x00000000a84f21a0) 
thrown [s\open\src\hotspot\share\interpreter\linkResolver.cpp, line 759]
Event: 6.853 Thread 0x00000256ed930c50 Exception <a 'java/lang/NoSuchMethodError'{0x00000000a83075c8}: 'int java.lang.invoke.DirectMethodHandle$Holder.invokeStaticInit(java.lang.Object, java.lang.Object, long, long)'> (0x00000000a83075c8) 
thrown [s\open\src\hotspot\share\interpreter\linkResolver.cpp, line 759]
Event: 6.853 Thread 0x00000256ed930c50 Exception <a 'java/lang/NoSuchMethodError'{0x00000000a830d520}: 'java.lang.Object java.lang.invoke.DirectMethodHandle$Holder.newInvokeSpecial(java.lang.Object, java.lang.Object, long)'> (0x00000000a830d520) 
thrown [s\open\src\hotspot\share\interpreter\linkResolver.cpp, line 759]
Event: 6.854 Thread 0x00000256ed930c50 Exception <a 'java/lang/NoSuchMethodError'{0x00000000a8311090}: 'java.lang.Object java.lang.invoke.Invokers$Holder.linkToTargetMethod(java.lang.Object, long, java.lang.Object)'> (0x00000000a8311090) 
thrown [s\open\src\hotspot\share\interpreter\linkResolver.cpp, line 759]
Event: 6.854 Thread 0x00000256ed930c50 Exception <a 'java/lang/NoSuchMethodError'{0x00000000a8318808}: 'int java.lang.invoke.DirectMethodHandle$Holder.invokeStaticInit(java.lang.Object, java.lang.Object, java.lang.Object, long)'> (0x00000000a8318808) 
thrown [s\open\src\hotspot\share\interpreter\linkResolver.cpp, line 759]

VM Operations (20 events):
Event: 6.249 Executing VM operation: HandshakeAllThreads
Event: 6.249 Executing VM operation: HandshakeAllThreads done
Event: 6.338 Executing VM operation: HandshakeAllThreads
Event: 6.338 Executing VM operation: HandshakeAllThreads done
Event: 6.338 Executing VM operation: HandshakeAllThreads
Event: 6.338 Executing VM operation: HandshakeAllThreads done
Event: 6.403 Executing VM operation: ICBufferFull
Event: 6.403 Executing VM operation: ICBufferFull done
Event: 6.428 Executing VM operation: HandshakeAllThreads
Event: 6.428 Executing VM operation: HandshakeAllThreads done
Event: 6.560 Executing VM operation: HandshakeAllThreads
Event: 6.560 Executing VM operation: HandshakeAllThreads done
Event: 6.616 Executing VM operation: HandshakeAllThreads
Event: 6.616 Executing VM operation: HandshakeAllThreads done
Event: 6.702 Executing VM operation: HandshakeAllThreads
Event: 6.702 Executing VM operation: HandshakeAllThreads done
Event: 6.820 Executing VM operation: G1CollectForAllocation
Event: 6.831 Executing VM operation: G1CollectForAllocation done
Event: 6.898 Executing VM operation: HandshakeAllThreads
Event: 6.899 Executing VM operation: HandshakeAllThreads done

Events (20 events):
Event: 6.846 loading class java/nio/DirectDoubleBufferU done
Event: 6.848 loading class java/util/function/LongPredicate
Event: 6.848 loading class java/util/function/LongPredicate done
Event: 6.856 loading class java/nio/InvalidMarkException
Event: 6.856 loading class java/nio/InvalidMarkException done
Event: 6.856 loading class java/nio/BufferUnderflowException
Event: 6.856 loading class java/nio/BufferUnderflowException done
Event: 6.896 loading class java/util/concurrent/ScheduledThreadPoolExecutor$ScheduledFutureTask
Event: 6.896 loading class java/util/concurrent/FutureTask
Event: 6.897 loading class java/util/concurrent/FutureTask done
Event: 6.897 loading class java/util/concurrent/ScheduledThreadPoolExecutor$ScheduledFutureTask done
Event: 6.897 loading class java/util/concurrent/FutureTask$WaitNode
Event: 6.897 loading class java/util/concurrent/FutureTask$WaitNode done
Event: 6.897 loading class java/util/concurrent/Executors$RunnableAdapter
Event: 6.897 loading class java/util/concurrent/Executors$RunnableAdapter done
Event: 6.897 Thread 0x00000256fef99f00 Thread added: 0x00000256fef99f00
Event: 6.898 loading class java/util/concurrent/locks/AbstractQueuedSynchronizer$ConditionNode
Event: 6.898 loading class java/util/concurrent/ForkJoinPool$ManagedBlocker
Event: 6.898 loading class java/util/concurrent/ForkJoinPool$ManagedBlocker done
Event: 6.898 loading class java/util/concurrent/locks/AbstractQueuedSynchronizer$ConditionNode done


Dynamic libraries:
0x00007ff7390b0000 - 0x00007ff7390c0000 	C:\Program Files\Java\jdk-17\bin\java.exe
0x00007ffa5a350000 - 0x00007ffa5a548000 	C:\Windows\SYSTEM32\ntdll.dll
0x00007ffa59200000 - 0x00007ffa592bd000 	C:\Windows\System32\KERNEL32.DLL
0x00007ffa57a30000 - 0x00007ffa57d26000 	C:\Windows\System32\KERNELBASE.dll
0x00007ffa57fa0000 - 0x00007ffa580a0000 	C:\Windows\System32\ucrtbase.dll
0x00007ffa34100000 - 0x00007ffa34119000 	C:\Program Files\Java\jdk-17\bin\jli.dll
0x00007ffa59350000 - 0x00007ffa593ff000 	C:\Windows\System32\ADVAPI32.dll
0x00007ffa58ff0000 - 0x00007ffa5908e000 	C:\Windows\System32\msvcrt.dll
0x00007ffa59160000 - 0x00007ffa591fc000 	C:\Windows\System32\sechost.dll
0x00007ffa58b10000 - 0x00007ffa58c36000 	C:\Windows\System32\RPCRT4.dll
0x00007ffa2f240000 - 0x00007ffa2f25b000 	C:\Program Files\Java\jdk-17\bin\VCRUNTIME140.dll
0x00007ffa59400000 - 0x00007ffa5959e000 	C:\Windows\System32\USER32.dll
0x00007ffa42160000 - 0x00007ffa423fa000 	C:\Windows\WinSxS\amd64_microsoft.windows.common-controls_6595b64144ccf1df_6.0.19041.3636_none_60b6a03d71f818d5\COMCTL32.dll
0x00007ffa59320000 - 0x00007ffa5934c000 	C:\Windows\System32\GDI32.dll
0x00007ffa57d30000 - 0x00007ffa57d52000 	C:\Windows\System32\win32u.dll
0x00007ffa58240000 - 0x00007ffa5835a000 	C:\Windows\System32\gdi32full.dll
0x00007ffa580a0000 - 0x00007ffa5813d000 	C:\Windows\System32\msvcp_win.dll
0x00007ffa4de90000 - 0x00007ffa4de9a000 	C:\Windows\SYSTEM32\VERSION.dll
0x00007ffa58490000 - 0x00007ffa584c0000 	C:\Windows\System32\IMM32.DLL
0x00007ffa522e0000 - 0x00007ffa522ec000 	C:\Program Files\Java\jdk-17\bin\vcruntime140_1.dll
0x00007ffa282d0000 - 0x00007ffa2835e000 	C:\Program Files\Java\jdk-17\bin\msvcp140.dll
0x00007ffa276e0000 - 0x00007ffa282c1000 	C:\Program Files\Java\jdk-17\bin\server\jvm.dll
0x00007ffa58eb0000 - 0x00007ffa58eb8000 	C:\Windows\System32\PSAPI.DLL
0x00007ffa36a00000 - 0x00007ffa36a09000 	C:\Windows\SYSTEM32\WSOCK32.dll
0x00007ffa58f80000 - 0x00007ffa58feb000 	C:\Windows\System32\WS2_32.dll
0x00007ffa4daa0000 - 0x00007ffa4dac7000 	C:\Windows\SYSTEM32\WINMM.dll
0x00007ffa56280000 - 0x00007ffa56292000 	C:\Windows\SYSTEM32\kernel.appcore.dll
0x00007ffa340f0000 - 0x00007ffa340fa000 	C:\Program Files\Java\jdk-17\bin\jimage.dll
0x00007ffa55ff0000 - 0x00007ffa561d4000 	C:\Windows\SYSTEM32\DBGHELP.DLL
0x00007ffa47660000 - 0x00007ffa47694000 	C:\Windows\SYSTEM32\dbgcore.DLL
0x00007ffa58140000 - 0x00007ffa581c2000 	C:\Windows\System32\bcryptPrimitives.dll
0x00007ffa2f210000 - 0x00007ffa2f235000 	C:\Program Files\Java\jdk-17\bin\java.dll
0x00007ffa27600000 - 0x00007ffa276d7000 	C:\Program Files\Java\jdk-17\bin\jsvml.dll
0x00007ffa59bc0000 - 0x00007ffa5a305000 	C:\Windows\System32\SHELL32.dll
0x00007ffa55850000 - 0x00007ffa55feb000 	C:\Windows\SYSTEM32\windows.storage.dll
0x00007ffa58540000 - 0x00007ffa58894000 	C:\Windows\System32\combase.dll
0x00007ffa573a0000 - 0x00007ffa573cd000 	C:\Windows\SYSTEM32\Wldp.dll
0x00007ffa588a0000 - 0x00007ffa5894d000 	C:\Windows\System32\SHCORE.dll
0x00007ffa58c60000 - 0x00007ffa58cb5000 	C:\Windows\System32\shlwapi.dll
0x00007ffa57960000 - 0x00007ffa57985000 	C:\Windows\SYSTEM32\profapi.dll
0x00007ffa275e0000 - 0x00007ffa275f9000 	C:\Program Files\Java\jdk-17\bin\net.dll
0x00007ffa4dad0000 - 0x00007ffa4dbda000 	C:\Windows\SYSTEM32\WINHTTP.dll
0x00007ffa57100000 - 0x00007ffa5716a000 	C:\Windows\system32\mswsock.dll
0x00007ffa275c0000 - 0x00007ffa275d6000 	C:\Program Files\Java\jdk-17\bin\nio.dll
0x00007ffa275a0000 - 0x00007ffa275b8000 	C:\Program Files\Java\jdk-17\bin\zip.dll
0x00007ffa50f90000 - 0x00007ffa50fa0000 	C:\Program Files\Java\jdk-17\bin\verify.dll
0x00007ffa50fc0000 - 0x00007ffa50fca000 	C:\Program Files\Java\jdk-17\bin\management.dll
0x00007ffa50fb0000 - 0x00007ffa50fbb000 	C:\Program Files\Java\jdk-17\bin\management_ext.dll
0x00007ffa3fd30000 - 0x00007ffa3fd47000 	C:\Windows\system32\napinsp.dll
0x00007ffa3e440000 - 0x00007ffa3e45b000 	C:\Windows\system32\pnrpnsp.dll
0x00007ffa52820000 - 0x00007ffa52835000 	C:\Windows\system32\wshbth.dll
0x00007ffa50ba0000 - 0x00007ffa50bbd000 	C:\Windows\system32\NLAapi.dll
0x00007ffa56df0000 - 0x00007ffa56e2b000 	C:\Windows\SYSTEM32\IPHLPAPI.DLL
0x00007ffa56e30000 - 0x00007ffa56efa000 	C:\Windows\SYSTEM32\DNSAPI.dll
0x00007ffa58de0000 - 0x00007ffa58de8000 	C:\Windows\System32\NSI.dll
0x00007ffa3dd80000 - 0x00007ffa3dd92000 	C:\Windows\System32\winrnr.dll
0x00007ffa4b780000 - 0x00007ffa4b78a000 	C:\Windows\System32\rasadhlp.dll
0x00007ffa464c0000 - 0x00007ffa46540000 	C:\Windows\System32\fwpuclnt.dll
0x00007ffa57ec0000 - 0x00007ffa57ee7000 	C:\Windows\System32\bcrypt.dll
0x00007ffa51c80000 - 0x00007ffa51cf5000 	C:\Users\admin\AppData\Local\Temp\lwjgladmin\3.3.1-build-7\lwjgl.dll
0x00007ffa52360000 - 0x00007ffa523c1000 	C:\Users\admin\AppData\Local\Temp\lwjgladmin\3.3.1-build-7\glfw.dll
0x00007ffa51c30000 - 0x00007ffa51c75000 	C:\Windows\SYSTEM32\dinput8.dll
0x00007ffa51c10000 - 0x00007ffa51c21000 	C:\Windows\SYSTEM32\xinput1_4.dll
0x00007ffa58360000 - 0x00007ffa583ae000 	C:\Windows\System32\cfgmgr32.dll
0x00007ffa576f0000 - 0x00007ffa57723000 	C:\Windows\SYSTEM32\DEVOBJ.dll
0x00007ffa552c0000 - 0x00007ffa552ef000 	C:\Windows\SYSTEM32\dwmapi.dll
0x00007ffa4c8e0000 - 0x00007ffa4ca32000 	C:\Windows\SYSTEM32\inputhost.dll
0x00007ffa59090000 - 0x00007ffa5915d000 	C:\Windows\System32\OLEAUT32.dll
0x00007ffa54bf0000 - 0x00007ffa54ce2000 	C:\Windows\SYSTEM32\CoreMessaging.dll
0x00007ffa53250000 - 0x00007ffa53346000 	C:\Windows\SYSTEM32\PROPSYS.dll
0x00007ffa541b0000 - 0x00007ffa54305000 	C:\Windows\SYSTEM32\wintypes.dll
0x00007ffa54890000 - 0x00007ffa54beb000 	C:\Windows\SYSTEM32\CoreUIComponents.dll
0x00007ffa56b50000 - 0x00007ffa56b83000 	C:\Windows\SYSTEM32\ntmarta.dll
0x00007ffa550e0000 - 0x00007ffa5517e000 	C:\Windows\system32\uxtheme.dll
0x00007ffa58cc0000 - 0x00007ffa58dd4000 	C:\Windows\System32\MSCTF.dll
0x00007ff9fa660000 - 0x00007ff9fa785000 	C:\Windows\SYSTEM32\opengl32.dll
0x00007ff9fa600000 - 0x00007ff9fa62c000 	C:\Windows\SYSTEM32\GLU32.dll
0x00007ffa58ec0000 - 0x00007ffa58f69000 	C:\Windows\System32\clbcatq.dll
0x00007ffa52320000 - 0x00007ffa5234d000 	C:\Windows\System32\DriverStore\FileRepository\u0390451.inf_amd64_39377efdd62734d1\B390182\atig6pxx.dll
0x00007ff9e1c30000 - 0x00007ff9e5865000 	C:\Windows\System32\DriverStore\FileRepository\u0390451.inf_amd64_39377efdd62734d1\B390182\atio6axx.dll
0x00007ffa59750000 - 0x00007ffa59bbe000 	C:\Windows\System32\SETUPAPI.dll
0x00007ffa581d0000 - 0x00007ffa58237000 	C:\Windows\System32\WINTRUST.dll
0x00007ffa57d60000 - 0x00007ffa57ebd000 	C:\Windows\System32\CRYPT32.dll
0x00007ffa57530000 - 0x00007ffa57542000 	C:\Windows\SYSTEM32\MSASN1.dll

dbghelp: loaded successfully - version: 4.0.5 - missing functions: none
symbol engine: initialized successfully - sym options: 0x614 - pdb path: .;C:\Program Files\Java\jdk-17\bin;C:\Windows\SYSTEM32;C:\Windows\WinSxS\amd64_microsoft.windows.common-controls_6595b64144ccf1df_6.0.19041.3636_none_60b6a03d71f818d5;C:\Program Files\Java\jdk-17\bin\server;C:\Users\admin\AppData\Local\Temp\lwjgladmin\3.3.1-build-7;C:\Windows\System32\DriverStore\FileRepository\u0390451.inf_amd64_39377efdd62734d1\B390182

VM Arguments:
jvm_args: -Dforge.enableGameTest=true -Dforge.enabledGameTestNamespaces=enhanced_minecraft -Dforge.logging.console.level=debug -Dforge.logging.markers=REGISTRIES -DignoreList=bootstraplauncher,securejarhandler,asm-commons,asm-util,asm-analysis,asm-tree,asm,JarJarFileSystems,client-extra,fmlcore,javafmllanguage,lowcodelanguage,mclanguage,forge- -Djava.net.preferIPv6Addresses=system -DlegacyClassPath.file=D:\Repositorios Github\Enhanced-Minecraft-Mod\Enhanched_Minecraft_Mod\build\classpath\runClient_minecraftClasspath.txt -DmergeModules=jna-5.10.0.jar,jna-platform-5.10.0.jar --module-path=C:\Users\admin\.gradle\caches\modules-2\files-2.1\cpw.mods\bootstraplauncher\1.1.2\c546e00443d8432cda6baa1c860346980742628\bootstraplauncher-1.1.2.jar;C:\Users\admin\.gradle\caches\modules-2\files-2.1\cpw.mods\securejarhandler\2.1.10\51e6a22c6c716beb11e244bf5b8be480f51dd6b5\securejarhandler-2.1.10.jar;C:\Users\admin\.gradle\caches\modules-2\files-2.1\org.ow2.asm\asm-commons\9.5\19ab5b5800a3910d30d3a3e64fdb00fd0cb42de0\asm-commons-9.5.jar;C:\Users\admin\.gradle\caches\modules-2\files-2.1\org.ow2.asm\asm-util\9.5\64b5a1fc8c1b15ed2efd6a063e976bc8d3dc5ffe\asm-util-9.5.jar;C:\Users\admin\.gradle\caches\modules-2\files-2.1\org.ow2.asm\asm-analysis\9.5\490bacc77de7cbc0be1a30bb3471072d705be4a4\asm-analysis-9.5.jar;C:\Users\admin\.gradle\caches\modules-2\files-2.1\org.ow2.asm\asm-tree\9.5\fd33c8b6373abaa675be407082fdfda35021254a\asm-tree-9.5.jar;C:\Users\admin\.gradle\caches\modules-2\files-2.1\org.ow2.asm\asm\9.5\dc6ea1875f4d64fbc85e1691c95b96a3d8569c90\asm-9.5.jar;C:\Users\admin\.gradle\caches\modules-2\files-2.1\net.minecraftforge\JarJarFileSystems\0.3.19\2464eb7d6b9ddb9db36a82cf8a95193e5c6fe020\JarJarFileSystems-0.3.19.jar --add-modules=ALL-MODULE-PATH --add-opens=java.base/java.util.jar=cpw.mods.securejarhandler --add-opens=java.base/java.lang.invoke=cpw.mods.securejarhandler --add-exports=java.base/sun.security.util=cpw.mods.securejarhandler --add-exports=jdk.naming.dns/com.sun.jndi.dns=java.naming -XX:HeapDumpPath=MojangTricksIntelDriversForPerformance_javaw.exe_minecraft.exe.heapdump -Dfile.encoding=windows-1252 -Duser.country=AR -Duser.language=es -Duser.variant 
java_command: cpw.mods.bootstraplauncher.BootstrapLauncher --launchTarget forgeclientuserdev --version MOD_DEV --assetIndex 5 --assetsDir C:\Users\admin\.gradle\caches\forge_gradle\assets --gameDir . --fml.forgeVersion 47.2.0 --fml.mcVersion 1.20.1 --fml.forgeGroup net.minecraftforge --fml.mcpVersion 20230612.114412
java_class_path (initial): D:\Repositorios Github\Enhanced-Minecraft-Mod\Enhanched_Minecraft_Mod\build\classes\java\main;D:\Repositorios Github\Enhanced-Minecraft-Mod\Enhanched_Minecraft_Mod\build\resources\main;C:\Users\admin\.gradle\caches\forge_gradle\minecraft_user_repo\net\minecraftforge\forge\1.20.1-47.2.0_mapped_parchment_2023.06.26-1.20.1\forge-1.20.1-47.2.0_mapped_parchment_2023.06.26-1.20.1.jar;C:\Users\admin\.gradle\caches\forge_gradle\minecraft_repo\versions\1.20.1\client-extra.jar;C:\Users\admin\.gradle\caches\modules-2\files-2.1\net.minecraftforge\fmlearlydisplay\1.20.1-47.2.0\4c56a03dcedcb909c7eaa8469dd5a36c493a0008\fmlearlydisplay-1.20.1-47.2.0.jar;C:\Users\admin\.gradle\caches\modules-2\files-2.1\net.minecraftforge\javafmllanguage\1.20.1-47.2.0\7f9181f85acc66547685a72020713fc8cbde98\javafmllanguage-1.20.1-47.2.0.jar;C:\Users\admin\.gradle\caches\modules-2\files-2.1\net.minecraftforge\lowcodelanguage\1.20.1-47.2.0\7872f5205685fdd26fae39b1be79b0e60ca5b7bd\lowcodelanguage-1.20.1-47.2.0.jar;C:\Users\admin\.gradle\caches\modules-2\files-2.1\net.minecraftforge\mclanguage\1.20.1-47.2.0\d501d161cabed08b3c139a2c6217b02a39f3c3e9\mclanguage-1.20.1-47.2.0.jar;C:\Users\admin\.gradle\caches\modules-2\files-2.1\net.minecraftforge\fmlcore\1.20.1-47.2.0\ffd3c6debac0a388c9e33ac43c9f5eafb91cb466\fmlcore-1.20.1-47.2.0.jar;C:\Users\admin\.gradle\caches\modules-2\files-2.1\net.minecraftforge\fmlloader\1.20.1-47.2.0\7811231940c0a8b6008453bbc64fdf7fa1280fe9\fmlloader-1.20.1-47.2.0.jar;C:\Users\admin\.gradle\caches\modules-2\files-2.1\net.minecraftforge\JarJarSelector\0.3.19\376cc9c8ea60720cf027c01fc033de915699801c\JarJarSelector-0.3.19.jar;C:\Users\admin\.gradle\caches\modules-2\files-2.1\net.minecraftforge\JarJarMetadata\0.3.19\83feaa9b770e6ac0e96ee4fc23fa89325c5fe2\JarJarMetadata-0.3.19.jar;C:\Users\admin\.gradle\caches\modules-2\files-2.1\com.google.guava\guava\31.1-jre\60458f877d055d0c9114d9e1a2efb737b4bc282c\guava-31.1-jre.jar;C:\Users\admin\.gradle\caches\modules-2
Launcher Type: SUN_STANDARD

[Global flags]
     intx CICompilerCount                          = 3                                         {product} {ergonomic}
     uint ConcGCThreads                            = 1                                         {product} {ergonomic}
     uint G1ConcRefinementThreads                  = 4                                         {product} {ergonomic}
   size_t G1HeapRegionSize                         = 1048576                                   {product} {ergonomic}
    uintx GCDrainStackTargetSize                   = 64                                        {product} {ergonomic}
    ccstr HeapDumpPath                             = MojangTricksIntelDriversForPerformance_javaw.exe_minecraft.exe.heapdump         {manageable} {command line}
   size_t InitialHeapSize                          = 100663296                                 {product} {ergonomic}
   size_t MarkStackSize                            = 4194304                                   {product} {ergonomic}
   size_t MaxHeapSize                              = 1598029824                                {product} {ergonomic}
   size_t MaxNewSize                               = 958398464                                 {product} {ergonomic}
   size_t MinHeapDeltaBytes                        = 1048576                                   {product} {ergonomic}
   size_t MinHeapSize                              = 8388608                                   {product} {ergonomic}
    uintx NonNMethodCodeHeapSize                   = 5832780                                {pd product} {ergonomic}
    uintx NonProfiledCodeHeapSize                  = 122912730                              {pd product} {ergonomic}
    uintx ProfiledCodeHeapSize                     = 122912730                              {pd product} {ergonomic}
    uintx ReservedCodeCacheSize                    = 251658240                              {pd product} {ergonomic}
     bool SegmentedCodeCache                       = true                                      {product} {ergonomic}
   size_t SoftMaxHeapSize                          = 1598029824                             {manageable} {ergonomic}
     bool UseCompressedClassPointers               = true                           {product lp64_product} {ergonomic}
     bool UseCompressedOops                        = true                           {product lp64_product} {ergonomic}
     bool UseG1GC                                  = true                                      {product} {ergonomic}
     bool UseLargePagesIndividualAllocation        = false                                  {pd product} {ergonomic}

Logging:
Log output configuration:
 #0: stdout all=warning uptime,level,tags
 #1: stderr all=off uptime,level,tags

Environment Variables:
JAVA_HOME=C:\Program Files\Eclipse Adoptium\jdk-17.0.9.9-hotspot\
PATH=C:\Program Files\Eclipse Adoptium\jdk-17.0.9.9-hotspot\bin;C:\Program Files\Common Files\Oracle\Java\javapath;C:\Program Files (x86)\Common Files\Oracle\Java\javapath;C:\Windows\system32;C:\Windows;C:\Windows\System32\Wbem;C:\Windows\System32\WindowsPowerShell\v1.0\;C:\Windows\System32\OpenSSH\;C:\Program Files\dotnet\;C:\Program Files\Git\cmd;C:\Users\admin\AppData\Local\Microsoft\WindowsApps;C:\Users\admin\.dotnet\tools;C:\Users\admin\AppData\Local\GitHubDesktop\bin
USERNAME=admin
OS=Windows_NT
PROCESSOR_IDENTIFIER=AMD64 Family 23 Model 17 Stepping 0, AuthenticAMD



---------------  S Y S T E M  ---------------

OS:
 Windows 10 , 64 bit Build 19041 (10.0.19041.3636)
OS uptime: 0 days 0:12 hours

CPU: total 4 (initial active 4) (4 cores per cpu, 2 threads per core) family 23 model 17 stepping 0 microcode 0x0, cx8, cmov, fxsr, ht, mmx, 3dnowpref, sse, sse2, sse3, ssse3, sse4a, sse4.1, sse4.2, popcnt, lzcnt, tsc, tscinvbit, avx, avx2, aes, clmul, bmi1, bmi2, adx, sha, fma, vzeroupper, clflush, clflushopt

Memory: 4k page, system-wide physical 6092M (363M free)
TotalPageFile size 10957M (AvailPageFile size 1363M)
current process WorkingSet (physical memory assigned to process): 209M, peak: 209M
current process commit charge ("private bytes"): 249M, peak: 250M

vm_info: Java HotSpot(TM) 64-Bit Server VM (17.0.9+11-LTS-201) for windows-amd64 JRE (17.0.9+11-LTS-201), built on Oct 10 2023 23:16:06 by "mach5one" with MS VC++ 17.1 (VS2022)

END.
