#
# A fatal error has been detected by the Java Runtime Environment:
#
#  EXCEPTION_ACCESS_VIOLATION (0xc0000005) at pc=0x00007ff9e1dc2b60, pid=8640, tid=4684
#
# JRE version: Java(TM) SE Runtime Environment (17.0.9+11) (build 17.0.9+11-LTS-201)
# Java VM: Java HotSpot(TM) 64-Bit Server VM (17.0.9+11-LTS-201, mixed mode, sharing, tiered, compressed oops, compressed class ptrs, g1 gc, windows-amd64)
# Problematic frame:
# C  [atio6axx.dll+0x192b60]
#
# No core dump will be written. Minidumps are not enabled by default on client versions of Windows
#
# If you would like to submit a bug report, please visit:
#   https://bugreport.java.com/bugreport/crash.jsp
# The crash happened outside the Java Virtual Machine in native code.
# See problematic frame for where to report the bug.
#

---------------  S U M M A R Y ------------

Command Line: -Dforge.enableGameTest=true -Dforge.enabledGameTestNamespaces=enhanced_minecraft -Dforge.logging.console.level=debug -Dforge.logging.markers=REGISTRIES -DignoreList=bootstraplauncher,securejarhandler,asm-commons,asm-util,asm-analysis,asm-tree,asm,JarJarFileSystems,client-extra,fmlcore,javafmllanguage,lowcodelanguage,mclanguage,forge- -Djava.net.preferIPv6Addresses=system -DlegacyClassPath.file=D:\Repositorios Github\Enhanced-Minecraft-Mod\Enhanched_Minecraft_Mod\build\classpath\runClient_minecraftClasspath.txt -DmergeModules=jna-5.10.0.jar,jna-platform-5.10.0.jar --module-path=C:\Users\admin\.gradle\caches\modules-2\files-2.1\cpw.mods\bootstraplauncher\1.1.2\c546e00443d8432cda6baa1c860346980742628\bootstraplauncher-1.1.2.jar;C:\Users\admin\.gradle\caches\modules-2\files-2.1\cpw.mods\securejarhandler\2.1.10\51e6a22c6c716beb11e244bf5b8be480f51dd6b5\securejarhandler-2.1.10.jar;C:\Users\admin\.gradle\caches\modules-2\files-2.1\org.ow2.asm\asm-commons\9.5\19ab5b5800a3910d30d3a3e64fdb00fd0cb42de0\asm-commons-9.5.jar;C:\Users\admin\.gradle\caches\modules-2\files-2.1\org.ow2.asm\asm-util\9.5\64b5a1fc8c1b15ed2efd6a063e976bc8d3dc5ffe\asm-util-9.5.jar;C:\Users\admin\.gradle\caches\modules-2\files-2.1\org.ow2.asm\asm-analysis\9.5\490bacc77de7cbc0be1a30bb3471072d705be4a4\asm-analysis-9.5.jar;C:\Users\admin\.gradle\caches\modules-2\files-2.1\org.ow2.asm\asm-tree\9.5\fd33c8b6373abaa675be407082fdfda35021254a\asm-tree-9.5.jar;C:\Users\admin\.gradle\caches\modules-2\files-2.1\org.ow2.asm\asm\9.5\dc6ea1875f4d64fbc85e1691c95b96a3d8569c90\asm-9.5.jar;C:\Users\admin\.gradle\caches\modules-2\files-2.1\net.minecraftforge\JarJarFileSystems\0.3.19\2464eb7d6b9ddb9db36a82cf8a95193e5c6fe020\JarJarFileSystems-0.3.19.jar --add-modules=ALL-MODULE-PATH --add-opens=java.base/java.util.jar=cpw.mods.securejarhandler --add-opens=java.base/java.lang.invoke=cpw.mods.securejarhandler --add-exports=java.base/sun.security.util=cpw.mods.securejarhandler --add-exports=jdk.naming.dns/com.sun.jndi.dns=java.naming -XX:HeapDumpPath=MojangTricksIntelDriversForPerformance_javaw.exe_minecraft.exe.heapdump -Dfile.encoding=windows-1252 -Duser.country=AR -Duser.language=es -Duser.variant cpw.mods.bootstraplauncher.BootstrapLauncher --launchTarget forgeclientuserdev --version MOD_DEV --assetIndex 5 --assetsDir C:\Users\admin\.gradle\caches\forge_gradle\assets --gameDir . --fml.forgeVersion 47.2.0 --fml.mcVersion 1.20.1 --fml.forgeGroup net.minecraftforge --fml.mcpVersion 20230612.114412

Host: AMD Ryzen 3 2200U with Radeon Vega Mobile Gfx  , 4 cores, 5G,  Windows 10 , 64 bit Build 19041 (10.0.19041.3636)
Time: Tue Jan  9 12:11:29 2024 Hora estándar de Argentina elapsed time: 7.249119 seconds (0d 0h 0m 7s)

---------------  T H R E A D  ---------------

Current thread (0x0000020faacad5f0):  JavaThread "main" [_thread_in_native, id=4684, stack(0x0000008263d00000,0x0000008263e00000)]

Stack: [0x0000008263d00000,0x0000008263e00000],  sp=0x0000008263dfb9d8,  free space=1006k
Native frames: (J=compiled Java code, j=interpreted, Vv=VM code, C=native code)
C  [atio6axx.dll+0x192b60]

Java frames: (J=compiled Java code, j=interpreted, Vv=VM code)
j  org.lwjgl.system.JNI.invokePPPP(IIJJJJ)J+0 org.lwjgl@3.3.1+7
j  org.lwjgl.glfw.GLFW.nglfwCreateWindow(IIJJJ)J+14 org.lwjgl.glfw@3.3.1+7
j  org.lwjgl.glfw.GLFW.glfwCreateWindow(IILjava/lang/CharSequence;JJ)J+34 org.lwjgl.glfw@3.3.1+7
j  net.minecraftforge.fml.earlydisplay.DisplayWindow.initWindow(Ljava/lang/String;)V+408 fmlearlydisplay@1.20.1-47.2.0
j  net.minecraftforge.fml.earlydisplay.DisplayWindow.start(Ljava/lang/String;Ljava/lang/String;)Ljava/lang/Runnable;+14 fmlearlydisplay@1.20.1-47.2.0
j  net.minecraftforge.fml.earlydisplay.DisplayWindow.initialize([Ljava/lang/String;)Ljava/lang/Runnable;+410 fmlearlydisplay@1.20.1-47.2.0
j  net.minecraftforge.fml.loading.ImmediateWindowHandler.load(Ljava/lang/String;[Ljava/lang/String;)V+180 fmlloader@1.20.1-47.2.0
j  net.minecraftforge.fml.loading.ModDirTransformerDiscoverer.earlyInitialization(Ljava/lang/String;[Ljava/lang/String;)V+2 fmlloader@1.20.1-47.2.0
j  cpw.mods.modlauncher.TransformationServicesHandler.lambda$discoverServices$18(Lcpw/mods/modlauncher/ArgumentHandler$DiscoveryData;Lcpw/mods/modlauncher/serviceapi/ITransformerDiscoveryService;)V+9 cpw.mods.modlauncher@10.0.9
j  cpw.mods.modlauncher.TransformationServicesHandler$$Lambda$416+0x0000020fcb216db0.accept(Ljava/lang/Object;)V+8 cpw.mods.modlauncher@10.0.9
j  java.lang.Iterable.forEach(Ljava/util/function/Consumer;)V+30 java.base@17.0.9
j  cpw.mods.modlauncher.TransformationServicesHandler.discoverServices(Lcpw/mods/modlauncher/ArgumentHandler$DiscoveryData;)V+145 cpw.mods.modlauncher@10.0.9
j  cpw.mods.modlauncher.Launcher.run([Ljava/lang/String;)V+14 cpw.mods.modlauncher@10.0.9
j  cpw.mods.modlauncher.Launcher.main([Ljava/lang/String;)V+78 cpw.mods.modlauncher@10.0.9
j  cpw.mods.modlauncher.BootstrapLaunchConsumer.accept([Ljava/lang/String;)V+1 cpw.mods.modlauncher@10.0.9
j  cpw.mods.modlauncher.BootstrapLaunchConsumer.accept(Ljava/lang/Object;)V+5 cpw.mods.modlauncher@10.0.9
j  cpw.mods.bootstraplauncher.BootstrapLauncher.main([Ljava/lang/String;)V+515 cpw.mods.bootstraplauncher@1.1.2
v  ~StubRoutines::call_stub

siginfo: EXCEPTION_ACCESS_VIOLATION (0xc0000005), reading address 0xffffffffffffffff


Register to memory mapping:

RIP=0x00007ff9e1dc2b60 atio6axx.dll
RAX=0x0 is NULL
RBX=0x00007ff9e56033b0 atio6axx.dll
RCX=0x65686361635c656c is an unknown value
RDX=0x00000000000000d0 is an unknown value
RSP=0x0000008263dfb9d8 is pointing into the stack for thread: 0x0000020faacad5f0
RBP=0x0000008263dfbb40 is pointing into the stack for thread: 0x0000020faacad5f0
RSI=0x00007ff9e5512d40 atio6axx.dll
RDI=0x0000008263dfbe30 is pointing into the stack for thread: 0x0000020faacad5f0
R8 =0x00000000000001a5 is an unknown value
R9 =0x65686361635c656c is an unknown value
R10=0x0 is NULL
R11=0x0000000000000200 is an unknown value
R12=0x00007ff9e5603408 atio6axx.dll
R13=0x00007ff9e5605c08 atio6axx.dll
R14=0x00007ff9e56033b0 atio6axx.dll
R15=0x0 is NULL


Registers:
RAX=0x0000000000000000, RBX=0x00007ff9e56033b0, RCX=0x65686361635c656c, RDX=0x00000000000000d0
RSP=0x0000008263dfb9d8, RBP=0x0000008263dfbb40, RSI=0x00007ff9e5512d40, RDI=0x0000008263dfbe30
R8 =0x00000000000001a5, R9 =0x65686361635c656c, R10=0x0000000000000000, R11=0x0000000000000200
R12=0x00007ff9e5603408, R13=0x00007ff9e5605c08, R14=0x00007ff9e56033b0, R15=0x0000000000000000
RIP=0x00007ff9e1dc2b60, EFLAGS=0x0000000000010202

Top of Stack: (sp=0x0000008263dfb9d8)
0x0000008263dfb9d8:   00007ff9e1dc2e7c 00007ff9e5606020
0x0000008263dfb9e8:   0000020fc971bb58 0000000000000000
0x0000008263dfb9f8:   00007ff9e1dc3e8d 0000008263dfbe30
0x0000008263dfba08:   00007ff9e1d7f484 00007ff9e56033b0
0x0000008263dfba18:   00007ff9e5512d40 0000652e6176616a
0x0000008263dfba28:   00001bfba5f845a5 0000008263dfbe30
0x0000008263dfba38:   00007ff9e1d80457 00007ff9e56033b8
0x0000008263dfba48:   00007ff9e5512d40 00007ff9e5512d40
0x0000008263dfba58:   0000020fc981ce98 00007ff9e56033b0
0x0000008263dfba68:   00007ffa00000000 0000000000000009
0x0000008263dfba78:   0000020fc981d060 0000020fc981d1c8
0x0000008263dfba88:   00007ff9e56033b8 0000008263dfbe30
0x0000008263dfba98:   0000008263dfbbe1 00007f006176616a
0x0000008263dfbaa8:   00007f006176616a 46676e697274535c
0x0000008263dfbab8:   5c6f666e49656c69 3062343039303430
0x0000008263dfbac8:   726556656c69465c 000000006e6f6973 

Instructions: (pc=0x00007ff9e1dc2b60)
0x00007ff9e1dc2a60:   74 09 33 c9 ff 15 e6 89 66 03 90 48 8b c3 48 83
0x00007ff9e1dc2a70:   c4 20 5b c3 cc cc cc cc cc cc cc cc cc cc cc cc
0x00007ff9e1dc2a80:   48 83 ec 28 48 8b 51 08 48 85 d2 74 09 33 c9 ff
0x00007ff9e1dc2a90:   15 bb 89 66 03 90 48 83 c4 28 c3 cc cc cc cc cc
0x00007ff9e1dc2aa0:   48 89 11 c3 cc cc cc cc cc cc cc cc cc cc cc cc
0x00007ff9e1dc2ab0:   48 8b c1 c3 cc cc cc cc cc cc cc cc cc cc cc cc
0x00007ff9e1dc2ac0:   48 3b ca 74 10 41 8b 00 39 01 74 09 48 83 c1 04
0x00007ff9e1dc2ad0:   48 3b ca 75 f3 48 8b c1 c3 cc cc cc cc cc cc cc
0x00007ff9e1dc2ae0:   48 8b c1 c3 cc cc cc cc cc cc cc cc cc cc cc cc
0x00007ff9e1dc2af0:   48 83 39 00 0f 94 c0 c3 cc cc cc cc cc cc cc cc
0x00007ff9e1dc2b00:   4c 8d 04 d5 00 00 00 00 33 d2 e9 c1 d0 dd 01 cc
0x00007ff9e1dc2b10:   4c 8b 41 08 48 8b 02 49 89 00 48 83 41 08 08 c3
0x00007ff9e1dc2b20:   48 8b c1 c3 cc cc cc cc cc cc cc cc cc cc cc cc
0x00007ff9e1dc2b30:   48 8b c1 c3 cc cc cc cc cc cc cc cc cc cc cc cc
0x00007ff9e1dc2b40:   49 8b 00 48 89 02 c3 cc cc cc cc cc cc cc cc cc
0x00007ff9e1dc2b50:   8b 81 40 39 00 00 c3 cc cc cc cc cc cc cc cc cc
0x00007ff9e1dc2b60:   8b 81 40 39 00 00 83 c0 f0 83 f8 67 0f 87 5a 01
0x00007ff9e1dc2b70:   00 00 48 8d 15 87 d4 e6 ff 0f b6 84 02 f0 2c 19
0x00007ff9e1dc2b80:   00 8b 8c 82 d0 2c 19 00 48 03 ca ff e1 48 8b 0d
0x00007ff9e1dc2b90:   6c 6f 7e 03 83 b9 b4 34 00 00 02 0f 87 2b 01 00
0x00007ff9e1dc2ba0:   00 48 8d 91 0c 29 00 00 c7 02 e1 00 00 00 e9 ce
0x00007ff9e1dc2bb0:   00 00 00 48 8b 0d 46 6f 7e 03 83 b9 b4 34 00 00
0x00007ff9e1dc2bc0:   02 0f 87 05 01 00 00 48 8d 91 0c 29 00 00 c7 02
0x00007ff9e1dc2bd0:   f0 00 00 00 e9 a8 00 00 00 48 8b 0d 20 6f 7e 03
0x00007ff9e1dc2be0:   83 b9 b4 34 00 00 02 0f 87 df 00 00 00 48 8d 91
0x00007ff9e1dc2bf0:   0c 29 00 00 c7 02 00 04 00 00 e9 82 00 00 00 48
0x00007ff9e1dc2c00:   8b 0d fa 6e 7e 03 83 b9 b4 34 00 00 02 0f 87 b9
0x00007ff9e1dc2c10:   00 00 00 48 8d 91 0c 29 00 00 c7 02 00 08 00 00
0x00007ff9e1dc2c20:   eb 5f 48 8b 0d d7 6e 7e 03 83 b9 b4 34 00 00 02
0x00007ff9e1dc2c30:   0f 87 96 00 00 00 48 8d 91 0c 29 00 00 c7 02 00
0x00007ff9e1dc2c40:   09 00 00 eb 3c 48 8b 0d b4 6e 7e 03 83 b9 b4 34
0x00007ff9e1dc2c50:   00 00 02 77 77 48 8d 91 0c 29 00 00 c7 02 3c 0f 


Stack slot to memory mapping:
stack at sp + 0 slots: 0x00007ff9e1dc2e7c atio6axx.dll
stack at sp + 1 slots: 0x00007ff9e5606020 atio6axx.dll
stack at sp + 2 slots: 0x0000020fc971bb58 points into unknown readable memory: 0x00007ff9e4e0f5f0 | f0 f5 e0 e4 f9 7f 00 00
stack at sp + 3 slots: 0x0 is NULL
stack at sp + 4 slots: 0x00007ff9e1dc3e8d atio6axx.dll
stack at sp + 5 slots: 0x0000008263dfbe30 is pointing into the stack for thread: 0x0000020faacad5f0
stack at sp + 6 slots: 0x00007ff9e1d7f484 atio6axx.dll
stack at sp + 7 slots: 0x00007ff9e56033b0 atio6axx.dll


---------------  P R O C E S S  ---------------

Threads class SMR info:
_java_thread_list=0x000002100f562ba0, length=14, elements={
0x0000020faacad5f0, 0x0000020fc937b140, 0x0000020fc937bed0, 0x0000020fc9391060,
0x0000020fc9393e50, 0x0000020fc9394720, 0x0000020fc9394ff0, 0x0000020fc9399dc0,
0x0000020fc93a2790, 0x0000020fc93be8a0, 0x0000020fc95c6680, 0x0000020fc9737b00,
0x0000021010b639f0, 0x0000020fc96d5a60
}

Java Threads: ( => current thread )
=>0x0000020faacad5f0 JavaThread "main" [_thread_in_native, id=4684, stack(0x0000008263d00000,0x0000008263e00000)]
  0x0000020fc937b140 JavaThread "Reference Handler" daemon [_thread_blocked, id=2520, stack(0x0000008264400000,0x0000008264500000)]
  0x0000020fc937bed0 JavaThread "Finalizer" daemon [_thread_blocked, id=12456, stack(0x0000008264500000,0x0000008264600000)]
  0x0000020fc9391060 JavaThread "Signal Dispatcher" daemon [_thread_blocked, id=6176, stack(0x0000008264600000,0x0000008264700000)]
  0x0000020fc9393e50 JavaThread "Attach Listener" daemon [_thread_blocked, id=10232, stack(0x0000008264700000,0x0000008264800000)]
  0x0000020fc9394720 JavaThread "Service Thread" daemon [_thread_blocked, id=9428, stack(0x0000008264800000,0x0000008264900000)]
  0x0000020fc9394ff0 JavaThread "Monitor Deflation Thread" daemon [_thread_blocked, id=10056, stack(0x0000008264900000,0x0000008264a00000)]
  0x0000020fc9399dc0 JavaThread "C2 CompilerThread0" daemon [_thread_in_native, id=6340, stack(0x0000008264a00000,0x0000008264b00000)]
  0x0000020fc93a2790 JavaThread "C1 CompilerThread0" daemon [_thread_blocked, id=10500, stack(0x0000008264b00000,0x0000008264c00000)]
  0x0000020fc93be8a0 JavaThread "Sweeper thread" daemon [_thread_blocked, id=5984, stack(0x0000008264c00000,0x0000008264d00000)]
  0x0000020fc95c6680 JavaThread "Common-Cleaner" daemon [_thread_blocked, id=5952, stack(0x0000008264d00000,0x0000008264e00000)]
  0x0000020fc9737b00 JavaThread "Notification Thread" daemon [_thread_blocked, id=12724, stack(0x0000008264f00000,0x0000008265000000)]
  0x0000021010b639f0 JavaThread "C2 CompilerThread1" daemon [_thread_blocked, id=11208, stack(0x0000008264e00000,0x0000008264f00000)]
  0x0000020fc96d5a60 JavaThread "pool-2-thread-1" daemon [_thread_blocked, id=6560, stack(0x0000008265700000,0x0000008265800000)]

Other Threads:
  0x0000020fc9374f10 VMThread "VM Thread" [stack: 0x0000008264300000,0x0000008264400000] [id=7948]
  0x0000020face37700 WatcherThread [stack: 0x0000008265000000,0x0000008265100000] [id=10956]
  0x0000020face1ca80 GCTaskThread "GC Thread#0" [stack: 0x0000008263e00000,0x0000008263f00000] [id=9400]
  0x000002100f390690 GCTaskThread "GC Thread#1" [stack: 0x0000008265100000,0x0000008265200000] [id=888]
  0x000002100f456cb0 GCTaskThread "GC Thread#2" [stack: 0x0000008265200000,0x0000008265300000] [id=7752]
  0x000002100f456f70 GCTaskThread "GC Thread#3" [stack: 0x0000008265300000,0x0000008265400000] [id=9408]
  0x0000020face2a770 ConcurrentGCThread "G1 Main Marker" [stack: 0x0000008263f00000,0x0000008264000000] [id=9048]
  0x0000020face2c040 ConcurrentGCThread "G1 Conc#0" [stack: 0x0000008264000000,0x0000008264100000] [id=9688]
  0x0000020face7f230 ConcurrentGCThread "G1 Refine#0" [stack: 0x0000008264100000,0x0000008264200000] [id=3896]
  0x0000020face7fb70 ConcurrentGCThread "G1 Service" [stack: 0x0000008264200000,0x0000008264300000] [id=9412]

Threads with active compile tasks:
C2 CompilerThread0     7308 3644       4       java.lang.invoke.MethodType::makeImpl (109 bytes)

VM state: not at safepoint (normal execution)

VM Mutex/Monitor currently owned by a thread: None

Heap address: 0x00000000a0c00000, size: 1524 MB, Compressed Oops mode: 32-bit

CDS archive(s) mapped at: [0x0000020fca000000-0x0000020fcabd0000-0x0000020fcabd0000), size 12386304, SharedBaseAddress: 0x0000020fca000000, ArchiveRelocationMode: 1.
Compressed class space mapped at: 0x0000020fcb000000-0x000002100b000000, reserved size: 1073741824
Narrow klass base: 0x0000020fca000000, Narrow klass shift: 0, Narrow klass range: 0x100000000

GC Precious Log:
 CPUs: 4 total, 4 available
 Memory: 6092M
 Large Page Support: Disabled
 NUMA Support: Disabled
 Compressed Oops: Enabled (32-bit)
 Heap Region Size: 1M
 Heap Min Capacity: 8M
 Heap Initial Capacity: 96M
 Heap Max Capacity: 1524M
 Pre-touch: Disabled
 Parallel Workers: 4
 Concurrent Workers: 1
 Concurrent Refinement Workers: 4
 Periodic GC: Disabled

Heap:
 garbage-first heap   total 118784K, used 45850K [0x00000000a0c00000, 0x0000000100000000)
  region size 1024K, 15 young (15360K), 7 survivors (7168K)
 Metaspace       used 16733K, committed 17088K, reserved 1114112K
  class space    used 1905K, committed 2048K, reserved 1048576K

Heap Regions: E=young(eden), S=young(survivor), O=old, HS=humongous(starts), HC=humongous(continues), CS=collection set, F=free, OA=open archive, CA=closed archive, TAMS=top-at-mark-start (previous, next)
|   0|0x00000000a0c00000, 0x00000000a0d00000, 0x00000000a0d00000|100%|HS|  |TAMS 0x00000000a0c00000, 0x00000000a0c00000| Complete 
|   1|0x00000000a0d00000, 0x00000000a0e00000, 0x00000000a0e00000|100%|HS|  |TAMS 0x00000000a0d00000, 0x00000000a0d00000| Complete 
|   2|0x00000000a0e00000, 0x00000000a0f00000, 0x00000000a0f00000|100%|HC|  |TAMS 0x00000000a0e00000, 0x00000000a0e00000| Complete 
|   3|0x00000000a0f00000, 0x00000000a1000000, 0x00000000a1000000|100%| O|  |TAMS 0x00000000a0f00000, 0x00000000a0f00000| Untracked 
|   4|0x00000000a1000000, 0x00000000a1100000, 0x00000000a1100000|100%| O|  |TAMS 0x00000000a1000000, 0x00000000a1000000| Untracked 
|   5|0x00000000a1100000, 0x00000000a1200000, 0x00000000a1200000|100%| O|  |TAMS 0x00000000a1100000, 0x00000000a1100000| Untracked 
|   6|0x00000000a1200000, 0x00000000a1300000, 0x00000000a1300000|100%|HS|  |TAMS 0x00000000a1200000, 0x00000000a1200000| Complete 
|   7|0x00000000a1300000, 0x00000000a1400000, 0x00000000a1400000|100%|HC|  |TAMS 0x00000000a1300000, 0x00000000a1300000| Complete 
|   8|0x00000000a1400000, 0x00000000a1500000, 0x00000000a1500000|100%| O|  |TAMS 0x00000000a1400000, 0x00000000a1400000| Untracked 
|   9|0x00000000a1500000, 0x00000000a1600000, 0x00000000a1600000|100%| O|  |TAMS 0x00000000a1500000, 0x00000000a1500000| Untracked 
|  10|0x00000000a1600000, 0x00000000a1700000, 0x00000000a1700000|100%| O|  |TAMS 0x00000000a1600000, 0x00000000a1600000| Untracked 
|  11|0x00000000a1700000, 0x00000000a1800000, 0x00000000a1800000|100%|HS|  |TAMS 0x00000000a1700000, 0x00000000a1700000| Complete 
|  12|0x00000000a1800000, 0x00000000a1900000, 0x00000000a1900000|100%|HC|  |TAMS 0x00000000a1800000, 0x00000000a1800000| Complete 
|  13|0x00000000a1900000, 0x00000000a1a00000, 0x00000000a1a00000|100%| O|  |TAMS 0x00000000a1900000, 0x00000000a1900000| Untracked 
|  14|0x00000000a1a00000, 0x00000000a1b00000, 0x00000000a1b00000|100%| O|  |TAMS 0x00000000a1a00000, 0x00000000a1a00000| Untracked 
|  15|0x00000000a1b00000, 0x00000000a1c00000, 0x00000000a1c00000|100%| O|  |TAMS 0x00000000a1b00000, 0x00000000a1b00000| Untracked 
|  16|0x00000000a1c00000, 0x00000000a1d00000, 0x00000000a1d00000|100%| O|  |TAMS 0x00000000a1c00000, 0x00000000a1c00000| Untracked 
|  17|0x00000000a1d00000, 0x00000000a1e00000, 0x00000000a1e00000|100%| O|  |TAMS 0x00000000a1d00000, 0x00000000a1d00000| Untracked 
|  18|0x00000000a1e00000, 0x00000000a1f00000, 0x00000000a1f00000|100%| O|  |TAMS 0x00000000a1e00000, 0x00000000a1e00000| Untracked 
|  19|0x00000000a1f00000, 0x00000000a2000000, 0x00000000a2000000|100%| O|  |TAMS 0x00000000a1f00000, 0x00000000a1f00000| Untracked 
|  20|0x00000000a2000000, 0x00000000a2100000, 0x00000000a2100000|100%|HS|  |TAMS 0x00000000a2000000, 0x00000000a2000000| Complete 
|  21|0x00000000a2100000, 0x00000000a2200000, 0x00000000a2200000|100%|HC|  |TAMS 0x00000000a2100000, 0x00000000a2100000| Complete 
|  22|0x00000000a2200000, 0x00000000a2300000, 0x00000000a2300000|100%| O|  |TAMS 0x00000000a2200000, 0x00000000a2200000| Untracked 
|  23|0x00000000a2300000, 0x00000000a2400000, 0x00000000a2400000|100%| O|  |TAMS 0x00000000a2300000, 0x00000000a2300000| Untracked 
|  24|0x00000000a2400000, 0x00000000a2500000, 0x00000000a2500000|100%| O|  |TAMS 0x00000000a2400000, 0x00000000a2400000| Untracked 
|  25|0x00000000a2500000, 0x00000000a2600000, 0x00000000a2600000|100%| O|  |TAMS 0x00000000a2500000, 0x00000000a2500000| Untracked 
|  26|0x00000000a2600000, 0x00000000a2700000, 0x00000000a2700000|100%| O|  |TAMS 0x00000000a2600000, 0x00000000a2600000| Untracked 
|  27|0x00000000a2700000, 0x00000000a2800000, 0x00000000a2800000|100%| O|  |TAMS 0x00000000a2700000, 0x00000000a2700000| Untracked 
|  28|0x00000000a2800000, 0x00000000a2900000, 0x00000000a2900000|100%| O|  |TAMS 0x00000000a2800000, 0x00000000a2800000| Untracked 
|  29|0x00000000a2900000, 0x00000000a2a00000, 0x00000000a2a00000|100%| O|  |TAMS 0x00000000a2900000, 0x00000000a2900000| Untracked 
|  30|0x00000000a2a00000, 0x00000000a2ac6a00, 0x00000000a2b00000| 77%| O|  |TAMS 0x00000000a2a00000, 0x00000000a2a00000| Untracked 
|  31|0x00000000a2b00000, 0x00000000a2b00000, 0x00000000a2c00000|  0%| F|  |TAMS 0x00000000a2b00000, 0x00000000a2b00000| Untracked 
|  32|0x00000000a2c00000, 0x00000000a2c00000, 0x00000000a2d00000|  0%| F|  |TAMS 0x00000000a2c00000, 0x00000000a2c00000| Untracked 
|  33|0x00000000a2d00000, 0x00000000a2d00000, 0x00000000a2e00000|  0%| F|  |TAMS 0x00000000a2d00000, 0x00000000a2d00000| Untracked 
|  34|0x00000000a2e00000, 0x00000000a2e00000, 0x00000000a2f00000|  0%| F|  |TAMS 0x00000000a2e00000, 0x00000000a2e00000| Untracked 
|  35|0x00000000a2f00000, 0x00000000a2f00000, 0x00000000a3000000|  0%| F|  |TAMS 0x00000000a2f00000, 0x00000000a2f00000| Untracked 
|  36|0x00000000a3000000, 0x00000000a3000000, 0x00000000a3100000|  0%| F|  |TAMS 0x00000000a3000000, 0x00000000a3000000| Untracked 
|  37|0x00000000a3100000, 0x00000000a3100000, 0x00000000a3200000|  0%| F|  |TAMS 0x00000000a3100000, 0x00000000a3100000| Untracked 
|  38|0x00000000a3200000, 0x00000000a3200000, 0x00000000a3300000|  0%| F|  |TAMS 0x00000000a3200000, 0x00000000a3200000| Untracked 
|  39|0x00000000a3300000, 0x00000000a3300000, 0x00000000a3400000|  0%| F|  |TAMS 0x00000000a3300000, 0x00000000a3300000| Untracked 
|  40|0x00000000a3400000, 0x00000000a3400000, 0x00000000a3500000|  0%| F|  |TAMS 0x00000000a3400000, 0x00000000a3400000| Untracked 
|  41|0x00000000a3500000, 0x00000000a3500000, 0x00000000a3600000|  0%| F|  |TAMS 0x00000000a3500000, 0x00000000a3500000| Untracked 
|  42|0x00000000a3600000, 0x00000000a3600000, 0x00000000a3700000|  0%| F|  |TAMS 0x00000000a3600000, 0x00000000a3600000| Untracked 
|  43|0x00000000a3700000, 0x00000000a3700000, 0x00000000a3800000|  0%| F|  |TAMS 0x00000000a3700000, 0x00000000a3700000| Untracked 
|  44|0x00000000a3800000, 0x00000000a3800000, 0x00000000a3900000|  0%| F|  |TAMS 0x00000000a3800000, 0x00000000a3800000| Untracked 
|  45|0x00000000a3900000, 0x00000000a3900000, 0x00000000a3a00000|  0%| F|  |TAMS 0x00000000a3900000, 0x00000000a3900000| Untracked 
|  46|0x00000000a3a00000, 0x00000000a3a00000, 0x00000000a3b00000|  0%| F|  |TAMS 0x00000000a3a00000, 0x00000000a3a00000| Untracked 
|  47|0x00000000a3b00000, 0x00000000a3b00000, 0x00000000a3c00000|  0%| F|  |TAMS 0x00000000a3b00000, 0x00000000a3b00000| Untracked 
|  48|0x00000000a3c00000, 0x00000000a3c00000, 0x00000000a3d00000|  0%| F|  |TAMS 0x00000000a3c00000, 0x00000000a3c00000| Untracked 
|  49|0x00000000a3d00000, 0x00000000a3e00000, 0x00000000a3e00000|100%| S|CS|TAMS 0x00000000a3d00000, 0x00000000a3d00000| Complete 
|  50|0x00000000a3e00000, 0x00000000a3f00000, 0x00000000a3f00000|100%| S|CS|TAMS 0x00000000a3e00000, 0x00000000a3e00000| Complete 
|  51|0x00000000a3f00000, 0x00000000a3f00000, 0x00000000a4000000|  0%| F|  |TAMS 0x00000000a3f00000, 0x00000000a3f00000| Untracked 
|  52|0x00000000a4000000, 0x00000000a4000000, 0x00000000a4100000|  0%| F|  |TAMS 0x00000000a4000000, 0x00000000a4000000| Untracked 
|  53|0x00000000a4100000, 0x00000000a4100000, 0x00000000a4200000|  0%| F|  |TAMS 0x00000000a4100000, 0x00000000a4100000| Untracked 
|  54|0x00000000a4200000, 0x00000000a4200000, 0x00000000a4300000|  0%| F|  |TAMS 0x00000000a4200000, 0x00000000a4200000| Untracked 
|  55|0x00000000a4300000, 0x00000000a4400000, 0x00000000a4400000|100%| S|CS|TAMS 0x00000000a4300000, 0x00000000a4300000| Complete 
|  56|0x00000000a4400000, 0x00000000a4500000, 0x00000000a4500000|100%| S|CS|TAMS 0x00000000a4400000, 0x00000000a4400000| Complete 
|  57|0x00000000a4500000, 0x00000000a4600000, 0x00000000a4600000|100%| S|CS|TAMS 0x00000000a4500000, 0x00000000a4500000| Complete 
|  58|0x00000000a4600000, 0x00000000a4700000, 0x00000000a4700000|100%| S|CS|TAMS 0x00000000a4600000, 0x00000000a4600000| Complete 
|  59|0x00000000a4700000, 0x00000000a4800000, 0x00000000a4800000|100%| S|CS|TAMS 0x00000000a4700000, 0x00000000a4700000| Complete 
|  60|0x00000000a4800000, 0x00000000a4800000, 0x00000000a4900000|  0%| F|  |TAMS 0x00000000a4800000, 0x00000000a4800000| Untracked 
|  61|0x00000000a4900000, 0x00000000a4900000, 0x00000000a4a00000|  0%| F|  |TAMS 0x00000000a4900000, 0x00000000a4900000| Untracked 
|  62|0x00000000a4a00000, 0x00000000a4a00000, 0x00000000a4b00000|  0%| F|  |TAMS 0x00000000a4a00000, 0x00000000a4a00000| Untracked 
|  63|0x00000000a4b00000, 0x00000000a4b00000, 0x00000000a4c00000|  0%| F|  |TAMS 0x00000000a4b00000, 0x00000000a4b00000| Untracked 
|  64|0x00000000a4c00000, 0x00000000a4c00000, 0x00000000a4d00000|  0%| F|  |TAMS 0x00000000a4c00000, 0x00000000a4c00000| Untracked 
|  65|0x00000000a4d00000, 0x00000000a4d00000, 0x00000000a4e00000|  0%| F|  |TAMS 0x00000000a4d00000, 0x00000000a4d00000| Untracked 
|  66|0x00000000a4e00000, 0x00000000a4e00000, 0x00000000a4f00000|  0%| F|  |TAMS 0x00000000a4e00000, 0x00000000a4e00000| Untracked 
|  67|0x00000000a4f00000, 0x00000000a4f00000, 0x00000000a5000000|  0%| F|  |TAMS 0x00000000a4f00000, 0x00000000a4f00000| Untracked 
|  68|0x00000000a5000000, 0x00000000a5000000, 0x00000000a5100000|  0%| F|  |TAMS 0x00000000a5000000, 0x00000000a5000000| Untracked 
|  69|0x00000000a5100000, 0x00000000a5100000, 0x00000000a5200000|  0%| F|  |TAMS 0x00000000a5100000, 0x00000000a5100000| Untracked 
|  70|0x00000000a5200000, 0x00000000a5200000, 0x00000000a5300000|  0%| F|  |TAMS 0x00000000a5200000, 0x00000000a5200000| Untracked 
|  71|0x00000000a5300000, 0x00000000a5300000, 0x00000000a5400000|  0%| F|  |TAMS 0x00000000a5300000, 0x00000000a5300000| Untracked 
|  72|0x00000000a5400000, 0x00000000a5400000, 0x00000000a5500000|  0%| F|  |TAMS 0x00000000a5400000, 0x00000000a5400000| Untracked 
|  73|0x00000000a5500000, 0x00000000a5500000, 0x00000000a5600000|  0%| F|  |TAMS 0x00000000a5500000, 0x00000000a5500000| Untracked 
|  74|0x00000000a5600000, 0x00000000a5600000, 0x00000000a5700000|  0%| F|  |TAMS 0x00000000a5600000, 0x00000000a5600000| Untracked 
|  75|0x00000000a5700000, 0x00000000a5700000, 0x00000000a5800000|  0%| F|  |TAMS 0x00000000a5700000, 0x00000000a5700000| Untracked 
|  76|0x00000000a5800000, 0x00000000a5800000, 0x00000000a5900000|  0%| F|  |TAMS 0x00000000a5800000, 0x00000000a5800000| Untracked 
|  77|0x00000000a5900000, 0x00000000a5900000, 0x00000000a5a00000|  0%| F|  |TAMS 0x00000000a5900000, 0x00000000a5900000| Untracked 
|  78|0x00000000a5a00000, 0x00000000a5a00000, 0x00000000a5b00000|  0%| F|  |TAMS 0x00000000a5a00000, 0x00000000a5a00000| Untracked 
|  79|0x00000000a5b00000, 0x00000000a5b00000, 0x00000000a5c00000|  0%| F|  |TAMS 0x00000000a5b00000, 0x00000000a5b00000| Untracked 
|  80|0x00000000a5c00000, 0x00000000a5c00000, 0x00000000a5d00000|  0%| F|  |TAMS 0x00000000a5c00000, 0x00000000a5c00000| Untracked 
|  81|0x00000000a5d00000, 0x00000000a5d00000, 0x00000000a5e00000|  0%| F|  |TAMS 0x00000000a5d00000, 0x00000000a5d00000| Untracked 
|  82|0x00000000a5e00000, 0x00000000a5e00000, 0x00000000a5f00000|  0%| F|  |TAMS 0x00000000a5e00000, 0x00000000a5e00000| Untracked 
|  83|0x00000000a5f00000, 0x00000000a5f00000, 0x00000000a6000000|  0%| F|  |TAMS 0x00000000a5f00000, 0x00000000a5f00000| Untracked 
|  84|0x00000000a6000000, 0x00000000a6000000, 0x00000000a6100000|  0%| F|  |TAMS 0x00000000a6000000, 0x00000000a6000000| Untracked 
|  85|0x00000000a6100000, 0x00000000a6100000, 0x00000000a6200000|  0%| F|  |TAMS 0x00000000a6100000, 0x00000000a6100000| Untracked 
|  86|0x00000000a6200000, 0x00000000a6200000, 0x00000000a6300000|  0%| F|  |TAMS 0x00000000a6200000, 0x00000000a6200000| Untracked 
|  87|0x00000000a6300000, 0x00000000a6300000, 0x00000000a6400000|  0%| F|  |TAMS 0x00000000a6300000, 0x00000000a6300000| Untracked 
|  88|0x00000000a6400000, 0x00000000a6400000, 0x00000000a6500000|  0%| F|  |TAMS 0x00000000a6400000, 0x00000000a6400000| Untracked 
|  89|0x00000000a6500000, 0x00000000a6500000, 0x00000000a6600000|  0%| F|  |TAMS 0x00000000a6500000, 0x00000000a6500000| Untracked 
|  90|0x00000000a6600000, 0x00000000a6600000, 0x00000000a6700000|  0%| F|  |TAMS 0x00000000a6600000, 0x00000000a6600000| Untracked 
|  91|0x00000000a6700000, 0x00000000a6700000, 0x00000000a6800000|  0%| F|  |TAMS 0x00000000a6700000, 0x00000000a6700000| Untracked 
|  92|0x00000000a6800000, 0x00000000a6800000, 0x00000000a6900000|  0%| F|  |TAMS 0x00000000a6800000, 0x00000000a6800000| Untracked 
|  93|0x00000000a6900000, 0x00000000a6900000, 0x00000000a6a00000|  0%| F|  |TAMS 0x00000000a6900000, 0x00000000a6900000| Untracked 
|  94|0x00000000a6a00000, 0x00000000a6a00000, 0x00000000a6b00000|  0%| F|  |TAMS 0x00000000a6a00000, 0x00000000a6a00000| Untracked 
|  95|0x00000000a6b00000, 0x00000000a6b00000, 0x00000000a6c00000|  0%| F|  |TAMS 0x00000000a6b00000, 0x00000000a6b00000| Untracked 
|  96|0x00000000a6c00000, 0x00000000a6c00000, 0x00000000a6d00000|  0%| F|  |TAMS 0x00000000a6c00000, 0x00000000a6c00000| Untracked 
|  97|0x00000000a6d00000, 0x00000000a6d00000, 0x00000000a6e00000|  0%| F|  |TAMS 0x00000000a6d00000, 0x00000000a6d00000| Untracked 
|  98|0x00000000a6e00000, 0x00000000a6e00000, 0x00000000a6f00000|  0%| F|  |TAMS 0x00000000a6e00000, 0x00000000a6e00000| Untracked 
|  99|0x00000000a6f00000, 0x00000000a6f00000, 0x00000000a7000000|  0%| F|  |TAMS 0x00000000a6f00000, 0x00000000a6f00000| Untracked 
| 100|0x00000000a7000000, 0x00000000a7000000, 0x00000000a7100000|  0%| F|  |TAMS 0x00000000a7000000, 0x00000000a7000000| Untracked 
| 101|0x00000000a7100000, 0x00000000a7100000, 0x00000000a7200000|  0%| F|  |TAMS 0x00000000a7100000, 0x00000000a7100000| Untracked 
| 102|0x00000000a7200000, 0x00000000a7200000, 0x00000000a7300000|  0%| F|  |TAMS 0x00000000a7200000, 0x00000000a7200000| Untracked 
| 103|0x00000000a7300000, 0x00000000a7300000, 0x00000000a7400000|  0%| F|  |TAMS 0x00000000a7300000, 0x00000000a7300000| Untracked 
| 104|0x00000000a7400000, 0x00000000a7400000, 0x00000000a7500000|  0%| F|  |TAMS 0x00000000a7400000, 0x00000000a7400000| Untracked 
| 105|0x00000000a7500000, 0x00000000a7500000, 0x00000000a7600000|  0%| F|  |TAMS 0x00000000a7500000, 0x00000000a7500000| Untracked 
| 106|0x00000000a7600000, 0x00000000a7600000, 0x00000000a7700000|  0%| F|  |TAMS 0x00000000a7600000, 0x00000000a7600000| Untracked 
| 107|0x00000000a7700000, 0x00000000a7700000, 0x00000000a7800000|  0%| F|  |TAMS 0x00000000a7700000, 0x00000000a7700000| Untracked 
| 108|0x00000000a7800000, 0x00000000a7800800, 0x00000000a7900000|  0%| E|  |TAMS 0x00000000a7800000, 0x00000000a7800000| Complete 
| 109|0x00000000a7900000, 0x00000000a7a00000, 0x00000000a7a00000|100%| E|CS|TAMS 0x00000000a7900000, 0x00000000a7900000| Complete 
| 110|0x00000000a7a00000, 0x00000000a7b00000, 0x00000000a7b00000|100%| E|CS|TAMS 0x00000000a7a00000, 0x00000000a7a00000| Complete 
| 111|0x00000000a7b00000, 0x00000000a7c00000, 0x00000000a7c00000|100%| E|CS|TAMS 0x00000000a7b00000, 0x00000000a7b00000| Complete 
| 112|0x00000000a7c00000, 0x00000000a7d00000, 0x00000000a7d00000|100%| E|CS|TAMS 0x00000000a7c00000, 0x00000000a7c00000| Complete 
| 113|0x00000000a7d00000, 0x00000000a7e00000, 0x00000000a7e00000|100%| E|CS|TAMS 0x00000000a7d00000, 0x00000000a7d00000| Complete 
| 114|0x00000000a7e00000, 0x00000000a7f00000, 0x00000000a7f00000|100%| E|CS|TAMS 0x00000000a7e00000, 0x00000000a7e00000| Complete 
| 115|0x00000000a7f00000, 0x00000000a8000000, 0x00000000a8000000|100%| E|CS|TAMS 0x00000000a7f00000, 0x00000000a7f00000| Complete 

Card table byte_map: [0x0000020fc3960000,0x0000020fc3c60000] _byte_map_base: 0x0000020fc345a000

Marking Bits (Prev, Next): (CMBitMap*) 0x0000020face1dfc0, (CMBitMap*) 0x0000020face1e000
 Prev Bits: [0x0000020fc3f60000, 0x0000020fc5730000)
 Next Bits: [0x0000020fc5730000, 0x0000020fc6f00000)

Polling page: 0x0000020fac590000

Metaspace:

Usage:
  Non-class:     14.48 MB used.
      Class:      1.86 MB used.
       Both:     16.34 MB used.

Virtual space:
  Non-class space:       64.00 MB reserved,      14.69 MB ( 23%) committed,  1 nodes.
      Class space:        1.00 GB reserved,       2.00 MB ( <1%) committed,  1 nodes.
             Both:        1.06 GB reserved,      16.69 MB (  2%) committed. 

Chunk freelists:
   Non-Class:  820.00 KB
       Class:  13.82 MB
        Both:  14.62 MB

MaxMetaspaceSize: unlimited
CompressedClassSpaceSize: 1.00 GB
Initial GC threshold: 21.00 MB
Current GC threshold: 21.00 MB
CDS: on
MetaspaceReclaimPolicy: balanced
 - commit_granule_bytes: 65536.
 - commit_granule_words: 8192.
 - virtual_space_node_default_size: 8388608.
 - enlarge_chunks_in_place: 1.
 - new_chunks_are_fully_committed: 0.
 - uncommit_free_chunks: 1.
 - use_allocation_guard: 0.
 - handle_deallocations: 1.


Internal statistics:

num_allocs_failed_limit: 0.
num_arena_births: 298.
num_arena_deaths: 0.
num_vsnodes_births: 2.
num_vsnodes_deaths: 0.
num_space_committed: 267.
num_space_uncommitted: 0.
num_chunks_returned_to_freelist: 0.
num_chunks_taken_from_freelist: 739.
num_chunk_merges: 0.
num_chunk_splits: 443.
num_chunks_enlarged: 280.
num_inconsistent_stats: 0.

CodeHeap 'non-profiled nmethods': size=120000Kb used=2227Kb max_used=2227Kb free=117772Kb
 bounds [0x0000020fbc130000, 0x0000020fbc3a0000, 0x0000020fc3660000]
CodeHeap 'profiled nmethods': size=120000Kb used=6930Kb max_used=6930Kb free=113069Kb
 bounds [0x0000020fb4660000, 0x0000020fb4d30000, 0x0000020fbbb90000]
CodeHeap 'non-nmethods': size=5760Kb used=1661Kb max_used=1661Kb free=4098Kb
 bounds [0x0000020fbbb90000, 0x0000020fbbe00000, 0x0000020fbc130000]
 total_blobs=4697 nmethods=3647 adapters=960
 compilation: enabled
              stopped_count=0, restarted_count=0
 full_count=0

Compilation events (20 events):
Event: 7.060 Thread 0x0000020fc93a2790 nmethod 3641 0x0000020fb4d1d690 code [0x0000020fb4d1d840, 0x0000020fb4d1da28]
Event: 7.060 Thread 0x0000020fc93a2790 3642   !   3       java.lang.invoke.MethodHandles$Lookup$ClassFile::newInstance (370 bytes)
Event: 7.061 Thread 0x0000020fc9399dc0 3644       4       java.lang.invoke.MethodType::makeImpl (109 bytes)
Event: 7.061 Thread 0x0000021010b639f0 3645       4       java.lang.invoke.MethodType$ConcurrentWeakInternSet::get (47 bytes)
Event: 7.066 Thread 0x0000020fc93a2790 nmethod 3642 0x0000020fb4d1db90 code [0x0000020fb4d1e260, 0x0000020fb4d210b8]
Event: 7.066 Thread 0x0000020fc93a2790 3646       3       java.lang.invoke.LambdaForm$Name::internArguments (62 bytes)
Event: 7.067 Thread 0x0000020fc93a2790 nmethod 3646 0x0000020fb4d22710 code [0x0000020fb4d22900, 0x0000020fb4d23008]
Event: 7.067 Thread 0x0000020fc93a2790 3647       3       java.lang.invoke.InvokerBytecodeGenerator::refKindOpcode (112 bytes)
Event: 7.068 Thread 0x0000020fc93a2790 nmethod 3647 0x0000020fb4d23190 code [0x0000020fb4d23400, 0x0000020fb4d23cb8]
Event: 7.068 Thread 0x0000020fc93a2790 3649       3       jdk.internal.org.objectweb.asm.AnnotationWriter::<init> (60 bytes)
Event: 7.068 Thread 0x0000020fc93a2790 nmethod 3649 0x0000020fb4d23f10 code [0x0000020fb4d240e0, 0x0000020fb4d244e8]
Event: 7.069 Thread 0x0000020fc93a2790 3650       3       jdk.internal.org.objectweb.asm.AnnotationVisitor::<init> (7 bytes)
Event: 7.069 Thread 0x0000020fc93a2790 nmethod 3650 0x0000020fb4d24690 code [0x0000020fb4d24840, 0x0000020fb4d24988]
Event: 7.069 Thread 0x0000020fc93a2790 3648       1       java.lang.invoke.InvokerBytecodeGenerator::setClassWriter (6 bytes)
Event: 7.069 Thread 0x0000020fc93a2790 nmethod 3648 0x0000020fbc35ae90 code [0x0000020fbc35b020, 0x0000020fbc35b138]
Event: 7.069 Thread 0x0000020fc93a2790 3651       1       java.lang.Class::getClassData (5 bytes)
Event: 7.069 Thread 0x0000020fc93a2790 nmethod 3651 0x0000020fbc35b190 code [0x0000020fbc35b320, 0x0000020fbc35b3f8]
Event: 7.069 Thread 0x0000020fc93a2790 3652       1       sun.util.calendar.CalendarDate::setNormalized (6 bytes)
Event: 7.069 Thread 0x0000020fc93a2790 nmethod 3652 0x0000020fbc35b490 code [0x0000020fbc35b620, 0x0000020fbc35b6f8]
Event: 7.102 Thread 0x0000021010b639f0 nmethod 3645 0x0000020fbc35b790 code [0x0000020fbc35b980, 0x0000020fbc35c8c8]

GC Heap History (20 events):
Event: 0.845 GC heap before
{Heap before GC invocations=0 (full 0):
 garbage-first heap   total 98304K, used 20480K [0x00000000a0c00000, 0x0000000100000000)
  region size 1024K, 13 young (13312K), 0 survivors (0K)
 Metaspace       used 2120K, committed 2304K, reserved 1114112K
  class space    used 201K, committed 320K, reserved 1048576K
}
Event: 0.851 GC heap after
{Heap after GC invocations=1 (full 0):
 garbage-first heap   total 98304K, used 9909K [0x00000000a0c00000, 0x0000000100000000)
  region size 1024K, 2 young (2048K), 2 survivors (2048K)
 Metaspace       used 2120K, committed 2304K, reserved 1114112K
  class space    used 201K, committed 320K, reserved 1048576K
}
Event: 1.171 GC heap before
{Heap before GC invocations=1 (full 0):
 garbage-first heap   total 98304K, used 22197K [0x00000000a0c00000, 0x0000000100000000)
  region size 1024K, 14 young (14336K), 2 survivors (2048K)
 Metaspace       used 2692K, committed 2880K, reserved 1114112K
  class space    used 266K, committed 384K, reserved 1048576K
}
Event: 1.174 GC heap after
{Heap after GC invocations=2 (full 0):
 garbage-first heap   total 98304K, used 11307K [0x00000000a0c00000, 0x0000000100000000)
  region size 1024K, 2 young (2048K), 2 survivors (2048K)
 Metaspace       used 2692K, committed 2880K, reserved 1114112K
  class space    used 266K, committed 384K, reserved 1048576K
}
Event: 1.914 GC heap before
{Heap before GC invocations=2 (full 0):
 garbage-first heap   total 98304K, used 33835K [0x00000000a0c00000, 0x0000000100000000)
  region size 1024K, 24 young (24576K), 2 survivors (2048K)
 Metaspace       used 4827K, committed 5056K, reserved 1114112K
  class space    used 471K, committed 576K, reserved 1048576K
}
Event: 1.920 GC heap after
{Heap after GC invocations=3 (full 0):
 garbage-first heap   total 98304K, used 14298K [0x00000000a0c00000, 0x0000000100000000)
  region size 1024K, 3 young (3072K), 3 survivors (3072K)
 Metaspace       used 4827K, committed 5056K, reserved 1114112K
  class space    used 471K, committed 576K, reserved 1048576K
}
Event: 2.420 GC heap before
{Heap before GC invocations=3 (full 0):
 garbage-first heap   total 98304K, used 67546K [0x00000000a0c00000, 0x0000000100000000)
  region size 1024K, 53 young (54272K), 3 survivors (3072K)
 Metaspace       used 4864K, committed 5056K, reserved 1114112K
  class space    used 471K, committed 576K, reserved 1048576K
}
Event: 2.429 GC heap after
{Heap after GC invocations=4 (full 0):
 garbage-first heap   total 98304K, used 19853K [0x00000000a0c00000, 0x0000000100000000)
  region size 1024K, 7 young (7168K), 7 survivors (7168K)
 Metaspace       used 4864K, committed 5056K, reserved 1114112K
  class space    used 471K, committed 576K, reserved 1048576K
}
Event: 2.977 GC heap before
{Heap before GC invocations=4 (full 0):
 garbage-first heap   total 98304K, used 70029K [0x00000000a0c00000, 0x0000000100000000)
  region size 1024K, 56 young (57344K), 7 survivors (7168K)
 Metaspace       used 4934K, committed 5120K, reserved 1114112K
  class space    used 471K, committed 576K, reserved 1048576K
}
Event: 2.985 GC heap after
{Heap after GC invocations=5 (full 0):
 garbage-first heap   total 98304K, used 21431K [0x00000000a0c00000, 0x0000000100000000)
  region size 1024K, 5 young (5120K), 5 survivors (5120K)
 Metaspace       used 4934K, committed 5120K, reserved 1114112K
  class space    used 471K, committed 576K, reserved 1048576K
}
Event: 3.770 GC heap before
{Heap before GC invocations=5 (full 0):
 garbage-first heap   total 98304K, used 74679K [0x00000000a0c00000, 0x0000000100000000)
  region size 1024K, 57 young (58368K), 5 survivors (5120K)
 Metaspace       used 5049K, committed 5312K, reserved 1114112K
  class space    used 481K, committed 640K, reserved 1048576K
}
Event: 3.780 GC heap after
{Heap after GC invocations=6 (full 0):
 garbage-first heap   total 98304K, used 26423K [0x00000000a0c00000, 0x0000000100000000)
  region size 1024K, 7 young (7168K), 7 survivors (7168K)
 Metaspace       used 5049K, committed 5312K, reserved 1114112K
  class space    used 481K, committed 640K, reserved 1048576K
}
Event: 4.081 GC heap before
{Heap before GC invocations=6 (full 0):
 garbage-first heap   total 98304K, used 74551K [0x00000000a0c00000, 0x0000000100000000)
  region size 1024K, 52 young (53248K), 7 survivors (7168K)
 Metaspace       used 5059K, committed 5312K, reserved 1114112K
  class space    used 481K, committed 640K, reserved 1048576K
}
Event: 4.093 GC heap after
{Heap after GC invocations=7 (full 0):
 garbage-first heap   total 118784K, used 32256K [0x00000000a0c00000, 0x0000000100000000)
  region size 1024K, 5 young (5120K), 5 survivors (5120K)
 Metaspace       used 5059K, committed 5312K, reserved 1114112K
  class space    used 481K, committed 640K, reserved 1048576K
}
Event: 4.268 GC heap before
{Heap before GC invocations=7 (full 0):
 garbage-first heap   total 118784K, used 89600K [0x00000000a0c00000, 0x0000000100000000)
  region size 1024K, 61 young (62464K), 5 survivors (5120K)
 Metaspace       used 5060K, committed 5312K, reserved 1114112K
  class space    used 481K, committed 640K, reserved 1048576K
}
Event: 4.272 GC heap after
{Heap after GC invocations=8 (full 0):
 garbage-first heap   total 118784K, used 32999K [0x00000000a0c00000, 0x0000000100000000)
  region size 1024K, 2 young (2048K), 2 survivors (2048K)
 Metaspace       used 5060K, committed 5312K, reserved 1114112K
  class space    used 481K, committed 640K, reserved 1048576K
}
Event: 5.518 GC heap before
{Heap before GC invocations=8 (full 0):
 garbage-first heap   total 118784K, used 93415K [0x00000000a0c00000, 0x0000000100000000)
  region size 1024K, 61 young (62464K), 2 survivors (2048K)
 Metaspace       used 7118K, committed 7360K, reserved 1114112K
  class space    used 749K, committed 832K, reserved 1048576K
}
Event: 5.526 GC heap after
{Heap after GC invocations=9 (full 0):
 garbage-first heap   total 118784K, used 35527K [0x00000000a0c00000, 0x0000000100000000)
  region size 1024K, 4 young (4096K), 4 survivors (4096K)
 Metaspace       used 7118K, committed 7360K, reserved 1114112K
  class space    used 749K, committed 832K, reserved 1048576K
}
Event: 6.914 GC heap before
{Heap before GC invocations=9 (full 0):
 garbage-first heap   total 118784K, used 92871K [0x00000000a0c00000, 0x0000000100000000)
  region size 1024K, 60 young (61440K), 4 survivors (4096K)
 Metaspace       used 15740K, committed 16064K, reserved 1114112K
  class space    used 1840K, committed 1984K, reserved 1048576K
}
Event: 6.925 GC heap after
{Heap after GC invocations=10 (full 0):
 garbage-first heap   total 118784K, used 38682K [0x00000000a0c00000, 0x0000000100000000)
  region size 1024K, 7 young (7168K), 7 survivors (7168K)
 Metaspace       used 15740K, committed 16064K, reserved 1114112K
  class space    used 1840K, committed 1984K, reserved 1048576K
}

Deoptimization events (20 events):
Event: 6.691 Thread 0x0000020faacad5f0 Uncommon trap: trap_request=0xffffffcc fr.pc=0x0000020fbc2f083c relative=0x000000000000207c
Event: 6.691 Thread 0x0000020faacad5f0 Uncommon trap: reason=intrinsic_or_type_checked_inlining action=make_not_entrant pc=0x0000020fbc2f083c method=java.util.ArrayList.toArray([Ljava/lang/Object;)[Ljava/lang/Object; @ 36 c2
Event: 6.691 Thread 0x0000020faacad5f0 DEOPT PACKING pc=0x0000020fbc2f083c sp=0x0000008263dfec20
Event: 6.692 Thread 0x0000020faacad5f0 DEOPT UNPACKING pc=0x0000020fbbbe23a3 sp=0x0000008263dfeba0 mode 2
Event: 6.737 Thread 0x0000020faacad5f0 Uncommon trap: trap_request=0xffffffc6 fr.pc=0x0000020fbc1f3504 relative=0x0000000000000e04
Event: 6.737 Thread 0x0000020faacad5f0 Uncommon trap: reason=bimorphic_or_optimized_type_check action=maybe_recompile pc=0x0000020fbc1f3504 method=java.util.stream.AbstractPipeline.evaluate(Ljava/util/Spliterator;ZLjava/util/function/IntFunction;)Ljava/util/stream/Node; @ 23 c2
Event: 6.737 Thread 0x0000020faacad5f0 DEOPT PACKING pc=0x0000020fbc1f3504 sp=0x0000008263dff350
Event: 6.737 Thread 0x0000020faacad5f0 DEOPT UNPACKING pc=0x0000020fbbbe23a3 sp=0x0000008263dff340 mode 2
Event: 6.843 Thread 0x0000020faacad5f0 Uncommon trap: trap_request=0xffffffde fr.pc=0x0000020fbc26c8f4 relative=0x00000000000002d4
Event: 6.843 Thread 0x0000020faacad5f0 Uncommon trap: reason=class_check action=maybe_recompile pc=0x0000020fbc26c8f4 method=java.nio.file.Files.isRegularFile(Ljava/nio/file/Path;[Ljava/nio/file/LinkOption;)Z @ 36 c2
Event: 6.843 Thread 0x0000020faacad5f0 DEOPT PACKING pc=0x0000020fbc26c8f4 sp=0x0000008263dfec00
Event: 6.843 Thread 0x0000020faacad5f0 DEOPT UNPACKING pc=0x0000020fbbbe23a3 sp=0x0000008263dfebb8 mode 2
Event: 6.867 Thread 0x0000020faacad5f0 Uncommon trap: trap_request=0xffffffde fr.pc=0x0000020fbc1f446c relative=0x00000000000000cc
Event: 6.867 Thread 0x0000020faacad5f0 Uncommon trap: reason=class_check action=maybe_recompile pc=0x0000020fbc1f446c method=java.util.stream.AbstractPipeline.exactOutputSizeIfKnown(Ljava/util/Spliterator;)J @ 16 c2
Event: 6.867 Thread 0x0000020faacad5f0 DEOPT PACKING pc=0x0000020fbc1f446c sp=0x0000008263dff280
Event: 6.867 Thread 0x0000020faacad5f0 DEOPT UNPACKING pc=0x0000020fbbbe23a3 sp=0x0000008263dff200 mode 2
Event: 7.060 Thread 0x0000020fc96d5a60 Uncommon trap: trap_request=0xffffff45 fr.pc=0x0000020fbc1fffa4 relative=0x0000000000000104
Event: 7.060 Thread 0x0000020fc96d5a60 Uncommon trap: reason=unstable_if action=reinterpret pc=0x0000020fbc1fffa4 method=java.util.concurrent.TimeUnit.convert(JLjava/util/concurrent/TimeUnit;)J @ 8 c2
Event: 7.060 Thread 0x0000020fc96d5a60 DEOPT PACKING pc=0x0000020fbc1fffa4 sp=0x00000082657ff4f0
Event: 7.060 Thread 0x0000020fc96d5a60 DEOPT UNPACKING pc=0x0000020fbbbe23a3 sp=0x00000082657ff4a0 mode 2

Classes unloaded (0 events):
No events

Classes redefined (0 events):
No events

Internal exceptions (20 events):
Event: 6.781 Thread 0x0000020faacad5f0 Exception <a 'java/lang/NoSuchMethodError'{0x00000000a4b5fca8}: 'void java.lang.invoke.DirectMethodHandle$Holder.invokeStaticInit(java.lang.Object, java.lang.Object)'> (0x00000000a4b5fca8) 
thrown [s\open\src\hotspot\share\interpreter\linkResolver.cpp, line 759]
Event: 6.782 Thread 0x0000020faacad5f0 Exception <a 'java/lang/NoSuchMethodError'{0x00000000a4b6c520}: 'java.lang.Object java.lang.invoke.DirectMethodHandle$Holder.invokeStaticInit(java.lang.Object, java.lang.Object, java.lang.Object, java.lang.Object)'> (0x00000000a4b6c520) 
thrown [s\open\src\hotspot\share\interpreter\linkResolver.cpp, line 759]
Event: 6.783 Thread 0x0000020faacad5f0 Exception <a 'java/lang/IncompatibleClassChangeError'{0x00000000a4b71dc8}: Found class java.lang.Object, but interface was expected> (0x00000000a4b71dc8) 
thrown [s\open\src\hotspot\share\interpreter\linkResolver.cpp, line 826]
Event: 6.787 Thread 0x0000020faacad5f0 Exception <a 'java/lang/IncompatibleClassChangeError'{0x00000000a4ba6568}: Found class java.lang.Object, but interface was expected> (0x00000000a4ba6568) 
thrown [s\open\src\hotspot\share\interpreter\linkResolver.cpp, line 826]
Event: 6.836 Thread 0x0000020faacad5f0 Exception <a 'sun/nio/fs/WindowsException'{0x00000000a49377d0}> (0x00000000a49377d0) 
thrown [s\open\src\hotspot\share\prims\jni.cpp, line 516]
Event: 6.869 Thread 0x0000020faacad5f0 Exception <a 'java/lang/NoSuchMethodError'{0x00000000a49798c8}: 'java.lang.Object java.lang.invoke.DirectMethodHandle$Holder.invokeVirtual(java.lang.Object, java.lang.Object, java.lang.Object)'> (0x00000000a49798c8) 
thrown [s\open\src\hotspot\share\interpreter\linkResolver.cpp, line 759]
Event: 6.902 Thread 0x0000020faacad5f0 Exception <a 'sun/nio/fs/WindowsException'{0x00000000a487d390}> (0x00000000a487d390) 
thrown [s\open\src\hotspot\share\prims\jni.cpp, line 516]
Event: 6.906 Thread 0x0000020faacad5f0 Exception <a 'java/lang/NoSuchMethodError'{0x00000000a48abed8}: 'java.lang.Object java.lang.invoke.DirectMethodHandle$Holder.invokeStatic(java.lang.Object, int, java.lang.Object, java.lang.Object, java.lang.Object, java.lang.Object)'> (0x00000000a48abed8) 
thrown [s\open\src\hotspot\share\interpreter\linkResolver.cpp, line 759]
Event: 6.907 Thread 0x0000020faacad5f0 Exception <a 'java/lang/NoSuchMethodError'{0x00000000a48b4700}: 'java.lang.Object java.lang.invoke.DirectMethodHandle$Holder.newInvokeSpecial(java.lang.Object, int, java.lang.Object, java.lang.Object)'> (0x00000000a48b4700) 
thrown [s\open\src\hotspot\share\interpreter\linkResolver.cpp, line 759]
Event: 6.907 Thread 0x0000020faacad5f0 Exception <a 'java/lang/NoSuchMethodError'{0x00000000a48b8808}: 'java.lang.Object java.lang.invoke.DirectMethodHandle$Holder.invokeSpecial(java.lang.Object, java.lang.Object, int, java.lang.Object, java.lang.Object)'> (0x00000000a48b8808) 
thrown [s\open\src\hotspot\share\interpreter\linkResolver.cpp, line 759]
Event: 6.976 Thread 0x0000020faacad5f0 Exception <a 'sun/nio/fs/WindowsException'{0x00000000a7df6ea8}> (0x00000000a7df6ea8) 
thrown [s\open\src\hotspot\share\prims\jni.cpp, line 516]
Event: 6.976 Thread 0x0000020faacad5f0 Exception <a 'sun/nio/fs/WindowsException'{0x00000000a7df71f8}> (0x00000000a7df71f8) 
thrown [s\open\src\hotspot\share\prims\jni.cpp, line 516]
Event: 6.990 Thread 0x0000020faacad5f0 Exception <a 'sun/nio/fs/WindowsException'{0x00000000a7cc2fd8}> (0x00000000a7cc2fd8) 
thrown [s\open\src\hotspot\share\prims\jni.cpp, line 516]
Event: 6.991 Thread 0x0000020faacad5f0 Exception <a 'sun/nio/fs/WindowsException'{0x00000000a7cc3338}> (0x00000000a7cc3338) 
thrown [s\open\src\hotspot\share\prims\jni.cpp, line 516]
Event: 7.007 Thread 0x0000020faacad5f0 Exception <a 'java/lang/NoSuchMethodError'{0x00000000a7bfd438}: 'int java.lang.invoke.DirectMethodHandle$Holder.invokeStaticInit(java.lang.Object, java.lang.Object, int, long)'> (0x00000000a7bfd438) 
thrown [s\open\src\hotspot\share\interpreter\linkResolver.cpp, line 759]
Event: 7.008 Thread 0x0000020faacad5f0 Exception <a 'java/lang/NoSuchMethodError'{0x00000000a7a035c8}: 'java.lang.Object java.lang.invoke.DirectMethodHandle$Holder.newInvokeSpecial(java.lang.Object, java.lang.Object, int)'> (0x00000000a7a035c8) 
thrown [s\open\src\hotspot\share\interpreter\linkResolver.cpp, line 759]
Event: 7.010 Thread 0x0000020faacad5f0 Exception <a 'java/lang/NoSuchMethodError'{0x00000000a7a17150}: 'int java.lang.invoke.DirectMethodHandle$Holder.invokeStaticInit(java.lang.Object, java.lang.Object, long, long)'> (0x00000000a7a17150) 
thrown [s\open\src\hotspot\share\interpreter\linkResolver.cpp, line 759]
Event: 7.010 Thread 0x0000020faacad5f0 Exception <a 'java/lang/NoSuchMethodError'{0x00000000a7a1d0a8}: 'java.lang.Object java.lang.invoke.DirectMethodHandle$Holder.newInvokeSpecial(java.lang.Object, java.lang.Object, long)'> (0x00000000a7a1d0a8) 
thrown [s\open\src\hotspot\share\interpreter\linkResolver.cpp, line 759]
Event: 7.010 Thread 0x0000020faacad5f0 Exception <a 'java/lang/NoSuchMethodError'{0x00000000a7a20c18}: 'java.lang.Object java.lang.invoke.Invokers$Holder.linkToTargetMethod(java.lang.Object, long, java.lang.Object)'> (0x00000000a7a20c18) 
thrown [s\open\src\hotspot\share\interpreter\linkResolver.cpp, line 759]
Event: 7.011 Thread 0x0000020faacad5f0 Exception <a 'java/lang/NoSuchMethodError'{0x00000000a7a28390}: 'int java.lang.invoke.DirectMethodHandle$Holder.invokeStaticInit(java.lang.Object, java.lang.Object, java.lang.Object, long)'> (0x00000000a7a28390) 
thrown [s\open\src\hotspot\share\interpreter\linkResolver.cpp, line 759]

VM Operations (20 events):
Event: 6.219 Executing VM operation: HandshakeAllThreads
Event: 6.219 Executing VM operation: HandshakeAllThreads done
Event: 6.314 Executing VM operation: HandshakeAllThreads
Event: 6.314 Executing VM operation: HandshakeAllThreads done
Event: 6.315 Executing VM operation: HandshakeAllThreads
Event: 6.315 Executing VM operation: HandshakeAllThreads done
Event: 6.436 Executing VM operation: HandshakeAllThreads
Event: 6.436 Executing VM operation: HandshakeAllThreads done
Event: 6.475 Executing VM operation: ICBufferFull
Event: 6.475 Executing VM operation: ICBufferFull done
Event: 6.593 Executing VM operation: HandshakeAllThreads
Event: 6.593 Executing VM operation: HandshakeAllThreads done
Event: 6.689 Executing VM operation: HandshakeAllThreads
Event: 6.689 Executing VM operation: HandshakeAllThreads done
Event: 6.821 Executing VM operation: HandshakeAllThreads
Event: 6.821 Executing VM operation: HandshakeAllThreads done
Event: 6.913 Executing VM operation: G1CollectForAllocation
Event: 6.925 Executing VM operation: G1CollectForAllocation done
Event: 7.061 Executing VM operation: HandshakeAllThreads
Event: 7.061 Executing VM operation: HandshakeAllThreads done

Events (20 events):
Event: 7.004 loading class java/nio/DirectDoubleBufferU done
Event: 7.006 loading class java/util/function/LongPredicate
Event: 7.006 loading class java/util/function/LongPredicate done
Event: 7.012 loading class java/nio/InvalidMarkException
Event: 7.012 loading class java/nio/InvalidMarkException done
Event: 7.012 loading class java/nio/BufferUnderflowException
Event: 7.012 loading class java/nio/BufferUnderflowException done
Event: 7.059 loading class java/util/concurrent/ScheduledThreadPoolExecutor$ScheduledFutureTask
Event: 7.059 loading class java/util/concurrent/FutureTask
Event: 7.059 loading class java/util/concurrent/FutureTask done
Event: 7.059 loading class java/util/concurrent/ScheduledThreadPoolExecutor$ScheduledFutureTask done
Event: 7.059 loading class java/util/concurrent/FutureTask$WaitNode
Event: 7.059 loading class java/util/concurrent/FutureTask$WaitNode done
Event: 7.059 loading class java/util/concurrent/Executors$RunnableAdapter
Event: 7.059 loading class java/util/concurrent/Executors$RunnableAdapter done
Event: 7.060 Thread 0x0000020fc96d5a60 Thread added: 0x0000020fc96d5a60
Event: 7.060 loading class java/util/concurrent/locks/AbstractQueuedSynchronizer$ConditionNode
Event: 7.060 loading class java/util/concurrent/ForkJoinPool$ManagedBlocker
Event: 7.060 loading class java/util/concurrent/ForkJoinPool$ManagedBlocker done
Event: 7.060 loading class java/util/concurrent/locks/AbstractQueuedSynchronizer$ConditionNode done


Dynamic libraries:
0x00007ff7390b0000 - 0x00007ff7390c0000 	C:\Program Files\Java\jdk-17\bin\java.exe
0x00007ffa5a350000 - 0x00007ffa5a548000 	C:\Windows\SYSTEM32\ntdll.dll
0x00007ffa59200000 - 0x00007ffa592bd000 	C:\Windows\System32\KERNEL32.DLL
0x00007ffa57a30000 - 0x00007ffa57d26000 	C:\Windows\System32\KERNELBASE.dll
0x00007ffa57fa0000 - 0x00007ffa580a0000 	C:\Windows\System32\ucrtbase.dll
0x00007ffa2f240000 - 0x00007ffa2f25b000 	C:\Program Files\Java\jdk-17\bin\VCRUNTIME140.dll
0x00007ffa34100000 - 0x00007ffa34119000 	C:\Program Files\Java\jdk-17\bin\jli.dll
0x00007ffa59350000 - 0x00007ffa593ff000 	C:\Windows\System32\ADVAPI32.dll
0x00007ffa58ff0000 - 0x00007ffa5908e000 	C:\Windows\System32\msvcrt.dll
0x00007ffa59160000 - 0x00007ffa591fc000 	C:\Windows\System32\sechost.dll
0x00007ffa58b10000 - 0x00007ffa58c36000 	C:\Windows\System32\RPCRT4.dll
0x00007ffa59400000 - 0x00007ffa5959e000 	C:\Windows\System32\USER32.dll
0x00007ffa57d30000 - 0x00007ffa57d52000 	C:\Windows\System32\win32u.dll
0x00007ffa59320000 - 0x00007ffa5934c000 	C:\Windows\System32\GDI32.dll
0x00007ffa58240000 - 0x00007ffa5835a000 	C:\Windows\System32\gdi32full.dll
0x00007ffa580a0000 - 0x00007ffa5813d000 	C:\Windows\System32\msvcp_win.dll
0x00007ffa42160000 - 0x00007ffa423fa000 	C:\Windows\WinSxS\amd64_microsoft.windows.common-controls_6595b64144ccf1df_6.0.19041.3636_none_60b6a03d71f818d5\COMCTL32.dll
0x00007ffa4de90000 - 0x00007ffa4de9a000 	C:\Windows\SYSTEM32\VERSION.dll
0x00007ffa58490000 - 0x00007ffa584c0000 	C:\Windows\System32\IMM32.DLL
0x00007ffa522e0000 - 0x00007ffa522ec000 	C:\Program Files\Java\jdk-17\bin\vcruntime140_1.dll
0x00007ffa282d0000 - 0x00007ffa2835e000 	C:\Program Files\Java\jdk-17\bin\msvcp140.dll
0x00007ffa276e0000 - 0x00007ffa282c1000 	C:\Program Files\Java\jdk-17\bin\server\jvm.dll
0x00007ffa58eb0000 - 0x00007ffa58eb8000 	C:\Windows\System32\PSAPI.DLL
0x00007ffa36a00000 - 0x00007ffa36a09000 	C:\Windows\SYSTEM32\WSOCK32.dll
0x00007ffa58f80000 - 0x00007ffa58feb000 	C:\Windows\System32\WS2_32.dll
0x00007ffa4daa0000 - 0x00007ffa4dac7000 	C:\Windows\SYSTEM32\WINMM.dll
0x00007ffa56280000 - 0x00007ffa56292000 	C:\Windows\SYSTEM32\kernel.appcore.dll
0x00007ffa340f0000 - 0x00007ffa340fa000 	C:\Program Files\Java\jdk-17\bin\jimage.dll
0x00007ffa55ff0000 - 0x00007ffa561d4000 	C:\Windows\SYSTEM32\DBGHELP.DLL
0x00007ffa47660000 - 0x00007ffa47694000 	C:\Windows\SYSTEM32\dbgcore.DLL
0x00007ffa58140000 - 0x00007ffa581c2000 	C:\Windows\System32\bcryptPrimitives.dll
0x00007ffa2f210000 - 0x00007ffa2f235000 	C:\Program Files\Java\jdk-17\bin\java.dll
0x00007ffa27600000 - 0x00007ffa276d7000 	C:\Program Files\Java\jdk-17\bin\jsvml.dll
0x00007ffa59bc0000 - 0x00007ffa5a305000 	C:\Windows\System32\SHELL32.dll
0x00007ffa55850000 - 0x00007ffa55feb000 	C:\Windows\SYSTEM32\windows.storage.dll
0x00007ffa58540000 - 0x00007ffa58894000 	C:\Windows\System32\combase.dll
0x00007ffa573a0000 - 0x00007ffa573cd000 	C:\Windows\SYSTEM32\Wldp.dll
0x00007ffa588a0000 - 0x00007ffa5894d000 	C:\Windows\System32\SHCORE.dll
0x00007ffa58c60000 - 0x00007ffa58cb5000 	C:\Windows\System32\shlwapi.dll
0x00007ffa57960000 - 0x00007ffa57985000 	C:\Windows\SYSTEM32\profapi.dll
0x00007ffa275e0000 - 0x00007ffa275f9000 	C:\Program Files\Java\jdk-17\bin\net.dll
0x00007ffa4dad0000 - 0x00007ffa4dbda000 	C:\Windows\SYSTEM32\WINHTTP.dll
0x00007ffa57100000 - 0x00007ffa5716a000 	C:\Windows\system32\mswsock.dll
0x00007ffa275c0000 - 0x00007ffa275d6000 	C:\Program Files\Java\jdk-17\bin\nio.dll
0x00007ffa275a0000 - 0x00007ffa275b8000 	C:\Program Files\Java\jdk-17\bin\zip.dll
0x00007ffa50f90000 - 0x00007ffa50fa0000 	C:\Program Files\Java\jdk-17\bin\verify.dll
0x00007ffa50fc0000 - 0x00007ffa50fca000 	C:\Program Files\Java\jdk-17\bin\management.dll
0x00007ffa50fb0000 - 0x00007ffa50fbb000 	C:\Program Files\Java\jdk-17\bin\management_ext.dll
0x00007ffa3fd30000 - 0x00007ffa3fd47000 	C:\Windows\system32\napinsp.dll
0x00007ffa3e440000 - 0x00007ffa3e45b000 	C:\Windows\system32\pnrpnsp.dll
0x00007ffa52820000 - 0x00007ffa52835000 	C:\Windows\system32\wshbth.dll
0x00007ffa50ba0000 - 0x00007ffa50bbd000 	C:\Windows\system32\NLAapi.dll
0x00007ffa56df0000 - 0x00007ffa56e2b000 	C:\Windows\SYSTEM32\IPHLPAPI.DLL
0x00007ffa56e30000 - 0x00007ffa56efa000 	C:\Windows\SYSTEM32\DNSAPI.dll
0x00007ffa58de0000 - 0x00007ffa58de8000 	C:\Windows\System32\NSI.dll
0x00007ffa3dd80000 - 0x00007ffa3dd92000 	C:\Windows\System32\winrnr.dll
0x00007ffa4b780000 - 0x00007ffa4b78a000 	C:\Windows\System32\rasadhlp.dll
0x00007ffa464c0000 - 0x00007ffa46540000 	C:\Windows\System32\fwpuclnt.dll
0x00007ffa57ec0000 - 0x00007ffa57ee7000 	C:\Windows\System32\bcrypt.dll
0x00007ffa38370000 - 0x00007ffa383e5000 	C:\Users\admin\AppData\Local\Temp\lwjgladmin\3.3.1-build-7\lwjgl.dll
0x00007ffa35fd0000 - 0x00007ffa36031000 	C:\Users\admin\AppData\Local\Temp\lwjgladmin\3.3.1-build-7\glfw.dll
0x00007ffa39d10000 - 0x00007ffa39d55000 	C:\Windows\SYSTEM32\dinput8.dll
0x00007ffa42730000 - 0x00007ffa42741000 	C:\Windows\SYSTEM32\xinput1_4.dll
0x00007ffa58360000 - 0x00007ffa583ae000 	C:\Windows\System32\cfgmgr32.dll
0x00007ffa576f0000 - 0x00007ffa57723000 	C:\Windows\SYSTEM32\DEVOBJ.dll
0x00007ffa552c0000 - 0x00007ffa552ef000 	C:\Windows\SYSTEM32\dwmapi.dll
0x00007ffa4c8e0000 - 0x00007ffa4ca32000 	C:\Windows\SYSTEM32\inputhost.dll
0x00007ffa59090000 - 0x00007ffa5915d000 	C:\Windows\System32\OLEAUT32.dll
0x00007ffa54bf0000 - 0x00007ffa54ce2000 	C:\Windows\SYSTEM32\CoreMessaging.dll
0x00007ffa53250000 - 0x00007ffa53346000 	C:\Windows\SYSTEM32\PROPSYS.dll
0x00007ffa541b0000 - 0x00007ffa54305000 	C:\Windows\SYSTEM32\wintypes.dll
0x00007ffa54890000 - 0x00007ffa54beb000 	C:\Windows\SYSTEM32\CoreUIComponents.dll
0x00007ffa56b50000 - 0x00007ffa56b83000 	C:\Windows\SYSTEM32\ntmarta.dll
0x00007ffa550e0000 - 0x00007ffa5517e000 	C:\Windows\system32\uxtheme.dll
0x00007ffa58cc0000 - 0x00007ffa58dd4000 	C:\Windows\System32\MSCTF.dll
0x00007ff9fa660000 - 0x00007ff9fa785000 	C:\Windows\SYSTEM32\opengl32.dll
0x00007ff9fa600000 - 0x00007ff9fa62c000 	C:\Windows\SYSTEM32\GLU32.dll
0x00007ffa58ec0000 - 0x00007ffa58f69000 	C:\Windows\System32\clbcatq.dll
0x00007ffa52320000 - 0x00007ffa5234d000 	C:\Windows\System32\DriverStore\FileRepository\u0390451.inf_amd64_39377efdd62734d1\B390182\atig6pxx.dll
0x00007ff9e1c30000 - 0x00007ff9e5865000 	C:\Windows\System32\DriverStore\FileRepository\u0390451.inf_amd64_39377efdd62734d1\B390182\atio6axx.dll
0x00007ffa59750000 - 0x00007ffa59bbe000 	C:\Windows\System32\SETUPAPI.dll
0x00007ffa581d0000 - 0x00007ffa58237000 	C:\Windows\System32\WINTRUST.dll
0x00007ffa57d60000 - 0x00007ffa57ebd000 	C:\Windows\System32\CRYPT32.dll
0x00007ffa57530000 - 0x00007ffa57542000 	C:\Windows\SYSTEM32\MSASN1.dll

dbghelp: loaded successfully - version: 4.0.5 - missing functions: none
symbol engine: initialized successfully - sym options: 0x614 - pdb path: .;C:\Program Files\Java\jdk-17\bin;C:\Windows\SYSTEM32;C:\Windows\WinSxS\amd64_microsoft.windows.common-controls_6595b64144ccf1df_6.0.19041.3636_none_60b6a03d71f818d5;C:\Program Files\Java\jdk-17\bin\server;C:\Users\admin\AppData\Local\Temp\lwjgladmin\3.3.1-build-7;C:\Windows\System32\DriverStore\FileRepository\u0390451.inf_amd64_39377efdd62734d1\B390182

VM Arguments:
jvm_args: -Dforge.enableGameTest=true -Dforge.enabledGameTestNamespaces=enhanced_minecraft -Dforge.logging.console.level=debug -Dforge.logging.markers=REGISTRIES -DignoreList=bootstraplauncher,securejarhandler,asm-commons,asm-util,asm-analysis,asm-tree,asm,JarJarFileSystems,client-extra,fmlcore,javafmllanguage,lowcodelanguage,mclanguage,forge- -Djava.net.preferIPv6Addresses=system -DlegacyClassPath.file=D:\Repositorios Github\Enhanced-Minecraft-Mod\Enhanched_Minecraft_Mod\build\classpath\runClient_minecraftClasspath.txt -DmergeModules=jna-5.10.0.jar,jna-platform-5.10.0.jar --module-path=C:\Users\admin\.gradle\caches\modules-2\files-2.1\cpw.mods\bootstraplauncher\1.1.2\c546e00443d8432cda6baa1c860346980742628\bootstraplauncher-1.1.2.jar;C:\Users\admin\.gradle\caches\modules-2\files-2.1\cpw.mods\securejarhandler\2.1.10\51e6a22c6c716beb11e244bf5b8be480f51dd6b5\securejarhandler-2.1.10.jar;C:\Users\admin\.gradle\caches\modules-2\files-2.1\org.ow2.asm\asm-commons\9.5\19ab5b5800a3910d30d3a3e64fdb00fd0cb42de0\asm-commons-9.5.jar;C:\Users\admin\.gradle\caches\modules-2\files-2.1\org.ow2.asm\asm-util\9.5\64b5a1fc8c1b15ed2efd6a063e976bc8d3dc5ffe\asm-util-9.5.jar;C:\Users\admin\.gradle\caches\modules-2\files-2.1\org.ow2.asm\asm-analysis\9.5\490bacc77de7cbc0be1a30bb3471072d705be4a4\asm-analysis-9.5.jar;C:\Users\admin\.gradle\caches\modules-2\files-2.1\org.ow2.asm\asm-tree\9.5\fd33c8b6373abaa675be407082fdfda35021254a\asm-tree-9.5.jar;C:\Users\admin\.gradle\caches\modules-2\files-2.1\org.ow2.asm\asm\9.5\dc6ea1875f4d64fbc85e1691c95b96a3d8569c90\asm-9.5.jar;C:\Users\admin\.gradle\caches\modules-2\files-2.1\net.minecraftforge\JarJarFileSystems\0.3.19\2464eb7d6b9ddb9db36a82cf8a95193e5c6fe020\JarJarFileSystems-0.3.19.jar --add-modules=ALL-MODULE-PATH --add-opens=java.base/java.util.jar=cpw.mods.securejarhandler --add-opens=java.base/java.lang.invoke=cpw.mods.securejarhandler --add-exports=java.base/sun.security.util=cpw.mods.securejarhandler --add-exports=jdk.naming.dns/com.sun.jndi.dns=java.naming -XX:HeapDumpPath=MojangTricksIntelDriversForPerformance_javaw.exe_minecraft.exe.heapdump -Dfile.encoding=windows-1252 -Duser.country=AR -Duser.language=es -Duser.variant 
java_command: cpw.mods.bootstraplauncher.BootstrapLauncher --launchTarget forgeclientuserdev --version MOD_DEV --assetIndex 5 --assetsDir C:\Users\admin\.gradle\caches\forge_gradle\assets --gameDir . --fml.forgeVersion 47.2.0 --fml.mcVersion 1.20.1 --fml.forgeGroup net.minecraftforge --fml.mcpVersion 20230612.114412
java_class_path (initial): D:\Repositorios Github\Enhanced-Minecraft-Mod\Enhanched_Minecraft_Mod\build\classes\java\main;D:\Repositorios Github\Enhanced-Minecraft-Mod\Enhanched_Minecraft_Mod\build\resources\main;C:\Users\admin\.gradle\caches\forge_gradle\minecraft_user_repo\net\minecraftforge\forge\1.20.1-47.2.0_mapped_parchment_2023.06.26-1.20.1\forge-1.20.1-47.2.0_mapped_parchment_2023.06.26-1.20.1.jar;C:\Users\admin\.gradle\caches\forge_gradle\minecraft_repo\versions\1.20.1\client-extra.jar;C:\Users\admin\.gradle\caches\modules-2\files-2.1\net.minecraftforge\fmlearlydisplay\1.20.1-47.2.0\4c56a03dcedcb909c7eaa8469dd5a36c493a0008\fmlearlydisplay-1.20.1-47.2.0.jar;C:\Users\admin\.gradle\caches\modules-2\files-2.1\net.minecraftforge\javafmllanguage\1.20.1-47.2.0\7f9181f85acc66547685a72020713fc8cbde98\javafmllanguage-1.20.1-47.2.0.jar;C:\Users\admin\.gradle\caches\modules-2\files-2.1\net.minecraftforge\lowcodelanguage\1.20.1-47.2.0\7872f5205685fdd26fae39b1be79b0e60ca5b7bd\lowcodelanguage-1.20.1-47.2.0.jar;C:\Users\admin\.gradle\caches\modules-2\files-2.1\net.minecraftforge\mclanguage\1.20.1-47.2.0\d501d161cabed08b3c139a2c6217b02a39f3c3e9\mclanguage-1.20.1-47.2.0.jar;C:\Users\admin\.gradle\caches\modules-2\files-2.1\net.minecraftforge\fmlcore\1.20.1-47.2.0\ffd3c6debac0a388c9e33ac43c9f5eafb91cb466\fmlcore-1.20.1-47.2.0.jar;C:\Users\admin\.gradle\caches\modules-2\files-2.1\net.minecraftforge\fmlloader\1.20.1-47.2.0\7811231940c0a8b6008453bbc64fdf7fa1280fe9\fmlloader-1.20.1-47.2.0.jar;C:\Users\admin\.gradle\caches\modules-2\files-2.1\net.minecraftforge\JarJarSelector\0.3.19\376cc9c8ea60720cf027c01fc033de915699801c\JarJarSelector-0.3.19.jar;C:\Users\admin\.gradle\caches\modules-2\files-2.1\net.minecraftforge\JarJarMetadata\0.3.19\83feaa9b770e6ac0e96ee4fc23fa89325c5fe2\JarJarMetadata-0.3.19.jar;C:\Users\admin\.gradle\caches\modules-2\files-2.1\com.google.guava\guava\31.1-jre\60458f877d055d0c9114d9e1a2efb737b4bc282c\guava-31.1-jre.jar;C:\Users\admin\.gradle\caches\modules-2
Launcher Type: SUN_STANDARD

[Global flags]
     intx CICompilerCount                          = 3                                         {product} {ergonomic}
     uint ConcGCThreads                            = 1                                         {product} {ergonomic}
     uint G1ConcRefinementThreads                  = 4                                         {product} {ergonomic}
   size_t G1HeapRegionSize                         = 1048576                                   {product} {ergonomic}
    uintx GCDrainStackTargetSize                   = 64                                        {product} {ergonomic}
    ccstr HeapDumpPath                             = MojangTricksIntelDriversForPerformance_javaw.exe_minecraft.exe.heapdump         {manageable} {command line}
   size_t InitialHeapSize                          = 100663296                                 {product} {ergonomic}
   size_t MarkStackSize                            = 4194304                                   {product} {ergonomic}
   size_t MaxHeapSize                              = 1598029824                                {product} {ergonomic}
   size_t MaxNewSize                               = 958398464                                 {product} {ergonomic}
   size_t MinHeapDeltaBytes                        = 1048576                                   {product} {ergonomic}
   size_t MinHeapSize                              = 8388608                                   {product} {ergonomic}
    uintx NonNMethodCodeHeapSize                   = 5832780                                {pd product} {ergonomic}
    uintx NonProfiledCodeHeapSize                  = 122912730                              {pd product} {ergonomic}
    uintx ProfiledCodeHeapSize                     = 122912730                              {pd product} {ergonomic}
    uintx ReservedCodeCacheSize                    = 251658240                              {pd product} {ergonomic}
     bool SegmentedCodeCache                       = true                                      {product} {ergonomic}
   size_t SoftMaxHeapSize                          = 1598029824                             {manageable} {ergonomic}
     bool UseCompressedClassPointers               = true                           {product lp64_product} {ergonomic}
     bool UseCompressedOops                        = true                           {product lp64_product} {ergonomic}
     bool UseG1GC                                  = true                                      {product} {ergonomic}
     bool UseLargePagesIndividualAllocation        = false                                  {pd product} {ergonomic}

Logging:
Log output configuration:
 #0: stdout all=warning uptime,level,tags
 #1: stderr all=off uptime,level,tags

Environment Variables:
JAVA_HOME=C:\Program Files\Eclipse Adoptium\jdk-17.0.9.9-hotspot\
PATH=C:\Program Files\Eclipse Adoptium\jdk-17.0.9.9-hotspot\bin;C:\Program Files\Common Files\Oracle\Java\javapath;C:\Program Files (x86)\Common Files\Oracle\Java\javapath;C:\Windows\system32;C:\Windows;C:\Windows\System32\Wbem;C:\Windows\System32\WindowsPowerShell\v1.0\;C:\Windows\System32\OpenSSH\;C:\Program Files\dotnet\;C:\Program Files\Git\cmd;C:\Users\admin\AppData\Local\Microsoft\WindowsApps;C:\Users\admin\.dotnet\tools;C:\Users\admin\AppData\Local\GitHubDesktop\bin
USERNAME=admin
OS=Windows_NT
PROCESSOR_IDENTIFIER=AMD64 Family 23 Model 17 Stepping 0, AuthenticAMD



---------------  S Y S T E M  ---------------

OS:
 Windows 10 , 64 bit Build 19041 (10.0.19041.3636)
OS uptime: 0 days 0:30 hours

CPU: total 4 (initial active 4) (4 cores per cpu, 2 threads per core) family 23 model 17 stepping 0 microcode 0x0, cx8, cmov, fxsr, ht, mmx, 3dnowpref, sse, sse2, sse3, ssse3, sse4a, sse4.1, sse4.2, popcnt, lzcnt, tsc, tscinvbit, avx, avx2, aes, clmul, bmi1, bmi2, adx, sha, fma, vzeroupper, clflush, clflushopt

Memory: 4k page, system-wide physical 6092M (430M free)
TotalPageFile size 11917M (AvailPageFile size 1907M)
current process WorkingSet (physical memory assigned to process): 211M, peak: 218M
current process commit charge ("private bytes"): 247M, peak: 254M

vm_info: Java HotSpot(TM) 64-Bit Server VM (17.0.9+11-LTS-201) for windows-amd64 JRE (17.0.9+11-LTS-201), built on Oct 10 2023 23:16:06 by "mach5one" with MS VC++ 17.1 (VS2022)

END.
