#
# A fatal error has been detected by the Java Runtime Environment:
#
#  EXCEPTION_ACCESS_VIOLATION (0xc0000005) at pc=0x00007ff96c832b60, pid=15080, tid=11028
#
# JRE version: OpenJDK Runtime Environment Temurin-17.0.9+9 (17.0.9+9) (build 17.0.9+9)
# Java VM: OpenJDK 64-Bit Server VM Temurin-17.0.9+9 (17.0.9+9, mixed mode, sharing, tiered, compressed oops, compressed class ptrs, g1 gc, windows-amd64)
# Problematic frame:
# C  [atio6axx.dll+0x192b60]
#
# No core dump will be written. Minidumps are not enabled by default on client versions of Windows
#
# If you would like to submit a bug report, please visit:
#   https://github.com/adoptium/adoptium-support/issues
# The crash happened outside the Java Virtual Machine in native code.
# See problematic frame for where to report the bug.
#

---------------  S U M M A R Y ------------

Command Line: -Dforge.enableGameTest=true -Dforge.enabledGameTestNamespaces=enhanced_minecraft -Dforge.logging.console.level=debug -Dforge.logging.markers=REGISTRIES -DignoreList=bootstraplauncher,securejarhandler,asm-commons,asm-util,asm-analysis,asm-tree,asm,JarJarFileSystems,client-extra,fmlcore,javafmllanguage,lowcodelanguage,mclanguage,forge- -Djava.net.preferIPv6Addresses=system -DlegacyClassPath.file=D:\Repositorios Github\Enhanced-Minecraft-Mod\Enhanched_Minecraft_Mod\build\classpath\runClient_minecraftClasspath.txt -DmergeModules=jna-5.10.0.jar,jna-platform-5.10.0.jar --module-path=C:\Users\admin\.gradle\caches\modules-2\files-2.1\cpw.mods\bootstraplauncher\1.1.2\c546e00443d8432cda6baa1c860346980742628\bootstraplauncher-1.1.2.jar;C:\Users\admin\.gradle\caches\modules-2\files-2.1\cpw.mods\securejarhandler\2.1.10\51e6a22c6c716beb11e244bf5b8be480f51dd6b5\securejarhandler-2.1.10.jar;C:\Users\admin\.gradle\caches\modules-2\files-2.1\org.ow2.asm\asm-commons\9.5\19ab5b5800a3910d30d3a3e64fdb00fd0cb42de0\asm-commons-9.5.jar;C:\Users\admin\.gradle\caches\modules-2\files-2.1\org.ow2.asm\asm-util\9.5\64b5a1fc8c1b15ed2efd6a063e976bc8d3dc5ffe\asm-util-9.5.jar;C:\Users\admin\.gradle\caches\modules-2\files-2.1\org.ow2.asm\asm-analysis\9.5\490bacc77de7cbc0be1a30bb3471072d705be4a4\asm-analysis-9.5.jar;C:\Users\admin\.gradle\caches\modules-2\files-2.1\org.ow2.asm\asm-tree\9.5\fd33c8b6373abaa675be407082fdfda35021254a\asm-tree-9.5.jar;C:\Users\admin\.gradle\caches\modules-2\files-2.1\org.ow2.asm\asm\9.5\dc6ea1875f4d64fbc85e1691c95b96a3d8569c90\asm-9.5.jar;C:\Users\admin\.gradle\caches\modules-2\files-2.1\net.minecraftforge\JarJarFileSystems\0.3.19\2464eb7d6b9ddb9db36a82cf8a95193e5c6fe020\JarJarFileSystems-0.3.19.jar --add-modules=ALL-MODULE-PATH --add-opens=java.base/java.util.jar=cpw.mods.securejarhandler --add-opens=java.base/java.lang.invoke=cpw.mods.securejarhandler --add-exports=java.base/sun.security.util=cpw.mods.securejarhandler --add-exports=jdk.naming.dns/com.sun.jndi.dns=java.naming -XX:HeapDumpPath=MojangTricksIntelDriversForPerformance_javaw.exe_minecraft.exe.heapdump -Dfile.encoding=windows-1252 -Duser.country=AR -Duser.language=es -Duser.variant cpw.mods.bootstraplauncher.BootstrapLauncher --launchTarget forgeclientuserdev --version MOD_DEV --assetIndex 5 --assetsDir C:\Users\admin\.gradle\caches\forge_gradle\assets --gameDir . --fml.forgeVersion 47.2.0 --fml.mcVersion 1.20.1 --fml.forgeGroup net.minecraftforge --fml.mcpVersion 20230612.114412

Host: AMD Ryzen 3 2200U with Radeon Vega Mobile Gfx  , 4 cores, 5G,  Windows 10 , 64 bit Build 19041 (10.0.19041.3636)
Time: Tue Jan  9 10:45:10 2024 Hora estándar de Argentina elapsed time: 7.916726 seconds (0d 0h 0m 7s)

---------------  T H R E A D  ---------------

Current thread (0x0000021f9fb0c1a0):  JavaThread "main" [_thread_in_native, id=11028, stack(0x0000007826900000,0x0000007826a00000)]

Stack: [0x0000007826900000,0x0000007826a00000],  sp=0x00000078269fb9f8,  free space=1006k
Native frames: (J=compiled Java code, j=interpreted, Vv=VM code, C=native code)
C  [atio6axx.dll+0x192b60]

Java frames: (J=compiled Java code, j=interpreted, Vv=VM code)
j  org.lwjgl.system.JNI.invokePPPP(IIJJJJ)J+0 org.lwjgl@3.3.1+7
j  org.lwjgl.glfw.GLFW.nglfwCreateWindow(IIJJJ)J+14 org.lwjgl.glfw@3.3.1+7
j  org.lwjgl.glfw.GLFW.glfwCreateWindow(IILjava/lang/CharSequence;JJ)J+34 org.lwjgl.glfw@3.3.1+7
j  net.minecraftforge.fml.earlydisplay.DisplayWindow.initWindow(Ljava/lang/String;)V+408 fmlearlydisplay@1.20.1-47.2.0
j  net.minecraftforge.fml.earlydisplay.DisplayWindow.start(Ljava/lang/String;Ljava/lang/String;)Ljava/lang/Runnable;+14 fmlearlydisplay@1.20.1-47.2.0
j  net.minecraftforge.fml.earlydisplay.DisplayWindow.initialize([Ljava/lang/String;)Ljava/lang/Runnable;+410 fmlearlydisplay@1.20.1-47.2.0
j  net.minecraftforge.fml.loading.ImmediateWindowHandler.load(Ljava/lang/String;[Ljava/lang/String;)V+180 fmlloader@1.20.1-47.2.0
j  net.minecraftforge.fml.loading.ModDirTransformerDiscoverer.earlyInitialization(Ljava/lang/String;[Ljava/lang/String;)V+2 fmlloader@1.20.1-47.2.0
j  cpw.mods.modlauncher.TransformationServicesHandler.lambda$discoverServices$18(Lcpw/mods/modlauncher/ArgumentHandler$DiscoveryData;Lcpw/mods/modlauncher/serviceapi/ITransformerDiscoveryService;)V+9 cpw.mods.modlauncher@10.0.9
j  cpw.mods.modlauncher.TransformationServicesHandler$$Lambda$415+0x0000021fbe2169b0.accept(Ljava/lang/Object;)V+8 cpw.mods.modlauncher@10.0.9
j  java.lang.Iterable.forEach(Ljava/util/function/Consumer;)V+30 java.base@17.0.9
j  cpw.mods.modlauncher.TransformationServicesHandler.discoverServices(Lcpw/mods/modlauncher/ArgumentHandler$DiscoveryData;)V+145 cpw.mods.modlauncher@10.0.9
j  cpw.mods.modlauncher.Launcher.run([Ljava/lang/String;)V+14 cpw.mods.modlauncher@10.0.9
j  cpw.mods.modlauncher.Launcher.main([Ljava/lang/String;)V+78 cpw.mods.modlauncher@10.0.9
j  cpw.mods.modlauncher.BootstrapLaunchConsumer.accept([Ljava/lang/String;)V+1 cpw.mods.modlauncher@10.0.9
j  cpw.mods.modlauncher.BootstrapLaunchConsumer.accept(Ljava/lang/Object;)V+5 cpw.mods.modlauncher@10.0.9
j  cpw.mods.bootstraplauncher.BootstrapLauncher.main([Ljava/lang/String;)V+515 cpw.mods.bootstraplauncher@1.1.2
v  ~StubRoutines::call_stub

siginfo: EXCEPTION_ACCESS_VIOLATION (0xc0000005), reading address 0xffffffffffffffff


Registers:
RAX=0x0000000000000000, RBX=0x00007ff9700733b0, RCX=0x3a433b72616a2e30, RDX=0x00000000000000d0
RSP=0x00000078269fb9f8, RBP=0x00000078269fbb60, RSI=0x00007ff96ff82d40, RDI=0x00000078269fbe50
R8 =0x00000000000001a5, R9 =0x3a433b72616a2e30, R10=0x0000000000000000, R11=0x0000000000000200
R12=0x00007ff970073408, R13=0x00007ff970075c08, R14=0x00007ff9700733b0, R15=0x0000000000000000
RIP=0x00007ff96c832b60, EFLAGS=0x0000000000010206


Register to memory mapping:

RIP=0x00007ff96c832b60 atio6axx.dll
RAX=0x0 is NULL
RBX=0x00007ff9700733b0 atio6axx.dll
RCX=0x3a433b72616a2e30 is an unknown value
RDX=0x00000000000000d0 is an unknown value
RSP=0x00000078269fb9f8 is pointing into the stack for thread: 0x0000021f9fb0c1a0
RBP=0x00000078269fbb60 is pointing into the stack for thread: 0x0000021f9fb0c1a0
RSI=0x00007ff96ff82d40 atio6axx.dll
RDI=0x00000078269fbe50 is pointing into the stack for thread: 0x0000021f9fb0c1a0
R8 =0x00000000000001a5 is an unknown value
R9 =0x3a433b72616a2e30 is an unknown value
R10=0x0 is NULL
R11=0x0000000000000200 is an unknown value
R12=0x00007ff970073408 atio6axx.dll
R13=0x00007ff970075c08 atio6axx.dll
R14=0x00007ff9700733b0 atio6axx.dll
R15=0x0 is NULL


Top of Stack: (sp=0x00000078269fb9f8)
0x00000078269fb9f8:   00007ff96c832e7c 00007ff970076020
0x00000078269fba08:   0000021fff0b13d8 0000000000000000
0x00000078269fba18:   00007ff96c833e8d 00000078269fbe50
0x00000078269fba28:   00007ff96c7ef484 00007ff9700733b0
0x00000078269fba38:   00007ff96ff82d40 0000652e6176616a
0x00000078269fba48:   000031e54d866e27 00000078269fbe50
0x00000078269fba58:   00007ff96c7f0457 00007ff9700733b8
0x00000078269fba68:   00007ff96ff82d40 00007ff96ff82d40
0x00000078269fba78:   0000021f84e60acc 00007ff9700733b0
0x00000078269fba88:   00007ff900000000 0000000000000009
0x00000078269fba98:   0000021f84e60c7c 0000021f84e60dd8
0x00000078269fbaa8:   00007ff9700733b8 00000078269fbe50
0x00000078269fbab8:   00000078269fbc1b 00007f006176616a
0x00000078269fbac8:   00007f006176616a 46676e697274535c
0x00000078269fbad8:   5c6f666e49656c69 3062343039303430
0x00000078269fbae8:   726556656c69465c 000000006e6f6973
0x00000078269fbaf8:   0000000000000000 0000000000000000
0x00000078269fbb08:   0000000000000000 0000000a0000011c
0x00000078269fbb18:   00004a6500000000 0000000000000002
0x00000078269fbb28:   0000000000000000 0000000000000000
0x00000078269fbb38:   0000000000000000 0000000000000000
0x00000078269fbb48:   0000000000000000 0000000000000000
0x00000078269fbb58:   0000000000000000 0000000000000000
0x00000078269fbb68:   0000000000000000 0000000000000000
0x00000078269fbb78:   0000000000000000 0000000000000000
0x00000078269fbb88:   0000000000000000 0000000000000000
0x00000078269fbb98:   0000000000000000 0000000000000000
0x00000078269fbba8:   0000000000000000 0000000000000000
0x00000078269fbbb8:   0000000000000000 0000000000000000
0x00000078269fbbc8:   0000000000000000 0000000000000000
0x00000078269fbbd8:   0000000000000000 72676f72505c3a43
0x00000078269fbbe8:   73656c6946206d61 657370696c63455c 

Instructions: (pc=0x00007ff96c832b60)
0x00007ff96c832a60:   74 09 33 c9 ff 15 e6 89 66 03 90 48 8b c3 48 83
0x00007ff96c832a70:   c4 20 5b c3 cc cc cc cc cc cc cc cc cc cc cc cc
0x00007ff96c832a80:   48 83 ec 28 48 8b 51 08 48 85 d2 74 09 33 c9 ff
0x00007ff96c832a90:   15 bb 89 66 03 90 48 83 c4 28 c3 cc cc cc cc cc
0x00007ff96c832aa0:   48 89 11 c3 cc cc cc cc cc cc cc cc cc cc cc cc
0x00007ff96c832ab0:   48 8b c1 c3 cc cc cc cc cc cc cc cc cc cc cc cc
0x00007ff96c832ac0:   48 3b ca 74 10 41 8b 00 39 01 74 09 48 83 c1 04
0x00007ff96c832ad0:   48 3b ca 75 f3 48 8b c1 c3 cc cc cc cc cc cc cc
0x00007ff96c832ae0:   48 8b c1 c3 cc cc cc cc cc cc cc cc cc cc cc cc
0x00007ff96c832af0:   48 83 39 00 0f 94 c0 c3 cc cc cc cc cc cc cc cc
0x00007ff96c832b00:   4c 8d 04 d5 00 00 00 00 33 d2 e9 c1 d0 dd 01 cc
0x00007ff96c832b10:   4c 8b 41 08 48 8b 02 49 89 00 48 83 41 08 08 c3
0x00007ff96c832b20:   48 8b c1 c3 cc cc cc cc cc cc cc cc cc cc cc cc
0x00007ff96c832b30:   48 8b c1 c3 cc cc cc cc cc cc cc cc cc cc cc cc
0x00007ff96c832b40:   49 8b 00 48 89 02 c3 cc cc cc cc cc cc cc cc cc
0x00007ff96c832b50:   8b 81 40 39 00 00 c3 cc cc cc cc cc cc cc cc cc
0x00007ff96c832b60:   8b 81 40 39 00 00 83 c0 f0 83 f8 67 0f 87 5a 01
0x00007ff96c832b70:   00 00 48 8d 15 87 d4 e6 ff 0f b6 84 02 f0 2c 19
0x00007ff96c832b80:   00 8b 8c 82 d0 2c 19 00 48 03 ca ff e1 48 8b 0d
0x00007ff96c832b90:   6c 6f 7e 03 83 b9 b4 34 00 00 02 0f 87 2b 01 00
0x00007ff96c832ba0:   00 48 8d 91 0c 29 00 00 c7 02 e1 00 00 00 e9 ce
0x00007ff96c832bb0:   00 00 00 48 8b 0d 46 6f 7e 03 83 b9 b4 34 00 00
0x00007ff96c832bc0:   02 0f 87 05 01 00 00 48 8d 91 0c 29 00 00 c7 02
0x00007ff96c832bd0:   f0 00 00 00 e9 a8 00 00 00 48 8b 0d 20 6f 7e 03
0x00007ff96c832be0:   83 b9 b4 34 00 00 02 0f 87 df 00 00 00 48 8d 91
0x00007ff96c832bf0:   0c 29 00 00 c7 02 00 04 00 00 e9 82 00 00 00 48
0x00007ff96c832c00:   8b 0d fa 6e 7e 03 83 b9 b4 34 00 00 02 0f 87 b9
0x00007ff96c832c10:   00 00 00 48 8d 91 0c 29 00 00 c7 02 00 08 00 00
0x00007ff96c832c20:   eb 5f 48 8b 0d d7 6e 7e 03 83 b9 b4 34 00 00 02
0x00007ff96c832c30:   0f 87 96 00 00 00 48 8d 91 0c 29 00 00 c7 02 00
0x00007ff96c832c40:   09 00 00 eb 3c 48 8b 0d b4 6e 7e 03 83 b9 b4 34
0x00007ff96c832c50:   00 00 02 77 77 48 8d 91 0c 29 00 00 c7 02 3c 0f 


Stack slot to memory mapping:
stack at sp + 0 slots: 0x00007ff96c832e7c atio6axx.dll
stack at sp + 1 slots: 0x00007ff970076020 atio6axx.dll
stack at sp + 2 slots: 0x0000021fff0b13d8 points into unknown readable memory: 0x00007ff96f87f5f0 | f0 f5 87 6f f9 7f 00 00
stack at sp + 3 slots: 0x0 is NULL
stack at sp + 4 slots: 0x00007ff96c833e8d atio6axx.dll
stack at sp + 5 slots: 0x00000078269fbe50 is pointing into the stack for thread: 0x0000021f9fb0c1a0
stack at sp + 6 slots: 0x00007ff96c7ef484 atio6axx.dll
stack at sp + 7 slots: 0x00007ff9700733b0 atio6axx.dll


---------------  P R O C E S S  ---------------

Threads class SMR info:
_java_thread_list=0x0000021ffe81f720, length=14, elements={
0x0000021f9fb0c1a0, 0x0000021fbc37e3c0, 0x0000021fbc381160, 0x0000021fbc395a40,
0x0000021fbc398720, 0x0000021fbc398ff0, 0x0000021fbc39c690, 0x0000021fbc39d340,
0x0000021fbc3c6ed0, 0x0000021fbc508070, 0x0000021fbc5ec050, 0x0000021fbc769950,
0x0000021ffe9b7050, 0x0000021f842c8340
}

Java Threads: ( => current thread )
=>0x0000021f9fb0c1a0 JavaThread "main" [_thread_in_native, id=11028, stack(0x0000007826900000,0x0000007826a00000)]
  0x0000021fbc37e3c0 JavaThread "Reference Handler" daemon [_thread_blocked, id=1936, stack(0x0000007827000000,0x0000007827100000)]
  0x0000021fbc381160 JavaThread "Finalizer" daemon [_thread_blocked, id=12384, stack(0x0000007827100000,0x0000007827200000)]
  0x0000021fbc395a40 JavaThread "Signal Dispatcher" daemon [_thread_blocked, id=14320, stack(0x0000007827200000,0x0000007827300000)]
  0x0000021fbc398720 JavaThread "Attach Listener" daemon [_thread_blocked, id=11072, stack(0x0000007827300000,0x0000007827400000)]
  0x0000021fbc398ff0 JavaThread "Service Thread" daemon [_thread_blocked, id=14052, stack(0x0000007827400000,0x0000007827500000)]
  0x0000021fbc39c690 JavaThread "Monitor Deflation Thread" daemon [_thread_blocked, id=6384, stack(0x0000007827500000,0x0000007827600000)]
  0x0000021fbc39d340 JavaThread "C2 CompilerThread0" daemon [_thread_blocked, id=3540, stack(0x0000007827600000,0x0000007827700000)]
  0x0000021fbc3c6ed0 JavaThread "C1 CompilerThread0" daemon [_thread_blocked, id=13924, stack(0x0000007827700000,0x0000007827800000)]
  0x0000021fbc508070 JavaThread "Sweeper thread" daemon [_thread_blocked, id=11580, stack(0x0000007827800000,0x0000007827900000)]
  0x0000021fbc5ec050 JavaThread "Common-Cleaner" daemon [_thread_blocked, id=14188, stack(0x0000007827900000,0x0000007827a00000)]
  0x0000021fbc769950 JavaThread "Notification Thread" daemon [_thread_blocked, id=8464, stack(0x0000007827a00000,0x0000007827b00000)]
  0x0000021ffe9b7050 JavaThread "C2 CompilerThread1" daemon [_thread_blocked, id=8768, stack(0x0000007827f00000,0x0000007828000000)]
  0x0000021f842c8340 JavaThread "pool-2-thread-1" daemon [_thread_blocked, id=14864, stack(0x0000007828300000,0x0000007828400000)]

Other Threads:
  0x0000021fbc37abf0 VMThread "VM Thread" [stack: 0x0000007826f00000,0x0000007827000000] [id=12036]
  0x0000021f9fb0d070 WatcherThread [stack: 0x0000007827b00000,0x0000007827c00000] [id=12800]
  0x0000021f9fb55eb0 GCTaskThread "GC Thread#0" [stack: 0x0000007826a00000,0x0000007826b00000] [id=6392]
  0x0000021ffe3b79d0 GCTaskThread "GC Thread#1" [stack: 0x0000007827c00000,0x0000007827d00000] [id=10800]
  0x0000021ffe147430 GCTaskThread "GC Thread#2" [stack: 0x0000007827d00000,0x0000007827e00000] [id=15004]
  0x0000021ffe1476f0 GCTaskThread "GC Thread#3" [stack: 0x0000007827e00000,0x0000007827f00000] [id=3824]
  0x0000021f9fb62b90 ConcurrentGCThread "G1 Main Marker" [stack: 0x0000007826b00000,0x0000007826c00000] [id=14568]
  0x0000021f9fb644d0 ConcurrentGCThread "G1 Conc#0" [stack: 0x0000007826c00000,0x0000007826d00000] [id=3024]
  0x0000021fbc243c60 ConcurrentGCThread "G1 Refine#0" [stack: 0x0000007826d00000,0x0000007826e00000] [id=6892]
  0x0000021fbc2445a0 ConcurrentGCThread "G1 Service" [stack: 0x0000007826e00000,0x0000007826f00000] [id=11520]

Threads with active compile tasks:

VM state: not at safepoint (normal execution)

VM Mutex/Monitor currently owned by a thread: None

Heap address: 0x00000000a0c00000, size: 1524 MB, Compressed Oops mode: 32-bit

CDS archive(s) mapped at: [0x0000021fbd000000-0x0000021fbdba0000-0x0000021fbdba0000), size 12189696, SharedBaseAddress: 0x0000021fbd000000, ArchiveRelocationMode: 1.
Compressed class space mapped at: 0x0000021fbe000000-0x0000021ffe000000, reserved size: 1073741824
Narrow klass base: 0x0000021fbd000000, Narrow klass shift: 0, Narrow klass range: 0x100000000

GC Precious Log:
 CPUs: 4 total, 4 available
 Memory: 6092M
 Large Page Support: Disabled
 NUMA Support: Disabled
 Compressed Oops: Enabled (32-bit)
 Heap Region Size: 1M
 Heap Min Capacity: 8M
 Heap Initial Capacity: 96M
 Heap Max Capacity: 1524M
 Pre-touch: Disabled
 Parallel Workers: 4
 Concurrent Workers: 1
 Concurrent Refinement Workers: 4
 Periodic GC: Disabled

Heap:
 garbage-first heap   total 121856K, used 45130K [0x00000000a0c00000, 0x0000000100000000)
  region size 1024K, 14 young (14336K), 8 survivors (8192K)
 Metaspace       used 16734K, committed 17088K, reserved 1114112K
  class space    used 1904K, committed 2048K, reserved 1048576K

Heap Regions: E=young(eden), S=young(survivor), O=old, HS=humongous(starts), HC=humongous(continues), CS=collection set, F=free, OA=open archive, CA=closed archive, TAMS=top-at-mark-start (previous, next)
|   0|0x00000000a0c00000, 0x00000000a0d00000, 0x00000000a0d00000|100%|HS|  |TAMS 0x00000000a0c00000, 0x00000000a0c00000| Complete 
|   1|0x00000000a0d00000, 0x00000000a0e00000, 0x00000000a0e00000|100%|HS|  |TAMS 0x00000000a0d00000, 0x00000000a0d00000| Complete 
|   2|0x00000000a0e00000, 0x00000000a0f00000, 0x00000000a0f00000|100%|HC|  |TAMS 0x00000000a0e00000, 0x00000000a0e00000| Complete 
|   3|0x00000000a0f00000, 0x00000000a1000000, 0x00000000a1000000|100%| O|  |TAMS 0x00000000a0f00000, 0x00000000a0f00000| Untracked 
|   4|0x00000000a1000000, 0x00000000a1100000, 0x00000000a1100000|100%| O|  |TAMS 0x00000000a1000000, 0x00000000a1000000| Untracked 
|   5|0x00000000a1100000, 0x00000000a1200000, 0x00000000a1200000|100%| O|  |TAMS 0x00000000a1100000, 0x00000000a1100000| Untracked 
|   6|0x00000000a1200000, 0x00000000a1300000, 0x00000000a1300000|100%|HS|  |TAMS 0x00000000a1200000, 0x00000000a1200000| Complete 
|   7|0x00000000a1300000, 0x00000000a1400000, 0x00000000a1400000|100%|HC|  |TAMS 0x00000000a1300000, 0x00000000a1300000| Complete 
|   8|0x00000000a1400000, 0x00000000a1500000, 0x00000000a1500000|100%| O|  |TAMS 0x00000000a1400000, 0x00000000a1400000| Untracked 
|   9|0x00000000a1500000, 0x00000000a1600000, 0x00000000a1600000|100%| O|  |TAMS 0x00000000a1500000, 0x00000000a1500000| Untracked 
|  10|0x00000000a1600000, 0x00000000a1700000, 0x00000000a1700000|100%| O|  |TAMS 0x00000000a1600000, 0x00000000a1600000| Untracked 
|  11|0x00000000a1700000, 0x00000000a1800000, 0x00000000a1800000|100%| O|  |TAMS 0x00000000a1700000, 0x00000000a1700000| Untracked 
|  12|0x00000000a1800000, 0x00000000a1900000, 0x00000000a1900000|100%|HS|  |TAMS 0x00000000a1800000, 0x00000000a1800000| Complete 
|  13|0x00000000a1900000, 0x00000000a1a00000, 0x00000000a1a00000|100%|HC|  |TAMS 0x00000000a1900000, 0x00000000a1900000| Complete 
|  14|0x00000000a1a00000, 0x00000000a1b00000, 0x00000000a1b00000|100%| O|  |TAMS 0x00000000a1a00000, 0x00000000a1a00000| Untracked 
|  15|0x00000000a1b00000, 0x00000000a1c00000, 0x00000000a1c00000|100%| O|  |TAMS 0x00000000a1b00000, 0x00000000a1b00000| Untracked 
|  16|0x00000000a1c00000, 0x00000000a1d00000, 0x00000000a1d00000|100%| O|  |TAMS 0x00000000a1c00000, 0x00000000a1c00000| Untracked 
|  17|0x00000000a1d00000, 0x00000000a1e00000, 0x00000000a1e00000|100%| O|  |TAMS 0x00000000a1d00000, 0x00000000a1d00000| Untracked 
|  18|0x00000000a1e00000, 0x00000000a1f00000, 0x00000000a1f00000|100%| O|  |TAMS 0x00000000a1e00000, 0x00000000a1e00000| Untracked 
|  19|0x00000000a1f00000, 0x00000000a2000000, 0x00000000a2000000|100%| O|  |TAMS 0x00000000a1f00000, 0x00000000a1f00000| Untracked 
|  20|0x00000000a2000000, 0x00000000a2100000, 0x00000000a2100000|100%| O|  |TAMS 0x00000000a2000000, 0x00000000a2000000| Untracked 
|  21|0x00000000a2100000, 0x00000000a2200000, 0x00000000a2200000|100%|HS|  |TAMS 0x00000000a2100000, 0x00000000a2100000| Complete 
|  22|0x00000000a2200000, 0x00000000a2300000, 0x00000000a2300000|100%|HC|  |TAMS 0x00000000a2200000, 0x00000000a2200000| Complete 
|  23|0x00000000a2300000, 0x00000000a2400000, 0x00000000a2400000|100%| O|  |TAMS 0x00000000a2300000, 0x00000000a2300000| Untracked 
|  24|0x00000000a2400000, 0x00000000a2500000, 0x00000000a2500000|100%| O|  |TAMS 0x00000000a2400000, 0x00000000a2400000| Untracked 
|  25|0x00000000a2500000, 0x00000000a2600000, 0x00000000a2600000|100%| O|  |TAMS 0x00000000a2500000, 0x00000000a2500000| Untracked 
|  26|0x00000000a2600000, 0x00000000a2700000, 0x00000000a2700000|100%| O|  |TAMS 0x00000000a2600000, 0x00000000a2600000| Untracked 
|  27|0x00000000a2700000, 0x00000000a2800000, 0x00000000a2800000|100%| O|  |TAMS 0x00000000a2700000, 0x00000000a2700000| Untracked 
|  28|0x00000000a2800000, 0x00000000a2900000, 0x00000000a2900000|100%| O|  |TAMS 0x00000000a2800000, 0x00000000a2800000| Untracked 
|  29|0x00000000a2900000, 0x00000000a2a00000, 0x00000000a2a00000|100%| O|  |TAMS 0x00000000a2900000, 0x00000000a2900000| Untracked 
|  30|0x00000000a2a00000, 0x00000000a2b00000, 0x00000000a2b00000|100%| O|  |TAMS 0x00000000a2a00000, 0x00000000a2a00000| Untracked 
|  31|0x00000000a2b00000, 0x00000000a2b92a00, 0x00000000a2c00000| 57%| O|  |TAMS 0x00000000a2b00000, 0x00000000a2b00000| Untracked 
|  32|0x00000000a2c00000, 0x00000000a2c00000, 0x00000000a2d00000|  0%| F|  |TAMS 0x00000000a2c00000, 0x00000000a2c00000| Untracked 
|  33|0x00000000a2d00000, 0x00000000a2d00000, 0x00000000a2e00000|  0%| F|  |TAMS 0x00000000a2d00000, 0x00000000a2d00000| Untracked 
|  34|0x00000000a2e00000, 0x00000000a2e00000, 0x00000000a2f00000|  0%| F|  |TAMS 0x00000000a2e00000, 0x00000000a2e00000| Untracked 
|  35|0x00000000a2f00000, 0x00000000a2f00000, 0x00000000a3000000|  0%| F|  |TAMS 0x00000000a2f00000, 0x00000000a2f00000| Untracked 
|  36|0x00000000a3000000, 0x00000000a3000000, 0x00000000a3100000|  0%| F|  |TAMS 0x00000000a3000000, 0x00000000a3000000| Untracked 
|  37|0x00000000a3100000, 0x00000000a3100000, 0x00000000a3200000|  0%| F|  |TAMS 0x00000000a3100000, 0x00000000a3100000| Untracked 
|  38|0x00000000a3200000, 0x00000000a3200000, 0x00000000a3300000|  0%| F|  |TAMS 0x00000000a3200000, 0x00000000a3200000| Untracked 
|  39|0x00000000a3300000, 0x00000000a3300000, 0x00000000a3400000|  0%| F|  |TAMS 0x00000000a3300000, 0x00000000a3300000| Untracked 
|  40|0x00000000a3400000, 0x00000000a3400000, 0x00000000a3500000|  0%| F|  |TAMS 0x00000000a3400000, 0x00000000a3400000| Untracked 
|  41|0x00000000a3500000, 0x00000000a3500000, 0x00000000a3600000|  0%| F|  |TAMS 0x00000000a3500000, 0x00000000a3500000| Untracked 
|  42|0x00000000a3600000, 0x00000000a3600000, 0x00000000a3700000|  0%| F|  |TAMS 0x00000000a3600000, 0x00000000a3600000| Untracked 
|  43|0x00000000a3700000, 0x00000000a3700000, 0x00000000a3800000|  0%| F|  |TAMS 0x00000000a3700000, 0x00000000a3700000| Untracked 
|  44|0x00000000a3800000, 0x00000000a3880000, 0x00000000a3900000| 50%| S|CS|TAMS 0x00000000a3800000, 0x00000000a3800000| Complete 
|  45|0x00000000a3900000, 0x00000000a3900000, 0x00000000a3a00000|  0%| F|  |TAMS 0x00000000a3900000, 0x00000000a3900000| Untracked 
|  46|0x00000000a3a00000, 0x00000000a3a00000, 0x00000000a3b00000|  0%| F|  |TAMS 0x00000000a3a00000, 0x00000000a3a00000| Untracked 
|  47|0x00000000a3b00000, 0x00000000a3b00000, 0x00000000a3c00000|  0%| F|  |TAMS 0x00000000a3b00000, 0x00000000a3b00000| Untracked 
|  48|0x00000000a3c00000, 0x00000000a3c00000, 0x00000000a3d00000|  0%| F|  |TAMS 0x00000000a3c00000, 0x00000000a3c00000| Untracked 
|  49|0x00000000a3d00000, 0x00000000a3d00000, 0x00000000a3e00000|  0%| F|  |TAMS 0x00000000a3d00000, 0x00000000a3d00000| Untracked 
|  50|0x00000000a3e00000, 0x00000000a3e00000, 0x00000000a3f00000|  0%| F|  |TAMS 0x00000000a3e00000, 0x00000000a3e00000| Untracked 
|  51|0x00000000a3f00000, 0x00000000a3f00000, 0x00000000a4000000|  0%| F|  |TAMS 0x00000000a3f00000, 0x00000000a3f00000| Untracked 
|  52|0x00000000a4000000, 0x00000000a4100000, 0x00000000a4100000|100%| S|CS|TAMS 0x00000000a4000000, 0x00000000a4000000| Complete 
|  53|0x00000000a4100000, 0x00000000a4200000, 0x00000000a4200000|100%| S|CS|TAMS 0x00000000a4100000, 0x00000000a4100000| Complete 
|  54|0x00000000a4200000, 0x00000000a4300000, 0x00000000a4300000|100%| S|CS|TAMS 0x00000000a4200000, 0x00000000a4200000| Complete 
|  55|0x00000000a4300000, 0x00000000a4400000, 0x00000000a4400000|100%| S|CS|TAMS 0x00000000a4300000, 0x00000000a4300000| Complete 
|  56|0x00000000a4400000, 0x00000000a4500000, 0x00000000a4500000|100%| S|CS|TAMS 0x00000000a4400000, 0x00000000a4400000| Complete 
|  57|0x00000000a4500000, 0x00000000a4600000, 0x00000000a4600000|100%| S|CS|TAMS 0x00000000a4500000, 0x00000000a4500000| Complete 
|  58|0x00000000a4600000, 0x00000000a4700000, 0x00000000a4700000|100%| S|CS|TAMS 0x00000000a4600000, 0x00000000a4600000| Complete 
|  59|0x00000000a4700000, 0x00000000a4700000, 0x00000000a4800000|  0%| F|  |TAMS 0x00000000a4700000, 0x00000000a4700000| Untracked 
|  60|0x00000000a4800000, 0x00000000a4800000, 0x00000000a4900000|  0%| F|  |TAMS 0x00000000a4800000, 0x00000000a4800000| Untracked 
|  61|0x00000000a4900000, 0x00000000a4900000, 0x00000000a4a00000|  0%| F|  |TAMS 0x00000000a4900000, 0x00000000a4900000| Untracked 
|  62|0x00000000a4a00000, 0x00000000a4a00000, 0x00000000a4b00000|  0%| F|  |TAMS 0x00000000a4a00000, 0x00000000a4a00000| Untracked 
|  63|0x00000000a4b00000, 0x00000000a4b00000, 0x00000000a4c00000|  0%| F|  |TAMS 0x00000000a4b00000, 0x00000000a4b00000| Untracked 
|  64|0x00000000a4c00000, 0x00000000a4c00000, 0x00000000a4d00000|  0%| F|  |TAMS 0x00000000a4c00000, 0x00000000a4c00000| Untracked 
|  65|0x00000000a4d00000, 0x00000000a4d00000, 0x00000000a4e00000|  0%| F|  |TAMS 0x00000000a4d00000, 0x00000000a4d00000| Untracked 
|  66|0x00000000a4e00000, 0x00000000a4e00000, 0x00000000a4f00000|  0%| F|  |TAMS 0x00000000a4e00000, 0x00000000a4e00000| Untracked 
|  67|0x00000000a4f00000, 0x00000000a4f00000, 0x00000000a5000000|  0%| F|  |TAMS 0x00000000a4f00000, 0x00000000a4f00000| Untracked 
|  68|0x00000000a5000000, 0x00000000a5000000, 0x00000000a5100000|  0%| F|  |TAMS 0x00000000a5000000, 0x00000000a5000000| Untracked 
|  69|0x00000000a5100000, 0x00000000a5100000, 0x00000000a5200000|  0%| F|  |TAMS 0x00000000a5100000, 0x00000000a5100000| Untracked 
|  70|0x00000000a5200000, 0x00000000a5200000, 0x00000000a5300000|  0%| F|  |TAMS 0x00000000a5200000, 0x00000000a5200000| Untracked 
|  71|0x00000000a5300000, 0x00000000a5300000, 0x00000000a5400000|  0%| F|  |TAMS 0x00000000a5300000, 0x00000000a5300000| Untracked 
|  72|0x00000000a5400000, 0x00000000a5400000, 0x00000000a5500000|  0%| F|  |TAMS 0x00000000a5400000, 0x00000000a5400000| Untracked 
|  73|0x00000000a5500000, 0x00000000a5500000, 0x00000000a5600000|  0%| F|  |TAMS 0x00000000a5500000, 0x00000000a5500000| Untracked 
|  74|0x00000000a5600000, 0x00000000a5600000, 0x00000000a5700000|  0%| F|  |TAMS 0x00000000a5600000, 0x00000000a5600000| Untracked 
|  75|0x00000000a5700000, 0x00000000a5700000, 0x00000000a5800000|  0%| F|  |TAMS 0x00000000a5700000, 0x00000000a5700000| Untracked 
|  76|0x00000000a5800000, 0x00000000a5800000, 0x00000000a5900000|  0%| F|  |TAMS 0x00000000a5800000, 0x00000000a5800000| Untracked 
|  77|0x00000000a5900000, 0x00000000a5900000, 0x00000000a5a00000|  0%| F|  |TAMS 0x00000000a5900000, 0x00000000a5900000| Untracked 
|  78|0x00000000a5a00000, 0x00000000a5a00000, 0x00000000a5b00000|  0%| F|  |TAMS 0x00000000a5a00000, 0x00000000a5a00000| Untracked 
|  79|0x00000000a5b00000, 0x00000000a5b00000, 0x00000000a5c00000|  0%| F|  |TAMS 0x00000000a5b00000, 0x00000000a5b00000| Untracked 
|  80|0x00000000a5c00000, 0x00000000a5c00000, 0x00000000a5d00000|  0%| F|  |TAMS 0x00000000a5c00000, 0x00000000a5c00000| Untracked 
|  81|0x00000000a5d00000, 0x00000000a5d00000, 0x00000000a5e00000|  0%| F|  |TAMS 0x00000000a5d00000, 0x00000000a5d00000| Untracked 
|  82|0x00000000a5e00000, 0x00000000a5e00000, 0x00000000a5f00000|  0%| F|  |TAMS 0x00000000a5e00000, 0x00000000a5e00000| Untracked 
|  83|0x00000000a5f00000, 0x00000000a5f00000, 0x00000000a6000000|  0%| F|  |TAMS 0x00000000a5f00000, 0x00000000a5f00000| Untracked 
|  84|0x00000000a6000000, 0x00000000a6000000, 0x00000000a6100000|  0%| F|  |TAMS 0x00000000a6000000, 0x00000000a6000000| Untracked 
|  85|0x00000000a6100000, 0x00000000a6100000, 0x00000000a6200000|  0%| F|  |TAMS 0x00000000a6100000, 0x00000000a6100000| Untracked 
|  86|0x00000000a6200000, 0x00000000a6200000, 0x00000000a6300000|  0%| F|  |TAMS 0x00000000a6200000, 0x00000000a6200000| Untracked 
|  87|0x00000000a6300000, 0x00000000a6300000, 0x00000000a6400000|  0%| F|  |TAMS 0x00000000a6300000, 0x00000000a6300000| Untracked 
|  88|0x00000000a6400000, 0x00000000a6400000, 0x00000000a6500000|  0%| F|  |TAMS 0x00000000a6400000, 0x00000000a6400000| Untracked 
|  89|0x00000000a6500000, 0x00000000a6500000, 0x00000000a6600000|  0%| F|  |TAMS 0x00000000a6500000, 0x00000000a6500000| Untracked 
|  90|0x00000000a6600000, 0x00000000a6600000, 0x00000000a6700000|  0%| F|  |TAMS 0x00000000a6600000, 0x00000000a6600000| Untracked 
|  91|0x00000000a6700000, 0x00000000a6700000, 0x00000000a6800000|  0%| F|  |TAMS 0x00000000a6700000, 0x00000000a6700000| Untracked 
|  92|0x00000000a6800000, 0x00000000a6800000, 0x00000000a6900000|  0%| F|  |TAMS 0x00000000a6800000, 0x00000000a6800000| Untracked 
|  93|0x00000000a6900000, 0x00000000a6900000, 0x00000000a6a00000|  0%| F|  |TAMS 0x00000000a6900000, 0x00000000a6900000| Untracked 
|  94|0x00000000a6a00000, 0x00000000a6a00000, 0x00000000a6b00000|  0%| F|  |TAMS 0x00000000a6a00000, 0x00000000a6a00000| Untracked 
|  95|0x00000000a6b00000, 0x00000000a6b00000, 0x00000000a6c00000|  0%| F|  |TAMS 0x00000000a6b00000, 0x00000000a6b00000| Untracked 
|  96|0x00000000a6c00000, 0x00000000a6c00000, 0x00000000a6d00000|  0%| F|  |TAMS 0x00000000a6c00000, 0x00000000a6c00000| Untracked 
|  97|0x00000000a6d00000, 0x00000000a6d00000, 0x00000000a6e00000|  0%| F|  |TAMS 0x00000000a6d00000, 0x00000000a6d00000| Untracked 
|  98|0x00000000a6e00000, 0x00000000a6e00000, 0x00000000a6f00000|  0%| F|  |TAMS 0x00000000a6e00000, 0x00000000a6e00000| Untracked 
|  99|0x00000000a6f00000, 0x00000000a6f00000, 0x00000000a7000000|  0%| F|  |TAMS 0x00000000a6f00000, 0x00000000a6f00000| Untracked 
| 100|0x00000000a7000000, 0x00000000a7000000, 0x00000000a7100000|  0%| F|  |TAMS 0x00000000a7000000, 0x00000000a7000000| Untracked 
| 101|0x00000000a7100000, 0x00000000a7100000, 0x00000000a7200000|  0%| F|  |TAMS 0x00000000a7100000, 0x00000000a7100000| Untracked 
| 102|0x00000000a7200000, 0x00000000a7200000, 0x00000000a7300000|  0%| F|  |TAMS 0x00000000a7200000, 0x00000000a7200000| Untracked 
| 103|0x00000000a7300000, 0x00000000a7300000, 0x00000000a7400000|  0%| F|  |TAMS 0x00000000a7300000, 0x00000000a7300000| Untracked 
| 104|0x00000000a7400000, 0x00000000a7400000, 0x00000000a7500000|  0%| F|  |TAMS 0x00000000a7400000, 0x00000000a7400000| Untracked 
| 105|0x00000000a7500000, 0x00000000a7500000, 0x00000000a7600000|  0%| F|  |TAMS 0x00000000a7500000, 0x00000000a7500000| Untracked 
| 106|0x00000000a7600000, 0x00000000a7600000, 0x00000000a7700000|  0%| F|  |TAMS 0x00000000a7600000, 0x00000000a7600000| Untracked 
| 107|0x00000000a7700000, 0x00000000a7700000, 0x00000000a7800000|  0%| F|  |TAMS 0x00000000a7700000, 0x00000000a7700000| Untracked 
| 108|0x00000000a7800000, 0x00000000a7800000, 0x00000000a7900000|  0%| F|  |TAMS 0x00000000a7800000, 0x00000000a7800000| Untracked 
| 109|0x00000000a7900000, 0x00000000a7900000, 0x00000000a7a00000|  0%| F|  |TAMS 0x00000000a7900000, 0x00000000a7900000| Untracked 
| 110|0x00000000a7a00000, 0x00000000a7a00000, 0x00000000a7b00000|  0%| F|  |TAMS 0x00000000a7a00000, 0x00000000a7a00000| Untracked 
| 111|0x00000000a7b00000, 0x00000000a7b00000, 0x00000000a7c00000|  0%| F|  |TAMS 0x00000000a7b00000, 0x00000000a7b00000| Untracked 
| 112|0x00000000a7c00000, 0x00000000a7c00000, 0x00000000a7d00000|  0%| F|  |TAMS 0x00000000a7c00000, 0x00000000a7c00000| Untracked 
| 113|0x00000000a7d00000, 0x00000000a7d00800, 0x00000000a7e00000|  0%| E|  |TAMS 0x00000000a7d00000, 0x00000000a7d00000| Complete 
| 114|0x00000000a7e00000, 0x00000000a7f00000, 0x00000000a7f00000|100%| E|CS|TAMS 0x00000000a7e00000, 0x00000000a7e00000| Complete 
| 115|0x00000000a7f00000, 0x00000000a8000000, 0x00000000a8000000|100%| E|CS|TAMS 0x00000000a7f00000, 0x00000000a7f00000| Complete 
| 116|0x00000000a8000000, 0x00000000a8100000, 0x00000000a8100000|100%| E|CS|TAMS 0x00000000a8000000, 0x00000000a8000000| Complete 
| 117|0x00000000a8100000, 0x00000000a8200000, 0x00000000a8200000|100%| E|CS|TAMS 0x00000000a8100000, 0x00000000a8100000| Complete 
| 118|0x00000000a8200000, 0x00000000a8300000, 0x00000000a8300000|100%| E|CS|TAMS 0x00000000a8200000, 0x00000000a8200000| Complete 

Card table byte_map: [0x0000021fb6910000,0x0000021fb6c10000] _byte_map_base: 0x0000021fb640a000

Marking Bits (Prev, Next): (CMBitMap*) 0x0000021f9fb563e0, (CMBitMap*) 0x0000021f9fb56420
 Prev Bits: [0x0000021fb6f10000, 0x0000021fb86e0000)
 Next Bits: [0x0000021fb86e0000, 0x0000021fb9eb0000)

Polling page: 0x0000021f9dc80000

Metaspace:

Usage:
  Non-class:     14.48 MB used.
      Class:      1.86 MB used.
       Both:     16.34 MB used.

Virtual space:
  Non-class space:       64.00 MB reserved,      14.69 MB ( 23%) committed,  1 nodes.
      Class space:        1.00 GB reserved,       2.00 MB ( <1%) committed,  1 nodes.
             Both:        1.06 GB reserved,      16.69 MB (  2%) committed. 

Chunk freelists:
   Non-Class:  804.00 KB
       Class:  13.82 MB
        Both:  14.61 MB

MaxMetaspaceSize: unlimited
CompressedClassSpaceSize: 1.00 GB
Initial GC threshold: 21.00 MB
Current GC threshold: 21.00 MB
CDS: on
MetaspaceReclaimPolicy: balanced
 - commit_granule_bytes: 65536.
 - commit_granule_words: 8192.
 - virtual_space_node_default_size: 8388608.
 - enlarge_chunks_in_place: 1.
 - new_chunks_are_fully_committed: 0.
 - uncommit_free_chunks: 1.
 - use_allocation_guard: 0.
 - handle_deallocations: 1.


Internal statistics:

num_allocs_failed_limit: 0.
num_arena_births: 298.
num_arena_deaths: 0.
num_vsnodes_births: 2.
num_vsnodes_deaths: 0.
num_space_committed: 267.
num_space_uncommitted: 0.
num_chunks_returned_to_freelist: 0.
num_chunks_taken_from_freelist: 722.
num_chunk_merges: 0.
num_chunk_splits: 449.
num_chunks_enlarged: 289.
num_inconsistent_stats: 0.

CodeHeap 'non-profiled nmethods': size=120000Kb used=2405Kb max_used=2405Kb free=117594Kb
 bounds [0x0000021faf0e0000, 0x0000021faf350000, 0x0000021fb6610000]
CodeHeap 'profiled nmethods': size=120000Kb used=6921Kb max_used=6921Kb free=113078Kb
 bounds [0x0000021fa7610000, 0x0000021fa7ce0000, 0x0000021faeb40000]
CodeHeap 'non-nmethods': size=5760Kb used=1621Kb max_used=1663Kb free=4138Kb
 bounds [0x0000021faeb40000, 0x0000021faedb0000, 0x0000021faf0e0000]
 total_blobs=4621 nmethods=3573 adapters=960
 compilation: enabled
              stopped_count=0, restarted_count=0
 full_count=0

Compilation events (20 events):
Event: 7.748 Thread 0x0000021fbc3c6ed0 nmethod 3569 0x0000021fa7ccd290 code [0x0000021fa7ccd460, 0x0000021fa7ccd738]
Event: 7.748 Thread 0x0000021fbc3c6ed0 3570       3       jdk.internal.org.objectweb.asm.FieldWriter::putFieldInfo (269 bytes)
Event: 7.749 Thread 0x0000021fbc3c6ed0 nmethod 3570 0x0000021fa7ccd890 code [0x0000021fa7ccdb00, 0x0000021fa7cce448]
Event: 7.749 Thread 0x0000021fbc3c6ed0 3568       3       jdk.internal.org.objectweb.asm.MethodVisitor::visitEnd (15 bytes)
Event: 7.750 Thread 0x0000021fbc3c6ed0 nmethod 3568 0x0000021fa7cce790 code [0x0000021fa7cce940, 0x0000021fa7cceb48]
Event: 7.751 Thread 0x0000021fbc3c6ed0 3572       3       java.lang.invoke.InvokerBytecodeGenerator::emitStaticInvoke (258 bytes)
Event: 7.752 Thread 0x0000021fbc3c6ed0 nmethod 3572 0x0000021fa7ccec10 code [0x0000021fa7ccef20, 0x0000021fa7ccfe68]
Event: 7.753 Thread 0x0000021fbc3c6ed0 3574       3       java.lang.invoke.LambdaForm$Name::internArguments (62 bytes)
Event: 7.753 Thread 0x0000021fbc3c6ed0 nmethod 3574 0x0000021fa7cd0490 code [0x0000021fa7cd0680, 0x0000021fa7cd0d88]
Event: 7.753 Thread 0x0000021fbc3c6ed0 3573       3       java.lang.invoke.InvokerBytecodeGenerator::refKindOpcode (112 bytes)
Event: 7.754 Thread 0x0000021fbc3c6ed0 nmethod 3573 0x0000021fa7cd0f10 code [0x0000021fa7cd1180, 0x0000021fa7cd1a38]
Event: 7.754 Thread 0x0000021fbc3c6ed0 3576       3       jdk.internal.org.objectweb.asm.AnnotationWriter::<init> (60 bytes)
Event: 7.754 Thread 0x0000021fbc3c6ed0 nmethod 3576 0x0000021fa7cd1c90 code [0x0000021fa7cd1e60, 0x0000021fa7cd2268]
Event: 7.754 Thread 0x0000021fbc3c6ed0 3577       3       jdk.internal.org.objectweb.asm.AnnotationVisitor::<init> (7 bytes)
Event: 7.754 Thread 0x0000021fbc3c6ed0 nmethod 3577 0x0000021fa7cd2410 code [0x0000021fa7cd25c0, 0x0000021fa7cd2708]
Event: 7.754 Thread 0x0000021fbc3c6ed0 3575       1       java.lang.invoke.InvokerBytecodeGenerator::setClassWriter (6 bytes)
Event: 7.754 Thread 0x0000021fbc3c6ed0 nmethod 3575 0x0000021faf32ed10 code [0x0000021faf32eea0, 0x0000021faf32efb8]
Event: 7.754 Thread 0x0000021fbc3c6ed0 3578       1       java.lang.Class::getClassData (5 bytes)
Event: 7.754 Thread 0x0000021fbc3c6ed0 nmethod 3578 0x0000021faf32f010 code [0x0000021faf32f1a0, 0x0000021faf32f278]
Event: 7.869 Thread 0x0000021fbc39d340 nmethod 3540 0x0000021faf32f310 code [0x0000021faf32f9c0, 0x0000021faf336928]

GC Heap History (20 events):
Event: 1.514 GC heap before
{Heap before GC invocations=1 (full 0):
 garbage-first heap   total 98304K, used 23013K [0x00000000a0c00000, 0x0000000100000000)
  region size 1024K, 15 young (15360K), 2 survivors (2048K)
 Metaspace       used 2789K, committed 3008K, reserved 1114112K
  class space    used 270K, committed 384K, reserved 1048576K
}
Event: 1.518 GC heap after
{Heap after GC invocations=2 (full 0):
 garbage-first heap   total 98304K, used 11051K [0x00000000a0c00000, 0x0000000100000000)
  region size 1024K, 2 young (2048K), 2 survivors (2048K)
 Metaspace       used 2789K, committed 3008K, reserved 1114112K
  class space    used 270K, committed 384K, reserved 1048576K
}
Event: 2.272 GC heap before
{Heap before GC invocations=2 (full 0):
 garbage-first heap   total 98304K, used 32555K [0x00000000a0c00000, 0x0000000100000000)
  region size 1024K, 24 young (24576K), 2 survivors (2048K)
 Metaspace       used 4850K, committed 5056K, reserved 1114112K
  class space    used 471K, committed 576K, reserved 1048576K
}
Event: 2.277 GC heap after
{Heap after GC invocations=3 (full 0):
 garbage-first heap   total 98304K, used 14679K [0x00000000a0c00000, 0x0000000100000000)
  region size 1024K, 3 young (3072K), 3 survivors (3072K)
 Metaspace       used 4850K, committed 5056K, reserved 1114112K
  class space    used 471K, committed 576K, reserved 1048576K
}
Event: 2.705 GC heap before
{Heap before GC invocations=3 (full 0):
 garbage-first heap   total 98304K, used 53591K [0x00000000a0c00000, 0x0000000100000000)
  region size 1024K, 39 young (39936K), 3 survivors (3072K)
 Metaspace       used 4887K, committed 5120K, reserved 1114112K
  class space    used 471K, committed 576K, reserved 1048576K
}
Event: 2.716 GC heap after
{Heap after GC invocations=4 (full 0):
 garbage-first heap   total 98304K, used 20739K [0x00000000a0c00000, 0x0000000100000000)
  region size 1024K, 5 young (5120K), 5 survivors (5120K)
 Metaspace       used 4887K, committed 5120K, reserved 1114112K
  class space    used 471K, committed 576K, reserved 1048576K
}
Event: 2.866 GC heap before
{Heap before GC invocations=4 (full 0):
 garbage-first heap   total 98304K, used 66819K [0x00000000a0c00000, 0x0000000100000000)
  region size 1024K, 50 young (51200K), 5 survivors (5120K)
 Metaspace       used 4887K, committed 5120K, reserved 1114112K
  class space    used 471K, committed 576K, reserved 1048576K
}
Event: 2.876 GC heap after
{Heap after GC invocations=5 (full 0):
 garbage-first heap   total 98304K, used 22475K [0x00000000a0c00000, 0x0000000100000000)
  region size 1024K, 5 young (5120K), 5 survivors (5120K)
 Metaspace       used 4887K, committed 5120K, reserved 1114112K
  class space    used 471K, committed 576K, reserved 1048576K
}
Event: 4.018 GC heap before
{Heap before GC invocations=5 (full 0):
 garbage-first heap   total 98304K, used 75723K [0x00000000a0c00000, 0x0000000100000000)
  region size 1024K, 57 young (58368K), 5 survivors (5120K)
 Metaspace       used 5026K, committed 5248K, reserved 1114112K
  class space    used 480K, committed 640K, reserved 1048576K
}
Event: 4.025 GC heap after
{Heap after GC invocations=6 (full 0):
 garbage-first heap   total 98304K, used 24996K [0x00000000a0c00000, 0x0000000100000000)
  region size 1024K, 4 young (4096K), 4 survivors (4096K)
 Metaspace       used 5026K, committed 5248K, reserved 1114112K
  class space    used 480K, committed 640K, reserved 1048576K
}
Event: 4.376 GC heap before
{Heap before GC invocations=6 (full 0):
 garbage-first heap   total 98304K, used 74148K [0x00000000a0c00000, 0x0000000100000000)
  region size 1024K, 52 young (53248K), 4 survivors (4096K)
 Metaspace       used 5067K, committed 5312K, reserved 1114112K
  class space    used 481K, committed 640K, reserved 1048576K
}
Event: 4.381 GC heap after
{Heap after GC invocations=7 (full 0):
 garbage-first heap   total 98304K, used 27978K [0x00000000a0c00000, 0x0000000100000000)
  region size 1024K, 7 young (7168K), 7 survivors (7168K)
 Metaspace       used 5067K, committed 5312K, reserved 1114112K
  class space    used 481K, committed 640K, reserved 1048576K
}
Event: 4.537 GC heap before
{Heap before GC invocations=7 (full 0):
 garbage-first heap   total 98304K, used 77130K [0x00000000a0c00000, 0x0000000100000000)
  region size 1024K, 53 young (54272K), 7 survivors (7168K)
 Metaspace       used 5072K, committed 5312K, reserved 1114112K
  class space    used 481K, committed 640K, reserved 1048576K
}
Event: 4.545 GC heap after
{Heap after GC invocations=8 (full 0):
 garbage-first heap   total 121856K, used 33177K [0x00000000a0c00000, 0x0000000100000000)
  region size 1024K, 7 young (7168K), 7 survivors (7168K)
 Metaspace       used 5072K, committed 5312K, reserved 1114112K
  class space    used 481K, committed 640K, reserved 1048576K
}
Event: 4.706 GC heap before
{Heap before GC invocations=8 (full 0):
 garbage-first heap   total 121856K, used 95641K [0x00000000a0c00000, 0x0000000100000000)
  region size 1024K, 68 young (69632K), 7 survivors (7168K)
 Metaspace       used 5073K, committed 5312K, reserved 1114112K
  class space    used 481K, committed 640K, reserved 1048576K
}
Event: 4.713 GC heap after
{Heap after GC invocations=9 (full 0):
 garbage-first heap   total 121856K, used 34067K [0x00000000a0c00000, 0x0000000100000000)
  region size 1024K, 5 young (5120K), 5 survivors (5120K)
 Metaspace       used 5073K, committed 5312K, reserved 1114112K
  class space    used 481K, committed 640K, reserved 1048576K
}
Event: 5.977 GC heap before
{Heap before GC invocations=9 (full 0):
 garbage-first heap   total 121856K, used 97555K [0x00000000a0c00000, 0x0000000100000000)
  region size 1024K, 67 young (68608K), 5 survivors (5120K)
 Metaspace       used 8581K, committed 8832K, reserved 1114112K
  class space    used 951K, committed 1088K, reserved 1048576K
}
Event: 5.985 GC heap after
{Heap after GC invocations=10 (full 0):
 garbage-first heap   total 121856K, used 36441K [0x00000000a0c00000, 0x0000000100000000)
  region size 1024K, 7 young (7168K), 7 survivors (7168K)
 Metaspace       used 8581K, committed 8832K, reserved 1114112K
  class space    used 951K, committed 1088K, reserved 1048576K
}
Event: 7.541 GC heap before
{Heap before GC invocations=10 (full 0):
 garbage-first heap   total 121856K, used 96857K [0x00000000a0c00000, 0x0000000100000000)
  region size 1024K, 67 young (68608K), 7 survivors (7168K)
 Metaspace       used 16064K, committed 16448K, reserved 1114112K
  class space    used 1865K, committed 2048K, reserved 1048576K
}
Event: 7.555 GC heap after
{Heap after GC invocations=11 (full 0):
 garbage-first heap   total 121856K, used 40010K [0x00000000a0c00000, 0x0000000100000000)
  region size 1024K, 8 young (8192K), 8 survivors (8192K)
 Metaspace       used 16064K, committed 16448K, reserved 1114112K
  class space    used 1865K, committed 2048K, reserved 1048576K
}

Dll operation events (10 events):
Event: 0.011 Loaded shared library C:\Program Files\Eclipse Adoptium\jdk-17.0.9.9-hotspot\bin\java.dll
Event: 0.036 Loaded shared library C:\Program Files\Eclipse Adoptium\jdk-17.0.9.9-hotspot\bin\jsvml.dll
Event: 0.308 Loaded shared library C:\Program Files\Eclipse Adoptium\jdk-17.0.9.9-hotspot\bin\net.dll
Event: 0.312 Loaded shared library C:\Program Files\Eclipse Adoptium\jdk-17.0.9.9-hotspot\bin\nio.dll
Event: 0.318 Loaded shared library C:\Program Files\Eclipse Adoptium\jdk-17.0.9.9-hotspot\bin\zip.dll
Event: 0.476 Loaded shared library C:\Program Files\Eclipse Adoptium\jdk-17.0.9.9-hotspot\bin\jimage.dll
Event: 1.462 Loaded shared library C:\Program Files\Eclipse Adoptium\jdk-17.0.9.9-hotspot\bin\verify.dll
Event: 5.949 Loaded shared library C:\Program Files\Eclipse Adoptium\jdk-17.0.9.9-hotspot\bin\management.dll
Event: 5.958 Loaded shared library C:\Program Files\Eclipse Adoptium\jdk-17.0.9.9-hotspot\bin\management_ext.dll
Event: 7.602 Loaded shared library C:\Users\admin\AppData\Local\Temp\lwjgladmin\3.3.1-build-7\lwjgl.dll

Deoptimization events (20 events):
Event: 7.278 Thread 0x0000021f9fb0c1a0 Uncommon trap: trap_request=0xffffffcc fr.pc=0x0000021faf2da714 relative=0x00000000000020d4
Event: 7.278 Thread 0x0000021f9fb0c1a0 Uncommon trap: reason=intrinsic_or_type_checked_inlining action=make_not_entrant pc=0x0000021faf2da714 method=java.util.ArrayList.toArray([Ljava/lang/Object;)[Ljava/lang/Object; @ 36 c2
Event: 7.278 Thread 0x0000021f9fb0c1a0 DEOPT PACKING pc=0x0000021faf2da714 sp=0x00000078269fec90
Event: 7.278 Thread 0x0000021f9fb0c1a0 DEOPT UNPACKING pc=0x0000021faeb969a3 sp=0x00000078269fec10 mode 2
Event: 7.358 Thread 0x0000021f9fb0c1a0 Uncommon trap: trap_request=0xffffffc6 fr.pc=0x0000021faf1d6590 relative=0x0000000000000b50
Event: 7.358 Thread 0x0000021f9fb0c1a0 Uncommon trap: reason=bimorphic_or_optimized_type_check action=maybe_recompile pc=0x0000021faf1d6590 method=java.util.stream.AbstractPipeline.evaluate(Ljava/util/Spliterator;ZLjava/util/function/IntFunction;)Ljava/util/stream/Node; @ 23 c2
Event: 7.359 Thread 0x0000021f9fb0c1a0 DEOPT PACKING pc=0x0000021faf1d6590 sp=0x00000078269ff380
Event: 7.359 Thread 0x0000021f9fb0c1a0 DEOPT UNPACKING pc=0x0000021faeb969a3 sp=0x00000078269ff360 mode 2
Event: 7.442 Thread 0x0000021f9fb0c1a0 Uncommon trap: trap_request=0xffffffde fr.pc=0x0000021faf176bbc relative=0x0000000000000f1c
Event: 7.442 Thread 0x0000021f9fb0c1a0 Uncommon trap: reason=class_check action=maybe_recompile pc=0x0000021faf176bbc method=java.nio.file.FileTreeWalker.next()Ljava/nio/file/FileTreeWalker$Event; @ 37 c2
Event: 7.442 Thread 0x0000021f9fb0c1a0 DEOPT PACKING pc=0x0000021faf176bbc sp=0x00000078269febc0
Event: 7.442 Thread 0x0000021f9fb0c1a0 DEOPT UNPACKING pc=0x0000021faeb969a3 sp=0x00000078269feb28 mode 2
Event: 7.453 Thread 0x0000021f9fb0c1a0 Uncommon trap: trap_request=0xffffffde fr.pc=0x0000021faf1d566c relative=0x00000000000000cc
Event: 7.453 Thread 0x0000021f9fb0c1a0 Uncommon trap: reason=class_check action=maybe_recompile pc=0x0000021faf1d566c method=java.util.stream.AbstractPipeline.exactOutputSizeIfKnown(Ljava/util/Spliterator;)J @ 16 c2
Event: 7.453 Thread 0x0000021f9fb0c1a0 DEOPT PACKING pc=0x0000021faf1d566c sp=0x00000078269ff2a0
Event: 7.453 Thread 0x0000021f9fb0c1a0 DEOPT UNPACKING pc=0x0000021faeb969a3 sp=0x00000078269ff220 mode 2
Event: 7.750 Thread 0x0000021f842c8340 Uncommon trap: trap_request=0xffffff45 fr.pc=0x0000021faf1a1324 relative=0x0000000000000104
Event: 7.750 Thread 0x0000021f842c8340 Uncommon trap: reason=unstable_if action=reinterpret pc=0x0000021faf1a1324 method=java.util.concurrent.TimeUnit.convert(JLjava/util/concurrent/TimeUnit;)J @ 8 c2
Event: 7.750 Thread 0x0000021f842c8340 DEOPT PACKING pc=0x0000021faf1a1324 sp=0x00000078283ff380
Event: 7.750 Thread 0x0000021f842c8340 DEOPT UNPACKING pc=0x0000021faeb969a3 sp=0x00000078283ff330 mode 2

Classes unloaded (0 events):
No events

Classes redefined (0 events):
No events

Internal exceptions (20 events):
Event: 7.403 Thread 0x0000021f9fb0c1a0 Exception <a 'java/lang/NoSuchMethodError'{0x00000000a4d724c8}: 'void java.lang.invoke.DirectMethodHandle$Holder.invokeStaticInit(java.lang.Object, java.lang.Object)'> (0x00000000a4d724c8) 
thrown [s\src\hotspot\share\interpreter\linkResolver.cpp, line 759]
Event: 7.404 Thread 0x0000021f9fb0c1a0 Exception <a 'java/lang/NoSuchMethodError'{0x00000000a4d7ed40}: 'java.lang.Object java.lang.invoke.DirectMethodHandle$Holder.invokeStaticInit(java.lang.Object, java.lang.Object, java.lang.Object, java.lang.Object)'> (0x00000000a4d7ed40) 
thrown [s\src\hotspot\share\interpreter\linkResolver.cpp, line 759]
Event: 7.404 Thread 0x0000021f9fb0c1a0 Exception <a 'java/lang/IncompatibleClassChangeError'{0x00000000a4d849e8}: Found class java.lang.Object, but interface was expected> (0x00000000a4d849e8) 
thrown [s\src\hotspot\share\interpreter\linkResolver.cpp, line 826]
Event: 7.408 Thread 0x0000021f9fb0c1a0 Exception <a 'java/lang/IncompatibleClassChangeError'{0x00000000a4db9520}: Found class java.lang.Object, but interface was expected> (0x00000000a4db9520) 
thrown [s\src\hotspot\share\interpreter\linkResolver.cpp, line 826]
Event: 7.441 Thread 0x0000021f9fb0c1a0 Exception <a 'sun/nio/fs/WindowsException'{0x00000000a4b4f8f8}> (0x00000000a4b4f8f8) 
thrown [s\src\hotspot\share\prims\jni.cpp, line 516]
Event: 7.454 Thread 0x0000021f9fb0c1a0 Exception <a 'java/lang/NoSuchMethodError'{0x00000000a4b91ff0}: 'java.lang.Object java.lang.invoke.DirectMethodHandle$Holder.invokeVirtual(java.lang.Object, java.lang.Object, java.lang.Object)'> (0x00000000a4b91ff0) 
thrown [s\src\hotspot\share\interpreter\linkResolver.cpp, line 759]
Event: 7.484 Thread 0x0000021f9fb0c1a0 Exception <a 'sun/nio/fs/WindowsException'{0x00000000a4a97880}> (0x00000000a4a97880) 
thrown [s\src\hotspot\share\prims\jni.cpp, line 516]
Event: 7.489 Thread 0x0000021f9fb0c1a0 Exception <a 'java/lang/NoSuchMethodError'{0x00000000a4ac5fe8}: 'java.lang.Object java.lang.invoke.DirectMethodHandle$Holder.invokeStatic(java.lang.Object, int, java.lang.Object, java.lang.Object, java.lang.Object, java.lang.Object)'> (0x00000000a4ac5fe8) 
thrown [s\src\hotspot\share\interpreter\linkResolver.cpp, line 759]
Event: 7.490 Thread 0x0000021f9fb0c1a0 Exception <a 'java/lang/NoSuchMethodError'{0x00000000a4ace810}: 'java.lang.Object java.lang.invoke.DirectMethodHandle$Holder.newInvokeSpecial(java.lang.Object, int, java.lang.Object, java.lang.Object)'> (0x00000000a4ace810) 
thrown [s\src\hotspot\share\interpreter\linkResolver.cpp, line 759]
Event: 7.490 Thread 0x0000021f9fb0c1a0 Exception <a 'java/lang/NoSuchMethodError'{0x00000000a4ad2918}: 'java.lang.Object java.lang.invoke.DirectMethodHandle$Holder.invokeSpecial(java.lang.Object, java.lang.Object, int, java.lang.Object, java.lang.Object)'> (0x00000000a4ad2918) 
thrown [s\src\hotspot\share\interpreter\linkResolver.cpp, line 759]
Event: 7.561 Thread 0x0000021f9fb0c1a0 Exception <a 'sun/nio/fs/WindowsException'{0x00000000a8274e98}> (0x00000000a8274e98) 
thrown [s\src\hotspot\share\prims\jni.cpp, line 516]
Event: 7.561 Thread 0x0000021f9fb0c1a0 Exception <a 'sun/nio/fs/WindowsException'{0x00000000a82751e8}> (0x00000000a82751e8) 
thrown [s\src\hotspot\share\prims\jni.cpp, line 516]
Event: 7.623 Thread 0x0000021f9fb0c1a0 Exception <a 'sun/nio/fs/WindowsException'{0x00000000a81e3e58}> (0x00000000a81e3e58) 
thrown [s\src\hotspot\share\prims\jni.cpp, line 516]
Event: 7.623 Thread 0x0000021f9fb0c1a0 Exception <a 'sun/nio/fs/WindowsException'{0x00000000a81e41b8}> (0x00000000a81e41b8) 
thrown [s\src\hotspot\share\prims\jni.cpp, line 516]
Event: 7.657 Thread 0x0000021f9fb0c1a0 Exception <a 'java/lang/NoSuchMethodError'{0x00000000a80c4958}: 'int java.lang.invoke.DirectMethodHandle$Holder.invokeStaticInit(java.lang.Object, java.lang.Object, int, long)'> (0x00000000a80c4958) 
thrown [s\src\hotspot\share\interpreter\linkResolver.cpp, line 759]
Event: 7.659 Thread 0x0000021f9fb0c1a0 Exception <a 'java/lang/NoSuchMethodError'{0x00000000a80ca4e8}: 'java.lang.Object java.lang.invoke.DirectMethodHandle$Holder.newInvokeSpecial(java.lang.Object, java.lang.Object, int)'> (0x00000000a80ca4e8) 
thrown [s\src\hotspot\share\interpreter\linkResolver.cpp, line 759]
Event: 7.662 Thread 0x0000021f9fb0c1a0 Exception <a 'java/lang/NoSuchMethodError'{0x00000000a80de990}: 'int java.lang.invoke.DirectMethodHandle$Holder.invokeStaticInit(java.lang.Object, java.lang.Object, long, long)'> (0x00000000a80de990) 
thrown [s\src\hotspot\share\interpreter\linkResolver.cpp, line 759]
Event: 7.684 Thread 0x0000021f9fb0c1a0 Exception <a 'java/lang/NoSuchMethodError'{0x00000000a80e48e8}: 'java.lang.Object java.lang.invoke.DirectMethodHandle$Holder.newInvokeSpecial(java.lang.Object, java.lang.Object, long)'> (0x00000000a80e48e8) 
thrown [s\src\hotspot\share\interpreter\linkResolver.cpp, line 759]
Event: 7.684 Thread 0x0000021f9fb0c1a0 Exception <a 'java/lang/NoSuchMethodError'{0x00000000a80e8458}: 'java.lang.Object java.lang.invoke.Invokers$Holder.linkToTargetMethod(java.lang.Object, long, java.lang.Object)'> (0x00000000a80e8458) 
thrown [s\src\hotspot\share\interpreter\linkResolver.cpp, line 759]
Event: 7.685 Thread 0x0000021f9fb0c1a0 Exception <a 'java/lang/NoSuchMethodError'{0x00000000a80efbd0}: 'int java.lang.invoke.DirectMethodHandle$Holder.invokeStaticInit(java.lang.Object, java.lang.Object, java.lang.Object, long)'> (0x00000000a80efbd0) 
thrown [s\src\hotspot\share\interpreter\linkResolver.cpp, line 759]

VM Operations (20 events):
Event: 6.510 Executing VM operation: HandshakeAllThreads
Event: 6.510 Executing VM operation: HandshakeAllThreads done
Event: 6.513 Executing VM operation: HandshakeAllThreads
Event: 6.513 Executing VM operation: HandshakeAllThreads done
Event: 6.608 Executing VM operation: HandshakeAllThreads
Event: 6.608 Executing VM operation: HandshakeAllThreads done
Event: 6.682 Executing VM operation: HandshakeAllThreads
Event: 6.682 Executing VM operation: HandshakeAllThreads done
Event: 7.006 Executing VM operation: ICBufferFull
Event: 7.006 Executing VM operation: ICBufferFull done
Event: 7.056 Executing VM operation: HandshakeAllThreads
Event: 7.056 Executing VM operation: HandshakeAllThreads done
Event: 7.276 Executing VM operation: HandshakeAllThreads
Event: 7.276 Executing VM operation: HandshakeAllThreads done
Event: 7.435 Executing VM operation: HandshakeAllThreads
Event: 7.435 Executing VM operation: HandshakeAllThreads done
Event: 7.541 Executing VM operation: G1CollectForAllocation
Event: 7.555 Executing VM operation: G1CollectForAllocation done
Event: 7.750 Executing VM operation: HandshakeAllThreads
Event: 7.751 Executing VM operation: HandshakeAllThreads done

Events (20 events):
Event: 7.653 loading class java/nio/DirectDoubleBufferU done
Event: 7.656 loading class java/util/function/LongPredicate
Event: 7.656 loading class java/util/function/LongPredicate done
Event: 7.686 loading class java/nio/InvalidMarkException
Event: 7.687 loading class java/nio/InvalidMarkException done
Event: 7.687 loading class java/nio/BufferUnderflowException
Event: 7.687 loading class java/nio/BufferUnderflowException done
Event: 7.748 loading class java/util/concurrent/ScheduledThreadPoolExecutor$ScheduledFutureTask
Event: 7.748 loading class java/util/concurrent/FutureTask
Event: 7.749 loading class java/util/concurrent/FutureTask done
Event: 7.749 loading class java/util/concurrent/ScheduledThreadPoolExecutor$ScheduledFutureTask done
Event: 7.749 loading class java/util/concurrent/FutureTask$WaitNode
Event: 7.749 loading class java/util/concurrent/FutureTask$WaitNode done
Event: 7.749 loading class java/util/concurrent/Executors$RunnableAdapter
Event: 7.749 loading class java/util/concurrent/Executors$RunnableAdapter done
Event: 7.749 Thread 0x0000021f842c8340 Thread added: 0x0000021f842c8340
Event: 7.750 loading class java/util/concurrent/locks/AbstractQueuedSynchronizer$ConditionNode
Event: 7.750 loading class java/util/concurrent/ForkJoinPool$ManagedBlocker
Event: 7.750 loading class java/util/concurrent/ForkJoinPool$ManagedBlocker done
Event: 7.750 loading class java/util/concurrent/locks/AbstractQueuedSynchronizer$ConditionNode done


Dynamic libraries:
0x00007ff736de0000 - 0x00007ff736dee000 	C:\Program Files\Eclipse Adoptium\jdk-17.0.9.9-hotspot\bin\java.exe
0x00007ff9df6b0000 - 0x00007ff9df8a8000 	C:\Windows\SYSTEM32\ntdll.dll
0x00007ff9dd730000 - 0x00007ff9dd7ed000 	C:\Windows\System32\KERNEL32.DLL
0x00007ff9dce10000 - 0x00007ff9dd106000 	C:\Windows\System32\KERNELBASE.dll
0x00007ff9dd460000 - 0x00007ff9dd560000 	C:\Windows\System32\ucrtbase.dll
0x00007ff9c7f20000 - 0x00007ff9c7f37000 	C:\Program Files\Eclipse Adoptium\jdk-17.0.9.9-hotspot\bin\jli.dll
0x00007ff9c0960000 - 0x00007ff9c097b000 	C:\Program Files\Eclipse Adoptium\jdk-17.0.9.9-hotspot\bin\VCRUNTIME140.dll
0x00007ff9df120000 - 0x00007ff9df2be000 	C:\Windows\System32\USER32.dll
0x00007ff9dd430000 - 0x00007ff9dd452000 	C:\Windows\System32\win32u.dll
0x00007ff9dd940000 - 0x00007ff9dd96c000 	C:\Windows\System32\GDI32.dll
0x00007ff9dd5f0000 - 0x00007ff9dd70a000 	C:\Windows\System32\gdi32full.dll
0x00007ff9cd6c0000 - 0x00007ff9cd95a000 	C:\Windows\WinSxS\amd64_microsoft.windows.common-controls_6595b64144ccf1df_6.0.19041.3636_none_60b6a03d71f818d5\COMCTL32.dll
0x00007ff9dd230000 - 0x00007ff9dd2cd000 	C:\Windows\System32\msvcp_win.dll
0x00007ff9ded50000 - 0x00007ff9dedee000 	C:\Windows\System32\msvcrt.dll
0x00007ff9df000000 - 0x00007ff9df030000 	C:\Windows\System32\IMM32.DLL
0x00007ff9cd170000 - 0x00007ff9cd17c000 	C:\Program Files\Eclipse Adoptium\jdk-17.0.9.9-hotspot\bin\vcruntime140_1.dll
0x00007ff9b57c0000 - 0x00007ff9b584d000 	C:\Program Files\Eclipse Adoptium\jdk-17.0.9.9-hotspot\bin\msvcp140.dll
0x00007ff9ae780000 - 0x00007ff9af3e1000 	C:\Program Files\Eclipse Adoptium\jdk-17.0.9.9-hotspot\bin\server\jvm.dll
0x00007ff9df2c0000 - 0x00007ff9df36f000 	C:\Windows\System32\ADVAPI32.dll
0x00007ff9df4a0000 - 0x00007ff9df53c000 	C:\Windows\System32\sechost.dll
0x00007ff9df370000 - 0x00007ff9df496000 	C:\Windows\System32\RPCRT4.dll
0x00007ff9d40d0000 - 0x00007ff9d40f7000 	C:\Windows\SYSTEM32\WINMM.dll
0x00007ff9c8610000 - 0x00007ff9c8619000 	C:\Windows\SYSTEM32\WSOCK32.dll
0x00007ff9df540000 - 0x00007ff9df5ab000 	C:\Windows\System32\WS2_32.dll
0x00007ff9dcbf0000 - 0x00007ff9dcc3b000 	C:\Windows\SYSTEM32\POWRPROF.dll
0x00007ff9d5370000 - 0x00007ff9d537a000 	C:\Windows\SYSTEM32\VERSION.dll
0x00007ff9dcbd0000 - 0x00007ff9dcbe2000 	C:\Windows\SYSTEM32\UMPDC.dll
0x00007ff9db5e0000 - 0x00007ff9db5f2000 	C:\Windows\SYSTEM32\kernel.appcore.dll
0x00007ff9cc8a0000 - 0x00007ff9cc8aa000 	C:\Program Files\Eclipse Adoptium\jdk-17.0.9.9-hotspot\bin\jimage.dll
0x00007ff9dabb0000 - 0x00007ff9dad94000 	C:\Windows\SYSTEM32\DBGHELP.DLL
0x00007ff9c5390000 - 0x00007ff9c53c4000 	C:\Windows\SYSTEM32\dbgcore.DLL
0x00007ff9dd560000 - 0x00007ff9dd5e2000 	C:\Windows\System32\bcryptPrimitives.dll
0x00007ff9c0910000 - 0x00007ff9c0935000 	C:\Program Files\Eclipse Adoptium\jdk-17.0.9.9-hotspot\bin\java.dll
0x00007ff9b41c0000 - 0x00007ff9b4297000 	C:\Program Files\Eclipse Adoptium\jdk-17.0.9.9-hotspot\bin\jsvml.dll
0x00007ff9de600000 - 0x00007ff9ded45000 	C:\Windows\System32\SHELL32.dll
0x00007ff9dada0000 - 0x00007ff9db53b000 	C:\Windows\SYSTEM32\windows.storage.dll
0x00007ff9ddaa0000 - 0x00007ff9dddf4000 	C:\Windows\System32\combase.dll
0x00007ff9dc700000 - 0x00007ff9dc72d000 	C:\Windows\SYSTEM32\Wldp.dll
0x00007ff9dd890000 - 0x00007ff9dd93d000 	C:\Windows\System32\SHCORE.dll
0x00007ff9de480000 - 0x00007ff9de4d5000 	C:\Windows\System32\shlwapi.dll
0x00007ff9dccc0000 - 0x00007ff9dcce5000 	C:\Windows\SYSTEM32\profapi.dll
0x00007ff9b6a80000 - 0x00007ff9b6a99000 	C:\Program Files\Eclipse Adoptium\jdk-17.0.9.9-hotspot\bin\net.dll
0x00007ff9d2ef0000 - 0x00007ff9d2ffa000 	C:\Windows\SYSTEM32\WINHTTP.dll
0x00007ff9dc460000 - 0x00007ff9dc4ca000 	C:\Windows\system32\mswsock.dll
0x00007ff9b6a60000 - 0x00007ff9b6a76000 	C:\Program Files\Eclipse Adoptium\jdk-17.0.9.9-hotspot\bin\nio.dll
0x00007ff9be1e0000 - 0x00007ff9be1f8000 	C:\Program Files\Eclipse Adoptium\jdk-17.0.9.9-hotspot\bin\zip.dll
0x00007ff9c7f10000 - 0x00007ff9c7f20000 	C:\Program Files\Eclipse Adoptium\jdk-17.0.9.9-hotspot\bin\verify.dll
0x00007ff9c4680000 - 0x00007ff9c4689000 	C:\Program Files\Eclipse Adoptium\jdk-17.0.9.9-hotspot\bin\management.dll
0x00007ff9c3100000 - 0x00007ff9c310b000 	C:\Program Files\Eclipse Adoptium\jdk-17.0.9.9-hotspot\bin\management_ext.dll
0x00007ff9df030000 - 0x00007ff9df038000 	C:\Windows\System32\PSAPI.DLL
0x00007ff9c30e0000 - 0x00007ff9c30f7000 	C:\Windows\system32\napinsp.dll
0x00007ff9c1650000 - 0x00007ff9c166b000 	C:\Windows\system32\pnrpnsp.dll
0x00007ff9d7970000 - 0x00007ff9d7985000 	C:\Windows\system32\wshbth.dll
0x00007ff9d8390000 - 0x00007ff9d83ad000 	C:\Windows\system32\NLAapi.dll
0x00007ff9dc150000 - 0x00007ff9dc18b000 	C:\Windows\SYSTEM32\IPHLPAPI.DLL
0x00007ff9dc190000 - 0x00007ff9dc25a000 	C:\Windows\SYSTEM32\DNSAPI.dll
0x00007ff9df660000 - 0x00007ff9df668000 	C:\Windows\System32\NSI.dll
0x00007ff9c1630000 - 0x00007ff9c1642000 	C:\Windows\System32\winrnr.dll
0x00007ff9cab50000 - 0x00007ff9cab5a000 	C:\Windows\System32\rasadhlp.dll
0x00007ff9cab70000 - 0x00007ff9cabf0000 	C:\Windows\System32\fwpuclnt.dll
0x00007ff9dcd90000 - 0x00007ff9dcdb7000 	C:\Windows\System32\bcrypt.dll
0x00007ff9b6200000 - 0x00007ff9b6275000 	C:\Users\admin\AppData\Local\Temp\lwjgladmin\3.3.1-build-7\lwjgl.dll
0x00007ff9b5fe0000 - 0x00007ff9b6041000 	C:\Users\admin\AppData\Local\Temp\lwjgladmin\3.3.1-build-7\glfw.dll
0x00007ff9b5770000 - 0x00007ff9b57b5000 	C:\Windows\SYSTEM32\dinput8.dll
0x00007ff9b6a40000 - 0x00007ff9b6a51000 	C:\Windows\SYSTEM32\xinput1_4.dll
0x00007ff9dcdc0000 - 0x00007ff9dce0e000 	C:\Windows\System32\cfgmgr32.dll
0x00007ff9dca50000 - 0x00007ff9dca83000 	C:\Windows\SYSTEM32\DEVOBJ.dll
0x00007ff9da620000 - 0x00007ff9da64f000 	C:\Windows\SYSTEM32\dwmapi.dll
0x00007ff9d08e0000 - 0x00007ff9d0a32000 	C:\Windows\SYSTEM32\inputhost.dll
0x00007ff9dd9d0000 - 0x00007ff9dda9d000 	C:\Windows\System32\OLEAUT32.dll
0x00007ff9d9f40000 - 0x00007ff9da032000 	C:\Windows\SYSTEM32\CoreMessaging.dll
0x00007ff9d85b0000 - 0x00007ff9d86a6000 	C:\Windows\SYSTEM32\PROPSYS.dll
0x00007ff9d9a90000 - 0x00007ff9d9deb000 	C:\Windows\SYSTEM32\CoreUIComponents.dll
0x00007ff9d93c0000 - 0x00007ff9d9515000 	C:\Windows\SYSTEM32\wintypes.dll
0x00007ff9dbeb0000 - 0x00007ff9dbee3000 	C:\Windows\SYSTEM32\ntmarta.dll
0x00007ff9da440000 - 0x00007ff9da4de000 	C:\Windows\system32\uxtheme.dll
0x00007ff9de4e0000 - 0x00007ff9de5f4000 	C:\Windows\System32\MSCTF.dll
0x00007ff99ee50000 - 0x00007ff99ef75000 	C:\Windows\SYSTEM32\opengl32.dll
0x00007ff9a0080000 - 0x00007ff9a00ac000 	C:\Windows\SYSTEM32\GLU32.dll
0x00007ff9df5b0000 - 0x00007ff9df659000 	C:\Windows\System32\clbcatq.dll
0x00007ff9d5130000 - 0x00007ff9d515d000 	C:\Windows\System32\DriverStore\FileRepository\u0390451.inf_amd64_39377efdd62734d1\B390182\atig6pxx.dll
0x00007ff96c6a0000 - 0x00007ff9702d5000 	C:\Windows\System32\DriverStore\FileRepository\u0390451.inf_amd64_39377efdd62734d1\B390182\atio6axx.dll
0x00007ff9dde00000 - 0x00007ff9de26e000 	C:\Windows\System32\SETUPAPI.dll
0x00007ff9dd110000 - 0x00007ff9dd177000 	C:\Windows\System32\WINTRUST.dll
0x00007ff9dd2d0000 - 0x00007ff9dd42d000 	C:\Windows\System32\CRYPT32.dll
0x00007ff9dc890000 - 0x00007ff9dc8a2000 	C:\Windows\SYSTEM32\MSASN1.dll

dbghelp: loaded successfully - version: 4.0.5 - missing functions: none
symbol engine: initialized successfully - sym options: 0x614 - pdb path: .;C:\Program Files\Eclipse Adoptium\jdk-17.0.9.9-hotspot\bin;C:\Windows\SYSTEM32;C:\Windows\WinSxS\amd64_microsoft.windows.common-controls_6595b64144ccf1df_6.0.19041.3636_none_60b6a03d71f818d5;C:\Program Files\Eclipse Adoptium\jdk-17.0.9.9-hotspot\bin\server;C:\Users\admin\AppData\Local\Temp\lwjgladmin\3.3.1-build-7;C:\Windows\System32\DriverStore\FileRepository\u0390451.inf_amd64_39377efdd62734d1\B390182

VM Arguments:
jvm_args: -Dforge.enableGameTest=true -Dforge.enabledGameTestNamespaces=enhanced_minecraft -Dforge.logging.console.level=debug -Dforge.logging.markers=REGISTRIES -DignoreList=bootstraplauncher,securejarhandler,asm-commons,asm-util,asm-analysis,asm-tree,asm,JarJarFileSystems,client-extra,fmlcore,javafmllanguage,lowcodelanguage,mclanguage,forge- -Djava.net.preferIPv6Addresses=system -DlegacyClassPath.file=D:\Repositorios Github\Enhanced-Minecraft-Mod\Enhanched_Minecraft_Mod\build\classpath\runClient_minecraftClasspath.txt -DmergeModules=jna-5.10.0.jar,jna-platform-5.10.0.jar --module-path=C:\Users\admin\.gradle\caches\modules-2\files-2.1\cpw.mods\bootstraplauncher\1.1.2\c546e00443d8432cda6baa1c860346980742628\bootstraplauncher-1.1.2.jar;C:\Users\admin\.gradle\caches\modules-2\files-2.1\cpw.mods\securejarhandler\2.1.10\51e6a22c6c716beb11e244bf5b8be480f51dd6b5\securejarhandler-2.1.10.jar;C:\Users\admin\.gradle\caches\modules-2\files-2.1\org.ow2.asm\asm-commons\9.5\19ab5b5800a3910d30d3a3e64fdb00fd0cb42de0\asm-commons-9.5.jar;C:\Users\admin\.gradle\caches\modules-2\files-2.1\org.ow2.asm\asm-util\9.5\64b5a1fc8c1b15ed2efd6a063e976bc8d3dc5ffe\asm-util-9.5.jar;C:\Users\admin\.gradle\caches\modules-2\files-2.1\org.ow2.asm\asm-analysis\9.5\490bacc77de7cbc0be1a30bb3471072d705be4a4\asm-analysis-9.5.jar;C:\Users\admin\.gradle\caches\modules-2\files-2.1\org.ow2.asm\asm-tree\9.5\fd33c8b6373abaa675be407082fdfda35021254a\asm-tree-9.5.jar;C:\Users\admin\.gradle\caches\modules-2\files-2.1\org.ow2.asm\asm\9.5\dc6ea1875f4d64fbc85e1691c95b96a3d8569c90\asm-9.5.jar;C:\Users\admin\.gradle\caches\modules-2\files-2.1\net.minecraftforge\JarJarFileSystems\0.3.19\2464eb7d6b9ddb9db36a82cf8a95193e5c6fe020\JarJarFileSystems-0.3.19.jar --add-modules=ALL-MODULE-PATH --add-opens=java.base/java.util.jar=cpw.mods.securejarhandler --add-opens=java.base/java.lang.invoke=cpw.mods.securejarhandler --add-exports=java.base/sun.security.util=cpw.mods.securejarhandler --add-exports=jdk.naming.dns/com.sun.jndi.dns=java.naming -XX:HeapDumpPath=MojangTricksIntelDriversForPerformance_javaw.exe_minecraft.exe.heapdump -Dfile.encoding=windows-1252 -Duser.country=AR -Duser.language=es -Duser.variant 
java_command: cpw.mods.bootstraplauncher.BootstrapLauncher --launchTarget forgeclientuserdev --version MOD_DEV --assetIndex 5 --assetsDir C:\Users\admin\.gradle\caches\forge_gradle\assets --gameDir . --fml.forgeVersion 47.2.0 --fml.mcVersion 1.20.1 --fml.forgeGroup net.minecraftforge --fml.mcpVersion 20230612.114412
java_class_path (initial): D:\Repositorios Github\Enhanced-Minecraft-Mod\Enhanched_Minecraft_Mod\build\classes\java\main;D:\Repositorios Github\Enhanced-Minecraft-Mod\Enhanched_Minecraft_Mod\build\resources\main;C:\Users\admin\.gradle\caches\forge_gradle\minecraft_user_repo\net\minecraftforge\forge\1.20.1-47.2.0_mapped_parchment_2023.06.26-1.20.1\forge-1.20.1-47.2.0_mapped_parchment_2023.06.26-1.20.1.jar;C:\Users\admin\.gradle\caches\forge_gradle\minecraft_repo\versions\1.20.1\client-extra.jar;C:\Users\admin\.gradle\caches\modules-2\files-2.1\net.minecraftforge\fmlearlydisplay\1.20.1-47.2.0\4c56a03dcedcb909c7eaa8469dd5a36c493a0008\fmlearlydisplay-1.20.1-47.2.0.jar;C:\Users\admin\.gradle\caches\modules-2\files-2.1\net.minecraftforge\javafmllanguage\1.20.1-47.2.0\7f9181f85acc66547685a72020713fc8cbde98\javafmllanguage-1.20.1-47.2.0.jar;C:\Users\admin\.gradle\caches\modules-2\files-2.1\net.minecraftforge\lowcodelanguage\1.20.1-47.2.0\7872f5205685fdd26fae39b1be79b0e60ca5b7bd\lowcodelanguage-1.20.1-47.2.0.jar;C:\Users\admin\.gradle\caches\modules-2\files-2.1\net.minecraftforge\mclanguage\1.20.1-47.2.0\d501d161cabed08b3c139a2c6217b02a39f3c3e9\mclanguage-1.20.1-47.2.0.jar;C:\Users\admin\.gradle\caches\modules-2\files-2.1\net.minecraftforge\fmlcore\1.20.1-47.2.0\ffd3c6debac0a388c9e33ac43c9f5eafb91cb466\fmlcore-1.20.1-47.2.0.jar;C:\Users\admin\.gradle\caches\modules-2\files-2.1\net.minecraftforge\fmlloader\1.20.1-47.2.0\7811231940c0a8b6008453bbc64fdf7fa1280fe9\fmlloader-1.20.1-47.2.0.jar;C:\Users\admin\.gradle\caches\modules-2\files-2.1\net.minecraftforge\JarJarSelector\0.3.19\376cc9c8ea60720cf027c01fc033de915699801c\JarJarSelector-0.3.19.jar;C:\Users\admin\.gradle\caches\modules-2\files-2.1\net.minecraftforge\JarJarMetadata\0.3.19\83feaa9b770e6ac0e96ee4fc23fa89325c5fe2\JarJarMetadata-0.3.19.jar;C:\Users\admin\.gradle\caches\modules-2\files-2.1\com.google.guava\guava\31.1-jre\60458f877d055d0c9114d9e1a2efb737b4bc282c\guava-31.1-jre.jar;C:\Users\admin\.gradle\caches\modules-2
Launcher Type: SUN_STANDARD

[Global flags]
     intx CICompilerCount                          = 3                                         {product} {ergonomic}
     uint ConcGCThreads                            = 1                                         {product} {ergonomic}
     uint G1ConcRefinementThreads                  = 4                                         {product} {ergonomic}
   size_t G1HeapRegionSize                         = 1048576                                   {product} {ergonomic}
    uintx GCDrainStackTargetSize                   = 64                                        {product} {ergonomic}
    ccstr HeapDumpPath                             = MojangTricksIntelDriversForPerformance_javaw.exe_minecraft.exe.heapdump         {manageable} {command line}
   size_t InitialHeapSize                          = 100663296                                 {product} {ergonomic}
   size_t MarkStackSize                            = 4194304                                   {product} {ergonomic}
   size_t MaxHeapSize                              = 1598029824                                {product} {ergonomic}
   size_t MaxNewSize                               = 958398464                                 {product} {ergonomic}
   size_t MinHeapDeltaBytes                        = 1048576                                   {product} {ergonomic}
   size_t MinHeapSize                              = 8388608                                   {product} {ergonomic}
    uintx NonNMethodCodeHeapSize                   = 5832780                                {pd product} {ergonomic}
    uintx NonProfiledCodeHeapSize                  = 122912730                              {pd product} {ergonomic}
    uintx ProfiledCodeHeapSize                     = 122912730                              {pd product} {ergonomic}
    uintx ReservedCodeCacheSize                    = 251658240                              {pd product} {ergonomic}
     bool SegmentedCodeCache                       = true                                      {product} {ergonomic}
   size_t SoftMaxHeapSize                          = 1598029824                             {manageable} {ergonomic}
     bool UseCompressedClassPointers               = true                           {product lp64_product} {ergonomic}
     bool UseCompressedOops                        = true                           {product lp64_product} {ergonomic}
     bool UseG1GC                                  = true                                      {product} {ergonomic}
     bool UseLargePagesIndividualAllocation        = false                                  {pd product} {ergonomic}

Logging:
Log output configuration:
 #0: stdout all=warning uptime,level,tags
 #1: stderr all=off uptime,level,tags

Environment Variables:
JAVA_HOME=C:\Program Files\Eclipse Adoptium\jdk-17.0.9.9-hotspot\
PATH=C:\Program Files\Eclipse Adoptium\jdk-17.0.9.9-hotspot\bin;C:\Program Files\Common Files\Oracle\Java\javapath;C:\Windows\system32;C:\Windows;C:\Windows\System32\Wbem;C:\Windows\System32\WindowsPowerShell\v1.0\;C:\Windows\System32\OpenSSH\;C:\Program Files\dotnet\;C:\Program Files\Git\cmd;C:\Users\admin\AppData\Local\Microsoft\WindowsApps;C:\Users\admin\.dotnet\tools;C:\Users\admin\AppData\Local\GitHubDesktop\bin
USERNAME=admin
OS=Windows_NT
PROCESSOR_IDENTIFIER=AMD64 Family 23 Model 17 Stepping 0, AuthenticAMD
TMP=C:\Users\admin\AppData\Local\Temp
TEMP=C:\Users\admin\AppData\Local\Temp



Periodic native trim disabled


---------------  S Y S T E M  ---------------

OS:
 Windows 10 , 64 bit Build 19041 (10.0.19041.3636)
OS uptime: 26 days 17:41 hours

CPU: total 4 (initial active 4) (4 cores per cpu, 2 threads per core) family 23 model 17 stepping 0 microcode 0x0, cx8, cmov, fxsr, ht, mmx, 3dnowpref, sse, sse2, sse3, ssse3, sse4a, sse4.1, sse4.2, popcnt, lzcnt, tsc, tscinvbit, avx, avx2, aes, clmul, bmi1, bmi2, adx, sha, fma, vzeroupper, clflush, clflushopt
Processor Information for all 4 processors :
  Max Mhz: 2500, Current Mhz: 2500, Mhz Limit: 2500

Memory: 4k page, system-wide physical 6092M (384M free)
TotalPageFile size 15831M (AvailPageFile size 2457M)
current process WorkingSet (physical memory assigned to process): 212M, peak: 218M
current process commit charge ("private bytes"): 250M, peak: 257M

vm_info: OpenJDK 64-Bit Server VM (17.0.9+9) for windows-amd64 JRE (17.0.9+9), built on Oct 26 2023 14:01:42 by "admin" with MS VC++ 16.10 / 16.11 (VS2019)

END.
