#
# A fatal error has been detected by the Java Runtime Environment:
#
#  EXCEPTION_ACCESS_VIOLATION (0xc0000005) at pc=0x00007ff9e1dc2b60, pid=9636, tid=10292
#
# JRE version: Java(TM) SE Runtime Environment (17.0.9+11) (build 17.0.9+11-LTS-201)
# Java VM: Java HotSpot(TM) 64-Bit Server VM (17.0.9+11-LTS-201, mixed mode, sharing, tiered, compressed oops, compressed class ptrs, g1 gc, windows-amd64)
# Problematic frame:
# C  [atio6axx.dll+0x192b60]
#
# No core dump will be written. Minidumps are not enabled by default on client versions of Windows
#
# If you would like to submit a bug report, please visit:
#   https://bugreport.java.com/bugreport/crash.jsp
# The crash happened outside the Java Virtual Machine in native code.
# See problematic frame for where to report the bug.
#

---------------  S U M M A R Y ------------

Command Line: -Dforge.enableGameTest=true -Dforge.enabledGameTestNamespaces=enhanced_minecraft -Dforge.logging.console.level=debug -Dforge.logging.markers=REGISTRIES -DignoreList=bootstraplauncher,securejarhandler,asm-commons,asm-util,asm-analysis,asm-tree,asm,JarJarFileSystems,client-extra,fmlcore,javafmllanguage,lowcodelanguage,mclanguage,forge- -Djava.net.preferIPv6Addresses=system -DlegacyClassPath.file=D:\Repositorios Github\Enhanced-Minecraft-Mod\Enhanched_Minecraft_Mod\build\classpath\runClient_minecraftClasspath.txt -DmergeModules=jna-5.10.0.jar,jna-platform-5.10.0.jar --module-path=C:\Users\admin\.gradle\caches\modules-2\files-2.1\cpw.mods\bootstraplauncher\1.1.2\c546e00443d8432cda6baa1c860346980742628\bootstraplauncher-1.1.2.jar;C:\Users\admin\.gradle\caches\modules-2\files-2.1\cpw.mods\securejarhandler\2.1.10\51e6a22c6c716beb11e244bf5b8be480f51dd6b5\securejarhandler-2.1.10.jar;C:\Users\admin\.gradle\caches\modules-2\files-2.1\org.ow2.asm\asm-commons\9.5\19ab5b5800a3910d30d3a3e64fdb00fd0cb42de0\asm-commons-9.5.jar;C:\Users\admin\.gradle\caches\modules-2\files-2.1\org.ow2.asm\asm-util\9.5\64b5a1fc8c1b15ed2efd6a063e976bc8d3dc5ffe\asm-util-9.5.jar;C:\Users\admin\.gradle\caches\modules-2\files-2.1\org.ow2.asm\asm-analysis\9.5\490bacc77de7cbc0be1a30bb3471072d705be4a4\asm-analysis-9.5.jar;C:\Users\admin\.gradle\caches\modules-2\files-2.1\org.ow2.asm\asm-tree\9.5\fd33c8b6373abaa675be407082fdfda35021254a\asm-tree-9.5.jar;C:\Users\admin\.gradle\caches\modules-2\files-2.1\org.ow2.asm\asm\9.5\dc6ea1875f4d64fbc85e1691c95b96a3d8569c90\asm-9.5.jar;C:\Users\admin\.gradle\caches\modules-2\files-2.1\net.minecraftforge\JarJarFileSystems\0.3.19\2464eb7d6b9ddb9db36a82cf8a95193e5c6fe020\JarJarFileSystems-0.3.19.jar --add-modules=ALL-MODULE-PATH --add-opens=java.base/java.util.jar=cpw.mods.securejarhandler --add-opens=java.base/java.lang.invoke=cpw.mods.securejarhandler --add-exports=java.base/sun.security.util=cpw.mods.securejarhandler --add-exports=jdk.naming.dns/com.sun.jndi.dns=java.naming -XX:HeapDumpPath=MojangTricksIntelDriversForPerformance_javaw.exe_minecraft.exe.heapdump -Dfile.encoding=windows-1252 -Duser.country=AR -Duser.language=es -Duser.variant cpw.mods.bootstraplauncher.BootstrapLauncher --launchTarget forgeclientuserdev --version MOD_DEV --assetIndex 5 --assetsDir C:\Users\admin\.gradle\caches\forge_gradle\assets --gameDir . --fml.forgeVersion 47.2.0 --fml.mcVersion 1.20.1 --fml.forgeGroup net.minecraftforge --fml.mcpVersion 20230612.114412

Host: AMD Ryzen 3 2200U with Radeon Vega Mobile Gfx  , 4 cores, 5G,  Windows 10 , 64 bit Build 19041 (10.0.19041.3636)
Time: Tue Jan  9 12:00:29 2024 Hora estándar de Argentina elapsed time: 7.078849 seconds (0d 0h 0m 7s)

---------------  T H R E A D  ---------------

Current thread (0x000001ec167946e0):  JavaThread "main" [_thread_in_native, id=10292, stack(0x0000006227200000,0x0000006227300000)]

Stack: [0x0000006227200000,0x0000006227300000],  sp=0x00000062272fb5f8,  free space=1005k
Native frames: (J=compiled Java code, j=interpreted, Vv=VM code, C=native code)
C  [atio6axx.dll+0x192b60]

Java frames: (J=compiled Java code, j=interpreted, Vv=VM code)
j  org.lwjgl.system.JNI.invokePPPP(IIJJJJ)J+0 org.lwjgl@3.3.1+7
j  org.lwjgl.glfw.GLFW.nglfwCreateWindow(IIJJJ)J+14 org.lwjgl.glfw@3.3.1+7
j  org.lwjgl.glfw.GLFW.glfwCreateWindow(IILjava/lang/CharSequence;JJ)J+34 org.lwjgl.glfw@3.3.1+7
j  net.minecraftforge.fml.earlydisplay.DisplayWindow.initWindow(Ljava/lang/String;)V+408 fmlearlydisplay@1.20.1-47.2.0
j  net.minecraftforge.fml.earlydisplay.DisplayWindow.start(Ljava/lang/String;Ljava/lang/String;)Ljava/lang/Runnable;+14 fmlearlydisplay@1.20.1-47.2.0
j  net.minecraftforge.fml.earlydisplay.DisplayWindow.initialize([Ljava/lang/String;)Ljava/lang/Runnable;+410 fmlearlydisplay@1.20.1-47.2.0
j  net.minecraftforge.fml.loading.ImmediateWindowHandler.load(Ljava/lang/String;[Ljava/lang/String;)V+180 fmlloader@1.20.1-47.2.0
j  net.minecraftforge.fml.loading.ModDirTransformerDiscoverer.earlyInitialization(Ljava/lang/String;[Ljava/lang/String;)V+2 fmlloader@1.20.1-47.2.0
j  cpw.mods.modlauncher.TransformationServicesHandler.lambda$discoverServices$18(Lcpw/mods/modlauncher/ArgumentHandler$DiscoveryData;Lcpw/mods/modlauncher/serviceapi/ITransformerDiscoveryService;)V+9 cpw.mods.modlauncher@10.0.9
j  cpw.mods.modlauncher.TransformationServicesHandler$$Lambda$416+0x000001ec34216db0.accept(Ljava/lang/Object;)V+8 cpw.mods.modlauncher@10.0.9
J 2521 c1 java.lang.Iterable.forEach(Ljava/util/function/Consumer;)V java.base@17.0.9 (39 bytes) @ 0x000001ec1e44f6a4 [0x000001ec1e44f600+0x00000000000000a4]
j  cpw.mods.modlauncher.TransformationServicesHandler.discoverServices(Lcpw/mods/modlauncher/ArgumentHandler$DiscoveryData;)V+145 cpw.mods.modlauncher@10.0.9
j  cpw.mods.modlauncher.Launcher.run([Ljava/lang/String;)V+14 cpw.mods.modlauncher@10.0.9
j  cpw.mods.modlauncher.Launcher.main([Ljava/lang/String;)V+78 cpw.mods.modlauncher@10.0.9
j  cpw.mods.modlauncher.BootstrapLaunchConsumer.accept([Ljava/lang/String;)V+1 cpw.mods.modlauncher@10.0.9
j  cpw.mods.modlauncher.BootstrapLaunchConsumer.accept(Ljava/lang/Object;)V+5 cpw.mods.modlauncher@10.0.9
j  cpw.mods.bootstraplauncher.BootstrapLauncher.main([Ljava/lang/String;)V+515 cpw.mods.bootstraplauncher@1.1.2
v  ~StubRoutines::call_stub

siginfo: EXCEPTION_ACCESS_VIOLATION (0xc0000005), reading address 0xffffffffffffffff


Register to memory mapping:

RIP=0x00007ff9e1dc2b60 atio6axx.dll
RAX=0x0 is NULL
RBX=0x00007ff9e56033b0 atio6axx.dll
RCX=0x65686361635c656c is an unknown value
RDX=0x00000000000000d0 is an unknown value
RSP=0x00000062272fb5f8 is pointing into the stack for thread: 0x000001ec167946e0
RBP=0x00000062272fb760 is pointing into the stack for thread: 0x000001ec167946e0
RSI=0x00007ff9e5512d40 atio6axx.dll
RDI=0x00000062272fba50 is pointing into the stack for thread: 0x000001ec167946e0
R8 =0x00000000000001a5 is an unknown value
R9 =0x65686361635c656c is an unknown value
R10=0x0 is NULL
R11=0x0000000000000200 is an unknown value
R12=0x00007ff9e5603408 atio6axx.dll
R13=0x00007ff9e5605c08 atio6axx.dll
R14=0x00007ff9e56033b0 atio6axx.dll
R15=0x0 is NULL


Registers:
RAX=0x0000000000000000, RBX=0x00007ff9e56033b0, RCX=0x65686361635c656c, RDX=0x00000000000000d0
RSP=0x00000062272fb5f8, RBP=0x00000062272fb760, RSI=0x00007ff9e5512d40, RDI=0x00000062272fba50
R8 =0x00000000000001a5, R9 =0x65686361635c656c, R10=0x0000000000000000, R11=0x0000000000000200
R12=0x00007ff9e5603408, R13=0x00007ff9e5605c08, R14=0x00007ff9e56033b0, R15=0x0000000000000000
RIP=0x00007ff9e1dc2b60, EFLAGS=0x0000000000010206

Top of Stack: (sp=0x00000062272fb5f8)
0x00000062272fb5f8:   00007ff9e1dc2e7c 00007ff9e5606020
0x00000062272fb608:   000001ec79956018 0000000000000000
0x00000062272fb618:   00007ff9e1dc3e8d 00000062272fba50
0x00000062272fb628:   00007ff9e1d7f484 00007ff9e56033b0
0x00000062272fb638:   00007ff9e5512d40 0000652e6176616a
0x00000062272fb648:   000046e054a4b745 00000062272fba50
0x00000062272fb658:   00007ff9e1d80457 00007ff9e56033b8
0x00000062272fb668:   00007ff9e5512d40 00007ff9e5512d40
0x00000062272fb678:   000001ec7a7fc698 00007ff9e56033b0
0x00000062272fb688:   00007ffa00000000 0000000000000009
0x00000062272fb698:   000001ec7a7fc860 000001ec7a7fc9c8
0x00000062272fb6a8:   00007ff9e56033b8 00000062272fba50
0x00000062272fb6b8:   00000062272fb801 00007f006176616a
0x00000062272fb6c8:   00007f006176616a 46676e697274535c
0x00000062272fb6d8:   5c6f666e49656c69 3062343039303430
0x00000062272fb6e8:   726556656c69465c 000000006e6f6973 

Instructions: (pc=0x00007ff9e1dc2b60)
0x00007ff9e1dc2a60:   74 09 33 c9 ff 15 e6 89 66 03 90 48 8b c3 48 83
0x00007ff9e1dc2a70:   c4 20 5b c3 cc cc cc cc cc cc cc cc cc cc cc cc
0x00007ff9e1dc2a80:   48 83 ec 28 48 8b 51 08 48 85 d2 74 09 33 c9 ff
0x00007ff9e1dc2a90:   15 bb 89 66 03 90 48 83 c4 28 c3 cc cc cc cc cc
0x00007ff9e1dc2aa0:   48 89 11 c3 cc cc cc cc cc cc cc cc cc cc cc cc
0x00007ff9e1dc2ab0:   48 8b c1 c3 cc cc cc cc cc cc cc cc cc cc cc cc
0x00007ff9e1dc2ac0:   48 3b ca 74 10 41 8b 00 39 01 74 09 48 83 c1 04
0x00007ff9e1dc2ad0:   48 3b ca 75 f3 48 8b c1 c3 cc cc cc cc cc cc cc
0x00007ff9e1dc2ae0:   48 8b c1 c3 cc cc cc cc cc cc cc cc cc cc cc cc
0x00007ff9e1dc2af0:   48 83 39 00 0f 94 c0 c3 cc cc cc cc cc cc cc cc
0x00007ff9e1dc2b00:   4c 8d 04 d5 00 00 00 00 33 d2 e9 c1 d0 dd 01 cc
0x00007ff9e1dc2b10:   4c 8b 41 08 48 8b 02 49 89 00 48 83 41 08 08 c3
0x00007ff9e1dc2b20:   48 8b c1 c3 cc cc cc cc cc cc cc cc cc cc cc cc
0x00007ff9e1dc2b30:   48 8b c1 c3 cc cc cc cc cc cc cc cc cc cc cc cc
0x00007ff9e1dc2b40:   49 8b 00 48 89 02 c3 cc cc cc cc cc cc cc cc cc
0x00007ff9e1dc2b50:   8b 81 40 39 00 00 c3 cc cc cc cc cc cc cc cc cc
0x00007ff9e1dc2b60:   8b 81 40 39 00 00 83 c0 f0 83 f8 67 0f 87 5a 01
0x00007ff9e1dc2b70:   00 00 48 8d 15 87 d4 e6 ff 0f b6 84 02 f0 2c 19
0x00007ff9e1dc2b80:   00 8b 8c 82 d0 2c 19 00 48 03 ca ff e1 48 8b 0d
0x00007ff9e1dc2b90:   6c 6f 7e 03 83 b9 b4 34 00 00 02 0f 87 2b 01 00
0x00007ff9e1dc2ba0:   00 48 8d 91 0c 29 00 00 c7 02 e1 00 00 00 e9 ce
0x00007ff9e1dc2bb0:   00 00 00 48 8b 0d 46 6f 7e 03 83 b9 b4 34 00 00
0x00007ff9e1dc2bc0:   02 0f 87 05 01 00 00 48 8d 91 0c 29 00 00 c7 02
0x00007ff9e1dc2bd0:   f0 00 00 00 e9 a8 00 00 00 48 8b 0d 20 6f 7e 03
0x00007ff9e1dc2be0:   83 b9 b4 34 00 00 02 0f 87 df 00 00 00 48 8d 91
0x00007ff9e1dc2bf0:   0c 29 00 00 c7 02 00 04 00 00 e9 82 00 00 00 48
0x00007ff9e1dc2c00:   8b 0d fa 6e 7e 03 83 b9 b4 34 00 00 02 0f 87 b9
0x00007ff9e1dc2c10:   00 00 00 48 8d 91 0c 29 00 00 c7 02 00 08 00 00
0x00007ff9e1dc2c20:   eb 5f 48 8b 0d d7 6e 7e 03 83 b9 b4 34 00 00 02
0x00007ff9e1dc2c30:   0f 87 96 00 00 00 48 8d 91 0c 29 00 00 c7 02 00
0x00007ff9e1dc2c40:   09 00 00 eb 3c 48 8b 0d b4 6e 7e 03 83 b9 b4 34
0x00007ff9e1dc2c50:   00 00 02 77 77 48 8d 91 0c 29 00 00 c7 02 3c 0f 


Stack slot to memory mapping:
stack at sp + 0 slots: 0x00007ff9e1dc2e7c atio6axx.dll
stack at sp + 1 slots: 0x00007ff9e5606020 atio6axx.dll
stack at sp + 2 slots: 0x000001ec79956018 points into unknown readable memory: 0x00007ff9e4e0f5f0 | f0 f5 e0 e4 f9 7f 00 00
stack at sp + 3 slots: 0x0 is NULL
stack at sp + 4 slots: 0x00007ff9e1dc3e8d atio6axx.dll
stack at sp + 5 slots: 0x00000062272fba50 is pointing into the stack for thread: 0x000001ec167946e0
stack at sp + 6 slots: 0x00007ff9e1d7f484 atio6axx.dll
stack at sp + 7 slots: 0x00007ff9e56033b0 atio6axx.dll


Compiled method (c1)    7171 2521       2       java.lang.Iterable::forEach (39 bytes)
 total in heap  [0x000001ec1e44f410,0x000001ec1e44fa08] = 1528
 relocation     [0x000001ec1e44f568,0x000001ec1e44f5e8] = 128
 main code      [0x000001ec1e44f600,0x000001ec1e44f840] = 576
 stub code      [0x000001ec1e44f840,0x000001ec1e44f8c8] = 136
 metadata       [0x000001ec1e44f8c8,0x000001ec1e44f8d8] = 16
 scopes data    [0x000001ec1e44f8d8,0x000001ec1e44f940] = 104
 scopes pcs     [0x000001ec1e44f940,0x000001ec1e44fa00] = 192
 dependencies   [0x000001ec1e44fa00,0x000001ec1e44fa08] = 8

[Constant Pool (empty)]

[MachCode]
[Entry Point]
  # {method} {0x000001ec33083240} 'forEach' '(Ljava/util/function/Consumer;)V' in 'java/lang/Iterable'
  # this:     rdx:rdx   = 'java/lang/Iterable'
  # parm0:    r8:r8     = 'java/util/function/Consumer'
  #           [sp+0x70]  (sp of caller)
  0x000001ec1e44f600: 448b 5208 | 49bb 0000 | 0033 ec01 | 0000 4d03 | d34c 3bd0 

  0x000001ec1e44f614: ;   {runtime_call ic_miss_stub}
  0x000001ec1e44f614: 0f85 66d4 | 1407 660f | 1f44 0000 
[Verified Entry Point]
  0x000001ec1e44f620: 8984 2400 | 90ff ff55 | 4883 ec60 | 4c89 4424 | 3048 bec8 | b404 74ec | 0100 008b | 7e08 83c7 
  0x000001ec1e44f640: 0289 7e08 | 81e7 fe0f | 0000 83ff | 000f 8433 | 0100 0049 | 83f8 000f | 84a7 0000 | 0048 b8c0 
  0x000001ec1e44f660: acc1 79ec 

  0x000001ec1e44f664: ;   {virtual_call}
  0x000001ec1e44f664: 0100 00e8 

  0x000001ec1e44f668: ; ImmutableOopMap {[48]=Oop }
                      ;*invokeinterface iterator {reexecute=0 rethrow=0 return_oop=0}
                      ; - java.lang.Iterable::forEach@6 (line 74)
  0x000001ec1e44f668: 242b 2007 | 4889 4424 | 38e9 5f00 | 0000 6690 | 488b 5424 | 3848 b800 | a9c1 79ec 

  0x000001ec1e44f684: ;   {virtual_call}
  0x000001ec1e44f684: 0100 00e8 

  0x000001ec1e44f688: ; ImmutableOopMap {[48]=Oop [56]=Oop }
                      ;*invokeinterface next {reexecute=0 rethrow=0 return_oop=0}
                      ; - java.lang.Iterable::forEach@22 (line 74)
  0x000001ec1e44f688: 142e 2007 | 4c8b c048 | 8b54 2430 | 9048 b8a0 | abc1 79ec 

  0x000001ec1e44f69c: ;   {virtual_call}
  0x000001ec1e44f69c: 0100 00e8 

  0x000001ec1e44f6a0: ; ImmutableOopMap {[48]=Oop [56]=Oop }
                      ;*invokeinterface accept {reexecute=0 rethrow=0 return_oop=0}
                      ; - java.lang.Iterable::forEach@30 (line 75)
  0x000001ec1e44f6a0: ec2a 2007 | 48ba c8b4 | 0474 ec01 | 0000 8b72 | 0c83 c602 | 8972 0c81 | e6fe 7f00 | 0083 fe00 
  0x000001ec1e44f6c0: 0f84 e100 | 0000 4d8b | 9750 0300 

  0x000001ec1e44f6cc: ; ImmutableOopMap {[48]=Oop [56]=Oop }
                      ;*goto {reexecute=1 rethrow=0 return_oop=0}
                      ; - (reexecute) java.lang.Iterable::forEach@35 (line 76)
                      ;   {poll}
  0x000001ec1e44f6cc: 0041 8502 | 488b 4424 | 3848 8bd0 | 0f1f 4400 | 0048 b8a0 | a8c1 79ec 

  0x000001ec1e44f6e4: ;   {virtual_call}
  0x000001ec1e44f6e4: 0100 00e8 

  0x000001ec1e44f6e8: ; ImmutableOopMap {[48]=Oop [56]=Oop }
                      ;*invokeinterface hasNext {reexecute=0 rethrow=0 return_oop=0}
                      ; - java.lang.Iterable::forEach@13 (line 74)
  0x000001ec1e44f6e8: b42b 2007 | 83f8 0075 | 8748 83c4 

  0x000001ec1e44f6f4: ;   {poll_return}
  0x000001ec1e44f6f4: 605d 493b | a748 0300 | 000f 87c5 | 0000 00c3 | 4889 5424 | 480f 1f80 | 0000 0000 

  0x000001ec1e44f710: ;   {no_reloc}
  0x000001ec1e44f710: e9d8 0000 | 0000 0000 | 0000 498b | 8708 0100 | 0048 8d78 | 3049 3bbf | 1801 0000 | 0f87 c500 
  0x000001ec1e44f730: 0000 4989 | bf08 0100 | 0048 c700 | 0100 0000 | 488b ca49 | ba00 0000 | 33ec 0100 | 0049 2bca 
  0x000001ec1e44f750: 8948 0848 | 33c9 8948 | 0c48 33c9 | 4889 4810 | 4889 4818 | 4889 4820 | 4889 4828 | 488b d048 
  0x000001ec1e44f770: 8944 2440 

  0x000001ec1e44f774: ;   {optimized virtual_call}
  0x000001ec1e44f774: 6666 90e8 

  0x000001ec1e44f778: ; ImmutableOopMap {[48]=Oop [64]=Oop [72]=Oop }
                      ;*invokespecial <init> {reexecute=0 rethrow=0 return_oop=0}
                      ; - java.util.Objects::requireNonNull@8 (line 208)
                      ; - java.lang.Iterable::forEach@1 (line 73)
  0x000001ec1e44f778: 04d6 1407 | 488b 4424 | 40e9 9d00 

  0x000001ec1e44f784: ;   {metadata({method} {0x000001ec33083240} 'forEach' '(Ljava/util/function/Consumer;)V' in 'java/lang/Iterable')}
  0x000001ec1e44f784: 0000 49ba | 3832 0833 | ec01 0000 | 4c89 5424 | 0848 c704 | 24ff ffff 

  0x000001ec1e44f79c: ;   {runtime_call counter_overflow Runtime1 stub}
  0x000001ec1e44f79c: ffe8 deb3 

  0x000001ec1e44f7a0: ; ImmutableOopMap {rdx=Oop r8=Oop [48]=Oop }
                      ;*synchronization entry
                      ; - java.lang.Iterable::forEach@-1 (line 73)
  0x000001ec1e44f7a0: 1f07 e9ac 

  0x000001ec1e44f7a4: ;   {metadata({method} {0x000001ec33083240} 'forEach' '(Ljava/util/function/Consumer;)V' in 'java/lang/Iterable')}
  0x000001ec1e44f7a4: feff ff49 | ba38 3208 | 33ec 0100 | 004c 8954 | 2408 48c7 | 0424 2300 

  0x000001ec1e44f7bc: ;   {runtime_call counter_overflow Runtime1 stub}
  0x000001ec1e44f7bc: 0000 e8bd 

  0x000001ec1e44f7c0: ; ImmutableOopMap {[48]=Oop [56]=Oop }
                      ;*goto {reexecute=1 rethrow=0 return_oop=0}
                      ; - (reexecute) java.lang.Iterable::forEach@35 (line 76)
  0x000001ec1e44f7c0: b31f 07e9 | fefe ffff 

  0x000001ec1e44f7c8: ;   {internal_word}
  0x000001ec1e44f7c8: 49ba f6f6 | 441e ec01 | 0000 4d89 | 9760 0300 

  0x000001ec1e44f7d8: ;   {runtime_call SafepointBlob}
  0x000001ec1e44f7d8: 00e9 223c 

  0x000001ec1e44f7dc: ;   {metadata(NULL)}
  0x000001ec1e44f7dc: 1507 48ba | 0000 0000 | 0000 0000 | b800 0f05 

  0x000001ec1e44f7ec: ;   {runtime_call load_klass_patching Runtime1 stub}
  0x000001ec1e44f7ec: 0ae8 0ea0 

  0x000001ec1e44f7f0: ; ImmutableOopMap {[48]=Oop [72]=Oop }
                      ;*new {reexecute=1 rethrow=0 return_oop=0}
                      ; - (reexecute) java.util.Objects::requireNonNull@4 (line 208)
                      ; - java.lang.Iterable::forEach@1 (line 73)
  0x000001ec1e44f7f0: 1f07 e919 | ffff ff48 

  0x000001ec1e44f7f8: ;   {runtime_call fast_new_instance Runtime1 stub}
  0x000001ec1e44f7f8: 8bd2 e881 

  0x000001ec1e44f7fc: ; ImmutableOopMap {[48]=Oop [72]=Oop }
                      ;*new {reexecute=0 rethrow=0 return_oop=0}
                      ; - java.util.Objects::requireNonNull@4 (line 208)
                      ; - java.lang.Iterable::forEach@1 (line 73)
  0x000001ec1e44f7fc: 5c1f 07e9 | 68ff ffff | 9090 498b | 87d8 0300 | 0049 c787 | d803 0000 | 0000 0000 | 49c7 87e0 
  0x000001ec1e44f81c: 0300 0000 | 0000 0048 | 83c4 605d 

  0x000001ec1e44f828: ;   {runtime_call unwind_exception Runtime1 stub}
  0x000001ec1e44f828: e953 441f | 07f4 f4f4 | f4f4 f4f4 | f4f4 f4f4 | f4f4 f4f4 | f4f4 f4f4 
[Stub Code]
  0x000001ec1e44f840: ;   {no_reloc}
  0x000001ec1e44f840: 0f1f 4400 

  0x000001ec1e44f844: ;   {static_stub}
  0x000001ec1e44f844: 0048 bb00 | 0000 0000 

  0x000001ec1e44f84c: ;   {runtime_call}
  0x000001ec1e44f84c: 0000 00e9 | fbff ffff 

  0x000001ec1e44f854: ;   {static_stub}
  0x000001ec1e44f854: 9048 bb00 | 0000 0000 

  0x000001ec1e44f85c: ;   {runtime_call}
  0x000001ec1e44f85c: 0000 00e9 | fbff ffff 

  0x000001ec1e44f864: ;   {static_stub}
  0x000001ec1e44f864: 9048 bb00 | 0000 0000 

  0x000001ec1e44f86c: ;   {runtime_call}
  0x000001ec1e44f86c: 0000 00e9 | fbff ffff 

  0x000001ec1e44f874: ;   {static_stub}
  0x000001ec1e44f874: 9048 bb00 | 0000 0000 

  0x000001ec1e44f87c: ;   {runtime_call}
  0x000001ec1e44f87c: 0000 00e9 | fbff ffff 

  0x000001ec1e44f884: ;   {static_stub}
  0x000001ec1e44f884: 9048 bb00 | 0000 0000 

  0x000001ec1e44f88c: ;   {runtime_call}
  0x000001ec1e44f88c: 0000 00e9 | fbff ffff 
[Exception Handler]
  0x000001ec1e44f894: ;   {runtime_call handle_exception_from_callee Runtime1 stub}
  0x000001ec1e44f894: e8e7 7c1f 

  0x000001ec1e44f898: ;   {external_word}
  0x000001ec1e44f898: 0748 b990 | 00fb 27fa | 7f00 0048 

  0x000001ec1e44f8a4: ;   {runtime_call}
  0x000001ec1e44f8a4: 83e4 f049 | ba20 eac8 | 27fa 7f00 | 0041 ffd2 

  0x000001ec1e44f8b4: ;   {section_word}
  0x000001ec1e44f8b4: f449 bab5 | f844 1eec | 0100 0041 

  0x000001ec1e44f8c0: ;   {runtime_call DeoptimizationBlob}
  0x000001ec1e44f8c0: 52e9 da2d | 1507 f4f4 
[/MachCode]


---------------  P R O C E S S  ---------------

Threads class SMR info:
_java_thread_list=0x000001ec7a0f1920, length=14, elements={
0x000001ec167946e0, 0x000001ec32d39470, 0x000001ec32d3a200, 0x000001ec32d4f280,
0x000001ec32d51b60, 0x000001ec32d54440, 0x000001ec32d5a250, 0x000001ec32d7c730,
0x000001ec32d57970, 0x000001ec32d58a60, 0x000001ec78077190, 0x000001ec7816b860,
0x000001ec79e092a0, 0x000001ec7a9e4480
}

Java Threads: ( => current thread )
=>0x000001ec167946e0 JavaThread "main" [_thread_in_native, id=10292, stack(0x0000006227200000,0x0000006227300000)]
  0x000001ec32d39470 JavaThread "Reference Handler" daemon [_thread_blocked, id=13288, stack(0x0000006227900000,0x0000006227a00000)]
  0x000001ec32d3a200 JavaThread "Finalizer" daemon [_thread_blocked, id=1380, stack(0x0000006227a00000,0x0000006227b00000)]
  0x000001ec32d4f280 JavaThread "Signal Dispatcher" daemon [_thread_blocked, id=6500, stack(0x0000006227b00000,0x0000006227c00000)]
  0x000001ec32d51b60 JavaThread "Attach Listener" daemon [_thread_blocked, id=2908, stack(0x0000006227c00000,0x0000006227d00000)]
  0x000001ec32d54440 JavaThread "Service Thread" daemon [_thread_blocked, id=12220, stack(0x0000006227d00000,0x0000006227e00000)]
  0x000001ec32d5a250 JavaThread "Monitor Deflation Thread" daemon [_thread_blocked, id=8236, stack(0x0000006227e00000,0x0000006227f00000)]
  0x000001ec32d7c730 JavaThread "C2 CompilerThread0" daemon [_thread_blocked, id=6648, stack(0x0000006227f00000,0x0000006228000000)]
  0x000001ec32d57970 JavaThread "C1 CompilerThread0" daemon [_thread_blocked, id=11236, stack(0x0000006228000000,0x0000006228100000)]
  0x000001ec32d58a60 JavaThread "Sweeper thread" daemon [_thread_blocked, id=5836, stack(0x0000006228100000,0x0000006228200000)]
  0x000001ec78077190 JavaThread "Common-Cleaner" daemon [_thread_blocked, id=9428, stack(0x0000006228200000,0x0000006228300000)]
  0x000001ec7816b860 JavaThread "Notification Thread" daemon [_thread_blocked, id=5196, stack(0x0000006228400000,0x0000006228500000)]
  0x000001ec79e092a0 JavaThread "C2 CompilerThread1" daemon [_thread_in_native, id=11952, stack(0x0000006228800000,0x0000006228900000)]
  0x000001ec7a9e4480 JavaThread "pool-2-thread-1" daemon [_thread_blocked, id=4436, stack(0x0000006228c00000,0x0000006228d00000)]

Other Threads:
  0x000001ec32d34c90 VMThread "VM Thread" [stack: 0x0000006227800000,0x0000006227900000] [id=8128]
  0x000001ec167f4c10 WatcherThread [stack: 0x0000006228500000,0x0000006228600000] [id=4392]
  0x000001ec167df0e0 GCTaskThread "GC Thread#0" [stack: 0x0000006227300000,0x0000006227400000] [id=11332]
  0x000001ec7888e660 GCTaskThread "GC Thread#1" [stack: 0x0000006228300000,0x0000006228400000] [id=8532]
  0x000001ec788c6bd0 GCTaskThread "GC Thread#2" [stack: 0x0000006228600000,0x0000006228700000] [id=10448]
  0x000001ec788c6e90 GCTaskThread "GC Thread#3" [stack: 0x0000006228700000,0x0000006228800000] [id=7656]
  0x000001ec167ec5d0 ConcurrentGCThread "G1 Main Marker" [stack: 0x0000006227400000,0x0000006227500000] [id=2352]
  0x000001ec167ed690 ConcurrentGCThread "G1 Conc#0" [stack: 0x0000006227500000,0x0000006227600000] [id=9432]
  0x000001ec32c00090 ConcurrentGCThread "G1 Refine#0" [stack: 0x0000006227600000,0x0000006227700000] [id=1936]
  0x000001ec32c009d0 ConcurrentGCThread "G1 Service" [stack: 0x0000006227700000,0x0000006227800000] [id=4484]

Threads with active compile tasks:
C2 CompilerThread1     7187 3598       4       java.lang.invoke.MethodType::makeImpl (109 bytes)

VM state: not at safepoint (normal execution)

VM Mutex/Monitor currently owned by a thread: None

Heap address: 0x00000000a0c00000, size: 1524 MB, Compressed Oops mode: 32-bit

CDS archive(s) mapped at: [0x000001ec33000000-0x000001ec33bd0000-0x000001ec33bd0000), size 12386304, SharedBaseAddress: 0x000001ec33000000, ArchiveRelocationMode: 1.
Compressed class space mapped at: 0x000001ec34000000-0x000001ec74000000, reserved size: 1073741824
Narrow klass base: 0x000001ec33000000, Narrow klass shift: 0, Narrow klass range: 0x100000000

GC Precious Log:
 CPUs: 4 total, 4 available
 Memory: 6092M
 Large Page Support: Disabled
 NUMA Support: Disabled
 Compressed Oops: Enabled (32-bit)
 Heap Region Size: 1M
 Heap Min Capacity: 8M
 Heap Initial Capacity: 96M
 Heap Max Capacity: 1524M
 Pre-touch: Disabled
 Parallel Workers: 4
 Concurrent Workers: 1
 Concurrent Refinement Workers: 4
 Periodic GC: Disabled

Heap:
 garbage-first heap   total 118784K, used 59431K [0x00000000a0c00000, 0x0000000100000000)
  region size 1024K, 30 young (30720K), 6 survivors (6144K)
 Metaspace       used 16759K, committed 17088K, reserved 1114112K
  class space    used 1905K, committed 2048K, reserved 1048576K

Heap Regions: E=young(eden), S=young(survivor), O=old, HS=humongous(starts), HC=humongous(continues), CS=collection set, F=free, OA=open archive, CA=closed archive, TAMS=top-at-mark-start (previous, next)
|   0|0x00000000a0c00000, 0x00000000a0d00000, 0x00000000a0d00000|100%|HS|  |TAMS 0x00000000a0c00000, 0x00000000a0c00000| Complete 
|   1|0x00000000a0d00000, 0x00000000a0e00000, 0x00000000a0e00000|100%|HS|  |TAMS 0x00000000a0d00000, 0x00000000a0d00000| Complete 
|   2|0x00000000a0e00000, 0x00000000a0f00000, 0x00000000a0f00000|100%|HC|  |TAMS 0x00000000a0e00000, 0x00000000a0e00000| Complete 
|   3|0x00000000a0f00000, 0x00000000a1000000, 0x00000000a1000000|100%| O|  |TAMS 0x00000000a0f00000, 0x00000000a0f00000| Untracked 
|   4|0x00000000a1000000, 0x00000000a1100000, 0x00000000a1100000|100%| O|  |TAMS 0x00000000a1000000, 0x00000000a1000000| Untracked 
|   5|0x00000000a1100000, 0x00000000a1200000, 0x00000000a1200000|100%| O|  |TAMS 0x00000000a1100000, 0x00000000a1100000| Untracked 
|   6|0x00000000a1200000, 0x00000000a1300000, 0x00000000a1300000|100%|HS|  |TAMS 0x00000000a1200000, 0x00000000a1200000| Complete 
|   7|0x00000000a1300000, 0x00000000a1400000, 0x00000000a1400000|100%|HC|  |TAMS 0x00000000a1300000, 0x00000000a1300000| Complete 
|   8|0x00000000a1400000, 0x00000000a1500000, 0x00000000a1500000|100%| O|  |TAMS 0x00000000a1400000, 0x00000000a1400000| Untracked 
|   9|0x00000000a1500000, 0x00000000a1600000, 0x00000000a1600000|100%| O|  |TAMS 0x00000000a1500000, 0x00000000a1500000| Untracked 
|  10|0x00000000a1600000, 0x00000000a1700000, 0x00000000a1700000|100%| O|  |TAMS 0x00000000a1600000, 0x00000000a1600000| Untracked 
|  11|0x00000000a1700000, 0x00000000a1800000, 0x00000000a1800000|100%|HS|  |TAMS 0x00000000a1700000, 0x00000000a1700000| Complete 
|  12|0x00000000a1800000, 0x00000000a1900000, 0x00000000a1900000|100%|HC|  |TAMS 0x00000000a1800000, 0x00000000a1800000| Complete 
|  13|0x00000000a1900000, 0x00000000a1a00000, 0x00000000a1a00000|100%| O|  |TAMS 0x00000000a1900000, 0x00000000a1900000| Untracked 
|  14|0x00000000a1a00000, 0x00000000a1b00000, 0x00000000a1b00000|100%| O|  |TAMS 0x00000000a1a00000, 0x00000000a1a00000| Untracked 
|  15|0x00000000a1b00000, 0x00000000a1c00000, 0x00000000a1c00000|100%| O|  |TAMS 0x00000000a1b00000, 0x00000000a1b00000| Untracked 
|  16|0x00000000a1c00000, 0x00000000a1d00000, 0x00000000a1d00000|100%| O|  |TAMS 0x00000000a1c00000, 0x00000000a1c00000| Untracked 
|  17|0x00000000a1d00000, 0x00000000a1e00000, 0x00000000a1e00000|100%| O|  |TAMS 0x00000000a1d00000, 0x00000000a1d00000| Untracked 
|  18|0x00000000a1e00000, 0x00000000a1f00000, 0x00000000a1f00000|100%| O|  |TAMS 0x00000000a1e00000, 0x00000000a1e00000| Untracked 
|  19|0x00000000a1f00000, 0x00000000a2000000, 0x00000000a2000000|100%| O|  |TAMS 0x00000000a1f00000, 0x00000000a1f00000| Untracked 
|  20|0x00000000a2000000, 0x00000000a2100000, 0x00000000a2100000|100%|HS|  |TAMS 0x00000000a2000000, 0x00000000a2000000| Complete 
|  21|0x00000000a2100000, 0x00000000a2200000, 0x00000000a2200000|100%|HC|  |TAMS 0x00000000a2100000, 0x00000000a2100000| Complete 
|  22|0x00000000a2200000, 0x00000000a2300000, 0x00000000a2300000|100%| O|  |TAMS 0x00000000a2200000, 0x00000000a2200000| Untracked 
|  23|0x00000000a2300000, 0x00000000a2400000, 0x00000000a2400000|100%| O|  |TAMS 0x00000000a2300000, 0x00000000a2300000| Untracked 
|  24|0x00000000a2400000, 0x00000000a2500000, 0x00000000a2500000|100%| O|  |TAMS 0x00000000a2400000, 0x00000000a2400000| Untracked 
|  25|0x00000000a2500000, 0x00000000a2600000, 0x00000000a2600000|100%| O|  |TAMS 0x00000000a2500000, 0x00000000a2500000| Untracked 
|  26|0x00000000a2600000, 0x00000000a2700000, 0x00000000a2700000|100%| O|  |TAMS 0x00000000a2600000, 0x00000000a2600000| Untracked 
|  27|0x00000000a2700000, 0x00000000a2800000, 0x00000000a2800000|100%| O|  |TAMS 0x00000000a2700000, 0x00000000a2700000| Untracked 
|  28|0x00000000a2800000, 0x00000000a2900000, 0x00000000a2900000|100%| O|  |TAMS 0x00000000a2800000, 0x00000000a2800000| Untracked 
|  29|0x00000000a2900000, 0x00000000a2a00000, 0x00000000a2a00000|100%| O|  |TAMS 0x00000000a2900000, 0x00000000a2900000| Untracked 
|  30|0x00000000a2a00000, 0x00000000a2a54600, 0x00000000a2b00000| 32%| O|  |TAMS 0x00000000a2a00000, 0x00000000a2a00000| Untracked 
|  31|0x00000000a2b00000, 0x00000000a2b00000, 0x00000000a2c00000|  0%| F|  |TAMS 0x00000000a2b00000, 0x00000000a2b00000| Untracked 
|  32|0x00000000a2c00000, 0x00000000a2c00000, 0x00000000a2d00000|  0%| F|  |TAMS 0x00000000a2c00000, 0x00000000a2c00000| Untracked 
|  33|0x00000000a2d00000, 0x00000000a2d00000, 0x00000000a2e00000|  0%| F|  |TAMS 0x00000000a2d00000, 0x00000000a2d00000| Untracked 
|  34|0x00000000a2e00000, 0x00000000a2e00000, 0x00000000a2f00000|  0%| F|  |TAMS 0x00000000a2e00000, 0x00000000a2e00000| Untracked 
|  35|0x00000000a2f00000, 0x00000000a2f00000, 0x00000000a3000000|  0%| F|  |TAMS 0x00000000a2f00000, 0x00000000a2f00000| Untracked 
|  36|0x00000000a3000000, 0x00000000a3000000, 0x00000000a3100000|  0%| F|  |TAMS 0x00000000a3000000, 0x00000000a3000000| Untracked 
|  37|0x00000000a3100000, 0x00000000a3100000, 0x00000000a3200000|  0%| F|  |TAMS 0x00000000a3100000, 0x00000000a3100000| Untracked 
|  38|0x00000000a3200000, 0x00000000a3200000, 0x00000000a3300000|  0%| F|  |TAMS 0x00000000a3200000, 0x00000000a3200000| Untracked 
|  39|0x00000000a3300000, 0x00000000a3300000, 0x00000000a3400000|  0%| F|  |TAMS 0x00000000a3300000, 0x00000000a3300000| Untracked 
|  40|0x00000000a3400000, 0x00000000a3400000, 0x00000000a3500000|  0%| F|  |TAMS 0x00000000a3400000, 0x00000000a3400000| Untracked 
|  41|0x00000000a3500000, 0x00000000a3500000, 0x00000000a3600000|  0%| F|  |TAMS 0x00000000a3500000, 0x00000000a3500000| Untracked 
|  42|0x00000000a3600000, 0x00000000a3600000, 0x00000000a3700000|  0%| F|  |TAMS 0x00000000a3600000, 0x00000000a3600000| Untracked 
|  43|0x00000000a3700000, 0x00000000a3700000, 0x00000000a3800000|  0%| F|  |TAMS 0x00000000a3700000, 0x00000000a3700000| Untracked 
|  44|0x00000000a3800000, 0x00000000a3800000, 0x00000000a3900000|  0%| F|  |TAMS 0x00000000a3800000, 0x00000000a3800000| Untracked 
|  45|0x00000000a3900000, 0x00000000a3900000, 0x00000000a3a00000|  0%| F|  |TAMS 0x00000000a3900000, 0x00000000a3900000| Untracked 
|  46|0x00000000a3a00000, 0x00000000a3a00000, 0x00000000a3b00000|  0%| F|  |TAMS 0x00000000a3a00000, 0x00000000a3a00000| Untracked 
|  47|0x00000000a3b00000, 0x00000000a3b00000, 0x00000000a3c00000|  0%| F|  |TAMS 0x00000000a3b00000, 0x00000000a3b00000| Untracked 
|  48|0x00000000a3c00000, 0x00000000a3c00000, 0x00000000a3d00000|  0%| F|  |TAMS 0x00000000a3c00000, 0x00000000a3c00000| Untracked 
|  49|0x00000000a3d00000, 0x00000000a3db5728, 0x00000000a3e00000| 70%| S|CS|TAMS 0x00000000a3d00000, 0x00000000a3d00000| Complete 
|  50|0x00000000a3e00000, 0x00000000a3f00000, 0x00000000a3f00000|100%| S|CS|TAMS 0x00000000a3e00000, 0x00000000a3e00000| Complete 
|  51|0x00000000a3f00000, 0x00000000a4000000, 0x00000000a4000000|100%| S|CS|TAMS 0x00000000a3f00000, 0x00000000a3f00000| Complete 
|  52|0x00000000a4000000, 0x00000000a4000000, 0x00000000a4100000|  0%| F|  |TAMS 0x00000000a4000000, 0x00000000a4000000| Untracked 
|  53|0x00000000a4100000, 0x00000000a4100000, 0x00000000a4200000|  0%| F|  |TAMS 0x00000000a4100000, 0x00000000a4100000| Untracked 
|  54|0x00000000a4200000, 0x00000000a4200000, 0x00000000a4300000|  0%| F|  |TAMS 0x00000000a4200000, 0x00000000a4200000| Untracked 
|  55|0x00000000a4300000, 0x00000000a4400000, 0x00000000a4400000|100%| S|CS|TAMS 0x00000000a4300000, 0x00000000a4300000| Complete 
|  56|0x00000000a4400000, 0x00000000a4500000, 0x00000000a4500000|100%| S|CS|TAMS 0x00000000a4400000, 0x00000000a4400000| Complete 
|  57|0x00000000a4500000, 0x00000000a4600000, 0x00000000a4600000|100%| S|CS|TAMS 0x00000000a4500000, 0x00000000a4500000| Complete 
|  58|0x00000000a4600000, 0x00000000a4600000, 0x00000000a4700000|  0%| F|  |TAMS 0x00000000a4600000, 0x00000000a4600000| Untracked 
|  59|0x00000000a4700000, 0x00000000a4700000, 0x00000000a4800000|  0%| F|  |TAMS 0x00000000a4700000, 0x00000000a4700000| Untracked 
|  60|0x00000000a4800000, 0x00000000a4800000, 0x00000000a4900000|  0%| F|  |TAMS 0x00000000a4800000, 0x00000000a4800000| Untracked 
|  61|0x00000000a4900000, 0x00000000a4900000, 0x00000000a4a00000|  0%| F|  |TAMS 0x00000000a4900000, 0x00000000a4900000| Untracked 
|  62|0x00000000a4a00000, 0x00000000a4a00000, 0x00000000a4b00000|  0%| F|  |TAMS 0x00000000a4a00000, 0x00000000a4a00000| Untracked 
|  63|0x00000000a4b00000, 0x00000000a4b00000, 0x00000000a4c00000|  0%| F|  |TAMS 0x00000000a4b00000, 0x00000000a4b00000| Untracked 
|  64|0x00000000a4c00000, 0x00000000a4c00000, 0x00000000a4d00000|  0%| F|  |TAMS 0x00000000a4c00000, 0x00000000a4c00000| Untracked 
|  65|0x00000000a4d00000, 0x00000000a4d00000, 0x00000000a4e00000|  0%| F|  |TAMS 0x00000000a4d00000, 0x00000000a4d00000| Untracked 
|  66|0x00000000a4e00000, 0x00000000a4e00000, 0x00000000a4f00000|  0%| F|  |TAMS 0x00000000a4e00000, 0x00000000a4e00000| Untracked 
|  67|0x00000000a4f00000, 0x00000000a4f00000, 0x00000000a5000000|  0%| F|  |TAMS 0x00000000a4f00000, 0x00000000a4f00000| Untracked 
|  68|0x00000000a5000000, 0x00000000a5000000, 0x00000000a5100000|  0%| F|  |TAMS 0x00000000a5000000, 0x00000000a5000000| Untracked 
|  69|0x00000000a5100000, 0x00000000a5100000, 0x00000000a5200000|  0%| F|  |TAMS 0x00000000a5100000, 0x00000000a5100000| Untracked 
|  70|0x00000000a5200000, 0x00000000a5200000, 0x00000000a5300000|  0%| F|  |TAMS 0x00000000a5200000, 0x00000000a5200000| Untracked 
|  71|0x00000000a5300000, 0x00000000a5300000, 0x00000000a5400000|  0%| F|  |TAMS 0x00000000a5300000, 0x00000000a5300000| Untracked 
|  72|0x00000000a5400000, 0x00000000a5400000, 0x00000000a5500000|  0%| F|  |TAMS 0x00000000a5400000, 0x00000000a5400000| Untracked 
|  73|0x00000000a5500000, 0x00000000a5500000, 0x00000000a5600000|  0%| F|  |TAMS 0x00000000a5500000, 0x00000000a5500000| Untracked 
|  74|0x00000000a5600000, 0x00000000a5600000, 0x00000000a5700000|  0%| F|  |TAMS 0x00000000a5600000, 0x00000000a5600000| Untracked 
|  75|0x00000000a5700000, 0x00000000a5700000, 0x00000000a5800000|  0%| F|  |TAMS 0x00000000a5700000, 0x00000000a5700000| Untracked 
|  76|0x00000000a5800000, 0x00000000a5800000, 0x00000000a5900000|  0%| F|  |TAMS 0x00000000a5800000, 0x00000000a5800000| Untracked 
|  77|0x00000000a5900000, 0x00000000a5900000, 0x00000000a5a00000|  0%| F|  |TAMS 0x00000000a5900000, 0x00000000a5900000| Untracked 
|  78|0x00000000a5a00000, 0x00000000a5a00000, 0x00000000a5b00000|  0%| F|  |TAMS 0x00000000a5a00000, 0x00000000a5a00000| Untracked 
|  79|0x00000000a5b00000, 0x00000000a5b00000, 0x00000000a5c00000|  0%| F|  |TAMS 0x00000000a5b00000, 0x00000000a5b00000| Untracked 
|  80|0x00000000a5c00000, 0x00000000a5c00000, 0x00000000a5d00000|  0%| F|  |TAMS 0x00000000a5c00000, 0x00000000a5c00000| Untracked 
|  81|0x00000000a5d00000, 0x00000000a5d00000, 0x00000000a5e00000|  0%| F|  |TAMS 0x00000000a5d00000, 0x00000000a5d00000| Untracked 
|  82|0x00000000a5e00000, 0x00000000a5e00000, 0x00000000a5f00000|  0%| F|  |TAMS 0x00000000a5e00000, 0x00000000a5e00000| Untracked 
|  83|0x00000000a5f00000, 0x00000000a5f00000, 0x00000000a6000000|  0%| F|  |TAMS 0x00000000a5f00000, 0x00000000a5f00000| Untracked 
|  84|0x00000000a6000000, 0x00000000a6000000, 0x00000000a6100000|  0%| F|  |TAMS 0x00000000a6000000, 0x00000000a6000000| Untracked 
|  85|0x00000000a6100000, 0x00000000a6100000, 0x00000000a6200000|  0%| F|  |TAMS 0x00000000a6100000, 0x00000000a6100000| Untracked 
|  86|0x00000000a6200000, 0x00000000a6200000, 0x00000000a6300000|  0%| F|  |TAMS 0x00000000a6200000, 0x00000000a6200000| Untracked 
|  87|0x00000000a6300000, 0x00000000a6300000, 0x00000000a6400000|  0%| F|  |TAMS 0x00000000a6300000, 0x00000000a6300000| Untracked 
|  88|0x00000000a6400000, 0x00000000a6400000, 0x00000000a6500000|  0%| F|  |TAMS 0x00000000a6400000, 0x00000000a6400000| Untracked 
|  89|0x00000000a6500000, 0x00000000a6500000, 0x00000000a6600000|  0%| F|  |TAMS 0x00000000a6500000, 0x00000000a6500000| Untracked 
|  90|0x00000000a6600000, 0x00000000a6600000, 0x00000000a6700000|  0%| F|  |TAMS 0x00000000a6600000, 0x00000000a6600000| Untracked 
|  91|0x00000000a6700000, 0x00000000a6700000, 0x00000000a6800000|  0%| F|  |TAMS 0x00000000a6700000, 0x00000000a6700000| Untracked 
|  92|0x00000000a6800000, 0x00000000a6877f88, 0x00000000a6900000| 46%| E|  |TAMS 0x00000000a6800000, 0x00000000a6800000| Complete 
|  93|0x00000000a6900000, 0x00000000a6a00000, 0x00000000a6a00000|100%| E|CS|TAMS 0x00000000a6900000, 0x00000000a6900000| Complete 
|  94|0x00000000a6a00000, 0x00000000a6b00000, 0x00000000a6b00000|100%| E|CS|TAMS 0x00000000a6a00000, 0x00000000a6a00000| Complete 
|  95|0x00000000a6b00000, 0x00000000a6c00000, 0x00000000a6c00000|100%| E|  |TAMS 0x00000000a6b00000, 0x00000000a6b00000| Complete 
|  96|0x00000000a6c00000, 0x00000000a6d00000, 0x00000000a6d00000|100%| E|CS|TAMS 0x00000000a6c00000, 0x00000000a6c00000| Complete 
|  97|0x00000000a6d00000, 0x00000000a6e00000, 0x00000000a6e00000|100%| E|CS|TAMS 0x00000000a6d00000, 0x00000000a6d00000| Complete 
|  98|0x00000000a6e00000, 0x00000000a6f00000, 0x00000000a6f00000|100%| E|CS|TAMS 0x00000000a6e00000, 0x00000000a6e00000| Complete 
|  99|0x00000000a6f00000, 0x00000000a7000000, 0x00000000a7000000|100%| E|CS|TAMS 0x00000000a6f00000, 0x00000000a6f00000| Complete 
| 100|0x00000000a7000000, 0x00000000a7100000, 0x00000000a7100000|100%| E|CS|TAMS 0x00000000a7000000, 0x00000000a7000000| Complete 
| 101|0x00000000a7100000, 0x00000000a7200000, 0x00000000a7200000|100%| E|CS|TAMS 0x00000000a7100000, 0x00000000a7100000| Complete 
| 102|0x00000000a7200000, 0x00000000a7300000, 0x00000000a7300000|100%| E|CS|TAMS 0x00000000a7200000, 0x00000000a7200000| Complete 
| 103|0x00000000a7300000, 0x00000000a7400000, 0x00000000a7400000|100%| E|CS|TAMS 0x00000000a7300000, 0x00000000a7300000| Complete 
| 104|0x00000000a7400000, 0x00000000a7500000, 0x00000000a7500000|100%| E|CS|TAMS 0x00000000a7400000, 0x00000000a7400000| Complete 
| 105|0x00000000a7500000, 0x00000000a7600000, 0x00000000a7600000|100%| E|CS|TAMS 0x00000000a7500000, 0x00000000a7500000| Complete 
| 106|0x00000000a7600000, 0x00000000a7700000, 0x00000000a7700000|100%| E|CS|TAMS 0x00000000a7600000, 0x00000000a7600000| Complete 
| 107|0x00000000a7700000, 0x00000000a7800000, 0x00000000a7800000|100%| E|CS|TAMS 0x00000000a7700000, 0x00000000a7700000| Complete 
| 108|0x00000000a7800000, 0x00000000a7900000, 0x00000000a7900000|100%| E|CS|TAMS 0x00000000a7800000, 0x00000000a7800000| Complete 
| 109|0x00000000a7900000, 0x00000000a7a00000, 0x00000000a7a00000|100%| E|CS|TAMS 0x00000000a7900000, 0x00000000a7900000| Complete 
| 110|0x00000000a7a00000, 0x00000000a7b00000, 0x00000000a7b00000|100%| E|CS|TAMS 0x00000000a7a00000, 0x00000000a7a00000| Complete 
| 111|0x00000000a7b00000, 0x00000000a7c00000, 0x00000000a7c00000|100%| E|CS|TAMS 0x00000000a7b00000, 0x00000000a7b00000| Complete 
| 112|0x00000000a7c00000, 0x00000000a7d00000, 0x00000000a7d00000|100%| E|CS|TAMS 0x00000000a7c00000, 0x00000000a7c00000| Complete 
| 113|0x00000000a7d00000, 0x00000000a7e00000, 0x00000000a7e00000|100%| E|CS|TAMS 0x00000000a7d00000, 0x00000000a7d00000| Complete 
| 114|0x00000000a7e00000, 0x00000000a7f00000, 0x00000000a7f00000|100%| E|CS|TAMS 0x00000000a7e00000, 0x00000000a7e00000| Complete 
| 115|0x00000000a7f00000, 0x00000000a8000000, 0x00000000a8000000|100%| E|CS|TAMS 0x00000000a7f00000, 0x00000000a7f00000| Complete 

Card table byte_map: [0x000001ec2d320000,0x000001ec2d620000] _byte_map_base: 0x000001ec2ce1a000

Marking Bits (Prev, Next): (CMBitMap*) 0x000001ec167df610, (CMBitMap*) 0x000001ec167df650
 Prev Bits: [0x000001ec2d920000, 0x000001ec2f0f0000)
 Next Bits: [0x000001ec2f0f0000, 0x000001ec308c0000)

Polling page: 0x000001ec14590000

Metaspace:

Usage:
  Non-class:     14.51 MB used.
      Class:      1.86 MB used.
       Both:     16.37 MB used.

Virtual space:
  Non-class space:       64.00 MB reserved,      14.69 MB ( 23%) committed,  1 nodes.
      Class space:        1.00 GB reserved,       2.00 MB ( <1%) committed,  1 nodes.
             Both:        1.06 GB reserved,      16.69 MB (  2%) committed. 

Chunk freelists:
   Non-Class:  820.00 KB
       Class:  13.82 MB
        Both:  14.62 MB

MaxMetaspaceSize: unlimited
CompressedClassSpaceSize: 1.00 GB
Initial GC threshold: 21.00 MB
Current GC threshold: 21.00 MB
CDS: on
MetaspaceReclaimPolicy: balanced
 - commit_granule_bytes: 65536.
 - commit_granule_words: 8192.
 - virtual_space_node_default_size: 8388608.
 - enlarge_chunks_in_place: 1.
 - new_chunks_are_fully_committed: 0.
 - uncommit_free_chunks: 1.
 - use_allocation_guard: 0.
 - handle_deallocations: 1.


Internal statistics:

num_allocs_failed_limit: 0.
num_arena_births: 298.
num_arena_deaths: 0.
num_vsnodes_births: 2.
num_vsnodes_deaths: 0.
num_space_committed: 267.
num_space_uncommitted: 0.
num_chunks_returned_to_freelist: 0.
num_chunks_taken_from_freelist: 731.
num_chunk_merges: 0.
num_chunk_splits: 443.
num_chunks_enlarged: 287.
num_inconsistent_stats: 0.

CodeHeap 'non-profiled nmethods': size=120000Kb used=2221Kb max_used=2221Kb free=117779Kb
 bounds [0x000001ec25af0000, 0x000001ec25d60000, 0x000001ec2d020000]
CodeHeap 'profiled nmethods': size=120000Kb used=6937Kb max_used=6937Kb free=113062Kb
 bounds [0x000001ec1e020000, 0x000001ec1e6f0000, 0x000001ec25550000]
CodeHeap 'non-nmethods': size=5760Kb used=1621Kb max_used=1652Kb free=4138Kb
 bounds [0x000001ec25550000, 0x000001ec257c0000, 0x000001ec25af0000]
 total_blobs=4647 nmethods=3599 adapters=960
 compilation: enabled
              stopped_count=0, restarted_count=0
 full_count=0

Compilation events (20 events):
Event: 7.012 Thread 0x000001ec32d57970 nmethod 3596 0x000001ec1e6de390 code [0x000001ec1e6de7c0, 0x000001ec1e6e0488]
Event: 7.012 Thread 0x000001ec32d57970 3597       3       java.lang.invoke.MemberName::isPrivate (8 bytes)
Event: 7.012 Thread 0x000001ec32d57970 nmethod 3597 0x000001ec1e6e0c10 code [0x000001ec1e6e0da0, 0x000001ec1e6e0f78]
Event: 7.012 Thread 0x000001ec32d57970 3595       3       java.lang.invoke.MethodType::dropParameterTypes (162 bytes)
Event: 7.013 Thread 0x000001ec32d57970 nmethod 3595 0x000001ec1e6e1010 code [0x000001ec1e6e1300, 0x000001ec1e6e2288]
Event: 7.013 Thread 0x000001ec32d57970 3589       3       java.lang.invoke.MethodHandles$Lookup$ClassFile::readInt (65 bytes)
Event: 7.014 Thread 0x000001ec32d57970 nmethod 3589 0x000001ec1e6e2790 code [0x000001ec1e6e2940, 0x000001ec1e6e2ba8]
Event: 7.014 Thread 0x000001ec32d57970 3590       3       jdk.internal.misc.VM::isSupportedClassFileVersion (39 bytes)
Event: 7.014 Thread 0x000001ec32d57970 nmethod 3590 0x000001ec1e6e2d10 code [0x000001ec1e6e2ec0, 0x000001ec1e6e3158]
Event: 7.014 Thread 0x000001ec32d57970 3591       3       jdk.internal.org.objectweb.asm.ClassReader::<init> (9 bytes)
Event: 7.014 Thread 0x000001ec32d57970 nmethod 3591 0x000001ec1e6e3210 code [0x000001ec1e6e33c0, 0x000001ec1e6e3568]
Event: 7.014 Thread 0x000001ec32d57970 3592       3       jdk.internal.org.objectweb.asm.ClassReader::<init> (8 bytes)
Event: 7.014 Thread 0x000001ec32d57970 nmethod 3592 0x000001ec1e6e3690 code [0x000001ec1e6e3820, 0x000001ec1e6e3968]
Event: 7.014 Thread 0x000001ec32d57970 3593       3       jdk.internal.org.objectweb.asm.ClassReader::readConst (276 bytes)
Event: 7.016 Thread 0x000001ec32d57970 nmethod 3593 0x000001ec1e6e3a10 code [0x000001ec1e6e3ea0, 0x000001ec1e6e5c98]
Event: 7.016 Thread 0x000001ec32d57970 3600       1       java.lang.invoke.InvokerBytecodeGenerator::setClassWriter (6 bytes)
Event: 7.016 Thread 0x000001ec32d57970 nmethod 3600 0x000001ec25d19710 code [0x000001ec25d198a0, 0x000001ec25d199b8]
Event: 7.016 Thread 0x000001ec32d57970 3601       1       java.lang.Class::getClassData (5 bytes)
Event: 7.016 Thread 0x000001ec32d57970 nmethod 3601 0x000001ec25d19a10 code [0x000001ec25d19ba0, 0x000001ec25d19c78]
Event: 7.031 Thread 0x000001ec32d7c730 nmethod 3599 0x000001ec25d19d10 code [0x000001ec25d19f00, 0x000001ec25d1ae48]

GC Heap History (20 events):
Event: 1.287 GC heap before
{Heap before GC invocations=0 (full 0):
 garbage-first heap   total 98304K, used 20480K [0x00000000a0c00000, 0x0000000100000000)
  region size 1024K, 13 young (13312K), 0 survivors (0K)
 Metaspace       used 2133K, committed 2304K, reserved 1114112K
  class space    used 201K, committed 320K, reserved 1048576K
}
Event: 1.292 GC heap after
{Heap after GC invocations=1 (full 0):
 garbage-first heap   total 98304K, used 9925K [0x00000000a0c00000, 0x0000000100000000)
  region size 1024K, 2 young (2048K), 2 survivors (2048K)
 Metaspace       used 2133K, committed 2304K, reserved 1114112K
  class space    used 201K, committed 320K, reserved 1048576K
}
Event: 1.629 GC heap before
{Heap before GC invocations=1 (full 0):
 garbage-first heap   total 98304K, used 22213K [0x00000000a0c00000, 0x0000000100000000)
  region size 1024K, 14 young (14336K), 2 survivors (2048K)
 Metaspace       used 2701K, committed 2880K, reserved 1114112K
  class space    used 266K, committed 384K, reserved 1048576K
}
Event: 1.632 GC heap after
{Heap after GC invocations=2 (full 0):
 garbage-first heap   total 98304K, used 11251K [0x00000000a0c00000, 0x0000000100000000)
  region size 1024K, 2 young (2048K), 2 survivors (2048K)
 Metaspace       used 2701K, committed 2880K, reserved 1114112K
  class space    used 266K, committed 384K, reserved 1048576K
}
Event: 2.263 GC heap before
{Heap before GC invocations=2 (full 0):
 garbage-first heap   total 98304K, used 33779K [0x00000000a0c00000, 0x0000000100000000)
  region size 1024K, 24 young (24576K), 2 survivors (2048K)
 Metaspace       used 4834K, committed 5056K, reserved 1114112K
  class space    used 472K, committed 576K, reserved 1048576K
}
Event: 2.270 GC heap after
{Heap after GC invocations=3 (full 0):
 garbage-first heap   total 98304K, used 14312K [0x00000000a0c00000, 0x0000000100000000)
  region size 1024K, 3 young (3072K), 3 survivors (3072K)
 Metaspace       used 4834K, committed 5056K, reserved 1114112K
  class space    used 472K, committed 576K, reserved 1048576K
}
Event: 2.728 GC heap before
{Heap before GC invocations=3 (full 0):
 garbage-first heap   total 98304K, used 67560K [0x00000000a0c00000, 0x0000000100000000)
  region size 1024K, 53 young (54272K), 3 survivors (3072K)
 Metaspace       used 4872K, committed 5120K, reserved 1114112K
  class space    used 472K, committed 576K, reserved 1048576K
}
Event: 2.736 GC heap after
{Heap after GC invocations=4 (full 0):
 garbage-first heap   total 98304K, used 20400K [0x00000000a0c00000, 0x0000000100000000)
  region size 1024K, 7 young (7168K), 7 survivors (7168K)
 Metaspace       used 4872K, committed 5120K, reserved 1114112K
  class space    used 472K, committed 576K, reserved 1048576K
}
Event: 3.236 GC heap before
{Heap before GC invocations=4 (full 0):
 garbage-first heap   total 98304K, used 70576K [0x00000000a0c00000, 0x0000000100000000)
  region size 1024K, 56 young (57344K), 7 survivors (7168K)
 Metaspace       used 4921K, committed 5120K, reserved 1114112K
  class space    used 472K, committed 576K, reserved 1048576K
}
Event: 3.245 GC heap after
{Heap after GC invocations=5 (full 0):
 garbage-first heap   total 98304K, used 21647K [0x00000000a0c00000, 0x0000000100000000)
  region size 1024K, 2 young (2048K), 2 survivors (2048K)
 Metaspace       used 4921K, committed 5120K, reserved 1114112K
  class space    used 472K, committed 576K, reserved 1048576K
}
Event: 4.056 GC heap before
{Heap before GC invocations=5 (full 0):
 garbage-first heap   total 98304K, used 72847K [0x00000000a0c00000, 0x0000000100000000)
  region size 1024K, 52 young (53248K), 2 survivors (2048K)
 Metaspace       used 5062K, committed 5312K, reserved 1114112K
  class space    used 481K, committed 640K, reserved 1048576K
}
Event: 4.061 GC heap after
{Heap after GC invocations=6 (full 0):
 garbage-first heap   total 98304K, used 25372K [0x00000000a0c00000, 0x0000000100000000)
  region size 1024K, 6 young (6144K), 6 survivors (6144K)
 Metaspace       used 5062K, committed 5312K, reserved 1114112K
  class space    used 481K, committed 640K, reserved 1048576K
}
Event: 4.318 GC heap before
{Heap before GC invocations=6 (full 0):
 garbage-first heap   total 98304K, used 75548K [0x00000000a0c00000, 0x0000000100000000)
  region size 1024K, 53 young (54272K), 6 survivors (6144K)
 Metaspace       used 5071K, committed 5312K, reserved 1114112K
  class space    used 481K, committed 640K, reserved 1048576K
}
Event: 4.327 GC heap after
{Heap after GC invocations=7 (full 0):
 garbage-first heap   total 98304K, used 32305K [0x00000000a0c00000, 0x0000000100000000)
  region size 1024K, 5 young (5120K), 5 survivors (5120K)
 Metaspace       used 5071K, committed 5312K, reserved 1114112K
  class space    used 481K, committed 640K, reserved 1048576K
}
Event: 4.373 GC heap before
{Heap before GC invocations=7 (full 0):
 garbage-first heap   total 98304K, used 73265K [0x00000000a0c00000, 0x0000000100000000)
  region size 1024K, 45 young (46080K), 5 survivors (5120K)
 Metaspace       used 5071K, committed 5312K, reserved 1114112K
  class space    used 481K, committed 640K, reserved 1048576K
}
Event: 4.377 GC heap after
{Heap after GC invocations=8 (full 0):
 garbage-first heap   total 118784K, used 32081K [0x00000000a0c00000, 0x0000000100000000)
  region size 1024K, 1 young (1024K), 1 survivors (1024K)
 Metaspace       used 5071K, committed 5312K, reserved 1114112K
  class space    used 481K, committed 640K, reserved 1048576K
}
Event: 5.146 GC heap before
{Heap before GC invocations=8 (full 0):
 garbage-first heap   total 118784K, used 93521K [0x00000000a0c00000, 0x0000000100000000)
  region size 1024K, 61 young (62464K), 1 survivors (1024K)
 Metaspace       used 5345K, committed 5568K, reserved 1114112K
  class space    used 514K, committed 640K, reserved 1048576K
}
Event: 5.152 GC heap after
{Heap after GC invocations=9 (full 0):
 garbage-first heap   total 118784K, used 34129K [0x00000000a0c00000, 0x0000000100000000)
  region size 1024K, 3 young (3072K), 3 survivors (3072K)
 Metaspace       used 5345K, committed 5568K, reserved 1114112K
  class space    used 514K, committed 640K, reserved 1048576K
}
Event: 6.261 GC heap before
{Heap before GC invocations=9 (full 0):
 garbage-first heap   total 118784K, used 93521K [0x00000000a0c00000, 0x0000000100000000)
  region size 1024K, 61 young (62464K), 3 survivors (3072K)
 Metaspace       used 12521K, committed 12800K, reserved 1114112K
  class space    used 1413K, committed 1536K, reserved 1048576K
}
Event: 6.272 GC heap after
{Heap after GC invocations=10 (full 0):
 garbage-first heap   total 118784K, used 36903K [0x00000000a0c00000, 0x0000000100000000)
  region size 1024K, 6 young (6144K), 6 survivors (6144K)
 Metaspace       used 12521K, committed 12800K, reserved 1114112K
  class space    used 1413K, committed 1536K, reserved 1048576K
}

Deoptimization events (20 events):
Event: 6.810 Thread 0x000001ec167946e0 DEOPT PACKING pc=0x000001ec25c41548 sp=0x00000062272fe760
Event: 6.810 Thread 0x000001ec167946e0 DEOPT UNPACKING pc=0x000001ec255a23a3 sp=0x00000062272fe6f8 mode 2
Event: 6.810 Thread 0x000001ec167946e0 Uncommon trap: trap_request=0xffffffde fr.pc=0x000001ec25ba1da0 relative=0x0000000000000e80
Event: 6.810 Thread 0x000001ec167946e0 Uncommon trap: reason=class_check action=maybe_recompile pc=0x000001ec25ba1da0 method=java.nio.file.FileTreeWalker.next()Ljava/nio/file/FileTreeWalker$Event; @ 37 c2
Event: 6.810 Thread 0x000001ec167946e0 DEOPT PACKING pc=0x000001ec25ba1da0 sp=0x00000062272fe820
Event: 6.810 Thread 0x000001ec167946e0 DEOPT UNPACKING pc=0x000001ec255a23a3 sp=0x00000062272fe788 mode 2
Event: 6.812 Thread 0x000001ec167946e0 Uncommon trap: trap_request=0xffffff45 fr.pc=0x000001ec25ca2b94 relative=0x0000000000002174
Event: 6.812 Thread 0x000001ec167946e0 Uncommon trap: reason=unstable_if action=reinterpret pc=0x000001ec25ca2b94 method=java.net.URI.decode(Ljava/lang/String;Z)Ljava/lang/String; @ 23 c2
Event: 6.812 Thread 0x000001ec167946e0 DEOPT PACKING pc=0x000001ec25ca2b94 sp=0x00000062272fe7e0
Event: 6.812 Thread 0x000001ec167946e0 DEOPT UNPACKING pc=0x000001ec255a23a3 sp=0x00000062272fe7e0 mode 2
Event: 6.818 Thread 0x000001ec167946e0 Uncommon trap: trap_request=0xffffffde fr.pc=0x000001ec25bcf56c relative=0x00000000000000cc
Event: 6.818 Thread 0x000001ec167946e0 Uncommon trap: reason=class_check action=maybe_recompile pc=0x000001ec25bcf56c method=java.util.stream.AbstractPipeline.exactOutputSizeIfKnown(Ljava/util/Spliterator;)J @ 16 c2
Event: 6.818 Thread 0x000001ec167946e0 DEOPT PACKING pc=0x000001ec25bcf56c sp=0x00000062272feec0
Event: 6.818 Thread 0x000001ec167946e0 DEOPT UNPACKING pc=0x000001ec255a23a3 sp=0x00000062272fee40 mode 2
Event: 6.909 Thread 0x000001ec167946e0 DEOPT PACKING pc=0x000001ec1e6bece9 sp=0x00000062272f9f10
Event: 6.909 Thread 0x000001ec167946e0 DEOPT UNPACKING pc=0x000001ec255a2b43 sp=0x00000062272f9468 mode 0
Event: 7.008 Thread 0x000001ec7a9e4480 Uncommon trap: trap_request=0xffffff45 fr.pc=0x000001ec25ba0924 relative=0x0000000000000104
Event: 7.008 Thread 0x000001ec7a9e4480 Uncommon trap: reason=unstable_if action=reinterpret pc=0x000001ec25ba0924 method=java.util.concurrent.TimeUnit.convert(JLjava/util/concurrent/TimeUnit;)J @ 8 c2
Event: 7.008 Thread 0x000001ec7a9e4480 DEOPT PACKING pc=0x000001ec25ba0924 sp=0x0000006228cfef40
Event: 7.008 Thread 0x000001ec7a9e4480 DEOPT UNPACKING pc=0x000001ec255a23a3 sp=0x0000006228cfeef0 mode 2

Classes unloaded (0 events):
No events

Classes redefined (0 events):
No events

Internal exceptions (20 events):
Event: 6.778 Thread 0x000001ec167946e0 Exception <a 'java/lang/NoSuchMethodError'{0x00000000a720f698}: 'void java.lang.invoke.DirectMethodHandle$Holder.invokeStaticInit(java.lang.Object, java.lang.Object)'> (0x00000000a720f698) 
thrown [s\open\src\hotspot\share\interpreter\linkResolver.cpp, line 759]
Event: 6.780 Thread 0x000001ec167946e0 Exception <a 'java/lang/NoSuchMethodError'{0x00000000a721bf10}: 'java.lang.Object java.lang.invoke.DirectMethodHandle$Holder.invokeStaticInit(java.lang.Object, java.lang.Object, java.lang.Object, java.lang.Object)'> (0x00000000a721bf10) 
thrown [s\open\src\hotspot\share\interpreter\linkResolver.cpp, line 759]
Event: 6.780 Thread 0x000001ec167946e0 Exception <a 'java/lang/IncompatibleClassChangeError'{0x00000000a72217b8}: Found class java.lang.Object, but interface was expected> (0x00000000a72217b8) 
thrown [s\open\src\hotspot\share\interpreter\linkResolver.cpp, line 826]
Event: 6.784 Thread 0x000001ec167946e0 Exception <a 'java/lang/IncompatibleClassChangeError'{0x00000000a7255df0}: Found class java.lang.Object, but interface was expected> (0x00000000a7255df0) 
thrown [s\open\src\hotspot\share\interpreter\linkResolver.cpp, line 826]
Event: 6.808 Thread 0x000001ec167946e0 Exception <a 'sun/nio/fs/WindowsException'{0x00000000a71ea4d0}> (0x00000000a71ea4d0) 
thrown [s\open\src\hotspot\share\prims\jni.cpp, line 516]
Event: 6.819 Thread 0x000001ec167946e0 Exception <a 'java/lang/NoSuchMethodError'{0x00000000a702cb38}: 'java.lang.Object java.lang.invoke.DirectMethodHandle$Holder.invokeVirtual(java.lang.Object, java.lang.Object, java.lang.Object)'> (0x00000000a702cb38) 
thrown [s\open\src\hotspot\share\interpreter\linkResolver.cpp, line 759]
Event: 6.893 Thread 0x000001ec167946e0 Exception <a 'sun/nio/fs/WindowsException'{0x00000000a6f300d0}> (0x00000000a6f300d0) 
thrown [s\open\src\hotspot\share\prims\jni.cpp, line 516]
Event: 6.897 Thread 0x000001ec167946e0 Exception <a 'java/lang/NoSuchMethodError'{0x00000000a6f5e3f8}: 'java.lang.Object java.lang.invoke.DirectMethodHandle$Holder.invokeStatic(java.lang.Object, int, java.lang.Object, java.lang.Object, java.lang.Object, java.lang.Object)'> (0x00000000a6f5e3f8) 
thrown [s\open\src\hotspot\share\interpreter\linkResolver.cpp, line 759]
Event: 6.897 Thread 0x000001ec167946e0 Exception <a 'java/lang/NoSuchMethodError'{0x00000000a6f66c20}: 'java.lang.Object java.lang.invoke.DirectMethodHandle$Holder.newInvokeSpecial(java.lang.Object, int, java.lang.Object, java.lang.Object)'> (0x00000000a6f66c20) 
thrown [s\open\src\hotspot\share\interpreter\linkResolver.cpp, line 759]
Event: 6.898 Thread 0x000001ec167946e0 Exception <a 'java/lang/NoSuchMethodError'{0x00000000a6f6ad28}: 'java.lang.Object java.lang.invoke.DirectMethodHandle$Holder.invokeSpecial(java.lang.Object, java.lang.Object, int, java.lang.Object, java.lang.Object)'> (0x00000000a6f6ad28) 
thrown [s\open\src\hotspot\share\interpreter\linkResolver.cpp, line 759]
Event: 6.944 Thread 0x000001ec167946e0 Exception <a 'sun/nio/fs/WindowsException'{0x00000000a6dbfd98}> (0x00000000a6dbfd98) 
thrown [s\open\src\hotspot\share\prims\jni.cpp, line 516]
Event: 6.944 Thread 0x000001ec167946e0 Exception <a 'sun/nio/fs/WindowsException'{0x00000000a6dc00e8}> (0x00000000a6dc00e8) 
thrown [s\open\src\hotspot\share\prims\jni.cpp, line 516]
Event: 6.955 Thread 0x000001ec167946e0 Exception <a 'sun/nio/fs/WindowsException'{0x00000000a6b6c048}> (0x00000000a6b6c048) 
thrown [s\open\src\hotspot\share\prims\jni.cpp, line 516]
Event: 6.955 Thread 0x000001ec167946e0 Exception <a 'sun/nio/fs/WindowsException'{0x00000000a6b6c3a8}> (0x00000000a6b6c3a8) 
thrown [s\open\src\hotspot\share\prims\jni.cpp, line 516]
Event: 6.964 Thread 0x000001ec167946e0 Exception <a 'java/lang/NoSuchMethodError'{0x00000000a6aa6180}: 'int java.lang.invoke.DirectMethodHandle$Holder.invokeStaticInit(java.lang.Object, java.lang.Object, int, long)'> (0x00000000a6aa6180) 
thrown [s\open\src\hotspot\share\interpreter\linkResolver.cpp, line 759]
Event: 6.964 Thread 0x000001ec167946e0 Exception <a 'java/lang/NoSuchMethodError'{0x00000000a6aabd10}: 'java.lang.Object java.lang.invoke.DirectMethodHandle$Holder.newInvokeSpecial(java.lang.Object, java.lang.Object, int)'> (0x00000000a6aabd10) 
thrown [s\open\src\hotspot\share\interpreter\linkResolver.cpp, line 759]
Event: 6.966 Thread 0x000001ec167946e0 Exception <a 'java/lang/NoSuchMethodError'{0x00000000a6abf920}: 'int java.lang.invoke.DirectMethodHandle$Holder.invokeStaticInit(java.lang.Object, java.lang.Object, long, long)'> (0x00000000a6abf920) 
thrown [s\open\src\hotspot\share\interpreter\linkResolver.cpp, line 759]
Event: 6.967 Thread 0x000001ec167946e0 Exception <a 'java/lang/NoSuchMethodError'{0x00000000a6ac5878}: 'java.lang.Object java.lang.invoke.DirectMethodHandle$Holder.newInvokeSpecial(java.lang.Object, java.lang.Object, long)'> (0x00000000a6ac5878) 
thrown [s\open\src\hotspot\share\interpreter\linkResolver.cpp, line 759]
Event: 6.967 Thread 0x000001ec167946e0 Exception <a 'java/lang/NoSuchMethodError'{0x00000000a6ac93e8}: 'java.lang.Object java.lang.invoke.Invokers$Holder.linkToTargetMethod(java.lang.Object, long, java.lang.Object)'> (0x00000000a6ac93e8) 
thrown [s\open\src\hotspot\share\interpreter\linkResolver.cpp, line 759]
Event: 6.967 Thread 0x000001ec167946e0 Exception <a 'java/lang/NoSuchMethodError'{0x00000000a6ad0b60}: 'int java.lang.invoke.DirectMethodHandle$Holder.invokeStaticInit(java.lang.Object, java.lang.Object, java.lang.Object, long)'> (0x00000000a6ad0b60) 
thrown [s\open\src\hotspot\share\interpreter\linkResolver.cpp, line 759]

VM Operations (20 events):
Event: 6.106 Executing VM operation: HandshakeAllThreads
Event: 6.106 Executing VM operation: HandshakeAllThreads done
Event: 6.108 Executing VM operation: HandshakeAllThreads
Event: 6.108 Executing VM operation: HandshakeAllThreads done
Event: 6.204 Executing VM operation: HandshakeAllThreads
Event: 6.204 Executing VM operation: HandshakeAllThreads done
Event: 6.205 Executing VM operation: HandshakeAllThreads
Event: 6.205 Executing VM operation: HandshakeAllThreads done
Event: 6.260 Executing VM operation: G1CollectForAllocation
Event: 6.272 Executing VM operation: G1CollectForAllocation done
Event: 6.363 Executing VM operation: HandshakeAllThreads
Event: 6.363 Executing VM operation: HandshakeAllThreads done
Event: 6.611 Executing VM operation: HandshakeAllThreads
Event: 6.611 Executing VM operation: HandshakeAllThreads done
Event: 6.723 Executing VM operation: HandshakeAllThreads
Event: 6.723 Executing VM operation: HandshakeAllThreads done
Event: 6.804 Executing VM operation: HandshakeAllThreads
Event: 6.804 Executing VM operation: HandshakeAllThreads done
Event: 7.008 Executing VM operation: HandshakeAllThreads
Event: 7.009 Executing VM operation: HandshakeAllThreads done

Events (20 events):
Event: 6.962 loading class java/nio/DirectDoubleBufferU done
Event: 6.964 loading class java/util/function/LongPredicate
Event: 6.964 loading class java/util/function/LongPredicate done
Event: 6.969 loading class java/nio/InvalidMarkException
Event: 6.969 loading class java/nio/InvalidMarkException done
Event: 6.969 loading class java/nio/BufferUnderflowException
Event: 6.969 loading class java/nio/BufferUnderflowException done
Event: 7.007 loading class java/util/concurrent/ScheduledThreadPoolExecutor$ScheduledFutureTask
Event: 7.007 loading class java/util/concurrent/FutureTask
Event: 7.007 loading class java/util/concurrent/FutureTask done
Event: 7.007 loading class java/util/concurrent/ScheduledThreadPoolExecutor$ScheduledFutureTask done
Event: 7.007 loading class java/util/concurrent/FutureTask$WaitNode
Event: 7.007 loading class java/util/concurrent/FutureTask$WaitNode done
Event: 7.007 loading class java/util/concurrent/Executors$RunnableAdapter
Event: 7.007 loading class java/util/concurrent/Executors$RunnableAdapter done
Event: 7.008 Thread 0x000001ec7a9e4480 Thread added: 0x000001ec7a9e4480
Event: 7.008 loading class java/util/concurrent/locks/AbstractQueuedSynchronizer$ConditionNode
Event: 7.008 loading class java/util/concurrent/ForkJoinPool$ManagedBlocker
Event: 7.008 loading class java/util/concurrent/ForkJoinPool$ManagedBlocker done
Event: 7.008 loading class java/util/concurrent/locks/AbstractQueuedSynchronizer$ConditionNode done


Dynamic libraries:
0x00007ff7390b0000 - 0x00007ff7390c0000 	C:\Program Files\Java\jdk-17\bin\java.exe
0x00007ffa5a350000 - 0x00007ffa5a548000 	C:\Windows\SYSTEM32\ntdll.dll
0x00007ffa59200000 - 0x00007ffa592bd000 	C:\Windows\System32\KERNEL32.DLL
0x00007ffa57a30000 - 0x00007ffa57d26000 	C:\Windows\System32\KERNELBASE.dll
0x00007ffa57fa0000 - 0x00007ffa580a0000 	C:\Windows\System32\ucrtbase.dll
0x00007ffa34100000 - 0x00007ffa34119000 	C:\Program Files\Java\jdk-17\bin\jli.dll
0x00007ffa2f240000 - 0x00007ffa2f25b000 	C:\Program Files\Java\jdk-17\bin\VCRUNTIME140.dll
0x00007ffa59350000 - 0x00007ffa593ff000 	C:\Windows\System32\ADVAPI32.dll
0x00007ffa58ff0000 - 0x00007ffa5908e000 	C:\Windows\System32\msvcrt.dll
0x00007ffa59160000 - 0x00007ffa591fc000 	C:\Windows\System32\sechost.dll
0x00007ffa58b10000 - 0x00007ffa58c36000 	C:\Windows\System32\RPCRT4.dll
0x00007ffa59400000 - 0x00007ffa5959e000 	C:\Windows\System32\USER32.dll
0x00007ffa57d30000 - 0x00007ffa57d52000 	C:\Windows\System32\win32u.dll
0x00007ffa59320000 - 0x00007ffa5934c000 	C:\Windows\System32\GDI32.dll
0x00007ffa58240000 - 0x00007ffa5835a000 	C:\Windows\System32\gdi32full.dll
0x00007ffa42160000 - 0x00007ffa423fa000 	C:\Windows\WinSxS\amd64_microsoft.windows.common-controls_6595b64144ccf1df_6.0.19041.3636_none_60b6a03d71f818d5\COMCTL32.dll
0x00007ffa580a0000 - 0x00007ffa5813d000 	C:\Windows\System32\msvcp_win.dll
0x00007ffa4de90000 - 0x00007ffa4de9a000 	C:\Windows\SYSTEM32\VERSION.dll
0x00007ffa58490000 - 0x00007ffa584c0000 	C:\Windows\System32\IMM32.DLL
0x00007ffa522e0000 - 0x00007ffa522ec000 	C:\Program Files\Java\jdk-17\bin\vcruntime140_1.dll
0x00007ffa282d0000 - 0x00007ffa2835e000 	C:\Program Files\Java\jdk-17\bin\msvcp140.dll
0x00007ffa276e0000 - 0x00007ffa282c1000 	C:\Program Files\Java\jdk-17\bin\server\jvm.dll
0x00007ffa58eb0000 - 0x00007ffa58eb8000 	C:\Windows\System32\PSAPI.DLL
0x00007ffa36a00000 - 0x00007ffa36a09000 	C:\Windows\SYSTEM32\WSOCK32.dll
0x00007ffa4daa0000 - 0x00007ffa4dac7000 	C:\Windows\SYSTEM32\WINMM.dll
0x00007ffa58f80000 - 0x00007ffa58feb000 	C:\Windows\System32\WS2_32.dll
0x00007ffa56280000 - 0x00007ffa56292000 	C:\Windows\SYSTEM32\kernel.appcore.dll
0x00007ffa340f0000 - 0x00007ffa340fa000 	C:\Program Files\Java\jdk-17\bin\jimage.dll
0x00007ffa55ff0000 - 0x00007ffa561d4000 	C:\Windows\SYSTEM32\DBGHELP.DLL
0x00007ffa47660000 - 0x00007ffa47694000 	C:\Windows\SYSTEM32\dbgcore.DLL
0x00007ffa58140000 - 0x00007ffa581c2000 	C:\Windows\System32\bcryptPrimitives.dll
0x00007ffa2f210000 - 0x00007ffa2f235000 	C:\Program Files\Java\jdk-17\bin\java.dll
0x00007ffa27600000 - 0x00007ffa276d7000 	C:\Program Files\Java\jdk-17\bin\jsvml.dll
0x00007ffa59bc0000 - 0x00007ffa5a305000 	C:\Windows\System32\SHELL32.dll
0x00007ffa55850000 - 0x00007ffa55feb000 	C:\Windows\SYSTEM32\windows.storage.dll
0x00007ffa58540000 - 0x00007ffa58894000 	C:\Windows\System32\combase.dll
0x00007ffa573a0000 - 0x00007ffa573cd000 	C:\Windows\SYSTEM32\Wldp.dll
0x00007ffa588a0000 - 0x00007ffa5894d000 	C:\Windows\System32\SHCORE.dll
0x00007ffa58c60000 - 0x00007ffa58cb5000 	C:\Windows\System32\shlwapi.dll
0x00007ffa57960000 - 0x00007ffa57985000 	C:\Windows\SYSTEM32\profapi.dll
0x00007ffa275e0000 - 0x00007ffa275f9000 	C:\Program Files\Java\jdk-17\bin\net.dll
0x00007ffa4dad0000 - 0x00007ffa4dbda000 	C:\Windows\SYSTEM32\WINHTTP.dll
0x00007ffa57100000 - 0x00007ffa5716a000 	C:\Windows\system32\mswsock.dll
0x00007ffa275c0000 - 0x00007ffa275d6000 	C:\Program Files\Java\jdk-17\bin\nio.dll
0x00007ffa275a0000 - 0x00007ffa275b8000 	C:\Program Files\Java\jdk-17\bin\zip.dll
0x00007ffa50f90000 - 0x00007ffa50fa0000 	C:\Program Files\Java\jdk-17\bin\verify.dll
0x00007ffa50fc0000 - 0x00007ffa50fca000 	C:\Program Files\Java\jdk-17\bin\management.dll
0x00007ffa50fb0000 - 0x00007ffa50fbb000 	C:\Program Files\Java\jdk-17\bin\management_ext.dll
0x00007ffa3fd30000 - 0x00007ffa3fd47000 	C:\Windows\system32\napinsp.dll
0x00007ffa3e440000 - 0x00007ffa3e45b000 	C:\Windows\system32\pnrpnsp.dll
0x00007ffa52820000 - 0x00007ffa52835000 	C:\Windows\system32\wshbth.dll
0x00007ffa50ba0000 - 0x00007ffa50bbd000 	C:\Windows\system32\NLAapi.dll
0x00007ffa56df0000 - 0x00007ffa56e2b000 	C:\Windows\SYSTEM32\IPHLPAPI.DLL
0x00007ffa56e30000 - 0x00007ffa56efa000 	C:\Windows\SYSTEM32\DNSAPI.dll
0x00007ffa58de0000 - 0x00007ffa58de8000 	C:\Windows\System32\NSI.dll
0x00007ffa3dd80000 - 0x00007ffa3dd92000 	C:\Windows\System32\winrnr.dll
0x00007ffa4b780000 - 0x00007ffa4b78a000 	C:\Windows\System32\rasadhlp.dll
0x00007ffa464c0000 - 0x00007ffa46540000 	C:\Windows\System32\fwpuclnt.dll
0x00007ffa57ec0000 - 0x00007ffa57ee7000 	C:\Windows\System32\bcrypt.dll
0x00007ffa519c0000 - 0x00007ffa51a35000 	C:\Users\admin\AppData\Local\Temp\lwjgladmin\3.3.1-build-7\lwjgl.dll
0x00007ffa51950000 - 0x00007ffa519b1000 	C:\Users\admin\AppData\Local\Temp\lwjgladmin\3.3.1-build-7\glfw.dll
0x00007ffa51900000 - 0x00007ffa51945000 	C:\Windows\SYSTEM32\dinput8.dll
0x00007ffa51a90000 - 0x00007ffa51aa1000 	C:\Windows\SYSTEM32\xinput1_4.dll
0x00007ffa58360000 - 0x00007ffa583ae000 	C:\Windows\System32\cfgmgr32.dll
0x00007ffa576f0000 - 0x00007ffa57723000 	C:\Windows\SYSTEM32\DEVOBJ.dll
0x00007ffa552c0000 - 0x00007ffa552ef000 	C:\Windows\SYSTEM32\dwmapi.dll
0x00007ffa4c8e0000 - 0x00007ffa4ca32000 	C:\Windows\SYSTEM32\inputhost.dll
0x00007ffa59090000 - 0x00007ffa5915d000 	C:\Windows\System32\OLEAUT32.dll
0x00007ffa54bf0000 - 0x00007ffa54ce2000 	C:\Windows\SYSTEM32\CoreMessaging.dll
0x00007ffa53250000 - 0x00007ffa53346000 	C:\Windows\SYSTEM32\PROPSYS.dll
0x00007ffa541b0000 - 0x00007ffa54305000 	C:\Windows\SYSTEM32\wintypes.dll
0x00007ffa54890000 - 0x00007ffa54beb000 	C:\Windows\SYSTEM32\CoreUIComponents.dll
0x00007ffa56b50000 - 0x00007ffa56b83000 	C:\Windows\SYSTEM32\ntmarta.dll
0x00007ffa550e0000 - 0x00007ffa5517e000 	C:\Windows\system32\uxtheme.dll
0x00007ffa58cc0000 - 0x00007ffa58dd4000 	C:\Windows\System32\MSCTF.dll
0x00007ff9fa660000 - 0x00007ff9fa785000 	C:\Windows\SYSTEM32\opengl32.dll
0x00007ff9fa600000 - 0x00007ff9fa62c000 	C:\Windows\SYSTEM32\GLU32.dll
0x00007ffa58ec0000 - 0x00007ffa58f69000 	C:\Windows\System32\clbcatq.dll
0x00007ffa52320000 - 0x00007ffa5234d000 	C:\Windows\System32\DriverStore\FileRepository\u0390451.inf_amd64_39377efdd62734d1\B390182\atig6pxx.dll
0x00007ff9e1c30000 - 0x00007ff9e5865000 	C:\Windows\System32\DriverStore\FileRepository\u0390451.inf_amd64_39377efdd62734d1\B390182\atio6axx.dll
0x00007ffa59750000 - 0x00007ffa59bbe000 	C:\Windows\System32\SETUPAPI.dll
0x00007ffa581d0000 - 0x00007ffa58237000 	C:\Windows\System32\WINTRUST.dll
0x00007ffa57d60000 - 0x00007ffa57ebd000 	C:\Windows\System32\CRYPT32.dll
0x00007ffa57530000 - 0x00007ffa57542000 	C:\Windows\SYSTEM32\MSASN1.dll

dbghelp: loaded successfully - version: 4.0.5 - missing functions: none
symbol engine: initialized successfully - sym options: 0x614 - pdb path: .;C:\Program Files\Java\jdk-17\bin;C:\Windows\SYSTEM32;C:\Windows\WinSxS\amd64_microsoft.windows.common-controls_6595b64144ccf1df_6.0.19041.3636_none_60b6a03d71f818d5;C:\Program Files\Java\jdk-17\bin\server;C:\Users\admin\AppData\Local\Temp\lwjgladmin\3.3.1-build-7;C:\Windows\System32\DriverStore\FileRepository\u0390451.inf_amd64_39377efdd62734d1\B390182

VM Arguments:
jvm_args: -Dforge.enableGameTest=true -Dforge.enabledGameTestNamespaces=enhanced_minecraft -Dforge.logging.console.level=debug -Dforge.logging.markers=REGISTRIES -DignoreList=bootstraplauncher,securejarhandler,asm-commons,asm-util,asm-analysis,asm-tree,asm,JarJarFileSystems,client-extra,fmlcore,javafmllanguage,lowcodelanguage,mclanguage,forge- -Djava.net.preferIPv6Addresses=system -DlegacyClassPath.file=D:\Repositorios Github\Enhanced-Minecraft-Mod\Enhanched_Minecraft_Mod\build\classpath\runClient_minecraftClasspath.txt -DmergeModules=jna-5.10.0.jar,jna-platform-5.10.0.jar --module-path=C:\Users\admin\.gradle\caches\modules-2\files-2.1\cpw.mods\bootstraplauncher\1.1.2\c546e00443d8432cda6baa1c860346980742628\bootstraplauncher-1.1.2.jar;C:\Users\admin\.gradle\caches\modules-2\files-2.1\cpw.mods\securejarhandler\2.1.10\51e6a22c6c716beb11e244bf5b8be480f51dd6b5\securejarhandler-2.1.10.jar;C:\Users\admin\.gradle\caches\modules-2\files-2.1\org.ow2.asm\asm-commons\9.5\19ab5b5800a3910d30d3a3e64fdb00fd0cb42de0\asm-commons-9.5.jar;C:\Users\admin\.gradle\caches\modules-2\files-2.1\org.ow2.asm\asm-util\9.5\64b5a1fc8c1b15ed2efd6a063e976bc8d3dc5ffe\asm-util-9.5.jar;C:\Users\admin\.gradle\caches\modules-2\files-2.1\org.ow2.asm\asm-analysis\9.5\490bacc77de7cbc0be1a30bb3471072d705be4a4\asm-analysis-9.5.jar;C:\Users\admin\.gradle\caches\modules-2\files-2.1\org.ow2.asm\asm-tree\9.5\fd33c8b6373abaa675be407082fdfda35021254a\asm-tree-9.5.jar;C:\Users\admin\.gradle\caches\modules-2\files-2.1\org.ow2.asm\asm\9.5\dc6ea1875f4d64fbc85e1691c95b96a3d8569c90\asm-9.5.jar;C:\Users\admin\.gradle\caches\modules-2\files-2.1\net.minecraftforge\JarJarFileSystems\0.3.19\2464eb7d6b9ddb9db36a82cf8a95193e5c6fe020\JarJarFileSystems-0.3.19.jar --add-modules=ALL-MODULE-PATH --add-opens=java.base/java.util.jar=cpw.mods.securejarhandler --add-opens=java.base/java.lang.invoke=cpw.mods.securejarhandler --add-exports=java.base/sun.security.util=cpw.mods.securejarhandler --add-exports=jdk.naming.dns/com.sun.jndi.dns=java.naming -XX:HeapDumpPath=MojangTricksIntelDriversForPerformance_javaw.exe_minecraft.exe.heapdump -Dfile.encoding=windows-1252 -Duser.country=AR -Duser.language=es -Duser.variant 
java_command: cpw.mods.bootstraplauncher.BootstrapLauncher --launchTarget forgeclientuserdev --version MOD_DEV --assetIndex 5 --assetsDir C:\Users\admin\.gradle\caches\forge_gradle\assets --gameDir . --fml.forgeVersion 47.2.0 --fml.mcVersion 1.20.1 --fml.forgeGroup net.minecraftforge --fml.mcpVersion 20230612.114412
java_class_path (initial): D:\Repositorios Github\Enhanced-Minecraft-Mod\Enhanched_Minecraft_Mod\build\classes\java\main;D:\Repositorios Github\Enhanced-Minecraft-Mod\Enhanched_Minecraft_Mod\build\resources\main;C:\Users\admin\.gradle\caches\forge_gradle\minecraft_user_repo\net\minecraftforge\forge\1.20.1-47.2.0_mapped_parchment_2023.06.26-1.20.1\forge-1.20.1-47.2.0_mapped_parchment_2023.06.26-1.20.1.jar;C:\Users\admin\.gradle\caches\forge_gradle\minecraft_repo\versions\1.20.1\client-extra.jar;C:\Users\admin\.gradle\caches\modules-2\files-2.1\net.minecraftforge\fmlearlydisplay\1.20.1-47.2.0\4c56a03dcedcb909c7eaa8469dd5a36c493a0008\fmlearlydisplay-1.20.1-47.2.0.jar;C:\Users\admin\.gradle\caches\modules-2\files-2.1\net.minecraftforge\javafmllanguage\1.20.1-47.2.0\7f9181f85acc66547685a72020713fc8cbde98\javafmllanguage-1.20.1-47.2.0.jar;C:\Users\admin\.gradle\caches\modules-2\files-2.1\net.minecraftforge\lowcodelanguage\1.20.1-47.2.0\7872f5205685fdd26fae39b1be79b0e60ca5b7bd\lowcodelanguage-1.20.1-47.2.0.jar;C:\Users\admin\.gradle\caches\modules-2\files-2.1\net.minecraftforge\mclanguage\1.20.1-47.2.0\d501d161cabed08b3c139a2c6217b02a39f3c3e9\mclanguage-1.20.1-47.2.0.jar;C:\Users\admin\.gradle\caches\modules-2\files-2.1\net.minecraftforge\fmlcore\1.20.1-47.2.0\ffd3c6debac0a388c9e33ac43c9f5eafb91cb466\fmlcore-1.20.1-47.2.0.jar;C:\Users\admin\.gradle\caches\modules-2\files-2.1\net.minecraftforge\fmlloader\1.20.1-47.2.0\7811231940c0a8b6008453bbc64fdf7fa1280fe9\fmlloader-1.20.1-47.2.0.jar;C:\Users\admin\.gradle\caches\modules-2\files-2.1\net.minecraftforge\JarJarSelector\0.3.19\376cc9c8ea60720cf027c01fc033de915699801c\JarJarSelector-0.3.19.jar;C:\Users\admin\.gradle\caches\modules-2\files-2.1\net.minecraftforge\JarJarMetadata\0.3.19\83feaa9b770e6ac0e96ee4fc23fa89325c5fe2\JarJarMetadata-0.3.19.jar;C:\Users\admin\.gradle\caches\modules-2\files-2.1\com.google.guava\guava\31.1-jre\60458f877d055d0c9114d9e1a2efb737b4bc282c\guava-31.1-jre.jar;C:\Users\admin\.gradle\caches\modules-2
Launcher Type: SUN_STANDARD

[Global flags]
     intx CICompilerCount                          = 3                                         {product} {ergonomic}
     uint ConcGCThreads                            = 1                                         {product} {ergonomic}
     uint G1ConcRefinementThreads                  = 4                                         {product} {ergonomic}
   size_t G1HeapRegionSize                         = 1048576                                   {product} {ergonomic}
    uintx GCDrainStackTargetSize                   = 64                                        {product} {ergonomic}
    ccstr HeapDumpPath                             = MojangTricksIntelDriversForPerformance_javaw.exe_minecraft.exe.heapdump         {manageable} {command line}
   size_t InitialHeapSize                          = 100663296                                 {product} {ergonomic}
   size_t MarkStackSize                            = 4194304                                   {product} {ergonomic}
   size_t MaxHeapSize                              = 1598029824                                {product} {ergonomic}
   size_t MaxNewSize                               = 958398464                                 {product} {ergonomic}
   size_t MinHeapDeltaBytes                        = 1048576                                   {product} {ergonomic}
   size_t MinHeapSize                              = 8388608                                   {product} {ergonomic}
    uintx NonNMethodCodeHeapSize                   = 5832780                                {pd product} {ergonomic}
    uintx NonProfiledCodeHeapSize                  = 122912730                              {pd product} {ergonomic}
    uintx ProfiledCodeHeapSize                     = 122912730                              {pd product} {ergonomic}
    uintx ReservedCodeCacheSize                    = 251658240                              {pd product} {ergonomic}
     bool SegmentedCodeCache                       = true                                      {product} {ergonomic}
   size_t SoftMaxHeapSize                          = 1598029824                             {manageable} {ergonomic}
     bool UseCompressedClassPointers               = true                           {product lp64_product} {ergonomic}
     bool UseCompressedOops                        = true                           {product lp64_product} {ergonomic}
     bool UseG1GC                                  = true                                      {product} {ergonomic}
     bool UseLargePagesIndividualAllocation        = false                                  {pd product} {ergonomic}

Logging:
Log output configuration:
 #0: stdout all=warning uptime,level,tags
 #1: stderr all=off uptime,level,tags

Environment Variables:
JAVA_HOME=C:\Program Files\Eclipse Adoptium\jdk-17.0.9.9-hotspot\
PATH=C:\Program Files\Eclipse Adoptium\jdk-17.0.9.9-hotspot\bin;C:\Program Files\Common Files\Oracle\Java\javapath;C:\Program Files (x86)\Common Files\Oracle\Java\javapath;C:\Windows\system32;C:\Windows;C:\Windows\System32\Wbem;C:\Windows\System32\WindowsPowerShell\v1.0\;C:\Windows\System32\OpenSSH\;C:\Program Files\dotnet\;C:\Program Files\Git\cmd;C:\Users\admin\AppData\Local\Microsoft\WindowsApps;C:\Users\admin\.dotnet\tools;C:\Users\admin\AppData\Local\GitHubDesktop\bin
USERNAME=admin
OS=Windows_NT
PROCESSOR_IDENTIFIER=AMD64 Family 23 Model 17 Stepping 0, AuthenticAMD



---------------  S Y S T E M  ---------------

OS:
 Windows 10 , 64 bit Build 19041 (10.0.19041.3636)
OS uptime: 0 days 0:19 hours

CPU: total 4 (initial active 4) (4 cores per cpu, 2 threads per core) family 23 model 17 stepping 0 microcode 0x0, cx8, cmov, fxsr, ht, mmx, 3dnowpref, sse, sse2, sse3, ssse3, sse4a, sse4.1, sse4.2, popcnt, lzcnt, tsc, tscinvbit, avx, avx2, aes, clmul, bmi1, bmi2, adx, sha, fma, vzeroupper, clflush, clflushopt

Memory: 4k page, system-wide physical 6092M (1165M free)
TotalPageFile size 13283M (AvailPageFile size 3003M)
current process WorkingSet (physical memory assigned to process): 222M, peak: 222M
current process commit charge ("private bytes"): 261M, peak: 262M

vm_info: Java HotSpot(TM) 64-Bit Server VM (17.0.9+11-LTS-201) for windows-amd64 JRE (17.0.9+11-LTS-201), built on Oct 10 2023 23:16:06 by "mach5one" with MS VC++ 17.1 (VS2022)

END.
