#
# A fatal error has been detected by the Java Runtime Environment:
#
#  EXCEPTION_ACCESS_VIOLATION (0xc0000005) at pc=0x00007ff96c832b60, pid=9228, tid=13852
#
# JRE version: OpenJDK Runtime Environment Temurin-17.0.9+9 (17.0.9+9) (build 17.0.9+9)
# Java VM: OpenJDK 64-Bit Server VM Temurin-17.0.9+9 (17.0.9+9, mixed mode, sharing, tiered, compressed oops, compressed class ptrs, g1 gc, windows-amd64)
# Problematic frame:
# C  [atio6axx.dll+0x192b60]
#
# No core dump will be written. Minidumps are not enabled by default on client versions of Windows
#
# If you would like to submit a bug report, please visit:
#   https://github.com/adoptium/adoptium-support/issues
# The crash happened outside the Java Virtual Machine in native code.
# See problematic frame for where to report the bug.
#

---------------  S U M M A R Y ------------

Command Line: -Dforge.enableGameTest=true -Dforge.enabledGameTestNamespaces=enhanced_minecraft -Dforge.logging.console.level=debug -Dforge.logging.markers=REGISTRIES -DignoreList=bootstraplauncher,securejarhandler,asm-commons,asm-util,asm-analysis,asm-tree,asm,JarJarFileSystems,client-extra,fmlcore,javafmllanguage,lowcodelanguage,mclanguage,forge- -Djava.net.preferIPv6Addresses=system -DlegacyClassPath.file=D:\Repositorios Github\Enhanced-Minecraft-Mod\Enhanched_Minecraft_Mod\build\classpath\runClient_minecraftClasspath.txt -DmergeModules=jna-5.10.0.jar,jna-platform-5.10.0.jar --module-path=C:\Users\admin\.gradle\caches\modules-2\files-2.1\cpw.mods\bootstraplauncher\1.1.2\c546e00443d8432cda6baa1c860346980742628\bootstraplauncher-1.1.2.jar;C:\Users\admin\.gradle\caches\modules-2\files-2.1\cpw.mods\securejarhandler\2.1.10\51e6a22c6c716beb11e244bf5b8be480f51dd6b5\securejarhandler-2.1.10.jar;C:\Users\admin\.gradle\caches\modules-2\files-2.1\org.ow2.asm\asm-commons\9.5\19ab5b5800a3910d30d3a3e64fdb00fd0cb42de0\asm-commons-9.5.jar;C:\Users\admin\.gradle\caches\modules-2\files-2.1\org.ow2.asm\asm-util\9.5\64b5a1fc8c1b15ed2efd6a063e976bc8d3dc5ffe\asm-util-9.5.jar;C:\Users\admin\.gradle\caches\modules-2\files-2.1\org.ow2.asm\asm-analysis\9.5\490bacc77de7cbc0be1a30bb3471072d705be4a4\asm-analysis-9.5.jar;C:\Users\admin\.gradle\caches\modules-2\files-2.1\org.ow2.asm\asm-tree\9.5\fd33c8b6373abaa675be407082fdfda35021254a\asm-tree-9.5.jar;C:\Users\admin\.gradle\caches\modules-2\files-2.1\org.ow2.asm\asm\9.5\dc6ea1875f4d64fbc85e1691c95b96a3d8569c90\asm-9.5.jar;C:\Users\admin\.gradle\caches\modules-2\files-2.1\net.minecraftforge\JarJarFileSystems\0.3.19\2464eb7d6b9ddb9db36a82cf8a95193e5c6fe020\JarJarFileSystems-0.3.19.jar --add-modules=ALL-MODULE-PATH --add-opens=java.base/java.util.jar=cpw.mods.securejarhandler --add-opens=java.base/java.lang.invoke=cpw.mods.securejarhandler --add-exports=java.base/sun.security.util=cpw.mods.securejarhandler --add-exports=jdk.naming.dns/com.sun.jndi.dns=java.naming -XX:HeapDumpPath=MojangTricksIntelDriversForPerformance_javaw.exe_minecraft.exe.heapdump -Dfile.encoding=windows-1252 -Duser.country=AR -Duser.language=es -Duser.variant cpw.mods.bootstraplauncher.BootstrapLauncher --launchTarget forgeclientuserdev --version MOD_DEV --assetIndex 5 --assetsDir C:\Users\admin\.gradle\caches\forge_gradle\assets --gameDir . --fml.forgeVersion 47.2.0 --fml.mcVersion 1.20.1 --fml.forgeGroup net.minecraftforge --fml.mcpVersion 20230612.114412

Host: AMD Ryzen 3 2200U with Radeon Vega Mobile Gfx  , 4 cores, 5G,  Windows 10 , 64 bit Build 19041 (10.0.19041.3636)
Time: Tue Jan  9 10:44:38 2024 Hora estándar de Argentina elapsed time: 9.446678 seconds (0d 0h 0m 9s)

---------------  T H R E A D  ---------------

Current thread (0x00000286bcf8c6f0):  JavaThread "main" [_thread_in_native, id=13852, stack(0x0000009534600000,0x0000009534700000)]

Stack: [0x0000009534600000,0x0000009534700000],  sp=0x00000095346fb408,  free space=1005k
Native frames: (J=compiled Java code, j=interpreted, Vv=VM code, C=native code)
C  [atio6axx.dll+0x192b60]

Java frames: (J=compiled Java code, j=interpreted, Vv=VM code)
j  org.lwjgl.system.JNI.invokePPPP(IIJJJJ)J+0 org.lwjgl@3.3.1+7
j  org.lwjgl.glfw.GLFW.nglfwCreateWindow(IIJJJ)J+14 org.lwjgl.glfw@3.3.1+7
j  org.lwjgl.glfw.GLFW.glfwCreateWindow(IILjava/lang/CharSequence;JJ)J+34 org.lwjgl.glfw@3.3.1+7
j  net.minecraftforge.fml.earlydisplay.DisplayWindow.initWindow(Ljava/lang/String;)V+408 fmlearlydisplay@1.20.1-47.2.0
j  net.minecraftforge.fml.earlydisplay.DisplayWindow.start(Ljava/lang/String;Ljava/lang/String;)Ljava/lang/Runnable;+14 fmlearlydisplay@1.20.1-47.2.0
j  net.minecraftforge.fml.earlydisplay.DisplayWindow.initialize([Ljava/lang/String;)Ljava/lang/Runnable;+410 fmlearlydisplay@1.20.1-47.2.0
j  net.minecraftforge.fml.loading.ImmediateWindowHandler.load(Ljava/lang/String;[Ljava/lang/String;)V+180 fmlloader@1.20.1-47.2.0
j  net.minecraftforge.fml.loading.ModDirTransformerDiscoverer.earlyInitialization(Ljava/lang/String;[Ljava/lang/String;)V+2 fmlloader@1.20.1-47.2.0
j  cpw.mods.modlauncher.TransformationServicesHandler.lambda$discoverServices$18(Lcpw/mods/modlauncher/ArgumentHandler$DiscoveryData;Lcpw/mods/modlauncher/serviceapi/ITransformerDiscoveryService;)V+9 cpw.mods.modlauncher@10.0.9
j  cpw.mods.modlauncher.TransformationServicesHandler$$Lambda$417+0x00000286dd1d6650.accept(Ljava/lang/Object;)V+8 cpw.mods.modlauncher@10.0.9
j  java.lang.Iterable.forEach(Ljava/util/function/Consumer;)V+30 java.base@17.0.9
j  cpw.mods.modlauncher.TransformationServicesHandler.discoverServices(Lcpw/mods/modlauncher/ArgumentHandler$DiscoveryData;)V+145 cpw.mods.modlauncher@10.0.9
j  cpw.mods.modlauncher.Launcher.run([Ljava/lang/String;)V+14 cpw.mods.modlauncher@10.0.9
j  cpw.mods.modlauncher.Launcher.main([Ljava/lang/String;)V+78 cpw.mods.modlauncher@10.0.9
j  cpw.mods.modlauncher.BootstrapLaunchConsumer.accept([Ljava/lang/String;)V+1 cpw.mods.modlauncher@10.0.9
j  cpw.mods.modlauncher.BootstrapLaunchConsumer.accept(Ljava/lang/Object;)V+5 cpw.mods.modlauncher@10.0.9
j  cpw.mods.bootstraplauncher.BootstrapLauncher.main([Ljava/lang/String;)V+515 cpw.mods.bootstraplauncher@1.1.2
v  ~StubRoutines::call_stub

siginfo: EXCEPTION_ACCESS_VIOLATION (0xc0000005), reading address 0xffffffffffffffff


Registers:
RAX=0x0000000000000000, RBX=0x00007ff9700733b0, RCX=0x3a433b72616a2e30, RDX=0x00000000000000d0
RSP=0x00000095346fb408, RBP=0x00000095346fb570, RSI=0x00007ff96ff82d40, RDI=0x00000095346fb860
R8 =0x00000000000001a5, R9 =0x3a433b72616a2e30, R10=0x0000000000000000, R11=0x0000000000000200
R12=0x00007ff970073408, R13=0x00007ff970075c08, R14=0x00007ff9700733b0, R15=0x0000000000000000
RIP=0x00007ff96c832b60, EFLAGS=0x0000000000010202


Register to memory mapping:

RIP=0x00007ff96c832b60 atio6axx.dll
RAX=0x0 is NULL
RBX=0x00007ff9700733b0 atio6axx.dll
RCX=0x3a433b72616a2e30 is an unknown value
RDX=0x00000000000000d0 is an unknown value
RSP=0x00000095346fb408 is pointing into the stack for thread: 0x00000286bcf8c6f0
RBP=0x00000095346fb570 is pointing into the stack for thread: 0x00000286bcf8c6f0
RSI=0x00007ff96ff82d40 atio6axx.dll
RDI=0x00000095346fb860 is pointing into the stack for thread: 0x00000286bcf8c6f0
R8 =0x00000000000001a5 is an unknown value
R9 =0x3a433b72616a2e30 is an unknown value
R10=0x0 is NULL
R11=0x0000000000000200 is an unknown value
R12=0x00007ff970073408 atio6axx.dll
R13=0x00007ff970075c08 atio6axx.dll
R14=0x00007ff9700733b0 atio6axx.dll
R15=0x0 is NULL


Top of Stack: (sp=0x00000095346fb408)
0x00000095346fb408:   00007ff96c832e7c 00007ff970076020
0x00000095346fb418:   0000028722a69018 0000000000000000
0x00000095346fb428:   00007ff96c833e8d 00000095346fb860
0x00000095346fb438:   00007ff96c7ef484 00007ff9700733b0
0x00000095346fb448:   00007ff96ff82d40 0000652e6176616a
0x00000095346fb458:   0000a3b1537993b2 00000095346fb860
0x00000095346fb468:   00007ff96c7f0457 00007ff9700733b8
0x00000095346fb478:   00007ff96ff82d40 00007ff96ff82d40
0x00000095346fb488:   000002872340f45c 00007ff9700733b0
0x00000095346fb498:   00007ff900000000 0000000000000009
0x00000095346fb4a8:   000002872340f60c 000002872340f768
0x00000095346fb4b8:   00007ff9700733b8 00000095346fb860
0x00000095346fb4c8:   00000095346fb62b 00007f006176616a
0x00000095346fb4d8:   00007f006176616a 46676e697274535c
0x00000095346fb4e8:   5c6f666e49656c69 3062343039303430
0x00000095346fb4f8:   726556656c69465c 000000006e6f6973
0x00000095346fb508:   0000000000000000 0000000000000000
0x00000095346fb518:   0000000000000000 0000000a0000011c
0x00000095346fb528:   00004a6500000000 0000000000000002
0x00000095346fb538:   0000000000000000 0000000000000000
0x00000095346fb548:   0000000000000000 0000000000000000
0x00000095346fb558:   0000000000000000 0000000000000000
0x00000095346fb568:   0000000000000000 0000000000000000
0x00000095346fb578:   0000000000000000 0000000000000000
0x00000095346fb588:   0000000000000000 0000000000000000
0x00000095346fb598:   0000000000000000 0000000000000000
0x00000095346fb5a8:   0000000000000000 0000000000000000
0x00000095346fb5b8:   0000000000000000 0000000000000000
0x00000095346fb5c8:   0000000000000000 0000000000000000
0x00000095346fb5d8:   0000000000000000 0000000000000000
0x00000095346fb5e8:   0000000000000000 72676f72505c3a43
0x00000095346fb5f8:   73656c6946206d61 657370696c63455c 

Instructions: (pc=0x00007ff96c832b60)
0x00007ff96c832a60:   74 09 33 c9 ff 15 e6 89 66 03 90 48 8b c3 48 83
0x00007ff96c832a70:   c4 20 5b c3 cc cc cc cc cc cc cc cc cc cc cc cc
0x00007ff96c832a80:   48 83 ec 28 48 8b 51 08 48 85 d2 74 09 33 c9 ff
0x00007ff96c832a90:   15 bb 89 66 03 90 48 83 c4 28 c3 cc cc cc cc cc
0x00007ff96c832aa0:   48 89 11 c3 cc cc cc cc cc cc cc cc cc cc cc cc
0x00007ff96c832ab0:   48 8b c1 c3 cc cc cc cc cc cc cc cc cc cc cc cc
0x00007ff96c832ac0:   48 3b ca 74 10 41 8b 00 39 01 74 09 48 83 c1 04
0x00007ff96c832ad0:   48 3b ca 75 f3 48 8b c1 c3 cc cc cc cc cc cc cc
0x00007ff96c832ae0:   48 8b c1 c3 cc cc cc cc cc cc cc cc cc cc cc cc
0x00007ff96c832af0:   48 83 39 00 0f 94 c0 c3 cc cc cc cc cc cc cc cc
0x00007ff96c832b00:   4c 8d 04 d5 00 00 00 00 33 d2 e9 c1 d0 dd 01 cc
0x00007ff96c832b10:   4c 8b 41 08 48 8b 02 49 89 00 48 83 41 08 08 c3
0x00007ff96c832b20:   48 8b c1 c3 cc cc cc cc cc cc cc cc cc cc cc cc
0x00007ff96c832b30:   48 8b c1 c3 cc cc cc cc cc cc cc cc cc cc cc cc
0x00007ff96c832b40:   49 8b 00 48 89 02 c3 cc cc cc cc cc cc cc cc cc
0x00007ff96c832b50:   8b 81 40 39 00 00 c3 cc cc cc cc cc cc cc cc cc
0x00007ff96c832b60:   8b 81 40 39 00 00 83 c0 f0 83 f8 67 0f 87 5a 01
0x00007ff96c832b70:   00 00 48 8d 15 87 d4 e6 ff 0f b6 84 02 f0 2c 19
0x00007ff96c832b80:   00 8b 8c 82 d0 2c 19 00 48 03 ca ff e1 48 8b 0d
0x00007ff96c832b90:   6c 6f 7e 03 83 b9 b4 34 00 00 02 0f 87 2b 01 00
0x00007ff96c832ba0:   00 48 8d 91 0c 29 00 00 c7 02 e1 00 00 00 e9 ce
0x00007ff96c832bb0:   00 00 00 48 8b 0d 46 6f 7e 03 83 b9 b4 34 00 00
0x00007ff96c832bc0:   02 0f 87 05 01 00 00 48 8d 91 0c 29 00 00 c7 02
0x00007ff96c832bd0:   f0 00 00 00 e9 a8 00 00 00 48 8b 0d 20 6f 7e 03
0x00007ff96c832be0:   83 b9 b4 34 00 00 02 0f 87 df 00 00 00 48 8d 91
0x00007ff96c832bf0:   0c 29 00 00 c7 02 00 04 00 00 e9 82 00 00 00 48
0x00007ff96c832c00:   8b 0d fa 6e 7e 03 83 b9 b4 34 00 00 02 0f 87 b9
0x00007ff96c832c10:   00 00 00 48 8d 91 0c 29 00 00 c7 02 00 08 00 00
0x00007ff96c832c20:   eb 5f 48 8b 0d d7 6e 7e 03 83 b9 b4 34 00 00 02
0x00007ff96c832c30:   0f 87 96 00 00 00 48 8d 91 0c 29 00 00 c7 02 00
0x00007ff96c832c40:   09 00 00 eb 3c 48 8b 0d b4 6e 7e 03 83 b9 b4 34
0x00007ff96c832c50:   00 00 02 77 77 48 8d 91 0c 29 00 00 c7 02 3c 0f 


Stack slot to memory mapping:
stack at sp + 0 slots: 0x00007ff96c832e7c atio6axx.dll
stack at sp + 1 slots: 0x00007ff970076020 atio6axx.dll
stack at sp + 2 slots: 0x0000028722a69018 points into unknown readable memory: 0x00007ff96f87f5f0 | f0 f5 87 6f f9 7f 00 00
stack at sp + 3 slots: 0x0 is NULL
stack at sp + 4 slots: 0x00007ff96c833e8d atio6axx.dll
stack at sp + 5 slots: 0x00000095346fb860 is pointing into the stack for thread: 0x00000286bcf8c6f0
stack at sp + 6 slots: 0x00007ff96c7ef484 atio6axx.dll
stack at sp + 7 slots: 0x00007ff9700733b0 atio6axx.dll


---------------  P R O C E S S  ---------------

Threads class SMR info:
_java_thread_list=0x0000028722db1ef0, length=14, elements={
0x00000286bcf8c6f0, 0x00000286db61a470, 0x00000286db61b200, 0x00000286db632b90,
0x00000286db635470, 0x00000286db636150, 0x00000286db636a20, 0x00000286db643a10,
0x00000286db6463e0, 0x00000286db6594f0, 0x00000286db92da90, 0x00000286dba89fc0,
0x0000028722b4d490, 0x000002872313af80
}

Java Threads: ( => current thread )
=>0x00000286bcf8c6f0 JavaThread "main" [_thread_in_native, id=13852, stack(0x0000009534600000,0x0000009534700000)]
  0x00000286db61a470 JavaThread "Reference Handler" daemon [_thread_blocked, id=14008, stack(0x0000009534d00000,0x0000009534e00000)]
  0x00000286db61b200 JavaThread "Finalizer" daemon [_thread_blocked, id=13224, stack(0x0000009534e00000,0x0000009534f00000)]
  0x00000286db632b90 JavaThread "Signal Dispatcher" daemon [_thread_blocked, id=14800, stack(0x0000009534f00000,0x0000009535000000)]
  0x00000286db635470 JavaThread "Attach Listener" daemon [_thread_blocked, id=12664, stack(0x0000009535000000,0x0000009535100000)]
  0x00000286db636150 JavaThread "Service Thread" daemon [_thread_blocked, id=2464, stack(0x0000009535100000,0x0000009535200000)]
  0x00000286db636a20 JavaThread "Monitor Deflation Thread" daemon [_thread_blocked, id=9688, stack(0x0000009535200000,0x0000009535300000)]
  0x00000286db643a10 JavaThread "C2 CompilerThread0" daemon [_thread_blocked, id=11088, stack(0x0000009535300000,0x0000009535400000)]
  0x00000286db6463e0 JavaThread "C1 CompilerThread0" daemon [_thread_blocked, id=14232, stack(0x0000009535400000,0x0000009535500000)]
  0x00000286db6594f0 JavaThread "Sweeper thread" daemon [_thread_blocked, id=2648, stack(0x0000009535500000,0x0000009535600000)]
  0x00000286db92da90 JavaThread "Common-Cleaner" daemon [_thread_blocked, id=15276, stack(0x0000009535600000,0x0000009535700000)]
  0x00000286dba89fc0 JavaThread "Notification Thread" daemon [_thread_blocked, id=13320, stack(0x0000009535700000,0x0000009535800000)]
  0x0000028722b4d490 JavaThread "C2 CompilerThread1" daemon [_thread_blocked, id=8328, stack(0x0000009535c00000,0x0000009535d00000)]
  0x000002872313af80 JavaThread "pool-2-thread-1" daemon [_thread_blocked, id=7112, stack(0x0000009536000000,0x0000009536100000)]

Other Threads:
  0x00000286db616ca0 VMThread "VM Thread" [stack: 0x0000009534c00000,0x0000009534d00000] [id=3064]
  0x00000286dbaf6b20 WatcherThread [stack: 0x0000009535800000,0x0000009535900000] [id=4388]
  0x00000286bcfd82b0 GCTaskThread "GC Thread#0" [stack: 0x0000009534700000,0x0000009534800000] [id=3044]
  0x00000286dbbbcc90 GCTaskThread "GC Thread#1" [stack: 0x0000009535900000,0x0000009535a00000] [id=11784]
  0x0000028721139580 GCTaskThread "GC Thread#2" [stack: 0x0000009535a00000,0x0000009535b00000] [id=2872]
  0x00000287213d3dd0 GCTaskThread "GC Thread#3" [stack: 0x0000009535b00000,0x0000009535c00000] [id=6756]
  0x00000286bcfe5730 ConcurrentGCThread "G1 Main Marker" [stack: 0x0000009534800000,0x0000009534900000] [id=2504]
  0x00000286bcfe7070 ConcurrentGCThread "G1 Conc#0" [stack: 0x0000009534900000,0x0000009534a00000] [id=5992]
  0x00000286bd021e00 ConcurrentGCThread "G1 Refine#0" [stack: 0x0000009534a00000,0x0000009534b00000] [id=10844]
  0x00000286bd022740 ConcurrentGCThread "G1 Service" [stack: 0x0000009534b00000,0x0000009534c00000] [id=8940]

Threads with active compile tasks:

VM state: not at safepoint (normal execution)

VM Mutex/Monitor currently owned by a thread: None

Heap address: 0x00000000a0c00000, size: 1524 MB, Compressed Oops mode: 32-bit

CDS archive(s) mapped at: [0x00000286dc000000-0x00000286dcba0000-0x00000286dcba0000), size 12189696, SharedBaseAddress: 0x00000286dc000000, ArchiveRelocationMode: 1.
Compressed class space mapped at: 0x00000286dd000000-0x000002871d000000, reserved size: 1073741824
Narrow klass base: 0x00000286dc000000, Narrow klass shift: 0, Narrow klass range: 0x100000000

GC Precious Log:
 CPUs: 4 total, 4 available
 Memory: 6092M
 Large Page Support: Disabled
 NUMA Support: Disabled
 Compressed Oops: Enabled (32-bit)
 Heap Region Size: 1M
 Heap Min Capacity: 8M
 Heap Initial Capacity: 96M
 Heap Max Capacity: 1524M
 Pre-touch: Disabled
 Parallel Workers: 4
 Concurrent Workers: 1
 Concurrent Refinement Workers: 4
 Periodic GC: Disabled

Heap:
 garbage-first heap   total 120832K, used 63255K [0x00000000a0c00000, 0x0000000100000000)
  region size 1024K, 33 young (33792K), 6 survivors (6144K)
 Metaspace       used 16618K, committed 16960K, reserved 1114112K
  class space    used 1893K, committed 2048K, reserved 1048576K

Heap Regions: E=young(eden), S=young(survivor), O=old, HS=humongous(starts), HC=humongous(continues), CS=collection set, F=free, OA=open archive, CA=closed archive, TAMS=top-at-mark-start (previous, next)
|   0|0x00000000a0c00000, 0x00000000a0d00000, 0x00000000a0d00000|100%|HS|  |TAMS 0x00000000a0c00000, 0x00000000a0c00000| Complete 
|   1|0x00000000a0d00000, 0x00000000a0e00000, 0x00000000a0e00000|100%|HS|  |TAMS 0x00000000a0d00000, 0x00000000a0d00000| Complete 
|   2|0x00000000a0e00000, 0x00000000a0f00000, 0x00000000a0f00000|100%|HC|  |TAMS 0x00000000a0e00000, 0x00000000a0e00000| Complete 
|   3|0x00000000a0f00000, 0x00000000a1000000, 0x00000000a1000000|100%| O|  |TAMS 0x00000000a0f00000, 0x00000000a0f00000| Untracked 
|   4|0x00000000a1000000, 0x00000000a1100000, 0x00000000a1100000|100%| O|  |TAMS 0x00000000a1000000, 0x00000000a1000000| Untracked 
|   5|0x00000000a1100000, 0x00000000a1200000, 0x00000000a1200000|100%| O|  |TAMS 0x00000000a1100000, 0x00000000a1100000| Untracked 
|   6|0x00000000a1200000, 0x00000000a1300000, 0x00000000a1300000|100%|HS|  |TAMS 0x00000000a1200000, 0x00000000a1200000| Complete 
|   7|0x00000000a1300000, 0x00000000a1400000, 0x00000000a1400000|100%|HC|  |TAMS 0x00000000a1300000, 0x00000000a1300000| Complete 
|   8|0x00000000a1400000, 0x00000000a1500000, 0x00000000a1500000|100%| O|  |TAMS 0x00000000a1400000, 0x00000000a1400000| Untracked 
|   9|0x00000000a1500000, 0x00000000a1600000, 0x00000000a1600000|100%| O|  |TAMS 0x00000000a1500000, 0x00000000a1500000| Untracked 
|  10|0x00000000a1600000, 0x00000000a1700000, 0x00000000a1700000|100%| O|  |TAMS 0x00000000a1600000, 0x00000000a1600000| Untracked 
|  11|0x00000000a1700000, 0x00000000a1800000, 0x00000000a1800000|100%|HS|  |TAMS 0x00000000a1700000, 0x00000000a1700000| Complete 
|  12|0x00000000a1800000, 0x00000000a1900000, 0x00000000a1900000|100%|HC|  |TAMS 0x00000000a1800000, 0x00000000a1800000| Complete 
|  13|0x00000000a1900000, 0x00000000a1a00000, 0x00000000a1a00000|100%| O|  |TAMS 0x00000000a1900000, 0x00000000a1900000| Untracked 
|  14|0x00000000a1a00000, 0x00000000a1b00000, 0x00000000a1b00000|100%| O|  |TAMS 0x00000000a1a00000, 0x00000000a1a00000| Untracked 
|  15|0x00000000a1b00000, 0x00000000a1c00000, 0x00000000a1c00000|100%| O|  |TAMS 0x00000000a1b00000, 0x00000000a1b00000| Untracked 
|  16|0x00000000a1c00000, 0x00000000a1d00000, 0x00000000a1d00000|100%| O|  |TAMS 0x00000000a1c00000, 0x00000000a1c00000| Untracked 
|  17|0x00000000a1d00000, 0x00000000a1e00000, 0x00000000a1e00000|100%| O|  |TAMS 0x00000000a1d00000, 0x00000000a1d00000| Untracked 
|  18|0x00000000a1e00000, 0x00000000a1f00000, 0x00000000a1f00000|100%| O|  |TAMS 0x00000000a1e00000, 0x00000000a1e00000| Untracked 
|  19|0x00000000a1f00000, 0x00000000a2000000, 0x00000000a2000000|100%| O|  |TAMS 0x00000000a1f00000, 0x00000000a1f00000| Untracked 
|  20|0x00000000a2000000, 0x00000000a2100000, 0x00000000a2100000|100%|HS|  |TAMS 0x00000000a2000000, 0x00000000a2000000| Complete 
|  21|0x00000000a2100000, 0x00000000a2200000, 0x00000000a2200000|100%|HC|  |TAMS 0x00000000a2100000, 0x00000000a2100000| Complete 
|  22|0x00000000a2200000, 0x00000000a2300000, 0x00000000a2300000|100%| O|  |TAMS 0x00000000a2200000, 0x00000000a2200000| Untracked 
|  23|0x00000000a2300000, 0x00000000a2400000, 0x00000000a2400000|100%| O|  |TAMS 0x00000000a2300000, 0x00000000a2300000| Untracked 
|  24|0x00000000a2400000, 0x00000000a2500000, 0x00000000a2500000|100%| O|  |TAMS 0x00000000a2400000, 0x00000000a2400000| Untracked 
|  25|0x00000000a2500000, 0x00000000a2600000, 0x00000000a2600000|100%| O|  |TAMS 0x00000000a2500000, 0x00000000a2500000| Untracked 
|  26|0x00000000a2600000, 0x00000000a2700000, 0x00000000a2700000|100%| O|  |TAMS 0x00000000a2600000, 0x00000000a2600000| Untracked 
|  27|0x00000000a2700000, 0x00000000a2800000, 0x00000000a2800000|100%| O|  |TAMS 0x00000000a2700000, 0x00000000a2700000| Untracked 
|  28|0x00000000a2800000, 0x00000000a2900000, 0x00000000a2900000|100%| O|  |TAMS 0x00000000a2800000, 0x00000000a2800000| Untracked 
|  29|0x00000000a2900000, 0x00000000a2a00000, 0x00000000a2a00000|100%| O|  |TAMS 0x00000000a2900000, 0x00000000a2900000| Untracked 
|  30|0x00000000a2a00000, 0x00000000a2ac5e00, 0x00000000a2b00000| 77%| O|  |TAMS 0x00000000a2a00000, 0x00000000a2a00000| Untracked 
|  31|0x00000000a2b00000, 0x00000000a2b00000, 0x00000000a2c00000|  0%| F|  |TAMS 0x00000000a2b00000, 0x00000000a2b00000| Untracked 
|  32|0x00000000a2c00000, 0x00000000a2c00000, 0x00000000a2d00000|  0%| F|  |TAMS 0x00000000a2c00000, 0x00000000a2c00000| Untracked 
|  33|0x00000000a2d00000, 0x00000000a2d00000, 0x00000000a2e00000|  0%| F|  |TAMS 0x00000000a2d00000, 0x00000000a2d00000| Untracked 
|  34|0x00000000a2e00000, 0x00000000a2e00000, 0x00000000a2f00000|  0%| F|  |TAMS 0x00000000a2e00000, 0x00000000a2e00000| Untracked 
|  35|0x00000000a2f00000, 0x00000000a2f00000, 0x00000000a3000000|  0%| F|  |TAMS 0x00000000a2f00000, 0x00000000a2f00000| Untracked 
|  36|0x00000000a3000000, 0x00000000a3000000, 0x00000000a3100000|  0%| F|  |TAMS 0x00000000a3000000, 0x00000000a3000000| Untracked 
|  37|0x00000000a3100000, 0x00000000a3100000, 0x00000000a3200000|  0%| F|  |TAMS 0x00000000a3100000, 0x00000000a3100000| Untracked 
|  38|0x00000000a3200000, 0x00000000a3200000, 0x00000000a3300000|  0%| F|  |TAMS 0x00000000a3200000, 0x00000000a3200000| Untracked 
|  39|0x00000000a3300000, 0x00000000a3300000, 0x00000000a3400000|  0%| F|  |TAMS 0x00000000a3300000, 0x00000000a3300000| Untracked 
|  40|0x00000000a3400000, 0x00000000a3400000, 0x00000000a3500000|  0%| F|  |TAMS 0x00000000a3400000, 0x00000000a3400000| Untracked 
|  41|0x00000000a3500000, 0x00000000a3500000, 0x00000000a3600000|  0%| F|  |TAMS 0x00000000a3500000, 0x00000000a3500000| Untracked 
|  42|0x00000000a3600000, 0x00000000a3600000, 0x00000000a3700000|  0%| F|  |TAMS 0x00000000a3600000, 0x00000000a3600000| Untracked 
|  43|0x00000000a3700000, 0x00000000a3700000, 0x00000000a3800000|  0%| F|  |TAMS 0x00000000a3700000, 0x00000000a3700000| Untracked 
|  44|0x00000000a3800000, 0x00000000a3800000, 0x00000000a3900000|  0%| F|  |TAMS 0x00000000a3800000, 0x00000000a3800000| Untracked 
|  45|0x00000000a3900000, 0x00000000a3900000, 0x00000000a3a00000|  0%| F|  |TAMS 0x00000000a3900000, 0x00000000a3900000| Untracked 
|  46|0x00000000a3a00000, 0x00000000a3a00000, 0x00000000a3b00000|  0%| F|  |TAMS 0x00000000a3a00000, 0x00000000a3a00000| Untracked 
|  47|0x00000000a3b00000, 0x00000000a3b00000, 0x00000000a3c00000|  0%| F|  |TAMS 0x00000000a3b00000, 0x00000000a3b00000| Untracked 
|  48|0x00000000a3c00000, 0x00000000a3c00000, 0x00000000a3d00000|  0%| F|  |TAMS 0x00000000a3c00000, 0x00000000a3c00000| Untracked 
|  49|0x00000000a3d00000, 0x00000000a3d00000, 0x00000000a3e00000|  0%| F|  |TAMS 0x00000000a3d00000, 0x00000000a3d00000| Untracked 
|  50|0x00000000a3e00000, 0x00000000a3f00000, 0x00000000a3f00000|100%| S|CS|TAMS 0x00000000a3e00000, 0x00000000a3e00000| Complete 
|  51|0x00000000a3f00000, 0x00000000a4000000, 0x00000000a4000000|100%| S|CS|TAMS 0x00000000a3f00000, 0x00000000a3f00000| Complete 
|  52|0x00000000a4000000, 0x00000000a4100000, 0x00000000a4100000|100%| S|CS|TAMS 0x00000000a4000000, 0x00000000a4000000| Complete 
|  53|0x00000000a4100000, 0x00000000a4100000, 0x00000000a4200000|  0%| F|  |TAMS 0x00000000a4100000, 0x00000000a4100000| Untracked 
|  54|0x00000000a4200000, 0x00000000a4200000, 0x00000000a4300000|  0%| F|  |TAMS 0x00000000a4200000, 0x00000000a4200000| Untracked 
|  55|0x00000000a4300000, 0x00000000a4300000, 0x00000000a4400000|  0%| F|  |TAMS 0x00000000a4300000, 0x00000000a4300000| Untracked 
|  56|0x00000000a4400000, 0x00000000a4500000, 0x00000000a4500000|100%| S|CS|TAMS 0x00000000a4400000, 0x00000000a4400000| Complete 
|  57|0x00000000a4500000, 0x00000000a4600000, 0x00000000a4600000|100%| S|CS|TAMS 0x00000000a4500000, 0x00000000a4500000| Complete 
|  58|0x00000000a4600000, 0x00000000a4700000, 0x00000000a4700000|100%| S|CS|TAMS 0x00000000a4600000, 0x00000000a4600000| Complete 
|  59|0x00000000a4700000, 0x00000000a4700000, 0x00000000a4800000|  0%| F|  |TAMS 0x00000000a4700000, 0x00000000a4700000| Untracked 
|  60|0x00000000a4800000, 0x00000000a4800000, 0x00000000a4900000|  0%| F|  |TAMS 0x00000000a4800000, 0x00000000a4800000| Untracked 
|  61|0x00000000a4900000, 0x00000000a4900000, 0x00000000a4a00000|  0%| F|  |TAMS 0x00000000a4900000, 0x00000000a4900000| Untracked 
|  62|0x00000000a4a00000, 0x00000000a4a00000, 0x00000000a4b00000|  0%| F|  |TAMS 0x00000000a4a00000, 0x00000000a4a00000| Untracked 
|  63|0x00000000a4b00000, 0x00000000a4b00000, 0x00000000a4c00000|  0%| F|  |TAMS 0x00000000a4b00000, 0x00000000a4b00000| Untracked 
|  64|0x00000000a4c00000, 0x00000000a4c00000, 0x00000000a4d00000|  0%| F|  |TAMS 0x00000000a4c00000, 0x00000000a4c00000| Untracked 
|  65|0x00000000a4d00000, 0x00000000a4d00000, 0x00000000a4e00000|  0%| F|  |TAMS 0x00000000a4d00000, 0x00000000a4d00000| Untracked 
|  66|0x00000000a4e00000, 0x00000000a4e00000, 0x00000000a4f00000|  0%| F|  |TAMS 0x00000000a4e00000, 0x00000000a4e00000| Untracked 
|  67|0x00000000a4f00000, 0x00000000a4f00000, 0x00000000a5000000|  0%| F|  |TAMS 0x00000000a4f00000, 0x00000000a4f00000| Untracked 
|  68|0x00000000a5000000, 0x00000000a5000000, 0x00000000a5100000|  0%| F|  |TAMS 0x00000000a5000000, 0x00000000a5000000| Untracked 
|  69|0x00000000a5100000, 0x00000000a5100000, 0x00000000a5200000|  0%| F|  |TAMS 0x00000000a5100000, 0x00000000a5100000| Untracked 
|  70|0x00000000a5200000, 0x00000000a5200000, 0x00000000a5300000|  0%| F|  |TAMS 0x00000000a5200000, 0x00000000a5200000| Untracked 
|  71|0x00000000a5300000, 0x00000000a5300000, 0x00000000a5400000|  0%| F|  |TAMS 0x00000000a5300000, 0x00000000a5300000| Untracked 
|  72|0x00000000a5400000, 0x00000000a5400000, 0x00000000a5500000|  0%| F|  |TAMS 0x00000000a5400000, 0x00000000a5400000| Untracked 
|  73|0x00000000a5500000, 0x00000000a5500000, 0x00000000a5600000|  0%| F|  |TAMS 0x00000000a5500000, 0x00000000a5500000| Untracked 
|  74|0x00000000a5600000, 0x00000000a5600000, 0x00000000a5700000|  0%| F|  |TAMS 0x00000000a5600000, 0x00000000a5600000| Untracked 
|  75|0x00000000a5700000, 0x00000000a5700000, 0x00000000a5800000|  0%| F|  |TAMS 0x00000000a5700000, 0x00000000a5700000| Untracked 
|  76|0x00000000a5800000, 0x00000000a5800000, 0x00000000a5900000|  0%| F|  |TAMS 0x00000000a5800000, 0x00000000a5800000| Untracked 
|  77|0x00000000a5900000, 0x00000000a5900000, 0x00000000a5a00000|  0%| F|  |TAMS 0x00000000a5900000, 0x00000000a5900000| Untracked 
|  78|0x00000000a5a00000, 0x00000000a5a00000, 0x00000000a5b00000|  0%| F|  |TAMS 0x00000000a5a00000, 0x00000000a5a00000| Untracked 
|  79|0x00000000a5b00000, 0x00000000a5b00000, 0x00000000a5c00000|  0%| F|  |TAMS 0x00000000a5b00000, 0x00000000a5b00000| Untracked 
|  80|0x00000000a5c00000, 0x00000000a5c00000, 0x00000000a5d00000|  0%| F|  |TAMS 0x00000000a5c00000, 0x00000000a5c00000| Untracked 
|  81|0x00000000a5d00000, 0x00000000a5d00000, 0x00000000a5e00000|  0%| F|  |TAMS 0x00000000a5d00000, 0x00000000a5d00000| Untracked 
|  82|0x00000000a5e00000, 0x00000000a5e00000, 0x00000000a5f00000|  0%| F|  |TAMS 0x00000000a5e00000, 0x00000000a5e00000| Untracked 
|  83|0x00000000a5f00000, 0x00000000a5f00000, 0x00000000a6000000|  0%| F|  |TAMS 0x00000000a5f00000, 0x00000000a5f00000| Untracked 
|  84|0x00000000a6000000, 0x00000000a6000000, 0x00000000a6100000|  0%| F|  |TAMS 0x00000000a6000000, 0x00000000a6000000| Untracked 
|  85|0x00000000a6100000, 0x00000000a6100000, 0x00000000a6200000|  0%| F|  |TAMS 0x00000000a6100000, 0x00000000a6100000| Untracked 
|  86|0x00000000a6200000, 0x00000000a6200000, 0x00000000a6300000|  0%| F|  |TAMS 0x00000000a6200000, 0x00000000a6200000| Untracked 
|  87|0x00000000a6300000, 0x00000000a6300000, 0x00000000a6400000|  0%| F|  |TAMS 0x00000000a6300000, 0x00000000a6300000| Untracked 
|  88|0x00000000a6400000, 0x00000000a6400000, 0x00000000a6500000|  0%| F|  |TAMS 0x00000000a6400000, 0x00000000a6400000| Untracked 
|  89|0x00000000a6500000, 0x00000000a6500000, 0x00000000a6600000|  0%| F|  |TAMS 0x00000000a6500000, 0x00000000a6500000| Untracked 
|  90|0x00000000a6600000, 0x00000000a6600000, 0x00000000a6700000|  0%| F|  |TAMS 0x00000000a6600000, 0x00000000a6600000| Untracked 
|  91|0x00000000a6700000, 0x00000000a6700800, 0x00000000a6800000|  0%| E|  |TAMS 0x00000000a6700000, 0x00000000a6700000| Complete 
|  92|0x00000000a6800000, 0x00000000a6900000, 0x00000000a6900000|100%| E|CS|TAMS 0x00000000a6800000, 0x00000000a6800000| Complete 
|  93|0x00000000a6900000, 0x00000000a6a00000, 0x00000000a6a00000|100%| E|CS|TAMS 0x00000000a6900000, 0x00000000a6900000| Complete 
|  94|0x00000000a6a00000, 0x00000000a6b00000, 0x00000000a6b00000|100%| E|  |TAMS 0x00000000a6a00000, 0x00000000a6a00000| Complete 
|  95|0x00000000a6b00000, 0x00000000a6c00000, 0x00000000a6c00000|100%| E|CS|TAMS 0x00000000a6b00000, 0x00000000a6b00000| Complete 
|  96|0x00000000a6c00000, 0x00000000a6d00000, 0x00000000a6d00000|100%| E|CS|TAMS 0x00000000a6c00000, 0x00000000a6c00000| Complete 
|  97|0x00000000a6d00000, 0x00000000a6e00000, 0x00000000a6e00000|100%| E|CS|TAMS 0x00000000a6d00000, 0x00000000a6d00000| Complete 
|  98|0x00000000a6e00000, 0x00000000a6f00000, 0x00000000a6f00000|100%| E|CS|TAMS 0x00000000a6e00000, 0x00000000a6e00000| Complete 
|  99|0x00000000a6f00000, 0x00000000a7000000, 0x00000000a7000000|100%| E|CS|TAMS 0x00000000a6f00000, 0x00000000a6f00000| Complete 
| 100|0x00000000a7000000, 0x00000000a7100000, 0x00000000a7100000|100%| E|CS|TAMS 0x00000000a7000000, 0x00000000a7000000| Complete 
| 101|0x00000000a7100000, 0x00000000a7200000, 0x00000000a7200000|100%| E|CS|TAMS 0x00000000a7100000, 0x00000000a7100000| Complete 
| 102|0x00000000a7200000, 0x00000000a7300000, 0x00000000a7300000|100%| E|CS|TAMS 0x00000000a7200000, 0x00000000a7200000| Complete 
| 103|0x00000000a7300000, 0x00000000a7400000, 0x00000000a7400000|100%| E|CS|TAMS 0x00000000a7300000, 0x00000000a7300000| Complete 
| 104|0x00000000a7400000, 0x00000000a7500000, 0x00000000a7500000|100%| E|CS|TAMS 0x00000000a7400000, 0x00000000a7400000| Complete 
| 105|0x00000000a7500000, 0x00000000a7600000, 0x00000000a7600000|100%| E|CS|TAMS 0x00000000a7500000, 0x00000000a7500000| Complete 
| 106|0x00000000a7600000, 0x00000000a7700000, 0x00000000a7700000|100%| E|CS|TAMS 0x00000000a7600000, 0x00000000a7600000| Complete 
| 107|0x00000000a7700000, 0x00000000a7800000, 0x00000000a7800000|100%| E|CS|TAMS 0x00000000a7700000, 0x00000000a7700000| Complete 
| 108|0x00000000a7800000, 0x00000000a7900000, 0x00000000a7900000|100%| E|CS|TAMS 0x00000000a7800000, 0x00000000a7800000| Complete 
| 109|0x00000000a7900000, 0x00000000a7a00000, 0x00000000a7a00000|100%| E|CS|TAMS 0x00000000a7900000, 0x00000000a7900000| Complete 
| 110|0x00000000a7a00000, 0x00000000a7b00000, 0x00000000a7b00000|100%| E|CS|TAMS 0x00000000a7a00000, 0x00000000a7a00000| Complete 
| 111|0x00000000a7b00000, 0x00000000a7c00000, 0x00000000a7c00000|100%| E|CS|TAMS 0x00000000a7b00000, 0x00000000a7b00000| Complete 
| 112|0x00000000a7c00000, 0x00000000a7d00000, 0x00000000a7d00000|100%| E|CS|TAMS 0x00000000a7c00000, 0x00000000a7c00000| Complete 
| 113|0x00000000a7d00000, 0x00000000a7e00000, 0x00000000a7e00000|100%| E|CS|TAMS 0x00000000a7d00000, 0x00000000a7d00000| Complete 
| 114|0x00000000a7e00000, 0x00000000a7f00000, 0x00000000a7f00000|100%| E|CS|TAMS 0x00000000a7e00000, 0x00000000a7e00000| Complete 
| 115|0x00000000a7f00000, 0x00000000a8000000, 0x00000000a8000000|100%| E|CS|TAMS 0x00000000a7f00000, 0x00000000a7f00000| Complete 
| 116|0x00000000a8000000, 0x00000000a8100000, 0x00000000a8100000|100%| E|CS|TAMS 0x00000000a8000000, 0x00000000a8000000| Complete 
| 117|0x00000000a8100000, 0x00000000a8200000, 0x00000000a8200000|100%| E|CS|TAMS 0x00000000a8100000, 0x00000000a8100000| Complete 

Card table byte_map: [0x00000286d5bb0000,0x00000286d5eb0000] _byte_map_base: 0x00000286d56aa000

Marking Bits (Prev, Next): (CMBitMap*) 0x00000286bcfd87e0, (CMBitMap*) 0x00000286bcfd8820
 Prev Bits: [0x00000286d61b0000, 0x00000286d7980000)
 Next Bits: [0x00000286d7980000, 0x00000286d9150000)

Polling page: 0x00000286bcde0000

Metaspace:

Usage:
  Non-class:     14.38 MB used.
      Class:      1.85 MB used.
       Both:     16.23 MB used.

Virtual space:
  Non-class space:       64.00 MB reserved,      14.56 MB ( 23%) committed,  1 nodes.
      Class space:        1.00 GB reserved,       2.00 MB ( <1%) committed,  1 nodes.
             Both:        1.06 GB reserved,      16.56 MB (  2%) committed. 

Chunk freelists:
   Non-Class:  868.00 KB
       Class:  13.95 MB
        Both:  14.79 MB

MaxMetaspaceSize: unlimited
CompressedClassSpaceSize: 1.00 GB
Initial GC threshold: 21.00 MB
Current GC threshold: 21.00 MB
CDS: on
MetaspaceReclaimPolicy: balanced
 - commit_granule_bytes: 65536.
 - commit_granule_words: 8192.
 - virtual_space_node_default_size: 8388608.
 - enlarge_chunks_in_place: 1.
 - new_chunks_are_fully_committed: 0.
 - uncommit_free_chunks: 1.
 - use_allocation_guard: 0.
 - handle_deallocations: 1.


Internal statistics:

num_allocs_failed_limit: 0.
num_arena_births: 298.
num_arena_deaths: 0.
num_vsnodes_births: 2.
num_vsnodes_deaths: 0.
num_space_committed: 265.
num_space_uncommitted: 0.
num_chunks_returned_to_freelist: 0.
num_chunks_taken_from_freelist: 717.
num_chunk_merges: 0.
num_chunk_splits: 442.
num_chunks_enlarged: 289.
num_inconsistent_stats: 0.

CodeHeap 'non-profiled nmethods': size=120000Kb used=2352Kb max_used=2352Kb free=117647Kb
 bounds [0x00000286cdd60000, 0x00000286cdfd0000, 0x00000286d5290000]
CodeHeap 'profiled nmethods': size=120000Kb used=6826Kb max_used=6826Kb free=113173Kb
 bounds [0x00000286c6290000, 0x00000286c6940000, 0x00000286cd7c0000]
CodeHeap 'non-nmethods': size=5760Kb used=1617Kb max_used=1658Kb free=4142Kb
 bounds [0x00000286cd7c0000, 0x00000286cda30000, 0x00000286cdd60000]
 total_blobs=4724 nmethods=3681 adapters=955
 compilation: enabled
              stopped_count=0, restarted_count=0
 full_count=0

Compilation events (20 events):
Event: 9.250 Thread 0x00000286db6463e0 nmethod 3675 0x00000286c6936310 code [0x00000286c69364a0, 0x00000286c69365f8]
Event: 9.252 Thread 0x00000286db6463e0 3676       3       java.lang.invoke.LambdaForm$Name::internArguments (62 bytes)
Event: 9.252 Thread 0x00000286db6463e0 nmethod 3676 0x00000286c6936690 code [0x00000286c6936880, 0x00000286c6936f88]
Event: 9.252 Thread 0x00000286db6463e0 3677       3       java.lang.invoke.LambdaForm::methodType (48 bytes)
Event: 9.252 Thread 0x00000286db6463e0 nmethod 3677 0x00000286c6937110 code [0x00000286c6937300, 0x00000286c69378f8]
Event: 9.252 Thread 0x00000286db6463e0 3678       3       java.lang.invoke.LambdaFormBuffer::indexOf (33 bytes)
Event: 9.253 Thread 0x00000286db6463e0 nmethod 3678 0x00000286c6937b90 code [0x00000286c6937d60, 0x00000286c6938118]
Event: 9.253 Thread 0x00000286db6463e0 3683       3       java.lang.invoke.InvokerBytecodeGenerator::refKindOpcode (112 bytes)
Event: 9.253 Thread 0x00000286db6463e0 nmethod 3683 0x00000286c6938210 code [0x00000286c6938480, 0x00000286c6938d38]
Event: 9.253 Thread 0x00000286db6463e0 3680       3       jdk.internal.org.objectweb.asm.AnnotationWriter::<init> (60 bytes)
Event: 9.254 Thread 0x00000286db6463e0 nmethod 3680 0x00000286c6938f90 code [0x00000286c6939160, 0x00000286c6939568]
Event: 9.254 Thread 0x00000286db6463e0 3681       3       jdk.internal.org.objectweb.asm.AnnotationVisitor::<init> (7 bytes)
Event: 9.254 Thread 0x00000286db6463e0 nmethod 3681 0x00000286c6939710 code [0x00000286c69398c0, 0x00000286c6939a08]
Event: 9.254 Thread 0x00000286db6463e0 3682       3       jdk.internal.org.objectweb.asm.AnnotationVisitor::<init> (88 bytes)
Event: 9.255 Thread 0x00000286db6463e0 nmethod 3682 0x00000286c6939a90 code [0x00000286c6939ce0, 0x00000286c693a5c8]
Event: 9.255 Thread 0x00000286db6463e0 3679       1       java.lang.invoke.InvokerBytecodeGenerator::setClassWriter (6 bytes)
Event: 9.255 Thread 0x00000286db6463e0 nmethod 3679 0x00000286cdfabd10 code [0x00000286cdfabea0, 0x00000286cdfabfb8]
Event: 9.255 Thread 0x00000286db6463e0 3684       1       java.lang.Class::getClassData (5 bytes)
Event: 9.255 Thread 0x0000028722b4d490 nmethod 3641 0x00000286cdfa1d90 code [0x00000286cdfa2420, 0x00000286cdfa90f8]
Event: 9.255 Thread 0x00000286db6463e0 nmethod 3684 0x00000286cdfac010 code [0x00000286cdfac1a0, 0x00000286cdfac278]

GC Heap History (20 events):
Event: 2.081 GC heap before
{Heap before GC invocations=1 (full 0):
 garbage-first heap   total 98304K, used 22994K [0x00000000a0c00000, 0x0000000100000000)
  region size 1024K, 15 young (15360K), 2 survivors (2048K)
 Metaspace       used 2791K, committed 3008K, reserved 1114112K
  class space    used 270K, committed 384K, reserved 1048576K
}
Event: 2.087 GC heap after
{Heap after GC invocations=2 (full 0):
 garbage-first heap   total 98304K, used 10994K [0x00000000a0c00000, 0x0000000100000000)
  region size 1024K, 2 young (2048K), 2 survivors (2048K)
 Metaspace       used 2791K, committed 3008K, reserved 1114112K
  class space    used 270K, committed 384K, reserved 1048576K
}
Event: 2.773 GC heap before
{Heap before GC invocations=2 (full 0):
 garbage-first heap   total 98304K, used 32498K [0x00000000a0c00000, 0x0000000100000000)
  region size 1024K, 24 young (24576K), 2 survivors (2048K)
 Metaspace       used 4840K, committed 5056K, reserved 1114112K
  class space    used 471K, committed 576K, reserved 1048576K
}
Event: 2.780 GC heap after
{Heap after GC invocations=3 (full 0):
 garbage-first heap   total 98304K, used 14187K [0x00000000a0c00000, 0x0000000100000000)
  region size 1024K, 3 young (3072K), 3 survivors (3072K)
 Metaspace       used 4840K, committed 5056K, reserved 1114112K
  class space    used 471K, committed 576K, reserved 1048576K
}
Event: 3.319 GC heap before
{Heap before GC invocations=3 (full 0):
 garbage-first heap   total 98304K, used 53099K [0x00000000a0c00000, 0x0000000100000000)
  region size 1024K, 39 young (39936K), 3 survivors (3072K)
 Metaspace       used 4885K, committed 5120K, reserved 1114112K
  class space    used 471K, committed 576K, reserved 1048576K
}
Event: 3.329 GC heap after
{Heap after GC invocations=4 (full 0):
 garbage-first heap   total 98304K, used 20251K [0x00000000a0c00000, 0x0000000100000000)
  region size 1024K, 5 young (5120K), 5 survivors (5120K)
 Metaspace       used 4885K, committed 5120K, reserved 1114112K
  class space    used 471K, committed 576K, reserved 1048576K
}
Event: 3.521 GC heap before
{Heap before GC invocations=4 (full 0):
 garbage-first heap   total 98304K, used 66331K [0x00000000a0c00000, 0x0000000100000000)
  region size 1024K, 50 young (51200K), 5 survivors (5120K)
 Metaspace       used 4885K, committed 5120K, reserved 1114112K
  class space    used 471K, committed 576K, reserved 1048576K
}
Event: 3.529 GC heap after
{Heap after GC invocations=5 (full 0):
 garbage-first heap   total 98304K, used 20873K [0x00000000a0c00000, 0x0000000100000000)
  region size 1024K, 4 young (4096K), 4 survivors (4096K)
 Metaspace       used 4885K, committed 5120K, reserved 1114112K
  class space    used 471K, committed 576K, reserved 1048576K
}
Event: 5.076 GC heap before
{Heap before GC invocations=5 (full 0):
 garbage-first heap   total 98304K, used 75145K [0x00000000a0c00000, 0x0000000100000000)
  region size 1024K, 57 young (58368K), 4 survivors (4096K)
 Metaspace       used 5025K, committed 5248K, reserved 1114112K
  class space    used 480K, committed 640K, reserved 1048576K
}
Event: 5.084 GC heap after
{Heap after GC invocations=6 (full 0):
 garbage-first heap   total 98304K, used 23114K [0x00000000a0c00000, 0x0000000100000000)
  region size 1024K, 6 young (6144K), 6 survivors (6144K)
 Metaspace       used 5025K, committed 5248K, reserved 1114112K
  class space    used 480K, committed 640K, reserved 1048576K
}
Event: 5.496 GC heap before
{Heap before GC invocations=6 (full 0):
 garbage-first heap   total 98304K, used 75338K [0x00000000a0c00000, 0x0000000100000000)
  region size 1024K, 57 young (58368K), 6 survivors (6144K)
 Metaspace       used 5075K, committed 5312K, reserved 1114112K
  class space    used 481K, committed 640K, reserved 1048576K
}
Event: 5.503 GC heap after
{Heap after GC invocations=7 (full 0):
 garbage-first heap   total 98304K, used 26368K [0x00000000a0c00000, 0x0000000100000000)
  region size 1024K, 7 young (7168K), 7 survivors (7168K)
 Metaspace       used 5075K, committed 5312K, reserved 1114112K
  class space    used 481K, committed 640K, reserved 1048576K
}
Event: 5.738 GC heap before
{Heap before GC invocations=7 (full 0):
 garbage-first heap   total 98304K, used 76544K [0x00000000a0c00000, 0x0000000100000000)
  region size 1024K, 54 young (55296K), 7 survivors (7168K)
 Metaspace       used 5081K, committed 5312K, reserved 1114112K
  class space    used 481K, committed 640K, reserved 1048576K
}
Event: 5.746 GC heap after
{Heap after GC invocations=8 (full 0):
 garbage-first heap   total 98304K, used 31935K [0x00000000a0c00000, 0x0000000100000000)
  region size 1024K, 7 young (7168K), 7 survivors (7168K)
 Metaspace       used 5081K, committed 5312K, reserved 1114112K
  class space    used 481K, committed 640K, reserved 1048576K
}
Event: 5.827 GC heap before
{Heap before GC invocations=8 (full 0):
 garbage-first heap   total 98304K, used 75967K [0x00000000a0c00000, 0x0000000100000000)
  region size 1024K, 50 young (51200K), 7 survivors (7168K)
 Metaspace       used 5081K, committed 5312K, reserved 1114112K
  class space    used 481K, committed 640K, reserved 1048576K
}
Event: 5.833 GC heap after
{Heap after GC invocations=9 (full 0):
 garbage-first heap   total 120832K, used 32130K [0x00000000a0c00000, 0x0000000100000000)
  region size 1024K, 4 young (4096K), 4 survivors (4096K)
 Metaspace       used 5081K, committed 5312K, reserved 1114112K
  class space    used 481K, committed 640K, reserved 1048576K
}
Event: 7.055 GC heap before
{Heap before GC invocations=9 (full 0):
 garbage-first heap   total 120832K, used 95618K [0x00000000a0c00000, 0x0000000100000000)
  region size 1024K, 66 young (67584K), 4 survivors (4096K)
 Metaspace       used 6119K, committed 6336K, reserved 1114112K
  class space    used 603K, committed 704K, reserved 1048576K
}
Event: 7.063 GC heap after
{Heap after GC invocations=10 (full 0):
 garbage-first heap   total 120832K, used 35477K [0x00000000a0c00000, 0x0000000100000000)
  region size 1024K, 7 young (7168K), 7 survivors (7168K)
 Metaspace       used 6119K, committed 6336K, reserved 1114112K
  class space    used 603K, committed 704K, reserved 1048576K
}
Event: 8.276 GC heap before
{Heap before GC invocations=10 (full 0):
 garbage-first heap   total 120832K, used 95893K [0x00000000a0c00000, 0x0000000100000000)
  region size 1024K, 66 young (67584K), 7 survivors (7168K)
 Metaspace       used 12140K, committed 12416K, reserved 1114112K
  class space    used 1362K, committed 1472K, reserved 1048576K
}
Event: 8.292 GC heap after
{Heap after GC invocations=11 (full 0):
 garbage-first heap   total 120832K, used 37655K [0x00000000a0c00000, 0x0000000100000000)
  region size 1024K, 6 young (6144K), 6 survivors (6144K)
 Metaspace       used 12140K, committed 12416K, reserved 1114112K
  class space    used 1362K, committed 1472K, reserved 1048576K
}

Dll operation events (10 events):
Event: 0.041 Loaded shared library C:\Program Files\Eclipse Adoptium\jdk-17.0.9.9-hotspot\bin\java.dll
Event: 0.129 Loaded shared library C:\Program Files\Eclipse Adoptium\jdk-17.0.9.9-hotspot\bin\jsvml.dll
Event: 0.500 Loaded shared library C:\Program Files\Eclipse Adoptium\jdk-17.0.9.9-hotspot\bin\net.dll
Event: 0.506 Loaded shared library C:\Program Files\Eclipse Adoptium\jdk-17.0.9.9-hotspot\bin\nio.dll
Event: 0.514 Loaded shared library C:\Program Files\Eclipse Adoptium\jdk-17.0.9.9-hotspot\bin\zip.dll
Event: 0.723 Loaded shared library C:\Program Files\Eclipse Adoptium\jdk-17.0.9.9-hotspot\bin\jimage.dll
Event: 2.017 Loaded shared library C:\Program Files\Eclipse Adoptium\jdk-17.0.9.9-hotspot\bin\verify.dll
Event: 7.418 Loaded shared library C:\Program Files\Eclipse Adoptium\jdk-17.0.9.9-hotspot\bin\management.dll
Event: 7.426 Loaded shared library C:\Program Files\Eclipse Adoptium\jdk-17.0.9.9-hotspot\bin\management_ext.dll
Event: 9.120 Loaded shared library C:\Users\admin\AppData\Local\Temp\lwjgladmin\3.3.1-build-7\lwjgl.dll

Deoptimization events (20 events):
Event: 8.857 Thread 0x00000286bcf8c6f0 Uncommon trap: trap_request=0xffffff45 fr.pc=0x00000286cdee7924 relative=0x0000000000000604
Event: 8.857 Thread 0x00000286bcf8c6f0 Uncommon trap: reason=unstable_if action=reinterpret pc=0x00000286cdee7924 method=java.lang.AbstractStringBuilder.append(Ljava/lang/String;)Ljava/lang/AbstractStringBuilder; @ 1 c2
Event: 8.857 Thread 0x00000286bcf8c6f0 DEOPT PACKING pc=0x00000286cdee7924 sp=0x00000095346fdd30
Event: 8.857 Thread 0x00000286bcf8c6f0 DEOPT UNPACKING pc=0x00000286cd8169a3 sp=0x00000095346fdcc0 mode 2
Event: 8.858 Thread 0x00000286bcf8c6f0 Uncommon trap: trap_request=0xffffff45 fr.pc=0x00000286cded052c relative=0x000000000000060c
Event: 8.858 Thread 0x00000286bcf8c6f0 Uncommon trap: reason=unstable_if action=reinterpret pc=0x00000286cded052c method=java.lang.AbstractStringBuilder.append(Ljava/lang/String;)Ljava/lang/AbstractStringBuilder; @ 1 c2
Event: 8.858 Thread 0x00000286bcf8c6f0 DEOPT PACKING pc=0x00000286cded052c sp=0x00000095346fdd00
Event: 8.858 Thread 0x00000286bcf8c6f0 DEOPT UNPACKING pc=0x00000286cd8169a3 sp=0x00000095346fdcd8 mode 2
Event: 8.876 Thread 0x00000286bcf8c6f0 Uncommon trap: trap_request=0xffffffde fr.pc=0x00000286cde664e0 relative=0x00000000000031a0
Event: 8.876 Thread 0x00000286bcf8c6f0 Uncommon trap: reason=class_check action=maybe_recompile pc=0x00000286cde664e0 method=java.nio.file.FileTreeWalker.next()Ljava/nio/file/FileTreeWalker$Event; @ 37 c2
Event: 8.876 Thread 0x00000286bcf8c6f0 DEOPT PACKING pc=0x00000286cde664e0 sp=0x00000095346fe5e0
Event: 8.876 Thread 0x00000286bcf8c6f0 DEOPT UNPACKING pc=0x00000286cd8169a3 sp=0x00000095346fe538 mode 2
Event: 8.887 Thread 0x00000286bcf8c6f0 Uncommon trap: trap_request=0xffffffde fr.pc=0x00000286cdeb0770 relative=0x00000000000000d0
Event: 8.887 Thread 0x00000286bcf8c6f0 Uncommon trap: reason=class_check action=maybe_recompile pc=0x00000286cdeb0770 method=java.util.stream.AbstractPipeline.exactOutputSizeIfKnown(Ljava/util/Spliterator;)J @ 16 c2
Event: 8.887 Thread 0x00000286bcf8c6f0 DEOPT PACKING pc=0x00000286cdeb0770 sp=0x00000095346feca0
Event: 8.887 Thread 0x00000286bcf8c6f0 DEOPT UNPACKING pc=0x00000286cd8169a3 sp=0x00000095346fec20 mode 2
Event: 9.251 Thread 0x000002872313af80 Uncommon trap: trap_request=0xffffff45 fr.pc=0x00000286cde15824 relative=0x0000000000000104
Event: 9.251 Thread 0x000002872313af80 Uncommon trap: reason=unstable_if action=reinterpret pc=0x00000286cde15824 method=java.util.concurrent.TimeUnit.convert(JLjava/util/concurrent/TimeUnit;)J @ 8 c2
Event: 9.251 Thread 0x000002872313af80 DEOPT PACKING pc=0x00000286cde15824 sp=0x00000095360ff240
Event: 9.251 Thread 0x000002872313af80 DEOPT UNPACKING pc=0x00000286cd8169a3 sp=0x00000095360ff1f0 mode 2

Classes unloaded (0 events):
No events

Classes redefined (0 events):
No events

Internal exceptions (20 events):
Event: 8.963 Thread 0x00000286bcf8c6f0 Exception <a 'sun/nio/fs/WindowsException'{0x00000000a6d47588}> (0x00000000a6d47588) 
thrown [s\src\hotspot\share\prims\jni.cpp, line 516]
Event: 8.963 Thread 0x00000286bcf8c6f0 Exception <a 'sun/nio/fs/WindowsException'{0x00000000a6d47c68}> (0x00000000a6d47c68) 
thrown [s\src\hotspot\share\prims\jni.cpp, line 516]
Event: 9.072 Thread 0x00000286bcf8c6f0 Exception <a 'sun/nio/fs/WindowsException'{0x00000000a6d49118}> (0x00000000a6d49118) 
thrown [s\src\hotspot\share\prims\jni.cpp, line 516]
Event: 9.072 Thread 0x00000286bcf8c6f0 Exception <a 'sun/nio/fs/WindowsException'{0x00000000a6d493e8}> (0x00000000a6d493e8) 
thrown [s\src\hotspot\share\prims\jni.cpp, line 516]
Event: 9.072 Thread 0x00000286bcf8c6f0 Exception <a 'sun/nio/fs/WindowsException'{0x00000000a6d49df8}> (0x00000000a6d49df8) 
thrown [s\src\hotspot\share\prims\jni.cpp, line 516]
Event: 9.077 Thread 0x00000286bcf8c6f0 Exception <a 'sun/nio/fs/WindowsException'{0x00000000a6c426a8}> (0x00000000a6c426a8) 
thrown [s\src\hotspot\share\prims\jni.cpp, line 516]
Event: 9.081 Thread 0x00000286bcf8c6f0 Exception <a 'sun/nio/fs/WindowsException'{0x00000000a6c43a38}> (0x00000000a6c43a38) 
thrown [s\src\hotspot\share\prims\jni.cpp, line 516]
Event: 9.081 Thread 0x00000286bcf8c6f0 Exception <a 'sun/nio/fs/WindowsException'{0x00000000a6c43d88}> (0x00000000a6c43d88) 
thrown [s\src\hotspot\share\prims\jni.cpp, line 516]
Event: 9.125 Thread 0x00000286bcf8c6f0 Exception <a 'sun/nio/fs/WindowsException'{0x00000000a6bd03d8}> (0x00000000a6bd03d8) 
thrown [s\src\hotspot\share\prims\jni.cpp, line 516]
Event: 9.125 Thread 0x00000286bcf8c6f0 Exception <a 'sun/nio/fs/WindowsException'{0x00000000a6bd06a0}> (0x00000000a6bd06a0) 
thrown [s\src\hotspot\share\prims\jni.cpp, line 516]
Event: 9.126 Thread 0x00000286bcf8c6f0 Exception <a 'sun/nio/fs/WindowsException'{0x00000000a6bd1098}> (0x00000000a6bd1098) 
thrown [s\src\hotspot\share\prims\jni.cpp, line 516]
Event: 9.130 Thread 0x00000286bcf8c6f0 Exception <a 'sun/nio/fs/WindowsException'{0x00000000a6a33af0}> (0x00000000a6a33af0) 
thrown [s\src\hotspot\share\prims\jni.cpp, line 516]
Event: 9.132 Thread 0x00000286bcf8c6f0 Exception <a 'sun/nio/fs/WindowsException'{0x00000000a6a34828}> (0x00000000a6a34828) 
thrown [s\src\hotspot\share\prims\jni.cpp, line 516]
Event: 9.132 Thread 0x00000286bcf8c6f0 Exception <a 'sun/nio/fs/WindowsException'{0x00000000a6a34b88}> (0x00000000a6a34b88) 
thrown [s\src\hotspot\share\prims\jni.cpp, line 516]
Event: 9.144 Thread 0x00000286bcf8c6f0 Exception <a 'java/lang/NoSuchMethodError'{0x00000000a6971288}: 'int java.lang.invoke.DirectMethodHandle$Holder.invokeStaticInit(java.lang.Object, java.lang.Object, int, long)'> (0x00000000a6971288) 
thrown [s\src\hotspot\share\interpreter\linkResolver.cpp, line 759]
Event: 9.144 Thread 0x00000286bcf8c6f0 Exception <a 'java/lang/NoSuchMethodError'{0x00000000a6976e18}: 'java.lang.Object java.lang.invoke.DirectMethodHandle$Holder.newInvokeSpecial(java.lang.Object, java.lang.Object, int)'> (0x00000000a6976e18) 
thrown [s\src\hotspot\share\interpreter\linkResolver.cpp, line 759]
Event: 9.147 Thread 0x00000286bcf8c6f0 Exception <a 'java/lang/NoSuchMethodError'{0x00000000a698ab78}: 'int java.lang.invoke.DirectMethodHandle$Holder.invokeStaticInit(java.lang.Object, java.lang.Object, long, long)'> (0x00000000a698ab78) 
thrown [s\src\hotspot\share\interpreter\linkResolver.cpp, line 759]
Event: 9.147 Thread 0x00000286bcf8c6f0 Exception <a 'java/lang/NoSuchMethodError'{0x00000000a6990ad0}: 'java.lang.Object java.lang.invoke.DirectMethodHandle$Holder.newInvokeSpecial(java.lang.Object, java.lang.Object, long)'> (0x00000000a6990ad0) 
thrown [s\src\hotspot\share\interpreter\linkResolver.cpp, line 759]
Event: 9.147 Thread 0x00000286bcf8c6f0 Exception <a 'java/lang/NoSuchMethodError'{0x00000000a6994640}: 'java.lang.Object java.lang.invoke.Invokers$Holder.linkToTargetMethod(java.lang.Object, long, java.lang.Object)'> (0x00000000a6994640) 
thrown [s\src\hotspot\share\interpreter\linkResolver.cpp, line 759]
Event: 9.148 Thread 0x00000286bcf8c6f0 Exception <a 'java/lang/NoSuchMethodError'{0x00000000a699bdb8}: 'int java.lang.invoke.DirectMethodHandle$Holder.invokeStaticInit(java.lang.Object, java.lang.Object, java.lang.Object, long)'> (0x00000000a699bdb8) 
thrown [s\src\hotspot\share\interpreter\linkResolver.cpp, line 759]

VM Operations (20 events):
Event: 8.167 Executing VM operation: HandshakeAllThreads
Event: 8.167 Executing VM operation: HandshakeAllThreads done
Event: 8.169 Executing VM operation: HandshakeAllThreads
Event: 8.169 Executing VM operation: HandshakeAllThreads done
Event: 8.173 Executing VM operation: HandshakeAllThreads
Event: 8.173 Executing VM operation: HandshakeAllThreads done
Event: 8.276 Executing VM operation: G1CollectForAllocation
Event: 8.292 Executing VM operation: G1CollectForAllocation done
Event: 8.358 Executing VM operation: HandshakeAllThreads
Event: 8.358 Executing VM operation: HandshakeAllThreads done
Event: 8.569 Executing VM operation: HandshakeAllThreads
Event: 8.569 Executing VM operation: HandshakeAllThreads done
Event: 8.672 Executing VM operation: HandshakeAllThreads
Event: 8.672 Executing VM operation: HandshakeAllThreads done
Event: 8.866 Executing VM operation: HandshakeAllThreads
Event: 8.866 Executing VM operation: HandshakeAllThreads done
Event: 9.140 Executing VM operation: ICBufferFull
Event: 9.140 Executing VM operation: ICBufferFull done
Event: 9.252 Executing VM operation: HandshakeAllThreads
Event: 9.252 Executing VM operation: HandshakeAllThreads done

Events (20 events):
Event: 9.143 loading class java/util/function/LongPredicate done
Event: 9.149 loading class java/nio/InvalidMarkException
Event: 9.150 loading class java/nio/InvalidMarkException done
Event: 9.150 loading class java/nio/BufferUnderflowException
Event: 9.150 loading class java/nio/BufferUnderflowException done
Event: 9.249 loading class java/util/concurrent/ScheduledThreadPoolExecutor$ScheduledFutureTask
Event: 9.249 loading class java/util/concurrent/FutureTask
Event: 9.249 loading class java/util/concurrent/FutureTask done
Event: 9.249 loading class java/util/concurrent/ScheduledThreadPoolExecutor$ScheduledFutureTask done
Event: 9.250 loading class java/util/concurrent/FutureTask$WaitNode
Event: 9.250 loading class java/util/concurrent/FutureTask$WaitNode done
Event: 9.250 loading class java/util/concurrent/Executors$RunnableAdapter
Event: 9.250 loading class java/util/concurrent/Executors$RunnableAdapter done
Event: 9.250 loading class java/util/concurrent/ThreadPoolExecutor$Worker
Event: 9.250 loading class java/util/concurrent/ThreadPoolExecutor$Worker done
Event: 9.250 Thread 0x000002872313af80 Thread added: 0x000002872313af80
Event: 9.251 loading class java/util/concurrent/locks/AbstractQueuedSynchronizer$ConditionNode
Event: 9.251 loading class java/util/concurrent/ForkJoinPool$ManagedBlocker
Event: 9.251 loading class java/util/concurrent/ForkJoinPool$ManagedBlocker done
Event: 9.251 loading class java/util/concurrent/locks/AbstractQueuedSynchronizer$ConditionNode done


Dynamic libraries:
0x00007ff736de0000 - 0x00007ff736dee000 	C:\Program Files\Eclipse Adoptium\jdk-17.0.9.9-hotspot\bin\java.exe
0x00007ff9df6b0000 - 0x00007ff9df8a8000 	C:\Windows\SYSTEM32\ntdll.dll
0x00007ff9dd730000 - 0x00007ff9dd7ed000 	C:\Windows\System32\KERNEL32.DLL
0x00007ff9dce10000 - 0x00007ff9dd106000 	C:\Windows\System32\KERNELBASE.dll
0x00007ff9dd460000 - 0x00007ff9dd560000 	C:\Windows\System32\ucrtbase.dll
0x00007ff9c7f20000 - 0x00007ff9c7f37000 	C:\Program Files\Eclipse Adoptium\jdk-17.0.9.9-hotspot\bin\jli.dll
0x00007ff9c0960000 - 0x00007ff9c097b000 	C:\Program Files\Eclipse Adoptium\jdk-17.0.9.9-hotspot\bin\VCRUNTIME140.dll
0x00007ff9df120000 - 0x00007ff9df2be000 	C:\Windows\System32\USER32.dll
0x00007ff9dd430000 - 0x00007ff9dd452000 	C:\Windows\System32\win32u.dll
0x00007ff9dd940000 - 0x00007ff9dd96c000 	C:\Windows\System32\GDI32.dll
0x00007ff9dd5f0000 - 0x00007ff9dd70a000 	C:\Windows\System32\gdi32full.dll
0x00007ff9cd6c0000 - 0x00007ff9cd95a000 	C:\Windows\WinSxS\amd64_microsoft.windows.common-controls_6595b64144ccf1df_6.0.19041.3636_none_60b6a03d71f818d5\COMCTL32.dll
0x00007ff9dd230000 - 0x00007ff9dd2cd000 	C:\Windows\System32\msvcp_win.dll
0x00007ff9ded50000 - 0x00007ff9dedee000 	C:\Windows\System32\msvcrt.dll
0x00007ff9df000000 - 0x00007ff9df030000 	C:\Windows\System32\IMM32.DLL
0x00007ff9cd170000 - 0x00007ff9cd17c000 	C:\Program Files\Eclipse Adoptium\jdk-17.0.9.9-hotspot\bin\vcruntime140_1.dll
0x00007ff9b57c0000 - 0x00007ff9b584d000 	C:\Program Files\Eclipse Adoptium\jdk-17.0.9.9-hotspot\bin\msvcp140.dll
0x00007ff9ae780000 - 0x00007ff9af3e1000 	C:\Program Files\Eclipse Adoptium\jdk-17.0.9.9-hotspot\bin\server\jvm.dll
0x00007ff9df2c0000 - 0x00007ff9df36f000 	C:\Windows\System32\ADVAPI32.dll
0x00007ff9df4a0000 - 0x00007ff9df53c000 	C:\Windows\System32\sechost.dll
0x00007ff9df370000 - 0x00007ff9df496000 	C:\Windows\System32\RPCRT4.dll
0x00007ff9c8610000 - 0x00007ff9c8619000 	C:\Windows\SYSTEM32\WSOCK32.dll
0x00007ff9df540000 - 0x00007ff9df5ab000 	C:\Windows\System32\WS2_32.dll
0x00007ff9dcbf0000 - 0x00007ff9dcc3b000 	C:\Windows\SYSTEM32\POWRPROF.dll
0x00007ff9d40d0000 - 0x00007ff9d40f7000 	C:\Windows\SYSTEM32\WINMM.dll
0x00007ff9d5370000 - 0x00007ff9d537a000 	C:\Windows\SYSTEM32\VERSION.dll
0x00007ff9dcbd0000 - 0x00007ff9dcbe2000 	C:\Windows\SYSTEM32\UMPDC.dll
0x00007ff9db5e0000 - 0x00007ff9db5f2000 	C:\Windows\SYSTEM32\kernel.appcore.dll
0x00007ff9cc8a0000 - 0x00007ff9cc8aa000 	C:\Program Files\Eclipse Adoptium\jdk-17.0.9.9-hotspot\bin\jimage.dll
0x00007ff9dabb0000 - 0x00007ff9dad94000 	C:\Windows\SYSTEM32\DBGHELP.DLL
0x00007ff9c5390000 - 0x00007ff9c53c4000 	C:\Windows\SYSTEM32\dbgcore.DLL
0x00007ff9dd560000 - 0x00007ff9dd5e2000 	C:\Windows\System32\bcryptPrimitives.dll
0x00007ff9c0910000 - 0x00007ff9c0935000 	C:\Program Files\Eclipse Adoptium\jdk-17.0.9.9-hotspot\bin\java.dll
0x00007ff9b41c0000 - 0x00007ff9b4297000 	C:\Program Files\Eclipse Adoptium\jdk-17.0.9.9-hotspot\bin\jsvml.dll
0x00007ff9de600000 - 0x00007ff9ded45000 	C:\Windows\System32\SHELL32.dll
0x00007ff9dada0000 - 0x00007ff9db53b000 	C:\Windows\SYSTEM32\windows.storage.dll
0x00007ff9ddaa0000 - 0x00007ff9dddf4000 	C:\Windows\System32\combase.dll
0x00007ff9dc700000 - 0x00007ff9dc72d000 	C:\Windows\SYSTEM32\Wldp.dll
0x00007ff9dd890000 - 0x00007ff9dd93d000 	C:\Windows\System32\SHCORE.dll
0x00007ff9de480000 - 0x00007ff9de4d5000 	C:\Windows\System32\shlwapi.dll
0x00007ff9dccc0000 - 0x00007ff9dcce5000 	C:\Windows\SYSTEM32\profapi.dll
0x00007ff9b6a80000 - 0x00007ff9b6a99000 	C:\Program Files\Eclipse Adoptium\jdk-17.0.9.9-hotspot\bin\net.dll
0x00007ff9d2ef0000 - 0x00007ff9d2ffa000 	C:\Windows\SYSTEM32\WINHTTP.dll
0x00007ff9dc460000 - 0x00007ff9dc4ca000 	C:\Windows\system32\mswsock.dll
0x00007ff9b6a60000 - 0x00007ff9b6a76000 	C:\Program Files\Eclipse Adoptium\jdk-17.0.9.9-hotspot\bin\nio.dll
0x00007ff9be1e0000 - 0x00007ff9be1f8000 	C:\Program Files\Eclipse Adoptium\jdk-17.0.9.9-hotspot\bin\zip.dll
0x00007ff9c7f10000 - 0x00007ff9c7f20000 	C:\Program Files\Eclipse Adoptium\jdk-17.0.9.9-hotspot\bin\verify.dll
0x00007ff9c4680000 - 0x00007ff9c4689000 	C:\Program Files\Eclipse Adoptium\jdk-17.0.9.9-hotspot\bin\management.dll
0x00007ff9c3100000 - 0x00007ff9c310b000 	C:\Program Files\Eclipse Adoptium\jdk-17.0.9.9-hotspot\bin\management_ext.dll
0x00007ff9df030000 - 0x00007ff9df038000 	C:\Windows\System32\PSAPI.DLL
0x00007ff9c30e0000 - 0x00007ff9c30f7000 	C:\Windows\system32\napinsp.dll
0x00007ff9c1650000 - 0x00007ff9c166b000 	C:\Windows\system32\pnrpnsp.dll
0x00007ff9d7970000 - 0x00007ff9d7985000 	C:\Windows\system32\wshbth.dll
0x00007ff9d8390000 - 0x00007ff9d83ad000 	C:\Windows\system32\NLAapi.dll
0x00007ff9dc150000 - 0x00007ff9dc18b000 	C:\Windows\SYSTEM32\IPHLPAPI.DLL
0x00007ff9dc190000 - 0x00007ff9dc25a000 	C:\Windows\SYSTEM32\DNSAPI.dll
0x00007ff9df660000 - 0x00007ff9df668000 	C:\Windows\System32\NSI.dll
0x00007ff9c1630000 - 0x00007ff9c1642000 	C:\Windows\System32\winrnr.dll
0x00007ff9cab50000 - 0x00007ff9cab5a000 	C:\Windows\System32\rasadhlp.dll
0x00007ff9cab70000 - 0x00007ff9cabf0000 	C:\Windows\System32\fwpuclnt.dll
0x00007ff9dcd90000 - 0x00007ff9dcdb7000 	C:\Windows\System32\bcrypt.dll
0x00007ff9b6200000 - 0x00007ff9b6275000 	C:\Users\admin\AppData\Local\Temp\lwjgladmin\3.3.1-build-7\lwjgl.dll
0x00007ff9b5fe0000 - 0x00007ff9b6041000 	C:\Users\admin\AppData\Local\Temp\lwjgladmin\3.3.1-build-7\glfw.dll
0x00007ff9b5770000 - 0x00007ff9b57b5000 	C:\Windows\SYSTEM32\dinput8.dll
0x00007ff9b6a40000 - 0x00007ff9b6a51000 	C:\Windows\SYSTEM32\xinput1_4.dll
0x00007ff9dcdc0000 - 0x00007ff9dce0e000 	C:\Windows\System32\cfgmgr32.dll
0x00007ff9dca50000 - 0x00007ff9dca83000 	C:\Windows\SYSTEM32\DEVOBJ.dll
0x00007ff9da620000 - 0x00007ff9da64f000 	C:\Windows\SYSTEM32\dwmapi.dll
0x00007ff9d08e0000 - 0x00007ff9d0a32000 	C:\Windows\SYSTEM32\inputhost.dll
0x00007ff9dd9d0000 - 0x00007ff9dda9d000 	C:\Windows\System32\OLEAUT32.dll
0x00007ff9d85b0000 - 0x00007ff9d86a6000 	C:\Windows\SYSTEM32\PROPSYS.dll
0x00007ff9d9f40000 - 0x00007ff9da032000 	C:\Windows\SYSTEM32\CoreMessaging.dll
0x00007ff9d93c0000 - 0x00007ff9d9515000 	C:\Windows\SYSTEM32\wintypes.dll
0x00007ff9d9a90000 - 0x00007ff9d9deb000 	C:\Windows\SYSTEM32\CoreUIComponents.dll
0x00007ff9dbeb0000 - 0x00007ff9dbee3000 	C:\Windows\SYSTEM32\ntmarta.dll
0x00007ff9da440000 - 0x00007ff9da4de000 	C:\Windows\system32\uxtheme.dll
0x00007ff9de4e0000 - 0x00007ff9de5f4000 	C:\Windows\System32\MSCTF.dll
0x00007ff99ee50000 - 0x00007ff99ef75000 	C:\Windows\SYSTEM32\opengl32.dll
0x00007ff9a0080000 - 0x00007ff9a00ac000 	C:\Windows\SYSTEM32\GLU32.dll
0x00007ff9df5b0000 - 0x00007ff9df659000 	C:\Windows\System32\clbcatq.dll
0x00007ff9d5130000 - 0x00007ff9d515d000 	C:\Windows\System32\DriverStore\FileRepository\u0390451.inf_amd64_39377efdd62734d1\B390182\atig6pxx.dll
0x00007ff96c6a0000 - 0x00007ff9702d5000 	C:\Windows\System32\DriverStore\FileRepository\u0390451.inf_amd64_39377efdd62734d1\B390182\atio6axx.dll
0x00007ff9dde00000 - 0x00007ff9de26e000 	C:\Windows\System32\SETUPAPI.dll
0x00007ff9dd110000 - 0x00007ff9dd177000 	C:\Windows\System32\WINTRUST.dll
0x00007ff9dd2d0000 - 0x00007ff9dd42d000 	C:\Windows\System32\CRYPT32.dll
0x00007ff9dc890000 - 0x00007ff9dc8a2000 	C:\Windows\SYSTEM32\MSASN1.dll

dbghelp: loaded successfully - version: 4.0.5 - missing functions: none
symbol engine: initialized successfully - sym options: 0x614 - pdb path: .;C:\Program Files\Eclipse Adoptium\jdk-17.0.9.9-hotspot\bin;C:\Windows\SYSTEM32;C:\Windows\WinSxS\amd64_microsoft.windows.common-controls_6595b64144ccf1df_6.0.19041.3636_none_60b6a03d71f818d5;C:\Program Files\Eclipse Adoptium\jdk-17.0.9.9-hotspot\bin\server;C:\Users\admin\AppData\Local\Temp\lwjgladmin\3.3.1-build-7;C:\Windows\System32\DriverStore\FileRepository\u0390451.inf_amd64_39377efdd62734d1\B390182

VM Arguments:
jvm_args: -Dforge.enableGameTest=true -Dforge.enabledGameTestNamespaces=enhanced_minecraft -Dforge.logging.console.level=debug -Dforge.logging.markers=REGISTRIES -DignoreList=bootstraplauncher,securejarhandler,asm-commons,asm-util,asm-analysis,asm-tree,asm,JarJarFileSystems,client-extra,fmlcore,javafmllanguage,lowcodelanguage,mclanguage,forge- -Djava.net.preferIPv6Addresses=system -DlegacyClassPath.file=D:\Repositorios Github\Enhanced-Minecraft-Mod\Enhanched_Minecraft_Mod\build\classpath\runClient_minecraftClasspath.txt -DmergeModules=jna-5.10.0.jar,jna-platform-5.10.0.jar --module-path=C:\Users\admin\.gradle\caches\modules-2\files-2.1\cpw.mods\bootstraplauncher\1.1.2\c546e00443d8432cda6baa1c860346980742628\bootstraplauncher-1.1.2.jar;C:\Users\admin\.gradle\caches\modules-2\files-2.1\cpw.mods\securejarhandler\2.1.10\51e6a22c6c716beb11e244bf5b8be480f51dd6b5\securejarhandler-2.1.10.jar;C:\Users\admin\.gradle\caches\modules-2\files-2.1\org.ow2.asm\asm-commons\9.5\19ab5b5800a3910d30d3a3e64fdb00fd0cb42de0\asm-commons-9.5.jar;C:\Users\admin\.gradle\caches\modules-2\files-2.1\org.ow2.asm\asm-util\9.5\64b5a1fc8c1b15ed2efd6a063e976bc8d3dc5ffe\asm-util-9.5.jar;C:\Users\admin\.gradle\caches\modules-2\files-2.1\org.ow2.asm\asm-analysis\9.5\490bacc77de7cbc0be1a30bb3471072d705be4a4\asm-analysis-9.5.jar;C:\Users\admin\.gradle\caches\modules-2\files-2.1\org.ow2.asm\asm-tree\9.5\fd33c8b6373abaa675be407082fdfda35021254a\asm-tree-9.5.jar;C:\Users\admin\.gradle\caches\modules-2\files-2.1\org.ow2.asm\asm\9.5\dc6ea1875f4d64fbc85e1691c95b96a3d8569c90\asm-9.5.jar;C:\Users\admin\.gradle\caches\modules-2\files-2.1\net.minecraftforge\JarJarFileSystems\0.3.19\2464eb7d6b9ddb9db36a82cf8a95193e5c6fe020\JarJarFileSystems-0.3.19.jar --add-modules=ALL-MODULE-PATH --add-opens=java.base/java.util.jar=cpw.mods.securejarhandler --add-opens=java.base/java.lang.invoke=cpw.mods.securejarhandler --add-exports=java.base/sun.security.util=cpw.mods.securejarhandler --add-exports=jdk.naming.dns/com.sun.jndi.dns=java.naming -XX:HeapDumpPath=MojangTricksIntelDriversForPerformance_javaw.exe_minecraft.exe.heapdump -Dfile.encoding=windows-1252 -Duser.country=AR -Duser.language=es -Duser.variant 
java_command: cpw.mods.bootstraplauncher.BootstrapLauncher --launchTarget forgeclientuserdev --version MOD_DEV --assetIndex 5 --assetsDir C:\Users\admin\.gradle\caches\forge_gradle\assets --gameDir . --fml.forgeVersion 47.2.0 --fml.mcVersion 1.20.1 --fml.forgeGroup net.minecraftforge --fml.mcpVersion 20230612.114412
java_class_path (initial): D:\Repositorios Github\Enhanced-Minecraft-Mod\Enhanched_Minecraft_Mod\build\classes\java\main;D:\Repositorios Github\Enhanced-Minecraft-Mod\Enhanched_Minecraft_Mod\build\resources\main;C:\Users\admin\.gradle\caches\forge_gradle\minecraft_user_repo\net\minecraftforge\forge\1.20.1-47.2.0_mapped_parchment_2023.06.26-1.20.1\forge-1.20.1-47.2.0_mapped_parchment_2023.06.26-1.20.1.jar;C:\Users\admin\.gradle\caches\forge_gradle\minecraft_repo\versions\1.20.1\client-extra.jar;C:\Users\admin\.gradle\caches\modules-2\files-2.1\net.minecraftforge\fmlearlydisplay\1.20.1-47.2.0\4c56a03dcedcb909c7eaa8469dd5a36c493a0008\fmlearlydisplay-1.20.1-47.2.0.jar;C:\Users\admin\.gradle\caches\modules-2\files-2.1\net.minecraftforge\javafmllanguage\1.20.1-47.2.0\7f9181f85acc66547685a72020713fc8cbde98\javafmllanguage-1.20.1-47.2.0.jar;C:\Users\admin\.gradle\caches\modules-2\files-2.1\net.minecraftforge\lowcodelanguage\1.20.1-47.2.0\7872f5205685fdd26fae39b1be79b0e60ca5b7bd\lowcodelanguage-1.20.1-47.2.0.jar;C:\Users\admin\.gradle\caches\modules-2\files-2.1\net.minecraftforge\mclanguage\1.20.1-47.2.0\d501d161cabed08b3c139a2c6217b02a39f3c3e9\mclanguage-1.20.1-47.2.0.jar;C:\Users\admin\.gradle\caches\modules-2\files-2.1\net.minecraftforge\fmlcore\1.20.1-47.2.0\ffd3c6debac0a388c9e33ac43c9f5eafb91cb466\fmlcore-1.20.1-47.2.0.jar;C:\Users\admin\.gradle\caches\modules-2\files-2.1\net.minecraftforge\fmlloader\1.20.1-47.2.0\7811231940c0a8b6008453bbc64fdf7fa1280fe9\fmlloader-1.20.1-47.2.0.jar;C:\Users\admin\.gradle\caches\modules-2\files-2.1\net.minecraftforge\JarJarSelector\0.3.19\376cc9c8ea60720cf027c01fc033de915699801c\JarJarSelector-0.3.19.jar;C:\Users\admin\.gradle\caches\modules-2\files-2.1\net.minecraftforge\JarJarMetadata\0.3.19\83feaa9b770e6ac0e96ee4fc23fa89325c5fe2\JarJarMetadata-0.3.19.jar;C:\Users\admin\.gradle\caches\modules-2\files-2.1\com.google.guava\guava\31.1-jre\60458f877d055d0c9114d9e1a2efb737b4bc282c\guava-31.1-jre.jar;C:\Users\admin\.gradle\caches\modules-2
Launcher Type: SUN_STANDARD

[Global flags]
     intx CICompilerCount                          = 3                                         {product} {ergonomic}
     uint ConcGCThreads                            = 1                                         {product} {ergonomic}
     uint G1ConcRefinementThreads                  = 4                                         {product} {ergonomic}
   size_t G1HeapRegionSize                         = 1048576                                   {product} {ergonomic}
    uintx GCDrainStackTargetSize                   = 64                                        {product} {ergonomic}
    ccstr HeapDumpPath                             = MojangTricksIntelDriversForPerformance_javaw.exe_minecraft.exe.heapdump         {manageable} {command line}
   size_t InitialHeapSize                          = 100663296                                 {product} {ergonomic}
   size_t MarkStackSize                            = 4194304                                   {product} {ergonomic}
   size_t MaxHeapSize                              = 1598029824                                {product} {ergonomic}
   size_t MaxNewSize                               = 958398464                                 {product} {ergonomic}
   size_t MinHeapDeltaBytes                        = 1048576                                   {product} {ergonomic}
   size_t MinHeapSize                              = 8388608                                   {product} {ergonomic}
    uintx NonNMethodCodeHeapSize                   = 5832780                                {pd product} {ergonomic}
    uintx NonProfiledCodeHeapSize                  = 122912730                              {pd product} {ergonomic}
    uintx ProfiledCodeHeapSize                     = 122912730                              {pd product} {ergonomic}
    uintx ReservedCodeCacheSize                    = 251658240                              {pd product} {ergonomic}
     bool SegmentedCodeCache                       = true                                      {product} {ergonomic}
   size_t SoftMaxHeapSize                          = 1598029824                             {manageable} {ergonomic}
     bool UseCompressedClassPointers               = true                           {product lp64_product} {ergonomic}
     bool UseCompressedOops                        = true                           {product lp64_product} {ergonomic}
     bool UseG1GC                                  = true                                      {product} {ergonomic}
     bool UseLargePagesIndividualAllocation        = false                                  {pd product} {ergonomic}

Logging:
Log output configuration:
 #0: stdout all=warning uptime,level,tags
 #1: stderr all=off uptime,level,tags

Environment Variables:
JAVA_HOME=C:\Program Files\Eclipse Adoptium\jdk-17.0.9.9-hotspot\
PATH=C:\Program Files\Eclipse Adoptium\jdk-17.0.9.9-hotspot\bin;C:\Program Files\Common Files\Oracle\Java\javapath;C:\Windows\system32;C:\Windows;C:\Windows\System32\Wbem;C:\Windows\System32\WindowsPowerShell\v1.0\;C:\Windows\System32\OpenSSH\;C:\Program Files\dotnet\;C:\Program Files\Git\cmd;C:\Users\admin\AppData\Local\Microsoft\WindowsApps;C:\Users\admin\.dotnet\tools;C:\Users\admin\AppData\Local\GitHubDesktop\bin
USERNAME=admin
OS=Windows_NT
PROCESSOR_IDENTIFIER=AMD64 Family 23 Model 17 Stepping 0, AuthenticAMD
TMP=C:\Users\admin\AppData\Local\Temp
TEMP=C:\Users\admin\AppData\Local\Temp



Periodic native trim disabled


---------------  S Y S T E M  ---------------

OS:
 Windows 10 , 64 bit Build 19041 (10.0.19041.3636)
OS uptime: 26 days 17:41 hours

CPU: total 4 (initial active 4) (4 cores per cpu, 2 threads per core) family 23 model 17 stepping 0 microcode 0x0, cx8, cmov, fxsr, ht, mmx, 3dnowpref, sse, sse2, sse3, ssse3, sse4a, sse4.1, sse4.2, popcnt, lzcnt, tsc, tscinvbit, avx, avx2, aes, clmul, bmi1, bmi2, adx, sha, fma, vzeroupper, clflush, clflushopt
Processor Information for all 4 processors :
  Max Mhz: 2500, Current Mhz: 2500, Mhz Limit: 2500

Memory: 4k page, system-wide physical 6092M (342M free)
TotalPageFile size 14792M (AvailPageFile size 1619M)
current process WorkingSet (physical memory assigned to process): 217M, peak: 219M
current process commit charge ("private bytes"): 254M, peak: 259M

vm_info: OpenJDK 64-Bit Server VM (17.0.9+9) for windows-amd64 JRE (17.0.9+9), built on Oct 26 2023 14:01:42 by "admin" with MS VC++ 16.10 / 16.11 (VS2019)

END.
