#
# A fatal error has been detected by the Java Runtime Environment:
#
#  EXCEPTION_ACCESS_VIOLATION (0xc0000005) at pc=0x00007ff96c832b60, pid=4420, tid=14828
#
# JRE version: Java(TM) SE Runtime Environment (17.0.9+11) (build 17.0.9+11-LTS-201)
# Java VM: Java HotSpot(TM) 64-Bit Server VM (17.0.9+11-LTS-201, mixed mode, sharing, tiered, compressed oops, compressed class ptrs, g1 gc, windows-amd64)
# Problematic frame:
# C  [atio6axx.dll+0x192b60]
#
# No core dump will be written. Minidumps are not enabled by default on client versions of Windows
#
# If you would like to submit a bug report, please visit:
#   https://bugreport.java.com/bugreport/crash.jsp
# The crash happened outside the Java Virtual Machine in native code.
# See problematic frame for where to report the bug.
#

---------------  S U M M A R Y ------------

Command Line: -Dforge.enableGameTest=true -Dforge.enabledGameTestNamespaces=enhanced_minecraft -Dforge.logging.console.level=debug -Dforge.logging.markers=REGISTRIES -DignoreList=bootstraplauncher,securejarhandler,asm-commons,asm-util,asm-analysis,asm-tree,asm,JarJarFileSystems,client-extra,fmlcore,javafmllanguage,lowcodelanguage,mclanguage,forge- -Djava.net.preferIPv6Addresses=system -DlegacyClassPath.file=D:\Repositorios Github\Enhanced-Minecraft-Mod\Enhanched_Minecraft_Mod\build\classpath\runClient_minecraftClasspath.txt -DmergeModules=jna-5.10.0.jar,jna-platform-5.10.0.jar --module-path=C:\Users\admin\.gradle\caches\modules-2\files-2.1\cpw.mods\bootstraplauncher\1.1.2\c546e00443d8432cda6baa1c860346980742628\bootstraplauncher-1.1.2.jar;C:\Users\admin\.gradle\caches\modules-2\files-2.1\cpw.mods\securejarhandler\2.1.10\51e6a22c6c716beb11e244bf5b8be480f51dd6b5\securejarhandler-2.1.10.jar;C:\Users\admin\.gradle\caches\modules-2\files-2.1\org.ow2.asm\asm-commons\9.5\19ab5b5800a3910d30d3a3e64fdb00fd0cb42de0\asm-commons-9.5.jar;C:\Users\admin\.gradle\caches\modules-2\files-2.1\org.ow2.asm\asm-util\9.5\64b5a1fc8c1b15ed2efd6a063e976bc8d3dc5ffe\asm-util-9.5.jar;C:\Users\admin\.gradle\caches\modules-2\files-2.1\org.ow2.asm\asm-analysis\9.5\490bacc77de7cbc0be1a30bb3471072d705be4a4\asm-analysis-9.5.jar;C:\Users\admin\.gradle\caches\modules-2\files-2.1\org.ow2.asm\asm-tree\9.5\fd33c8b6373abaa675be407082fdfda35021254a\asm-tree-9.5.jar;C:\Users\admin\.gradle\caches\modules-2\files-2.1\org.ow2.asm\asm\9.5\dc6ea1875f4d64fbc85e1691c95b96a3d8569c90\asm-9.5.jar;C:\Users\admin\.gradle\caches\modules-2\files-2.1\net.minecraftforge\JarJarFileSystems\0.3.19\2464eb7d6b9ddb9db36a82cf8a95193e5c6fe020\JarJarFileSystems-0.3.19.jar --add-modules=ALL-MODULE-PATH --add-opens=java.base/java.util.jar=cpw.mods.securejarhandler --add-opens=java.base/java.lang.invoke=cpw.mods.securejarhandler --add-exports=java.base/sun.security.util=cpw.mods.securejarhandler --add-exports=jdk.naming.dns/com.sun.jndi.dns=java.naming -XX:HeapDumpPath=MojangTricksIntelDriversForPerformance_javaw.exe_minecraft.exe.heapdump -Dfile.encoding=windows-1252 -Duser.country=AR -Duser.language=es -Duser.variant cpw.mods.bootstraplauncher.BootstrapLauncher --launchTarget forgeclientuserdev --version MOD_DEV --assetIndex 5 --assetsDir C:\Users\admin\.gradle\caches\forge_gradle\assets --gameDir . --fml.forgeVersion 47.2.0 --fml.mcVersion 1.20.1 --fml.forgeGroup net.minecraftforge --fml.mcpVersion 20230612.114412

Host: AMD Ryzen 3 2200U with Radeon Vega Mobile Gfx  , 4 cores, 5G,  Windows 10 , 64 bit Build 19041 (10.0.19041.3636)
Time: Tue Jan  9 10:50:31 2024 Hora estándar de Argentina elapsed time: 14.693491 seconds (0d 0h 0m 14s)

---------------  T H R E A D  ---------------

Current thread (0x000002c7aff707d0):  JavaThread "main" [_thread_in_native, id=14828, stack(0x000000f5a5c00000,0x000000f5a5d00000)]

Stack: [0x000000f5a5c00000,0x000000f5a5d00000],  sp=0x000000f5a5cfb648,  free space=1005k
Native frames: (J=compiled Java code, j=interpreted, Vv=VM code, C=native code)
C  [atio6axx.dll+0x192b60]

Java frames: (J=compiled Java code, j=interpreted, Vv=VM code)
j  org.lwjgl.system.JNI.invokePPPP(IIJJJJ)J+0 org.lwjgl@3.3.1+7
j  org.lwjgl.glfw.GLFW.nglfwCreateWindow(IIJJJ)J+14 org.lwjgl.glfw@3.3.1+7
j  org.lwjgl.glfw.GLFW.glfwCreateWindow(IILjava/lang/CharSequence;JJ)J+34 org.lwjgl.glfw@3.3.1+7
j  net.minecraftforge.fml.earlydisplay.DisplayWindow.initWindow(Ljava/lang/String;)V+408 fmlearlydisplay@1.20.1-47.2.0
j  net.minecraftforge.fml.earlydisplay.DisplayWindow.start(Ljava/lang/String;Ljava/lang/String;)Ljava/lang/Runnable;+14 fmlearlydisplay@1.20.1-47.2.0
j  net.minecraftforge.fml.earlydisplay.DisplayWindow.initialize([Ljava/lang/String;)Ljava/lang/Runnable;+410 fmlearlydisplay@1.20.1-47.2.0
j  net.minecraftforge.fml.loading.ImmediateWindowHandler.load(Ljava/lang/String;[Ljava/lang/String;)V+180 fmlloader@1.20.1-47.2.0
j  net.minecraftforge.fml.loading.ModDirTransformerDiscoverer.earlyInitialization(Ljava/lang/String;[Ljava/lang/String;)V+2 fmlloader@1.20.1-47.2.0
j  cpw.mods.modlauncher.TransformationServicesHandler.lambda$discoverServices$18(Lcpw/mods/modlauncher/ArgumentHandler$DiscoveryData;Lcpw/mods/modlauncher/serviceapi/ITransformerDiscoveryService;)V+9 cpw.mods.modlauncher@10.0.9
j  cpw.mods.modlauncher.TransformationServicesHandler$$Lambda$416+0x000002c7d02169b0.accept(Ljava/lang/Object;)V+8 cpw.mods.modlauncher@10.0.9
j  java.lang.Iterable.forEach(Ljava/util/function/Consumer;)V+30 java.base@17.0.9
j  cpw.mods.modlauncher.TransformationServicesHandler.discoverServices(Lcpw/mods/modlauncher/ArgumentHandler$DiscoveryData;)V+145 cpw.mods.modlauncher@10.0.9
j  cpw.mods.modlauncher.Launcher.run([Ljava/lang/String;)V+14 cpw.mods.modlauncher@10.0.9
j  cpw.mods.modlauncher.Launcher.main([Ljava/lang/String;)V+78 cpw.mods.modlauncher@10.0.9
j  cpw.mods.modlauncher.BootstrapLaunchConsumer.accept([Ljava/lang/String;)V+1 cpw.mods.modlauncher@10.0.9
j  cpw.mods.modlauncher.BootstrapLaunchConsumer.accept(Ljava/lang/Object;)V+5 cpw.mods.modlauncher@10.0.9
j  cpw.mods.bootstraplauncher.BootstrapLauncher.main([Ljava/lang/String;)V+515 cpw.mods.bootstraplauncher@1.1.2
v  ~StubRoutines::call_stub

siginfo: EXCEPTION_ACCESS_VIOLATION (0xc0000005), reading address 0xffffffffffffffff


Register to memory mapping:

RIP=0x00007ff96c832b60 atio6axx.dll
RAX=0x0 is NULL
RBX=0x00007ff9700733b0 atio6axx.dll
RCX=0x65686361635c656c is an unknown value
RDX=0x00000000000000d0 is an unknown value
RSP=0x000000f5a5cfb648 is pointing into the stack for thread: 0x000002c7aff707d0
RBP=0x000000f5a5cfb7b0 is pointing into the stack for thread: 0x000002c7aff707d0
RSI=0x00007ff96ff82d40 atio6axx.dll
RDI=0x000000f5a5cfbaa0 is pointing into the stack for thread: 0x000002c7aff707d0
R8 =0x00000000000001a5 is an unknown value
R9 =0x65686361635c656c is an unknown value
R10=0x0 is NULL
R11=0x0000000000000200 is an unknown value
R12=0x00007ff970073408 atio6axx.dll
R13=0x00007ff970075c08 atio6axx.dll
R14=0x00007ff9700733b0 atio6axx.dll
R15=0x0 is NULL


Registers:
RAX=0x0000000000000000, RBX=0x00007ff9700733b0, RCX=0x65686361635c656c, RDX=0x00000000000000d0
RSP=0x000000f5a5cfb648, RBP=0x000000f5a5cfb7b0, RSI=0x00007ff96ff82d40, RDI=0x000000f5a5cfbaa0
R8 =0x00000000000001a5, R9 =0x65686361635c656c, R10=0x0000000000000000, R11=0x0000000000000200
R12=0x00007ff970073408, R13=0x00007ff970075c08, R14=0x00007ff9700733b0, R15=0x0000000000000000
RIP=0x00007ff96c832b60, EFLAGS=0x0000000000010206

Top of Stack: (sp=0x000000f5a5cfb648)
0x000000f5a5cfb648:   00007ff96c832e7c 00007ff970076020
0x000000f5a5cfb658:   000002c814712018 0000000000000000
0x000000f5a5cfb668:   00007ff96c833e8d 000000f5a5cfbaa0
0x000000f5a5cfb678:   00007ff96c7ef484 00007ff9700733b0
0x000000f5a5cfb688:   00007ff96ff82d40 0000652e6176616a
0x000000f5a5cfb698:   00000dad62fe8065 000000f5a5cfbaa0
0x000000f5a5cfb6a8:   00007ff96c7f0457 00007ff9700733b8
0x000000f5a5cfb6b8:   00007ff96ff82d40 00007ff96ff82d40
0x000000f5a5cfb6c8:   000002c8154535b8 00007ff9700733b0
0x000000f5a5cfb6d8:   00007ff900000000 0000000000000009
0x000000f5a5cfb6e8:   000002c815453780 000002c8154538e8
0x000000f5a5cfb6f8:   00007ff9700733b8 000000f5a5cfbaa0
0x000000f5a5cfb708:   000000f5a5cfb851 00007f006176616a
0x000000f5a5cfb718:   00007f006176616a 46676e697274535c
0x000000f5a5cfb728:   5c6f666e49656c69 3062343039303430
0x000000f5a5cfb738:   726556656c69465c 000000006e6f6973 

Instructions: (pc=0x00007ff96c832b60)
0x00007ff96c832a60:   74 09 33 c9 ff 15 e6 89 66 03 90 48 8b c3 48 83
0x00007ff96c832a70:   c4 20 5b c3 cc cc cc cc cc cc cc cc cc cc cc cc
0x00007ff96c832a80:   48 83 ec 28 48 8b 51 08 48 85 d2 74 09 33 c9 ff
0x00007ff96c832a90:   15 bb 89 66 03 90 48 83 c4 28 c3 cc cc cc cc cc
0x00007ff96c832aa0:   48 89 11 c3 cc cc cc cc cc cc cc cc cc cc cc cc
0x00007ff96c832ab0:   48 8b c1 c3 cc cc cc cc cc cc cc cc cc cc cc cc
0x00007ff96c832ac0:   48 3b ca 74 10 41 8b 00 39 01 74 09 48 83 c1 04
0x00007ff96c832ad0:   48 3b ca 75 f3 48 8b c1 c3 cc cc cc cc cc cc cc
0x00007ff96c832ae0:   48 8b c1 c3 cc cc cc cc cc cc cc cc cc cc cc cc
0x00007ff96c832af0:   48 83 39 00 0f 94 c0 c3 cc cc cc cc cc cc cc cc
0x00007ff96c832b00:   4c 8d 04 d5 00 00 00 00 33 d2 e9 c1 d0 dd 01 cc
0x00007ff96c832b10:   4c 8b 41 08 48 8b 02 49 89 00 48 83 41 08 08 c3
0x00007ff96c832b20:   48 8b c1 c3 cc cc cc cc cc cc cc cc cc cc cc cc
0x00007ff96c832b30:   48 8b c1 c3 cc cc cc cc cc cc cc cc cc cc cc cc
0x00007ff96c832b40:   49 8b 00 48 89 02 c3 cc cc cc cc cc cc cc cc cc
0x00007ff96c832b50:   8b 81 40 39 00 00 c3 cc cc cc cc cc cc cc cc cc
0x00007ff96c832b60:   8b 81 40 39 00 00 83 c0 f0 83 f8 67 0f 87 5a 01
0x00007ff96c832b70:   00 00 48 8d 15 87 d4 e6 ff 0f b6 84 02 f0 2c 19
0x00007ff96c832b80:   00 8b 8c 82 d0 2c 19 00 48 03 ca ff e1 48 8b 0d
0x00007ff96c832b90:   6c 6f 7e 03 83 b9 b4 34 00 00 02 0f 87 2b 01 00
0x00007ff96c832ba0:   00 48 8d 91 0c 29 00 00 c7 02 e1 00 00 00 e9 ce
0x00007ff96c832bb0:   00 00 00 48 8b 0d 46 6f 7e 03 83 b9 b4 34 00 00
0x00007ff96c832bc0:   02 0f 87 05 01 00 00 48 8d 91 0c 29 00 00 c7 02
0x00007ff96c832bd0:   f0 00 00 00 e9 a8 00 00 00 48 8b 0d 20 6f 7e 03
0x00007ff96c832be0:   83 b9 b4 34 00 00 02 0f 87 df 00 00 00 48 8d 91
0x00007ff96c832bf0:   0c 29 00 00 c7 02 00 04 00 00 e9 82 00 00 00 48
0x00007ff96c832c00:   8b 0d fa 6e 7e 03 83 b9 b4 34 00 00 02 0f 87 b9
0x00007ff96c832c10:   00 00 00 48 8d 91 0c 29 00 00 c7 02 00 08 00 00
0x00007ff96c832c20:   eb 5f 48 8b 0d d7 6e 7e 03 83 b9 b4 34 00 00 02
0x00007ff96c832c30:   0f 87 96 00 00 00 48 8d 91 0c 29 00 00 c7 02 00
0x00007ff96c832c40:   09 00 00 eb 3c 48 8b 0d b4 6e 7e 03 83 b9 b4 34
0x00007ff96c832c50:   00 00 02 77 77 48 8d 91 0c 29 00 00 c7 02 3c 0f 


Stack slot to memory mapping:
stack at sp + 0 slots: 0x00007ff96c832e7c atio6axx.dll
stack at sp + 1 slots: 0x00007ff970076020 atio6axx.dll
stack at sp + 2 slots: 0x000002c814712018 points into unknown readable memory: 0x00007ff96f87f5f0 | f0 f5 87 6f f9 7f 00 00
stack at sp + 3 slots: 0x0 is NULL
stack at sp + 4 slots: 0x00007ff96c833e8d atio6axx.dll
stack at sp + 5 slots: 0x000000f5a5cfbaa0 is pointing into the stack for thread: 0x000002c7aff707d0
stack at sp + 6 slots: 0x00007ff96c7ef484 atio6axx.dll
stack at sp + 7 slots: 0x00007ff9700733b0 atio6axx.dll


---------------  P R O C E S S  ---------------

Threads class SMR info:
_java_thread_list=0x000002c814d73d80, length=14, elements={
0x000002c7aff707d0, 0x000002c7ce465d90, 0x000002c7ce4672c0, 0x000002c7ce47aef0,
0x000002c7ce47c330, 0x000002c7ce47be20, 0x000002c7ce47b400, 0x000002c7ce484270,
0x000002c7ce484c30, 0x000002c7ce47e190, 0x000002c7ce47dc80, 0x000002c7ce47e6a0,
0x000002c814f81030, 0x000002c7ce47d260
}

Java Threads: ( => current thread )
=>0x000002c7aff707d0 JavaThread "main" [_thread_in_native, id=14828, stack(0x000000f5a5c00000,0x000000f5a5d00000)]
  0x000002c7ce465d90 JavaThread "Reference Handler" daemon [_thread_blocked, id=7920, stack(0x000000f5a6300000,0x000000f5a6400000)]
  0x000002c7ce4672c0 JavaThread "Finalizer" daemon [_thread_blocked, id=9052, stack(0x000000f5a6400000,0x000000f5a6500000)]
  0x000002c7ce47aef0 JavaThread "Signal Dispatcher" daemon [_thread_blocked, id=7708, stack(0x000000f5a6500000,0x000000f5a6600000)]
  0x000002c7ce47c330 JavaThread "Attach Listener" daemon [_thread_blocked, id=12128, stack(0x000000f5a6600000,0x000000f5a6700000)]
  0x000002c7ce47be20 JavaThread "Service Thread" daemon [_thread_blocked, id=14516, stack(0x000000f5a6700000,0x000000f5a6800000)]
  0x000002c7ce47b400 JavaThread "Monitor Deflation Thread" daemon [_thread_blocked, id=11240, stack(0x000000f5a6800000,0x000000f5a6900000)]
  0x000002c7ce484270 JavaThread "C2 CompilerThread0" daemon [_thread_blocked, id=7872, stack(0x000000f5a6900000,0x000000f5a6a00000)]
  0x000002c7ce484c30 JavaThread "C1 CompilerThread0" daemon [_thread_blocked, id=6480, stack(0x000000f5a6a00000,0x000000f5a6b00000)]
  0x000002c7ce47e190 JavaThread "Sweeper thread" daemon [_thread_blocked, id=6872, stack(0x000000f5a6b00000,0x000000f5a6c00000)]
  0x000002c7ce47dc80 JavaThread "Common-Cleaner" daemon [_thread_blocked, id=14840, stack(0x000000f5a6c00000,0x000000f5a6d00000)]
  0x000002c7ce47e6a0 JavaThread "Notification Thread" daemon [_thread_blocked, id=6584, stack(0x000000f5a6e00000,0x000000f5a6f00000)]
  0x000002c814f81030 JavaThread "C2 CompilerThread1" daemon [_thread_blocked, id=14696, stack(0x000000f5a6d00000,0x000000f5a6e00000)]
  0x000002c7ce47d260 JavaThread "pool-2-thread-1" daemon [_thread_blocked, id=7620, stack(0x000000f5a7600000,0x000000f5a7700000)]

Other Threads:
  0x000002c7ce4606a0 VMThread "VM Thread" [stack: 0x000000f5a6200000,0x000000f5a6300000] [id=13612]
  0x000002c7aff74a70 WatcherThread [stack: 0x000000f5a6f00000,0x000000f5a7000000] [id=13984]
  0x000002c7affbda90 GCTaskThread "GC Thread#0" [stack: 0x000000f5a5d00000,0x000000f5a5e00000] [id=12636]
  0x000002c81409e650 GCTaskThread "GC Thread#1" [stack: 0x000000f5a7000000,0x000000f5a7100000] [id=12956]
  0x000002c81439e300 GCTaskThread "GC Thread#2" [stack: 0x000000f5a7100000,0x000000f5a7200000] [id=6880]
  0x000002c81439e5c0 GCTaskThread "GC Thread#3" [stack: 0x000000f5a7200000,0x000000f5a7300000] [id=9100]
  0x000002c7affcb780 ConcurrentGCThread "G1 Main Marker" [stack: 0x000000f5a5e00000,0x000000f5a5f00000] [id=14472]
  0x000002c7affcc0a0 ConcurrentGCThread "G1 Conc#0" [stack: 0x000000f5a5f00000,0x000000f5a6000000] [id=14400]
  0x000002c7ce330090 ConcurrentGCThread "G1 Refine#0" [stack: 0x000000f5a6000000,0x000000f5a6100000] [id=3864]
  0x000002c7ce3309d0 ConcurrentGCThread "G1 Service" [stack: 0x000000f5a6100000,0x000000f5a6200000] [id=6116]

Threads with active compile tasks:

VM state: not at safepoint (normal execution)

VM Mutex/Monitor currently owned by a thread: None

Heap address: 0x00000000a0c00000, size: 1524 MB, Compressed Oops mode: 32-bit

CDS archive(s) mapped at: [0x000002c7cf000000-0x000002c7cfbd0000-0x000002c7cfbd0000), size 12386304, SharedBaseAddress: 0x000002c7cf000000, ArchiveRelocationMode: 1.
Compressed class space mapped at: 0x000002c7d0000000-0x000002c810000000, reserved size: 1073741824
Narrow klass base: 0x000002c7cf000000, Narrow klass shift: 0, Narrow klass range: 0x100000000

GC Precious Log:
 CPUs: 4 total, 4 available
 Memory: 6092M
 Large Page Support: Disabled
 NUMA Support: Disabled
 Compressed Oops: Enabled (32-bit)
 Heap Region Size: 1M
 Heap Min Capacity: 8M
 Heap Initial Capacity: 96M
 Heap Max Capacity: 1524M
 Pre-touch: Disabled
 Parallel Workers: 4
 Concurrent Workers: 1
 Concurrent Refinement Workers: 4
 Periodic GC: Disabled

Heap:
 garbage-first heap   total 138240K, used 67983K [0x00000000a0c00000, 0x0000000100000000)
  region size 1024K, 39 young (39936K), 5 survivors (5120K)
 Metaspace       used 16717K, committed 17088K, reserved 1114112K
  class space    used 1904K, committed 2048K, reserved 1048576K

Heap Regions: E=young(eden), S=young(survivor), O=old, HS=humongous(starts), HC=humongous(continues), CS=collection set, F=free, OA=open archive, CA=closed archive, TAMS=top-at-mark-start (previous, next)
|   0|0x00000000a0c00000, 0x00000000a0d00000, 0x00000000a0d00000|100%|HS|  |TAMS 0x00000000a0c00000, 0x00000000a0c00000| Complete 
|   1|0x00000000a0d00000, 0x00000000a0e00000, 0x00000000a0e00000|100%|HS|  |TAMS 0x00000000a0d00000, 0x00000000a0d00000| Complete 
|   2|0x00000000a0e00000, 0x00000000a0f00000, 0x00000000a0f00000|100%|HC|  |TAMS 0x00000000a0e00000, 0x00000000a0e00000| Complete 
|   3|0x00000000a0f00000, 0x00000000a1000000, 0x00000000a1000000|100%| O|  |TAMS 0x00000000a0f00000, 0x00000000a0f00000| Untracked 
|   4|0x00000000a1000000, 0x00000000a1100000, 0x00000000a1100000|100%| O|  |TAMS 0x00000000a1000000, 0x00000000a1000000| Untracked 
|   5|0x00000000a1100000, 0x00000000a1200000, 0x00000000a1200000|100%| O|  |TAMS 0x00000000a1100000, 0x00000000a1100000| Untracked 
|   6|0x00000000a1200000, 0x00000000a1300000, 0x00000000a1300000|100%|HS|  |TAMS 0x00000000a1200000, 0x00000000a1200000| Complete 
|   7|0x00000000a1300000, 0x00000000a1400000, 0x00000000a1400000|100%|HC|  |TAMS 0x00000000a1300000, 0x00000000a1300000| Complete 
|   8|0x00000000a1400000, 0x00000000a1500000, 0x00000000a1500000|100%| O|  |TAMS 0x00000000a1400000, 0x00000000a1400000| Untracked 
|   9|0x00000000a1500000, 0x00000000a1600000, 0x00000000a1600000|100%| O|  |TAMS 0x00000000a1500000, 0x00000000a1500000| Untracked 
|  10|0x00000000a1600000, 0x00000000a1700000, 0x00000000a1700000|100%| O|  |TAMS 0x00000000a1600000, 0x00000000a1600000| Untracked 
|  11|0x00000000a1700000, 0x00000000a1800000, 0x00000000a1800000|100%|HS|  |TAMS 0x00000000a1700000, 0x00000000a1700000| Complete 
|  12|0x00000000a1800000, 0x00000000a1900000, 0x00000000a1900000|100%|HC|  |TAMS 0x00000000a1800000, 0x00000000a1800000| Complete 
|  13|0x00000000a1900000, 0x00000000a1a00000, 0x00000000a1a00000|100%| O|  |TAMS 0x00000000a1900000, 0x00000000a1900000| Untracked 
|  14|0x00000000a1a00000, 0x00000000a1b00000, 0x00000000a1b00000|100%| O|  |TAMS 0x00000000a1a00000, 0x00000000a1a00000| Untracked 
|  15|0x00000000a1b00000, 0x00000000a1c00000, 0x00000000a1c00000|100%| O|  |TAMS 0x00000000a1b00000, 0x00000000a1b00000| Untracked 
|  16|0x00000000a1c00000, 0x00000000a1d00000, 0x00000000a1d00000|100%| O|  |TAMS 0x00000000a1c00000, 0x00000000a1c00000| Untracked 
|  17|0x00000000a1d00000, 0x00000000a1e00000, 0x00000000a1e00000|100%| O|  |TAMS 0x00000000a1d00000, 0x00000000a1d00000| Untracked 
|  18|0x00000000a1e00000, 0x00000000a1f00000, 0x00000000a1f00000|100%| O|  |TAMS 0x00000000a1e00000, 0x00000000a1e00000| Untracked 
|  19|0x00000000a1f00000, 0x00000000a2000000, 0x00000000a2000000|100%|HS|  |TAMS 0x00000000a1f00000, 0x00000000a1f00000| Complete 
|  20|0x00000000a2000000, 0x00000000a2100000, 0x00000000a2100000|100%|HC|  |TAMS 0x00000000a2000000, 0x00000000a2000000| Complete 
|  21|0x00000000a2100000, 0x00000000a2200000, 0x00000000a2200000|100%| O|  |TAMS 0x00000000a2100000, 0x00000000a2100000| Untracked 
|  22|0x00000000a2200000, 0x00000000a2300000, 0x00000000a2300000|100%| O|  |TAMS 0x00000000a2200000, 0x00000000a2200000| Untracked 
|  23|0x00000000a2300000, 0x00000000a2400000, 0x00000000a2400000|100%| O|  |TAMS 0x00000000a2300000, 0x00000000a2300000| Untracked 
|  24|0x00000000a2400000, 0x00000000a2500000, 0x00000000a2500000|100%| O|  |TAMS 0x00000000a2400000, 0x00000000a2400000| Untracked 
|  25|0x00000000a2500000, 0x00000000a2600000, 0x00000000a2600000|100%| O|  |TAMS 0x00000000a2500000, 0x00000000a2500000| Untracked 
|  26|0x00000000a2600000, 0x00000000a2700000, 0x00000000a2700000|100%| O|  |TAMS 0x00000000a2600000, 0x00000000a2600000| Untracked 
|  27|0x00000000a2700000, 0x00000000a2800000, 0x00000000a2800000|100%| O|  |TAMS 0x00000000a2700000, 0x00000000a2700000| Untracked 
|  28|0x00000000a2800000, 0x00000000a2900000, 0x00000000a2900000|100%| O|  |TAMS 0x00000000a2800000, 0x00000000a2800000| Untracked 
|  29|0x00000000a2900000, 0x00000000a29a9800, 0x00000000a2a00000| 66%| O|  |TAMS 0x00000000a2900000, 0x00000000a2900000| Untracked 
|  30|0x00000000a2a00000, 0x00000000a2a00000, 0x00000000a2b00000|  0%| F|  |TAMS 0x00000000a2a00000, 0x00000000a2a00000| Untracked 
|  31|0x00000000a2b00000, 0x00000000a2b00000, 0x00000000a2c00000|  0%| F|  |TAMS 0x00000000a2b00000, 0x00000000a2b00000| Untracked 
|  32|0x00000000a2c00000, 0x00000000a2c00000, 0x00000000a2d00000|  0%| F|  |TAMS 0x00000000a2c00000, 0x00000000a2c00000| Untracked 
|  33|0x00000000a2d00000, 0x00000000a2d00000, 0x00000000a2e00000|  0%| F|  |TAMS 0x00000000a2d00000, 0x00000000a2d00000| Untracked 
|  34|0x00000000a2e00000, 0x00000000a2e00000, 0x00000000a2f00000|  0%| F|  |TAMS 0x00000000a2e00000, 0x00000000a2e00000| Untracked 
|  35|0x00000000a2f00000, 0x00000000a2f00000, 0x00000000a3000000|  0%| F|  |TAMS 0x00000000a2f00000, 0x00000000a2f00000| Untracked 
|  36|0x00000000a3000000, 0x00000000a3000000, 0x00000000a3100000|  0%| F|  |TAMS 0x00000000a3000000, 0x00000000a3000000| Untracked 
|  37|0x00000000a3100000, 0x00000000a3100000, 0x00000000a3200000|  0%| F|  |TAMS 0x00000000a3100000, 0x00000000a3100000| Untracked 
|  38|0x00000000a3200000, 0x00000000a3200000, 0x00000000a3300000|  0%| F|  |TAMS 0x00000000a3200000, 0x00000000a3200000| Untracked 
|  39|0x00000000a3300000, 0x00000000a3300000, 0x00000000a3400000|  0%| F|  |TAMS 0x00000000a3300000, 0x00000000a3300000| Untracked 
|  40|0x00000000a3400000, 0x00000000a3400000, 0x00000000a3500000|  0%| F|  |TAMS 0x00000000a3400000, 0x00000000a3400000| Untracked 
|  41|0x00000000a3500000, 0x00000000a3500000, 0x00000000a3600000|  0%| F|  |TAMS 0x00000000a3500000, 0x00000000a3500000| Untracked 
|  42|0x00000000a3600000, 0x00000000a3600000, 0x00000000a3700000|  0%| F|  |TAMS 0x00000000a3600000, 0x00000000a3600000| Untracked 
|  43|0x00000000a3700000, 0x00000000a3700000, 0x00000000a3800000|  0%| F|  |TAMS 0x00000000a3700000, 0x00000000a3700000| Untracked 
|  44|0x00000000a3800000, 0x00000000a3800000, 0x00000000a3900000|  0%| F|  |TAMS 0x00000000a3800000, 0x00000000a3800000| Untracked 
|  45|0x00000000a3900000, 0x00000000a3900000, 0x00000000a3a00000|  0%| F|  |TAMS 0x00000000a3900000, 0x00000000a3900000| Untracked 
|  46|0x00000000a3a00000, 0x00000000a3a00000, 0x00000000a3b00000|  0%| F|  |TAMS 0x00000000a3a00000, 0x00000000a3a00000| Untracked 
|  47|0x00000000a3b00000, 0x00000000a3b00000, 0x00000000a3c00000|  0%| F|  |TAMS 0x00000000a3b00000, 0x00000000a3b00000| Untracked 
|  48|0x00000000a3c00000, 0x00000000a3c00000, 0x00000000a3d00000|  0%| F|  |TAMS 0x00000000a3c00000, 0x00000000a3c00000| Untracked 
|  49|0x00000000a3d00000, 0x00000000a3d00000, 0x00000000a3e00000|  0%| F|  |TAMS 0x00000000a3d00000, 0x00000000a3d00000| Untracked 
|  50|0x00000000a3e00000, 0x00000000a3e00000, 0x00000000a3f00000|  0%| F|  |TAMS 0x00000000a3e00000, 0x00000000a3e00000| Untracked 
|  51|0x00000000a3f00000, 0x00000000a3f00000, 0x00000000a4000000|  0%| F|  |TAMS 0x00000000a3f00000, 0x00000000a3f00000| Untracked 
|  52|0x00000000a4000000, 0x00000000a4000000, 0x00000000a4100000|  0%| F|  |TAMS 0x00000000a4000000, 0x00000000a4000000| Untracked 
|  53|0x00000000a4100000, 0x00000000a4100000, 0x00000000a4200000|  0%| F|  |TAMS 0x00000000a4100000, 0x00000000a4100000| Untracked 
|  54|0x00000000a4200000, 0x00000000a4200000, 0x00000000a4300000|  0%| F|  |TAMS 0x00000000a4200000, 0x00000000a4200000| Untracked 
|  55|0x00000000a4300000, 0x00000000a4300000, 0x00000000a4400000|  0%| F|  |TAMS 0x00000000a4300000, 0x00000000a4300000| Untracked 
|  56|0x00000000a4400000, 0x00000000a4400000, 0x00000000a4500000|  0%| F|  |TAMS 0x00000000a4400000, 0x00000000a4400000| Untracked 
|  57|0x00000000a4500000, 0x00000000a4500000, 0x00000000a4600000|  0%| F|  |TAMS 0x00000000a4500000, 0x00000000a4500000| Untracked 
|  58|0x00000000a4600000, 0x00000000a4600000, 0x00000000a4700000|  0%| F|  |TAMS 0x00000000a4600000, 0x00000000a4600000| Untracked 
|  59|0x00000000a4700000, 0x00000000a4700000, 0x00000000a4800000|  0%| F|  |TAMS 0x00000000a4700000, 0x00000000a4700000| Untracked 
|  60|0x00000000a4800000, 0x00000000a4800000, 0x00000000a4900000|  0%| F|  |TAMS 0x00000000a4800000, 0x00000000a4800000| Untracked 
|  61|0x00000000a4900000, 0x00000000a4900000, 0x00000000a4a00000|  0%| F|  |TAMS 0x00000000a4900000, 0x00000000a4900000| Untracked 
|  62|0x00000000a4a00000, 0x00000000a4a00000, 0x00000000a4b00000|  0%| F|  |TAMS 0x00000000a4a00000, 0x00000000a4a00000| Untracked 
|  63|0x00000000a4b00000, 0x00000000a4b00000, 0x00000000a4c00000|  0%| F|  |TAMS 0x00000000a4b00000, 0x00000000a4b00000| Untracked 
|  64|0x00000000a4c00000, 0x00000000a4c00000, 0x00000000a4d00000|  0%| F|  |TAMS 0x00000000a4c00000, 0x00000000a4c00000| Untracked 
|  65|0x00000000a4d00000, 0x00000000a4dba718, 0x00000000a4e00000| 72%| S|CS|TAMS 0x00000000a4d00000, 0x00000000a4d00000| Complete 
|  66|0x00000000a4e00000, 0x00000000a4f00000, 0x00000000a4f00000|100%| S|CS|TAMS 0x00000000a4e00000, 0x00000000a4e00000| Complete 
|  67|0x00000000a4f00000, 0x00000000a5000000, 0x00000000a5000000|100%| S|CS|TAMS 0x00000000a4f00000, 0x00000000a4f00000| Complete 
|  68|0x00000000a5000000, 0x00000000a5100000, 0x00000000a5100000|100%| S|CS|TAMS 0x00000000a5000000, 0x00000000a5000000| Complete 
|  69|0x00000000a5100000, 0x00000000a5200000, 0x00000000a5200000|100%| S|CS|TAMS 0x00000000a5100000, 0x00000000a5100000| Complete 
|  70|0x00000000a5200000, 0x00000000a5200000, 0x00000000a5300000|  0%| F|  |TAMS 0x00000000a5200000, 0x00000000a5200000| Untracked 
|  71|0x00000000a5300000, 0x00000000a5300000, 0x00000000a5400000|  0%| F|  |TAMS 0x00000000a5300000, 0x00000000a5300000| Untracked 
|  72|0x00000000a5400000, 0x00000000a5400000, 0x00000000a5500000|  0%| F|  |TAMS 0x00000000a5400000, 0x00000000a5400000| Untracked 
|  73|0x00000000a5500000, 0x00000000a5500000, 0x00000000a5600000|  0%| F|  |TAMS 0x00000000a5500000, 0x00000000a5500000| Untracked 
|  74|0x00000000a5600000, 0x00000000a5600000, 0x00000000a5700000|  0%| F|  |TAMS 0x00000000a5600000, 0x00000000a5600000| Untracked 
|  75|0x00000000a5700000, 0x00000000a5700000, 0x00000000a5800000|  0%| F|  |TAMS 0x00000000a5700000, 0x00000000a5700000| Untracked 
|  76|0x00000000a5800000, 0x00000000a5800000, 0x00000000a5900000|  0%| F|  |TAMS 0x00000000a5800000, 0x00000000a5800000| Untracked 
|  77|0x00000000a5900000, 0x00000000a5900000, 0x00000000a5a00000|  0%| F|  |TAMS 0x00000000a5900000, 0x00000000a5900000| Untracked 
|  78|0x00000000a5a00000, 0x00000000a5a00000, 0x00000000a5b00000|  0%| F|  |TAMS 0x00000000a5a00000, 0x00000000a5a00000| Untracked 
|  79|0x00000000a5b00000, 0x00000000a5b00000, 0x00000000a5c00000|  0%| F|  |TAMS 0x00000000a5b00000, 0x00000000a5b00000| Untracked 
|  80|0x00000000a5c00000, 0x00000000a5c00000, 0x00000000a5d00000|  0%| F|  |TAMS 0x00000000a5c00000, 0x00000000a5c00000| Untracked 
|  81|0x00000000a5d00000, 0x00000000a5d00000, 0x00000000a5e00000|  0%| F|  |TAMS 0x00000000a5d00000, 0x00000000a5d00000| Untracked 
|  82|0x00000000a5e00000, 0x00000000a5e00000, 0x00000000a5f00000|  0%| F|  |TAMS 0x00000000a5e00000, 0x00000000a5e00000| Untracked 
|  83|0x00000000a5f00000, 0x00000000a5f00000, 0x00000000a6000000|  0%| F|  |TAMS 0x00000000a5f00000, 0x00000000a5f00000| Untracked 
|  84|0x00000000a6000000, 0x00000000a6000000, 0x00000000a6100000|  0%| F|  |TAMS 0x00000000a6000000, 0x00000000a6000000| Untracked 
|  85|0x00000000a6100000, 0x00000000a6100000, 0x00000000a6200000|  0%| F|  |TAMS 0x00000000a6100000, 0x00000000a6100000| Untracked 
|  86|0x00000000a6200000, 0x00000000a6200000, 0x00000000a6300000|  0%| F|  |TAMS 0x00000000a6200000, 0x00000000a6200000| Untracked 
|  87|0x00000000a6300000, 0x00000000a6300000, 0x00000000a6400000|  0%| F|  |TAMS 0x00000000a6300000, 0x00000000a6300000| Untracked 
|  88|0x00000000a6400000, 0x00000000a6400000, 0x00000000a6500000|  0%| F|  |TAMS 0x00000000a6400000, 0x00000000a6400000| Untracked 
|  89|0x00000000a6500000, 0x00000000a6500000, 0x00000000a6600000|  0%| F|  |TAMS 0x00000000a6500000, 0x00000000a6500000| Untracked 
|  90|0x00000000a6600000, 0x00000000a6600000, 0x00000000a6700000|  0%| F|  |TAMS 0x00000000a6600000, 0x00000000a6600000| Untracked 
|  91|0x00000000a6700000, 0x00000000a6700000, 0x00000000a6800000|  0%| F|  |TAMS 0x00000000a6700000, 0x00000000a6700000| Untracked 
|  92|0x00000000a6800000, 0x00000000a6800000, 0x00000000a6900000|  0%| F|  |TAMS 0x00000000a6800000, 0x00000000a6800000| Untracked 
|  93|0x00000000a6900000, 0x00000000a6900000, 0x00000000a6a00000|  0%| F|  |TAMS 0x00000000a6900000, 0x00000000a6900000| Untracked 
|  94|0x00000000a6a00000, 0x00000000a6a00000, 0x00000000a6b00000|  0%| F|  |TAMS 0x00000000a6a00000, 0x00000000a6a00000| Untracked 
|  95|0x00000000a6b00000, 0x00000000a6b00000, 0x00000000a6c00000|  0%| F|  |TAMS 0x00000000a6b00000, 0x00000000a6b00000| Untracked 
|  96|0x00000000a6c00000, 0x00000000a6c00000, 0x00000000a6d00000|  0%| F|  |TAMS 0x00000000a6c00000, 0x00000000a6c00000| Untracked 
|  97|0x00000000a6d00000, 0x00000000a6d00000, 0x00000000a6e00000|  0%| F|  |TAMS 0x00000000a6d00000, 0x00000000a6d00000| Untracked 
|  98|0x00000000a6e00000, 0x00000000a6e00000, 0x00000000a6f00000|  0%| F|  |TAMS 0x00000000a6e00000, 0x00000000a6e00000| Untracked 
|  99|0x00000000a6f00000, 0x00000000a6f00000, 0x00000000a7000000|  0%| F|  |TAMS 0x00000000a6f00000, 0x00000000a6f00000| Untracked 
| 100|0x00000000a7000000, 0x00000000a7000000, 0x00000000a7100000|  0%| F|  |TAMS 0x00000000a7000000, 0x00000000a7000000| Untracked 
| 101|0x00000000a7100000, 0x00000000a7180800, 0x00000000a7200000| 50%| E|  |TAMS 0x00000000a7100000, 0x00000000a7100000| Complete 
| 102|0x00000000a7200000, 0x00000000a7300000, 0x00000000a7300000|100%| E|CS|TAMS 0x00000000a7200000, 0x00000000a7200000| Complete 
| 103|0x00000000a7300000, 0x00000000a7400000, 0x00000000a7400000|100%| E|CS|TAMS 0x00000000a7300000, 0x00000000a7300000| Complete 
| 104|0x00000000a7400000, 0x00000000a7500000, 0x00000000a7500000|100%| E|  |TAMS 0x00000000a7400000, 0x00000000a7400000| Complete 
| 105|0x00000000a7500000, 0x00000000a7600000, 0x00000000a7600000|100%| E|CS|TAMS 0x00000000a7500000, 0x00000000a7500000| Complete 
| 106|0x00000000a7600000, 0x00000000a7700000, 0x00000000a7700000|100%| E|CS|TAMS 0x00000000a7600000, 0x00000000a7600000| Complete 
| 107|0x00000000a7700000, 0x00000000a7800000, 0x00000000a7800000|100%| E|CS|TAMS 0x00000000a7700000, 0x00000000a7700000| Complete 
| 108|0x00000000a7800000, 0x00000000a7900000, 0x00000000a7900000|100%| E|CS|TAMS 0x00000000a7800000, 0x00000000a7800000| Complete 
| 109|0x00000000a7900000, 0x00000000a7a00000, 0x00000000a7a00000|100%| E|CS|TAMS 0x00000000a7900000, 0x00000000a7900000| Complete 
| 110|0x00000000a7a00000, 0x00000000a7b00000, 0x00000000a7b00000|100%| E|CS|TAMS 0x00000000a7a00000, 0x00000000a7a00000| Complete 
| 111|0x00000000a7b00000, 0x00000000a7c00000, 0x00000000a7c00000|100%| E|CS|TAMS 0x00000000a7b00000, 0x00000000a7b00000| Complete 
| 112|0x00000000a7c00000, 0x00000000a7d00000, 0x00000000a7d00000|100%| E|CS|TAMS 0x00000000a7c00000, 0x00000000a7c00000| Complete 
| 113|0x00000000a7d00000, 0x00000000a7e00000, 0x00000000a7e00000|100%| E|CS|TAMS 0x00000000a7d00000, 0x00000000a7d00000| Complete 
| 114|0x00000000a7e00000, 0x00000000a7f00000, 0x00000000a7f00000|100%| E|CS|TAMS 0x00000000a7e00000, 0x00000000a7e00000| Complete 
| 115|0x00000000a7f00000, 0x00000000a8000000, 0x00000000a8000000|100%| E|CS|TAMS 0x00000000a7f00000, 0x00000000a7f00000| Complete 
| 116|0x00000000a8000000, 0x00000000a8100000, 0x00000000a8100000|100%| E|CS|TAMS 0x00000000a8000000, 0x00000000a8000000| Complete 
| 117|0x00000000a8100000, 0x00000000a8200000, 0x00000000a8200000|100%| E|CS|TAMS 0x00000000a8100000, 0x00000000a8100000| Complete 
| 118|0x00000000a8200000, 0x00000000a8300000, 0x00000000a8300000|100%| E|CS|TAMS 0x00000000a8200000, 0x00000000a8200000| Complete 
| 119|0x00000000a8300000, 0x00000000a8400000, 0x00000000a8400000|100%| E|CS|TAMS 0x00000000a8300000, 0x00000000a8300000| Complete 
| 120|0x00000000a8400000, 0x00000000a8500000, 0x00000000a8500000|100%| E|CS|TAMS 0x00000000a8400000, 0x00000000a8400000| Complete 
| 121|0x00000000a8500000, 0x00000000a8600000, 0x00000000a8600000|100%| E|CS|TAMS 0x00000000a8500000, 0x00000000a8500000| Complete 
| 122|0x00000000a8600000, 0x00000000a8700000, 0x00000000a8700000|100%| E|CS|TAMS 0x00000000a8600000, 0x00000000a8600000| Complete 
| 123|0x00000000a8700000, 0x00000000a8800000, 0x00000000a8800000|100%| E|CS|TAMS 0x00000000a8700000, 0x00000000a8700000| Complete 
| 124|0x00000000a8800000, 0x00000000a8900000, 0x00000000a8900000|100%| E|CS|TAMS 0x00000000a8800000, 0x00000000a8800000| Complete 
| 125|0x00000000a8900000, 0x00000000a8a00000, 0x00000000a8a00000|100%| E|CS|TAMS 0x00000000a8900000, 0x00000000a8900000| Complete 
| 126|0x00000000a8a00000, 0x00000000a8b00000, 0x00000000a8b00000|100%| E|CS|TAMS 0x00000000a8a00000, 0x00000000a8a00000| Complete 
| 127|0x00000000a8b00000, 0x00000000a8c00000, 0x00000000a8c00000|100%| E|CS|TAMS 0x00000000a8b00000, 0x00000000a8b00000| Complete 
| 128|0x00000000a8c00000, 0x00000000a8d00000, 0x00000000a8d00000|100%| E|CS|TAMS 0x00000000a8c00000, 0x00000000a8c00000| Complete 
| 129|0x00000000a8d00000, 0x00000000a8e00000, 0x00000000a8e00000|100%| E|CS|TAMS 0x00000000a8d00000, 0x00000000a8d00000| Complete 
| 130|0x00000000a8e00000, 0x00000000a8f00000, 0x00000000a8f00000|100%| E|CS|TAMS 0x00000000a8e00000, 0x00000000a8e00000| Complete 
| 131|0x00000000a8f00000, 0x00000000a9000000, 0x00000000a9000000|100%| E|CS|TAMS 0x00000000a8f00000, 0x00000000a8f00000| Complete 
| 132|0x00000000a9000000, 0x00000000a9100000, 0x00000000a9100000|100%| E|CS|TAMS 0x00000000a9000000, 0x00000000a9000000| Complete 
| 133|0x00000000a9100000, 0x00000000a9200000, 0x00000000a9200000|100%| E|CS|TAMS 0x00000000a9100000, 0x00000000a9100000| Complete 
| 134|0x00000000a9200000, 0x00000000a9300000, 0x00000000a9300000|100%| E|CS|TAMS 0x00000000a9200000, 0x00000000a9200000| Complete 

Card table byte_map: [0x000002c7c8900000,0x000002c7c8c00000] _byte_map_base: 0x000002c7c83fa000

Marking Bits (Prev, Next): (CMBitMap*) 0x000002c7affbefd0, (CMBitMap*) 0x000002c7affbf010
 Prev Bits: [0x000002c7c8f00000, 0x000002c7ca6d0000)
 Next Bits: [0x000002c7ca6d0000, 0x000002c7cbea0000)

Polling page: 0x000002c7b8fb0000

Metaspace:

Usage:
  Non-class:     14.47 MB used.
      Class:      1.86 MB used.
       Both:     16.33 MB used.

Virtual space:
  Non-class space:       64.00 MB reserved,      14.69 MB ( 23%) committed,  1 nodes.
      Class space:        1.00 GB reserved,       2.00 MB ( <1%) committed,  1 nodes.
             Both:        1.06 GB reserved,      16.69 MB (  2%) committed. 

Chunk freelists:
   Non-Class:  820.00 KB
       Class:  13.82 MB
        Both:  14.62 MB

MaxMetaspaceSize: unlimited
CompressedClassSpaceSize: 1.00 GB
Initial GC threshold: 21.00 MB
Current GC threshold: 21.00 MB
CDS: on
MetaspaceReclaimPolicy: balanced
 - commit_granule_bytes: 65536.
 - commit_granule_words: 8192.
 - virtual_space_node_default_size: 8388608.
 - enlarge_chunks_in_place: 1.
 - new_chunks_are_fully_committed: 0.
 - uncommit_free_chunks: 1.
 - use_allocation_guard: 0.
 - handle_deallocations: 1.


Internal statistics:

num_allocs_failed_limit: 0.
num_arena_births: 298.
num_arena_deaths: 0.
num_vsnodes_births: 2.
num_vsnodes_deaths: 0.
num_space_committed: 267.
num_space_uncommitted: 0.
num_chunks_returned_to_freelist: 0.
num_chunks_taken_from_freelist: 733.
num_chunk_merges: 0.
num_chunk_splits: 444.
num_chunks_enlarged: 287.
num_inconsistent_stats: 0.

CodeHeap 'non-profiled nmethods': size=120000Kb used=2568Kb max_used=2568Kb free=117431Kb
 bounds [0x000002c7c0aa0000, 0x000002c7c0d30000, 0x000002c7c7fd0000]
CodeHeap 'profiled nmethods': size=120000Kb used=6816Kb max_used=6816Kb free=113183Kb
 bounds [0x000002c7b8fd0000, 0x000002c7b9680000, 0x000002c7c0500000]
CodeHeap 'non-nmethods': size=5760Kb used=1620Kb max_used=1662Kb free=4139Kb
 bounds [0x000002c7c0500000, 0x000002c7c0770000, 0x000002c7c0aa0000]
 total_blobs=4665 nmethods=3617 adapters=960
 compilation: enabled
              stopped_count=0, restarted_count=0
 full_count=0

Compilation events (20 events):
Event: 14.534 Thread 0x000002c7ce484c30 nmethod 3606 0x000002c7b9673690 code [0x000002c7b96738e0, 0x000002c7b9674118]
Event: 14.534 Thread 0x000002c7ce484c30 3607       3       java.lang.invoke.InnerClassLambdaMetafactory::getReturnOpcode (20 bytes)
Event: 14.534 Thread 0x000002c7ce484c30 nmethod 3607 0x000002c7b9674410 code [0x000002c7b96745c0, 0x000002c7b9674748]
Event: 14.534 Thread 0x000002c7ce484c30 3610       3       java.lang.invoke.MethodHandles$Lookup::ensureDefineClassPermission (38 bytes)
Event: 14.535 Thread 0x000002c7ce484c30 nmethod 3610 0x000002c7b9674810 code [0x000002c7b9674a20, 0x000002c7b9675138]
Event: 14.535 Thread 0x000002c814f81030 3613       4       java.lang.invoke.MethodType::makeImpl (109 bytes)
Event: 14.535 Thread 0x000002c7ce484c30 3612       3       java.lang.invoke.InvokerBytecodeGenerator::emitStaticInvoke (258 bytes)
Event: 14.535 Thread 0x000002c7ce484270 3614       4       java.lang.invoke.MethodType$ConcurrentWeakInternSet::get (47 bytes)
Event: 14.536 Thread 0x000002c7ce484c30 nmethod 3612 0x000002c7b9675390 code [0x000002c7b96756a0, 0x000002c7b96765e8]
Event: 14.536 Thread 0x000002c7ce484c30 3616       3       java.lang.invoke.LambdaFormBuffer::indexOf (33 bytes)
Event: 14.536 Thread 0x000002c7ce484c30 nmethod 3616 0x000002c7b9676c10 code [0x000002c7b9676de0, 0x000002c7b9677198]
Event: 14.536 Thread 0x000002c7ce484c30 3615       3       java.lang.invoke.LambdaForm::methodType (48 bytes)
Event: 14.537 Thread 0x000002c7ce484c30 nmethod 3615 0x000002c7b9677290 code [0x000002c7b9677480, 0x000002c7b9677a78]
Event: 14.537 Thread 0x000002c7ce484c30 3618       3       jdk.internal.org.objectweb.asm.AnnotationWriter::visitEnd (44 bytes)
Event: 14.537 Thread 0x000002c7ce484c30 nmethod 3618 0x000002c7b9677d10 code [0x000002c7b9677ea0, 0x000002c7b9678038]
Event: 14.537 Thread 0x000002c7ce484c30 3617       1       java.lang.invoke.InvokerBytecodeGenerator::setClassWriter (6 bytes)
Event: 14.537 Thread 0x000002c7ce484c30 nmethod 3617 0x000002c7c0d16110 code [0x000002c7c0d162a0, 0x000002c7c0d163b8]
Event: 14.537 Thread 0x000002c7ce484c30 3619       1       java.lang.Class::getClassData (5 bytes)
Event: 14.537 Thread 0x000002c7ce484c30 nmethod 3619 0x000002c7c0d16410 code [0x000002c7c0d165a0, 0x000002c7c0d16678]
Event: 14.553 Thread 0x000002c7ce484270 nmethod 3614 0x000002c7c0d16710 code [0x000002c7c0d16900, 0x000002c7c0d178e8]

GC Heap History (20 events):
Event: 1.126 GC heap before
{Heap before GC invocations=0 (full 0):
 garbage-first heap   total 98304K, used 21504K [0x00000000a0c00000, 0x0000000100000000)
  region size 1024K, 13 young (13312K), 0 survivors (0K)
 Metaspace       used 2046K, committed 2304K, reserved 1114112K
  class space    used 186K, committed 320K, reserved 1048576K
}
Event: 1.133 GC heap after
{Heap after GC invocations=1 (full 0):
 garbage-first heap   total 98304K, used 9760K [0x00000000a0c00000, 0x0000000100000000)
  region size 1024K, 2 young (2048K), 2 survivors (2048K)
 Metaspace       used 2046K, committed 2304K, reserved 1114112K
  class space    used 186K, committed 320K, reserved 1048576K
}
Event: 1.688 GC heap before
{Heap before GC invocations=1 (full 0):
 garbage-first heap   total 98304K, used 22048K [0x00000000a0c00000, 0x0000000100000000)
  region size 1024K, 14 young (14336K), 2 survivors (2048K)
 Metaspace       used 2690K, committed 2880K, reserved 1114112K
  class space    used 264K, committed 384K, reserved 1048576K
}
Event: 1.691 GC heap after
{Heap after GC invocations=2 (full 0):
 garbage-first heap   total 98304K, used 11000K [0x00000000a0c00000, 0x0000000100000000)
  region size 1024K, 2 young (2048K), 2 survivors (2048K)
 Metaspace       used 2690K, committed 2880K, reserved 1114112K
  class space    used 264K, committed 384K, reserved 1048576K
}
Event: 6.410 GC heap before
{Heap before GC invocations=2 (full 0):
 garbage-first heap   total 98304K, used 31480K [0x00000000a0c00000, 0x0000000100000000)
  region size 1024K, 23 young (23552K), 2 survivors (2048K)
 Metaspace       used 4838K, committed 5056K, reserved 1114112K
  class space    used 472K, committed 576K, reserved 1048576K
}
Event: 6.416 GC heap after
{Heap after GC invocations=3 (full 0):
 garbage-first heap   total 98304K, used 12707K [0x00000000a0c00000, 0x0000000100000000)
  region size 1024K, 3 young (3072K), 3 survivors (3072K)
 Metaspace       used 4838K, committed 5056K, reserved 1114112K
  class space    used 472K, committed 576K, reserved 1048576K
}
Event: 6.926 GC heap before
{Heap before GC invocations=3 (full 0):
 garbage-first heap   total 98304K, used 70051K [0x00000000a0c00000, 0x0000000100000000)
  region size 1024K, 57 young (58368K), 3 survivors (3072K)
 Metaspace       used 4878K, committed 5120K, reserved 1114112K
  class space    used 472K, committed 576K, reserved 1048576K
}
Event: 6.936 GC heap after
{Heap after GC invocations=4 (full 0):
 garbage-first heap   total 98304K, used 19592K [0x00000000a0c00000, 0x0000000100000000)
  region size 1024K, 8 young (8192K), 8 survivors (8192K)
 Metaspace       used 4878K, committed 5120K, reserved 1114112K
  class space    used 472K, committed 576K, reserved 1048576K
}
Event: 7.639 GC heap before
{Heap before GC invocations=4 (full 0):
 garbage-first heap   total 98304K, used 68744K [0x00000000a0c00000, 0x0000000100000000)
  region size 1024K, 56 young (57344K), 8 survivors (8192K)
 Metaspace       used 4940K, committed 5120K, reserved 1114112K
  class space    used 472K, committed 576K, reserved 1048576K
}
Event: 7.649 GC heap after
{Heap after GC invocations=5 (full 0):
 garbage-first heap   total 98304K, used 21167K [0x00000000a0c00000, 0x0000000100000000)
  region size 1024K, 2 young (2048K), 2 survivors (2048K)
 Metaspace       used 4940K, committed 5120K, reserved 1114112K
  class space    used 472K, committed 576K, reserved 1048576K
}
Event: 8.478 GC heap before
{Heap before GC invocations=5 (full 0):
 garbage-first heap   total 98304K, used 72367K [0x00000000a0c00000, 0x0000000100000000)
  region size 1024K, 52 young (53248K), 2 survivors (2048K)
 Metaspace       used 5064K, committed 5312K, reserved 1114112K
  class space    used 481K, committed 640K, reserved 1048576K
}
Event: 8.483 GC heap after
{Heap after GC invocations=6 (full 0):
 garbage-first heap   total 98304K, used 24859K [0x00000000a0c00000, 0x0000000100000000)
  region size 1024K, 6 young (6144K), 6 survivors (6144K)
 Metaspace       used 5064K, committed 5312K, reserved 1114112K
  class space    used 481K, committed 640K, reserved 1048576K
}
Event: 8.772 GC heap before
{Heap before GC invocations=6 (full 0):
 garbage-first heap   total 98304K, used 74011K [0x00000000a0c00000, 0x0000000100000000)
  region size 1024K, 52 young (53248K), 6 survivors (6144K)
 Metaspace       used 5073K, committed 5312K, reserved 1114112K
  class space    used 481K, committed 640K, reserved 1048576K
}
Event: 8.783 GC heap after
{Heap after GC invocations=7 (full 0):
 garbage-first heap   total 98304K, used 31954K [0x00000000a0c00000, 0x0000000100000000)
  region size 1024K, 5 young (5120K), 5 survivors (5120K)
 Metaspace       used 5073K, committed 5312K, reserved 1114112K
  class space    used 481K, committed 640K, reserved 1048576K
}
Event: 8.827 GC heap before
{Heap before GC invocations=7 (full 0):
 garbage-first heap   total 98304K, used 71890K [0x00000000a0c00000, 0x0000000100000000)
  region size 1024K, 44 young (45056K), 5 survivors (5120K)
 Metaspace       used 5073K, committed 5312K, reserved 1114112K
  class space    used 481K, committed 640K, reserved 1048576K
}
Event: 8.832 GC heap after
{Heap after GC invocations=8 (full 0):
 garbage-first heap   total 98304K, used 31270K [0x00000000a0c00000, 0x0000000100000000)
  region size 1024K, 1 young (1024K), 1 survivors (1024K)
 Metaspace       used 5073K, committed 5312K, reserved 1114112K
  class space    used 481K, committed 640K, reserved 1048576K
}
Event: 9.300 GC heap before
{Heap before GC invocations=8 (full 0):
 garbage-first heap   total 98304K, used 75302K [0x00000000a0c00000, 0x0000000100000000)
  region size 1024K, 44 young (45056K), 1 survivors (1024K)
 Metaspace       used 5110K, committed 5312K, reserved 1114112K
  class space    used 481K, committed 640K, reserved 1048576K
}
Event: 9.303 GC heap after
{Heap after GC invocations=9 (full 0):
 garbage-first heap   total 138240K, used 32580K [0x00000000a0c00000, 0x0000000100000000)
  region size 1024K, 3 young (3072K), 3 survivors (3072K)
 Metaspace       used 5110K, committed 5312K, reserved 1114112K
  class space    used 481K, committed 640K, reserved 1048576K
}
Event: 12.575 GC heap before
{Heap before GC invocations=9 (full 0):
 garbage-first heap   total 138240K, used 99140K [0x00000000a0c00000, 0x0000000100000000)
  region size 1024K, 68 young (69632K), 3 survivors (3072K)
 Metaspace       used 9577K, committed 9856K, reserved 1114112K
  class space    used 1073K, committed 1216K, reserved 1048576K
}
Event: 12.582 GC heap after
{Heap after GC invocations=10 (full 0):
 garbage-first heap   total 138240K, used 35215K [0x00000000a0c00000, 0x0000000100000000)
  region size 1024K, 5 young (5120K), 5 survivors (5120K)
 Metaspace       used 9577K, committed 9856K, reserved 1114112K
  class space    used 1073K, committed 1216K, reserved 1048576K
}

Deoptimization events (20 events):
Event: 14.307 Thread 0x000002c7aff707d0 Uncommon trap: trap_request=0xffffffde fr.pc=0x000002c7c0bec7e0 relative=0x00000000000004a0
Event: 14.307 Thread 0x000002c7aff707d0 Uncommon trap: reason=class_check action=maybe_recompile pc=0x000002c7c0bec7e0 method=java.nio.file.FileTreeWalker.visit(Ljava/nio/file/Path;ZZ)Ljava/nio/file/FileTreeWalker$Event; @ 58 c2
Event: 14.307 Thread 0x000002c7aff707d0 DEOPT PACKING pc=0x000002c7c0bec7e0 sp=0x000000f5a5cfe9b0
Event: 14.307 Thread 0x000002c7aff707d0 DEOPT UNPACKING pc=0x000002c7c05523a3 sp=0x000000f5a5cfe950 mode 2
Event: 14.308 Thread 0x000002c7aff707d0 Uncommon trap: trap_request=0xffffffde fr.pc=0x000002c7c0c1a928 relative=0x00000000000001c8
Event: 14.308 Thread 0x000002c7aff707d0 Uncommon trap: reason=class_check action=maybe_recompile pc=0x000002c7c0c1a928 method=java.nio.file.Files.isRegularFile(Ljava/nio/file/Path;[Ljava/nio/file/LinkOption;)Z @ 36 c2
Event: 14.308 Thread 0x000002c7aff707d0 DEOPT PACKING pc=0x000002c7c0c1a928 sp=0x000000f5a5cfe7b0
Event: 14.308 Thread 0x000002c7aff707d0 DEOPT UNPACKING pc=0x000002c7c05523a3 sp=0x000000f5a5cfe748 mode 2
Event: 14.308 Thread 0x000002c7aff707d0 Uncommon trap: trap_request=0xffffffde fr.pc=0x000002c7c0b70b20 relative=0x0000000000000e80
Event: 14.308 Thread 0x000002c7aff707d0 Uncommon trap: reason=class_check action=maybe_recompile pc=0x000002c7c0b70b20 method=java.nio.file.FileTreeWalker.next()Ljava/nio/file/FileTreeWalker$Event; @ 37 c2
Event: 14.308 Thread 0x000002c7aff707d0 DEOPT PACKING pc=0x000002c7c0b70b20 sp=0x000000f5a5cfe850
Event: 14.308 Thread 0x000002c7aff707d0 DEOPT UNPACKING pc=0x000002c7c05523a3 sp=0x000000f5a5cfe7b8 mode 2
Event: 14.317 Thread 0x000002c7aff707d0 Uncommon trap: trap_request=0xffffffde fr.pc=0x000002c7c0ba4fec relative=0x00000000000000cc
Event: 14.317 Thread 0x000002c7aff707d0 Uncommon trap: reason=class_check action=maybe_recompile pc=0x000002c7c0ba4fec method=java.util.stream.AbstractPipeline.exactOutputSizeIfKnown(Ljava/util/Spliterator;)J @ 16 c2
Event: 14.317 Thread 0x000002c7aff707d0 DEOPT PACKING pc=0x000002c7c0ba4fec sp=0x000000f5a5cfeef0
Event: 14.317 Thread 0x000002c7aff707d0 DEOPT UNPACKING pc=0x000002c7c05523a3 sp=0x000000f5a5cfee70 mode 2
Event: 14.533 Thread 0x000002c7ce47d260 Uncommon trap: trap_request=0xffffff45 fr.pc=0x000002c7c0b79224 relative=0x0000000000000104
Event: 14.533 Thread 0x000002c7ce47d260 Uncommon trap: reason=unstable_if action=reinterpret pc=0x000002c7c0b79224 method=java.util.concurrent.TimeUnit.convert(JLjava/util/concurrent/TimeUnit;)J @ 8 c2
Event: 14.533 Thread 0x000002c7ce47d260 DEOPT PACKING pc=0x000002c7c0b79224 sp=0x000000f5a76ff1d0
Event: 14.533 Thread 0x000002c7ce47d260 DEOPT UNPACKING pc=0x000002c7c05523a3 sp=0x000000f5a76ff180 mode 2

Classes unloaded (0 events):
No events

Classes redefined (0 events):
No events

Internal exceptions (20 events):
Event: 14.270 Thread 0x000002c7aff707d0 Exception <a 'java/lang/NoSuchMethodError'{0x00000000a7b23f48}: 'void java.lang.invoke.DirectMethodHandle$Holder.invokeStaticInit(java.lang.Object, java.lang.Object)'> (0x00000000a7b23f48) 
thrown [s\open\src\hotspot\share\interpreter\linkResolver.cpp, line 759]
Event: 14.272 Thread 0x000002c7aff707d0 Exception <a 'java/lang/NoSuchMethodError'{0x00000000a7b307c0}: 'java.lang.Object java.lang.invoke.DirectMethodHandle$Holder.invokeStaticInit(java.lang.Object, java.lang.Object, java.lang.Object, java.lang.Object)'> (0x00000000a7b307c0) 
thrown [s\open\src\hotspot\share\interpreter\linkResolver.cpp, line 759]
Event: 14.272 Thread 0x000002c7aff707d0 Exception <a 'java/lang/IncompatibleClassChangeError'{0x00000000a7b36068}: Found class java.lang.Object, but interface was expected> (0x00000000a7b36068) 
thrown [s\open\src\hotspot\share\interpreter\linkResolver.cpp, line 826]
Event: 14.277 Thread 0x000002c7aff707d0 Exception <a 'java/lang/IncompatibleClassChangeError'{0x00000000a7b6a580}: Found class java.lang.Object, but interface was expected> (0x00000000a7b6a580) 
thrown [s\open\src\hotspot\share\interpreter\linkResolver.cpp, line 826]
Event: 14.307 Thread 0x000002c7aff707d0 Exception <a 'sun/nio/fs/WindowsException'{0x00000000a7afdb48}> (0x00000000a7afdb48) 
thrown [s\open\src\hotspot\share\prims\jni.cpp, line 516]
Event: 14.318 Thread 0x000002c7aff707d0 Exception <a 'java/lang/NoSuchMethodError'{0x00000000a7940130}: 'java.lang.Object java.lang.invoke.DirectMethodHandle$Holder.invokeVirtual(java.lang.Object, java.lang.Object, java.lang.Object)'> (0x00000000a7940130) 
thrown [s\open\src\hotspot\share\interpreter\linkResolver.cpp, line 759]
Event: 14.381 Thread 0x000002c7aff707d0 Exception <a 'sun/nio/fs/WindowsException'{0x00000000a7843508}> (0x00000000a7843508) 
thrown [s\open\src\hotspot\share\prims\jni.cpp, line 516]
Event: 14.384 Thread 0x000002c7aff707d0 Exception <a 'java/lang/NoSuchMethodError'{0x00000000a7871510}: 'java.lang.Object java.lang.invoke.DirectMethodHandle$Holder.invokeStatic(java.lang.Object, int, java.lang.Object, java.lang.Object, java.lang.Object, java.lang.Object)'> (0x00000000a7871510) 
thrown [s\open\src\hotspot\share\interpreter\linkResolver.cpp, line 759]
Event: 14.385 Thread 0x000002c7aff707d0 Exception <a 'java/lang/NoSuchMethodError'{0x00000000a7879d38}: 'java.lang.Object java.lang.invoke.DirectMethodHandle$Holder.newInvokeSpecial(java.lang.Object, int, java.lang.Object, java.lang.Object)'> (0x00000000a7879d38) 
thrown [s\open\src\hotspot\share\interpreter\linkResolver.cpp, line 759]
Event: 14.386 Thread 0x000002c7aff707d0 Exception <a 'java/lang/NoSuchMethodError'{0x00000000a787de40}: 'java.lang.Object java.lang.invoke.DirectMethodHandle$Holder.invokeSpecial(java.lang.Object, java.lang.Object, int, java.lang.Object, java.lang.Object)'> (0x00000000a787de40) 
thrown [s\open\src\hotspot\share\interpreter\linkResolver.cpp, line 759]
Event: 14.468 Thread 0x000002c7aff707d0 Exception <a 'sun/nio/fs/WindowsException'{0x00000000a76c9e90}> (0x00000000a76c9e90) 
thrown [s\open\src\hotspot\share\prims\jni.cpp, line 516]
Event: 14.468 Thread 0x000002c7aff707d0 Exception <a 'sun/nio/fs/WindowsException'{0x00000000a76ca1e0}> (0x00000000a76ca1e0) 
thrown [s\open\src\hotspot\share\prims\jni.cpp, line 516]
Event: 14.479 Thread 0x000002c7aff707d0 Exception <a 'sun/nio/fs/WindowsException'{0x00000000a74674f8}> (0x00000000a74674f8) 
thrown [s\open\src\hotspot\share\prims\jni.cpp, line 516]
Event: 14.479 Thread 0x000002c7aff707d0 Exception <a 'sun/nio/fs/WindowsException'{0x00000000a7467858}> (0x00000000a7467858) 
thrown [s\open\src\hotspot\share\prims\jni.cpp, line 516]
Event: 14.488 Thread 0x000002c7aff707d0 Exception <a 'java/lang/NoSuchMethodError'{0x00000000a73a1f60}: 'int java.lang.invoke.DirectMethodHandle$Holder.invokeStaticInit(java.lang.Object, java.lang.Object, int, long)'> (0x00000000a73a1f60) 
thrown [s\open\src\hotspot\share\interpreter\linkResolver.cpp, line 759]
Event: 14.489 Thread 0x000002c7aff707d0 Exception <a 'java/lang/NoSuchMethodError'{0x00000000a73a7af0}: 'java.lang.Object java.lang.invoke.DirectMethodHandle$Holder.newInvokeSpecial(java.lang.Object, java.lang.Object, int)'> (0x00000000a73a7af0) 
thrown [s\open\src\hotspot\share\interpreter\linkResolver.cpp, line 759]
Event: 14.491 Thread 0x000002c7aff707d0 Exception <a 'java/lang/NoSuchMethodError'{0x00000000a73bb638}: 'int java.lang.invoke.DirectMethodHandle$Holder.invokeStaticInit(java.lang.Object, java.lang.Object, long, long)'> (0x00000000a73bb638) 
thrown [s\open\src\hotspot\share\interpreter\linkResolver.cpp, line 759]
Event: 14.491 Thread 0x000002c7aff707d0 Exception <a 'java/lang/NoSuchMethodError'{0x00000000a73c1590}: 'java.lang.Object java.lang.invoke.DirectMethodHandle$Holder.newInvokeSpecial(java.lang.Object, java.lang.Object, long)'> (0x00000000a73c1590) 
thrown [s\open\src\hotspot\share\interpreter\linkResolver.cpp, line 759]
Event: 14.491 Thread 0x000002c7aff707d0 Exception <a 'java/lang/NoSuchMethodError'{0x00000000a73c5100}: 'java.lang.Object java.lang.invoke.Invokers$Holder.linkToTargetMethod(java.lang.Object, long, java.lang.Object)'> (0x00000000a73c5100) 
thrown [s\open\src\hotspot\share\interpreter\linkResolver.cpp, line 759]
Event: 14.492 Thread 0x000002c7aff707d0 Exception <a 'java/lang/NoSuchMethodError'{0x00000000a73cc878}: 'int java.lang.invoke.DirectMethodHandle$Holder.invokeStaticInit(java.lang.Object, java.lang.Object, java.lang.Object, long)'> (0x00000000a73cc878) 
thrown [s\open\src\hotspot\share\interpreter\linkResolver.cpp, line 759]

VM Operations (20 events):
Event: 13.753 Executing VM operation: HandshakeAllThreads
Event: 13.753 Executing VM operation: HandshakeAllThreads done
Event: 13.755 Executing VM operation: HandshakeAllThreads
Event: 13.755 Executing VM operation: HandshakeAllThreads done
Event: 13.844 Executing VM operation: HandshakeAllThreads
Event: 13.844 Executing VM operation: HandshakeAllThreads done
Event: 13.845 Executing VM operation: HandshakeAllThreads
Event: 13.845 Executing VM operation: HandshakeAllThreads done
Event: 13.970 Executing VM operation: HandshakeAllThreads
Event: 13.970 Executing VM operation: HandshakeAllThreads done
Event: 14.104 Executing VM operation: HandshakeAllThreads
Event: 14.104 Executing VM operation: HandshakeAllThreads done
Event: 14.209 Executing VM operation: HandshakeAllThreads
Event: 14.209 Executing VM operation: HandshakeAllThreads done
Event: 14.302 Executing VM operation: HandshakeAllThreads
Event: 14.302 Executing VM operation: HandshakeAllThreads done
Event: 14.320 Executing VM operation: ICBufferFull
Event: 14.320 Executing VM operation: ICBufferFull done
Event: 14.534 Executing VM operation: HandshakeAllThreads
Event: 14.534 Executing VM operation: HandshakeAllThreads done

Events (20 events):
Event: 14.486 loading class java/nio/DirectDoubleBufferU done
Event: 14.487 loading class java/util/function/LongPredicate
Event: 14.488 loading class java/util/function/LongPredicate done
Event: 14.492 loading class java/nio/InvalidMarkException
Event: 14.493 loading class java/nio/InvalidMarkException done
Event: 14.493 loading class java/nio/BufferUnderflowException
Event: 14.493 loading class java/nio/BufferUnderflowException done
Event: 14.532 loading class java/util/concurrent/ScheduledThreadPoolExecutor$ScheduledFutureTask
Event: 14.532 loading class java/util/concurrent/FutureTask
Event: 14.532 loading class java/util/concurrent/FutureTask done
Event: 14.532 loading class java/util/concurrent/ScheduledThreadPoolExecutor$ScheduledFutureTask done
Event: 14.533 loading class java/util/concurrent/FutureTask$WaitNode
Event: 14.533 loading class java/util/concurrent/FutureTask$WaitNode done
Event: 14.533 loading class java/util/concurrent/Executors$RunnableAdapter
Event: 14.533 loading class java/util/concurrent/Executors$RunnableAdapter done
Event: 14.533 Thread 0x000002c7ce47d260 Thread added: 0x000002c7ce47d260
Event: 14.533 loading class java/util/concurrent/locks/AbstractQueuedSynchronizer$ConditionNode
Event: 14.533 loading class java/util/concurrent/ForkJoinPool$ManagedBlocker
Event: 14.534 loading class java/util/concurrent/ForkJoinPool$ManagedBlocker done
Event: 14.534 loading class java/util/concurrent/locks/AbstractQueuedSynchronizer$ConditionNode done


Dynamic libraries:
0x00007ff6d14b0000 - 0x00007ff6d14c0000 	C:\Program Files\Java\jdk-17\bin\java.exe
0x00007ff9df6b0000 - 0x00007ff9df8a8000 	C:\Windows\SYSTEM32\ntdll.dll
0x00007ff9dd730000 - 0x00007ff9dd7ed000 	C:\Windows\System32\KERNEL32.DLL
0x00007ff9dce10000 - 0x00007ff9dd106000 	C:\Windows\System32\KERNELBASE.dll
0x00007ff9dd460000 - 0x00007ff9dd560000 	C:\Windows\System32\ucrtbase.dll
0x00007ff9b6660000 - 0x00007ff9b6679000 	C:\Program Files\Java\jdk-17\bin\jli.dll
0x00007ff9df2c0000 - 0x00007ff9df36f000 	C:\Windows\System32\ADVAPI32.dll
0x00007ff9ded50000 - 0x00007ff9dedee000 	C:\Windows\System32\msvcrt.dll
0x00007ff9df4a0000 - 0x00007ff9df53c000 	C:\Windows\System32\sechost.dll
0x00007ff9df370000 - 0x00007ff9df496000 	C:\Windows\System32\RPCRT4.dll
0x00007ff9df120000 - 0x00007ff9df2be000 	C:\Windows\System32\USER32.dll
0x00007ff9dd430000 - 0x00007ff9dd452000 	C:\Windows\System32\win32u.dll
0x00007ff9dd940000 - 0x00007ff9dd96c000 	C:\Windows\System32\GDI32.dll
0x00007ff9dd5f0000 - 0x00007ff9dd70a000 	C:\Windows\System32\gdi32full.dll
0x00007ff9dd230000 - 0x00007ff9dd2cd000 	C:\Windows\System32\msvcp_win.dll
0x00007ff9b6960000 - 0x00007ff9b697b000 	C:\Program Files\Java\jdk-17\bin\VCRUNTIME140.dll
0x00007ff9cd6c0000 - 0x00007ff9cd95a000 	C:\Windows\WinSxS\amd64_microsoft.windows.common-controls_6595b64144ccf1df_6.0.19041.3636_none_60b6a03d71f818d5\COMCTL32.dll
0x00007ff9d5370000 - 0x00007ff9d537a000 	C:\Windows\SYSTEM32\VERSION.dll
0x00007ff9df000000 - 0x00007ff9df030000 	C:\Windows\System32\IMM32.DLL
0x00007ff9c0900000 - 0x00007ff9c090c000 	C:\Program Files\Java\jdk-17\bin\vcruntime140_1.dll
0x00007ff9b5500000 - 0x00007ff9b558e000 	C:\Program Files\Java\jdk-17\bin\msvcp140.dll
0x00007ff9a6db0000 - 0x00007ff9a7991000 	C:\Program Files\Java\jdk-17\bin\server\jvm.dll
0x00007ff9df030000 - 0x00007ff9df038000 	C:\Windows\System32\PSAPI.DLL
0x00007ff9c8610000 - 0x00007ff9c8619000 	C:\Windows\SYSTEM32\WSOCK32.dll
0x00007ff9df540000 - 0x00007ff9df5ab000 	C:\Windows\System32\WS2_32.dll
0x00007ff9d40d0000 - 0x00007ff9d40f7000 	C:\Windows\SYSTEM32\WINMM.dll
0x00007ff9db5e0000 - 0x00007ff9db5f2000 	C:\Windows\SYSTEM32\kernel.appcore.dll
0x00007ff9c0820000 - 0x00007ff9c082a000 	C:\Program Files\Java\jdk-17\bin\jimage.dll
0x00007ff9dabb0000 - 0x00007ff9dad94000 	C:\Windows\SYSTEM32\DBGHELP.DLL
0x00007ff9c5390000 - 0x00007ff9c53c4000 	C:\Windows\SYSTEM32\dbgcore.DLL
0x00007ff9dd560000 - 0x00007ff9dd5e2000 	C:\Windows\System32\bcryptPrimitives.dll
0x00007ff9b6020000 - 0x00007ff9b6045000 	C:\Program Files\Java\jdk-17\bin\java.dll
0x00007ff9b5420000 - 0x00007ff9b54f7000 	C:\Program Files\Java\jdk-17\bin\jsvml.dll
0x00007ff9de600000 - 0x00007ff9ded45000 	C:\Windows\System32\SHELL32.dll
0x00007ff9dada0000 - 0x00007ff9db53b000 	C:\Windows\SYSTEM32\windows.storage.dll
0x00007ff9ddaa0000 - 0x00007ff9dddf4000 	C:\Windows\System32\combase.dll
0x00007ff9dc700000 - 0x00007ff9dc72d000 	C:\Windows\SYSTEM32\Wldp.dll
0x00007ff9dd890000 - 0x00007ff9dd93d000 	C:\Windows\System32\SHCORE.dll
0x00007ff9de480000 - 0x00007ff9de4d5000 	C:\Windows\System32\shlwapi.dll
0x00007ff9dccc0000 - 0x00007ff9dcce5000 	C:\Windows\SYSTEM32\profapi.dll
0x00007ff9b6000000 - 0x00007ff9b6019000 	C:\Program Files\Java\jdk-17\bin\net.dll
0x00007ff9d2ef0000 - 0x00007ff9d2ffa000 	C:\Windows\SYSTEM32\WINHTTP.dll
0x00007ff9dc460000 - 0x00007ff9dc4ca000 	C:\Windows\system32\mswsock.dll
0x00007ff9b5fe0000 - 0x00007ff9b5ff6000 	C:\Program Files\Java\jdk-17\bin\nio.dll
0x00007ff9b6640000 - 0x00007ff9b6658000 	C:\Program Files\Java\jdk-17\bin\zip.dll
0x00007ff9bf810000 - 0x00007ff9bf820000 	C:\Program Files\Java\jdk-17\bin\verify.dll
0x00007ff9be410000 - 0x00007ff9be41a000 	C:\Program Files\Java\jdk-17\bin\management.dll
0x00007ff9be250000 - 0x00007ff9be25b000 	C:\Program Files\Java\jdk-17\bin\management_ext.dll
0x00007ff9c30e0000 - 0x00007ff9c30f7000 	C:\Windows\system32\napinsp.dll
0x00007ff9c1650000 - 0x00007ff9c166b000 	C:\Windows\system32\pnrpnsp.dll
0x00007ff9d7970000 - 0x00007ff9d7985000 	C:\Windows\system32\wshbth.dll
0x00007ff9d8390000 - 0x00007ff9d83ad000 	C:\Windows\system32\NLAapi.dll
0x00007ff9dc150000 - 0x00007ff9dc18b000 	C:\Windows\SYSTEM32\IPHLPAPI.DLL
0x00007ff9dc190000 - 0x00007ff9dc25a000 	C:\Windows\SYSTEM32\DNSAPI.dll
0x00007ff9df660000 - 0x00007ff9df668000 	C:\Windows\System32\NSI.dll
0x00007ff9c1630000 - 0x00007ff9c1642000 	C:\Windows\System32\winrnr.dll
0x00007ff9cab50000 - 0x00007ff9cab5a000 	C:\Windows\System32\rasadhlp.dll
0x00007ff9cab70000 - 0x00007ff9cabf0000 	C:\Windows\System32\fwpuclnt.dll
0x00007ff9dcd90000 - 0x00007ff9dcdb7000 	C:\Windows\System32\bcrypt.dll
0x00007ff9b6200000 - 0x00007ff9b6275000 	C:\Users\admin\AppData\Local\Temp\lwjgladmin\3.3.1-build-7\lwjgl.dll
0x00007ff9b5300000 - 0x00007ff9b5361000 	C:\Users\admin\AppData\Local\Temp\lwjgladmin\3.3.1-build-7\glfw.dll
0x00007ff9b5770000 - 0x00007ff9b57b5000 	C:\Windows\SYSTEM32\dinput8.dll
0x00007ff9b6a40000 - 0x00007ff9b6a51000 	C:\Windows\SYSTEM32\xinput1_4.dll
0x00007ff9dcdc0000 - 0x00007ff9dce0e000 	C:\Windows\System32\cfgmgr32.dll
0x00007ff9dca50000 - 0x00007ff9dca83000 	C:\Windows\SYSTEM32\DEVOBJ.dll
0x00007ff9da620000 - 0x00007ff9da64f000 	C:\Windows\SYSTEM32\dwmapi.dll
0x00007ff9d08e0000 - 0x00007ff9d0a32000 	C:\Windows\SYSTEM32\inputhost.dll
0x00007ff9dd9d0000 - 0x00007ff9dda9d000 	C:\Windows\System32\OLEAUT32.dll
0x00007ff9d9f40000 - 0x00007ff9da032000 	C:\Windows\SYSTEM32\CoreMessaging.dll
0x00007ff9d85b0000 - 0x00007ff9d86a6000 	C:\Windows\SYSTEM32\PROPSYS.dll
0x00007ff9d93c0000 - 0x00007ff9d9515000 	C:\Windows\SYSTEM32\wintypes.dll
0x00007ff9d9a90000 - 0x00007ff9d9deb000 	C:\Windows\SYSTEM32\CoreUIComponents.dll
0x00007ff9dbeb0000 - 0x00007ff9dbee3000 	C:\Windows\SYSTEM32\ntmarta.dll
0x00007ff9da440000 - 0x00007ff9da4de000 	C:\Windows\system32\uxtheme.dll
0x00007ff9de4e0000 - 0x00007ff9de5f4000 	C:\Windows\System32\MSCTF.dll
0x00007ff99ee50000 - 0x00007ff99ef75000 	C:\Windows\SYSTEM32\opengl32.dll
0x00007ff9a0080000 - 0x00007ff9a00ac000 	C:\Windows\SYSTEM32\GLU32.dll
0x00007ff9df5b0000 - 0x00007ff9df659000 	C:\Windows\System32\clbcatq.dll
0x00007ff9d5130000 - 0x00007ff9d515d000 	C:\Windows\System32\DriverStore\FileRepository\u0390451.inf_amd64_39377efdd62734d1\B390182\atig6pxx.dll
0x00007ff96c6a0000 - 0x00007ff9702d5000 	C:\Windows\System32\DriverStore\FileRepository\u0390451.inf_amd64_39377efdd62734d1\B390182\atio6axx.dll
0x00007ff9dde00000 - 0x00007ff9de26e000 	C:\Windows\System32\SETUPAPI.dll
0x00007ff9dd110000 - 0x00007ff9dd177000 	C:\Windows\System32\WINTRUST.dll
0x00007ff9dd2d0000 - 0x00007ff9dd42d000 	C:\Windows\System32\CRYPT32.dll
0x00007ff9dc890000 - 0x00007ff9dc8a2000 	C:\Windows\SYSTEM32\MSASN1.dll

dbghelp: loaded successfully - version: 4.0.5 - missing functions: none
symbol engine: initialized successfully - sym options: 0x614 - pdb path: .;C:\Program Files\Java\jdk-17\bin;C:\Windows\SYSTEM32;C:\Windows\WinSxS\amd64_microsoft.windows.common-controls_6595b64144ccf1df_6.0.19041.3636_none_60b6a03d71f818d5;C:\Program Files\Java\jdk-17\bin\server;C:\Users\admin\AppData\Local\Temp\lwjgladmin\3.3.1-build-7;C:\Windows\System32\DriverStore\FileRepository\u0390451.inf_amd64_39377efdd62734d1\B390182

VM Arguments:
jvm_args: -Dforge.enableGameTest=true -Dforge.enabledGameTestNamespaces=enhanced_minecraft -Dforge.logging.console.level=debug -Dforge.logging.markers=REGISTRIES -DignoreList=bootstraplauncher,securejarhandler,asm-commons,asm-util,asm-analysis,asm-tree,asm,JarJarFileSystems,client-extra,fmlcore,javafmllanguage,lowcodelanguage,mclanguage,forge- -Djava.net.preferIPv6Addresses=system -DlegacyClassPath.file=D:\Repositorios Github\Enhanced-Minecraft-Mod\Enhanched_Minecraft_Mod\build\classpath\runClient_minecraftClasspath.txt -DmergeModules=jna-5.10.0.jar,jna-platform-5.10.0.jar --module-path=C:\Users\admin\.gradle\caches\modules-2\files-2.1\cpw.mods\bootstraplauncher\1.1.2\c546e00443d8432cda6baa1c860346980742628\bootstraplauncher-1.1.2.jar;C:\Users\admin\.gradle\caches\modules-2\files-2.1\cpw.mods\securejarhandler\2.1.10\51e6a22c6c716beb11e244bf5b8be480f51dd6b5\securejarhandler-2.1.10.jar;C:\Users\admin\.gradle\caches\modules-2\files-2.1\org.ow2.asm\asm-commons\9.5\19ab5b5800a3910d30d3a3e64fdb00fd0cb42de0\asm-commons-9.5.jar;C:\Users\admin\.gradle\caches\modules-2\files-2.1\org.ow2.asm\asm-util\9.5\64b5a1fc8c1b15ed2efd6a063e976bc8d3dc5ffe\asm-util-9.5.jar;C:\Users\admin\.gradle\caches\modules-2\files-2.1\org.ow2.asm\asm-analysis\9.5\490bacc77de7cbc0be1a30bb3471072d705be4a4\asm-analysis-9.5.jar;C:\Users\admin\.gradle\caches\modules-2\files-2.1\org.ow2.asm\asm-tree\9.5\fd33c8b6373abaa675be407082fdfda35021254a\asm-tree-9.5.jar;C:\Users\admin\.gradle\caches\modules-2\files-2.1\org.ow2.asm\asm\9.5\dc6ea1875f4d64fbc85e1691c95b96a3d8569c90\asm-9.5.jar;C:\Users\admin\.gradle\caches\modules-2\files-2.1\net.minecraftforge\JarJarFileSystems\0.3.19\2464eb7d6b9ddb9db36a82cf8a95193e5c6fe020\JarJarFileSystems-0.3.19.jar --add-modules=ALL-MODULE-PATH --add-opens=java.base/java.util.jar=cpw.mods.securejarhandler --add-opens=java.base/java.lang.invoke=cpw.mods.securejarhandler --add-exports=java.base/sun.security.util=cpw.mods.securejarhandler --add-exports=jdk.naming.dns/com.sun.jndi.dns=java.naming -XX:HeapDumpPath=MojangTricksIntelDriversForPerformance_javaw.exe_minecraft.exe.heapdump -Dfile.encoding=windows-1252 -Duser.country=AR -Duser.language=es -Duser.variant 
java_command: cpw.mods.bootstraplauncher.BootstrapLauncher --launchTarget forgeclientuserdev --version MOD_DEV --assetIndex 5 --assetsDir C:\Users\admin\.gradle\caches\forge_gradle\assets --gameDir . --fml.forgeVersion 47.2.0 --fml.mcVersion 1.20.1 --fml.forgeGroup net.minecraftforge --fml.mcpVersion 20230612.114412
java_class_path (initial): D:\Repositorios Github\Enhanced-Minecraft-Mod\Enhanched_Minecraft_Mod\build\classes\java\main;D:\Repositorios Github\Enhanced-Minecraft-Mod\Enhanched_Minecraft_Mod\build\resources\main;C:\Users\admin\.gradle\caches\forge_gradle\minecraft_user_repo\net\minecraftforge\forge\1.20.1-47.2.0_mapped_parchment_2023.06.26-1.20.1\forge-1.20.1-47.2.0_mapped_parchment_2023.06.26-1.20.1.jar;C:\Users\admin\.gradle\caches\forge_gradle\minecraft_repo\versions\1.20.1\client-extra.jar;C:\Users\admin\.gradle\caches\modules-2\files-2.1\net.minecraftforge\fmlearlydisplay\1.20.1-47.2.0\4c56a03dcedcb909c7eaa8469dd5a36c493a0008\fmlearlydisplay-1.20.1-47.2.0.jar;C:\Users\admin\.gradle\caches\modules-2\files-2.1\net.minecraftforge\javafmllanguage\1.20.1-47.2.0\7f9181f85acc66547685a72020713fc8cbde98\javafmllanguage-1.20.1-47.2.0.jar;C:\Users\admin\.gradle\caches\modules-2\files-2.1\net.minecraftforge\lowcodelanguage\1.20.1-47.2.0\7872f5205685fdd26fae39b1be79b0e60ca5b7bd\lowcodelanguage-1.20.1-47.2.0.jar;C:\Users\admin\.gradle\caches\modules-2\files-2.1\net.minecraftforge\mclanguage\1.20.1-47.2.0\d501d161cabed08b3c139a2c6217b02a39f3c3e9\mclanguage-1.20.1-47.2.0.jar;C:\Users\admin\.gradle\caches\modules-2\files-2.1\net.minecraftforge\fmlcore\1.20.1-47.2.0\ffd3c6debac0a388c9e33ac43c9f5eafb91cb466\fmlcore-1.20.1-47.2.0.jar;C:\Users\admin\.gradle\caches\modules-2\files-2.1\net.minecraftforge\fmlloader\1.20.1-47.2.0\7811231940c0a8b6008453bbc64fdf7fa1280fe9\fmlloader-1.20.1-47.2.0.jar;C:\Users\admin\.gradle\caches\modules-2\files-2.1\net.minecraftforge\JarJarSelector\0.3.19\376cc9c8ea60720cf027c01fc033de915699801c\JarJarSelector-0.3.19.jar;C:\Users\admin\.gradle\caches\modules-2\files-2.1\net.minecraftforge\JarJarMetadata\0.3.19\83feaa9b770e6ac0e96ee4fc23fa89325c5fe2\JarJarMetadata-0.3.19.jar;C:\Users\admin\.gradle\caches\modules-2\files-2.1\com.google.guava\guava\31.1-jre\60458f877d055d0c9114d9e1a2efb737b4bc282c\guava-31.1-jre.jar;C:\Users\admin\.gradle\caches\modules-2
Launcher Type: SUN_STANDARD

[Global flags]
     intx CICompilerCount                          = 3                                         {product} {ergonomic}
     uint ConcGCThreads                            = 1                                         {product} {ergonomic}
     uint G1ConcRefinementThreads                  = 4                                         {product} {ergonomic}
   size_t G1HeapRegionSize                         = 1048576                                   {product} {ergonomic}
    uintx GCDrainStackTargetSize                   = 64                                        {product} {ergonomic}
    ccstr HeapDumpPath                             = MojangTricksIntelDriversForPerformance_javaw.exe_minecraft.exe.heapdump         {manageable} {command line}
   size_t InitialHeapSize                          = 100663296                                 {product} {ergonomic}
   size_t MarkStackSize                            = 4194304                                   {product} {ergonomic}
   size_t MaxHeapSize                              = 1598029824                                {product} {ergonomic}
   size_t MaxNewSize                               = 958398464                                 {product} {ergonomic}
   size_t MinHeapDeltaBytes                        = 1048576                                   {product} {ergonomic}
   size_t MinHeapSize                              = 8388608                                   {product} {ergonomic}
    uintx NonNMethodCodeHeapSize                   = 5832780                                {pd product} {ergonomic}
    uintx NonProfiledCodeHeapSize                  = 122912730                              {pd product} {ergonomic}
    uintx ProfiledCodeHeapSize                     = 122912730                              {pd product} {ergonomic}
    uintx ReservedCodeCacheSize                    = 251658240                              {pd product} {ergonomic}
     bool SegmentedCodeCache                       = true                                      {product} {ergonomic}
   size_t SoftMaxHeapSize                          = 1598029824                             {manageable} {ergonomic}
     bool UseCompressedClassPointers               = true                           {product lp64_product} {ergonomic}
     bool UseCompressedOops                        = true                           {product lp64_product} {ergonomic}
     bool UseG1GC                                  = true                                      {product} {ergonomic}
     bool UseLargePagesIndividualAllocation        = false                                  {pd product} {ergonomic}

Logging:
Log output configuration:
 #0: stdout all=warning uptime,level,tags
 #1: stderr all=off uptime,level,tags

Environment Variables:
JAVA_HOME=C:\Program Files\Eclipse Adoptium\jdk-17.0.9.9-hotspot\
PATH=C:\Program Files\Eclipse Adoptium\jdk-17.0.9.9-hotspot\bin;C:\Program Files\Common Files\Oracle\Java\javapath;C:\Windows\system32;C:\Windows;C:\Windows\System32\Wbem;C:\Windows\System32\WindowsPowerShell\v1.0\;C:\Windows\System32\OpenSSH\;C:\Program Files\dotnet\;C:\Program Files\Git\cmd;C:\Users\admin\AppData\Local\Microsoft\WindowsApps;C:\Users\admin\.dotnet\tools;C:\Users\admin\AppData\Local\GitHubDesktop\bin
USERNAME=admin
OS=Windows_NT
PROCESSOR_IDENTIFIER=AMD64 Family 23 Model 17 Stepping 0, AuthenticAMD



---------------  S Y S T E M  ---------------

OS:
 Windows 10 , 64 bit Build 19041 (10.0.19041.3636)
OS uptime: 26 days 17:47 hours

CPU: total 4 (initial active 4) (4 cores per cpu, 2 threads per core) family 23 model 17 stepping 0 microcode 0x0, cx8, cmov, fxsr, ht, mmx, 3dnowpref, sse, sse2, sse3, ssse3, sse4a, sse4.1, sse4.2, popcnt, lzcnt, tsc, tscinvbit, avx, avx2, aes, clmul, bmi1, bmi2, adx, sha, fma, vzeroupper, clflush, clflushopt

Memory: 4k page, system-wide physical 6092M (868M free)
TotalPageFile size 17052M (AvailPageFile size 3670M)
current process WorkingSet (physical memory assigned to process): 232M, peak: 240M
current process commit charge ("private bytes"): 267M, peak: 275M

vm_info: Java HotSpot(TM) 64-Bit Server VM (17.0.9+11-LTS-201) for windows-amd64 JRE (17.0.9+11-LTS-201), built on Oct 10 2023 23:16:06 by "mach5one" with MS VC++ 17.1 (VS2022)

END.
