#
# A fatal error has been detected by the Java Runtime Environment:
#
#  EXCEPTION_ACCESS_VIOLATION (0xc0000005) at pc=0x00007ff96c832b60, pid=13384, tid=7364
#
# JRE version: Java(TM) SE Runtime Environment (17.0.9+11) (build 17.0.9+11-LTS-201)
# Java VM: Java HotSpot(TM) 64-Bit Server VM (17.0.9+11-LTS-201, mixed mode, sharing, tiered, compressed oops, compressed class ptrs, g1 gc, windows-amd64)
# Problematic frame:
# C  [atio6axx.dll+0x192b60]
#
# No core dump will be written. Minidumps are not enabled by default on client versions of Windows
#
# If you would like to submit a bug report, please visit:
#   https://bugreport.java.com/bugreport/crash.jsp
# The crash happened outside the Java Virtual Machine in native code.
# See problematic frame for where to report the bug.
#

---------------  S U M M A R Y ------------

Command Line: -Dforge.enableGameTest=true -Dforge.enabledGameTestNamespaces=enhanced_minecraft -Dforge.logging.console.level=debug -Dforge.logging.markers=REGISTRIES -DignoreList=bootstraplauncher,securejarhandler,asm-commons,asm-util,asm-analysis,asm-tree,asm,JarJarFileSystems,client-extra,fmlcore,javafmllanguage,lowcodelanguage,mclanguage,forge- -Djava.net.preferIPv6Addresses=system -DlegacyClassPath.file=D:\Repositorios Github\Enhanced-Minecraft-Mod\Enhanched_Minecraft_Mod\build\classpath\runClient_minecraftClasspath.txt -DmergeModules=jna-5.10.0.jar,jna-platform-5.10.0.jar --module-path=C:\Users\admin\.gradle\caches\modules-2\files-2.1\cpw.mods\bootstraplauncher\1.1.2\c546e00443d8432cda6baa1c860346980742628\bootstraplauncher-1.1.2.jar;C:\Users\admin\.gradle\caches\modules-2\files-2.1\cpw.mods\securejarhandler\2.1.10\51e6a22c6c716beb11e244bf5b8be480f51dd6b5\securejarhandler-2.1.10.jar;C:\Users\admin\.gradle\caches\modules-2\files-2.1\org.ow2.asm\asm-commons\9.5\19ab5b5800a3910d30d3a3e64fdb00fd0cb42de0\asm-commons-9.5.jar;C:\Users\admin\.gradle\caches\modules-2\files-2.1\org.ow2.asm\asm-util\9.5\64b5a1fc8c1b15ed2efd6a063e976bc8d3dc5ffe\asm-util-9.5.jar;C:\Users\admin\.gradle\caches\modules-2\files-2.1\org.ow2.asm\asm-analysis\9.5\490bacc77de7cbc0be1a30bb3471072d705be4a4\asm-analysis-9.5.jar;C:\Users\admin\.gradle\caches\modules-2\files-2.1\org.ow2.asm\asm-tree\9.5\fd33c8b6373abaa675be407082fdfda35021254a\asm-tree-9.5.jar;C:\Users\admin\.gradle\caches\modules-2\files-2.1\org.ow2.asm\asm\9.5\dc6ea1875f4d64fbc85e1691c95b96a3d8569c90\asm-9.5.jar;C:\Users\admin\.gradle\caches\modules-2\files-2.1\net.minecraftforge\JarJarFileSystems\0.3.19\2464eb7d6b9ddb9db36a82cf8a95193e5c6fe020\JarJarFileSystems-0.3.19.jar --add-modules=ALL-MODULE-PATH --add-opens=java.base/java.util.jar=cpw.mods.securejarhandler --add-opens=java.base/java.lang.invoke=cpw.mods.securejarhandler --add-exports=java.base/sun.security.util=cpw.mods.securejarhandler --add-exports=jdk.naming.dns/com.sun.jndi.dns=java.naming -XX:HeapDumpPath=MojangTricksIntelDriversForPerformance_javaw.exe_minecraft.exe.heapdump -Dfile.encoding=windows-1252 -Duser.country=AR -Duser.language=es -Duser.variant cpw.mods.bootstraplauncher.BootstrapLauncher --launchTarget forgeclientuserdev --version MOD_DEV --assetIndex 5 --assetsDir C:\Users\admin\.gradle\caches\forge_gradle\assets --gameDir . --fml.forgeVersion 47.2.0 --fml.mcVersion 1.20.1 --fml.forgeGroup net.minecraftforge --fml.mcpVersion 20230612.114412

Host: AMD Ryzen 3 2200U with Radeon Vega Mobile Gfx  , 4 cores, 5G,  Windows 10 , 64 bit Build 19041 (10.0.19041.3636)
Time: Tue Jan  9 10:49:19 2024 Hora estándar de Argentina elapsed time: 8.376536 seconds (0d 0h 0m 8s)

---------------  T H R E A D  ---------------

Current thread (0x0000024ab1ec1550):  JavaThread "main" [_thread_in_native, id=7364, stack(0x000000a5bca00000,0x000000a5bcb00000)]

Stack: [0x000000a5bca00000,0x000000a5bcb00000],  sp=0x000000a5bcafb418,  free space=1005k
Native frames: (J=compiled Java code, j=interpreted, Vv=VM code, C=native code)
C  [atio6axx.dll+0x192b60]

Java frames: (J=compiled Java code, j=interpreted, Vv=VM code)
j  org.lwjgl.system.JNI.invokePPPP(IIJJJJ)J+0 org.lwjgl@3.3.1+7
j  org.lwjgl.glfw.GLFW.nglfwCreateWindow(IIJJJ)J+14 org.lwjgl.glfw@3.3.1+7
j  org.lwjgl.glfw.GLFW.glfwCreateWindow(IILjava/lang/CharSequence;JJ)J+34 org.lwjgl.glfw@3.3.1+7
j  net.minecraftforge.fml.earlydisplay.DisplayWindow.initWindow(Ljava/lang/String;)V+408 fmlearlydisplay@1.20.1-47.2.0
j  net.minecraftforge.fml.earlydisplay.DisplayWindow.start(Ljava/lang/String;Ljava/lang/String;)Ljava/lang/Runnable;+14 fmlearlydisplay@1.20.1-47.2.0
j  net.minecraftforge.fml.earlydisplay.DisplayWindow.initialize([Ljava/lang/String;)Ljava/lang/Runnable;+410 fmlearlydisplay@1.20.1-47.2.0
j  net.minecraftforge.fml.loading.ImmediateWindowHandler.load(Ljava/lang/String;[Ljava/lang/String;)V+180 fmlloader@1.20.1-47.2.0
j  net.minecraftforge.fml.loading.ModDirTransformerDiscoverer.earlyInitialization(Ljava/lang/String;[Ljava/lang/String;)V+2 fmlloader@1.20.1-47.2.0
j  cpw.mods.modlauncher.TransformationServicesHandler.lambda$discoverServices$18(Lcpw/mods/modlauncher/ArgumentHandler$DiscoveryData;Lcpw/mods/modlauncher/serviceapi/ITransformerDiscoveryService;)V+9 cpw.mods.modlauncher@10.0.9
j  cpw.mods.modlauncher.TransformationServicesHandler$$Lambda$416+0x0000024ad0216db0.accept(Ljava/lang/Object;)V+8 cpw.mods.modlauncher@10.0.9
j  java.lang.Iterable.forEach(Ljava/util/function/Consumer;)V+30 java.base@17.0.9
j  cpw.mods.modlauncher.TransformationServicesHandler.discoverServices(Lcpw/mods/modlauncher/ArgumentHandler$DiscoveryData;)V+145 cpw.mods.modlauncher@10.0.9
j  cpw.mods.modlauncher.Launcher.run([Ljava/lang/String;)V+14 cpw.mods.modlauncher@10.0.9
j  cpw.mods.modlauncher.Launcher.main([Ljava/lang/String;)V+78 cpw.mods.modlauncher@10.0.9
j  cpw.mods.modlauncher.BootstrapLaunchConsumer.accept([Ljava/lang/String;)V+1 cpw.mods.modlauncher@10.0.9
j  cpw.mods.modlauncher.BootstrapLaunchConsumer.accept(Ljava/lang/Object;)V+5 cpw.mods.modlauncher@10.0.9
j  cpw.mods.bootstraplauncher.BootstrapLauncher.main([Ljava/lang/String;)V+515 cpw.mods.bootstraplauncher@1.1.2
v  ~StubRoutines::call_stub

siginfo: EXCEPTION_ACCESS_VIOLATION (0xc0000005), reading address 0xffffffffffffffff


Register to memory mapping:

RIP=0x00007ff96c832b60 atio6axx.dll
RAX=0x0 is NULL
RBX=0x00007ff9700733b0 atio6axx.dll
RCX=0x65686361635c656c is an unknown value
RDX=0x00000000000000d0 is an unknown value
RSP=0x000000a5bcafb418 is pointing into the stack for thread: 0x0000024ab1ec1550
RBP=0x000000a5bcafb580 is pointing into the stack for thread: 0x0000024ab1ec1550
RSI=0x00007ff96ff82d40 atio6axx.dll
RDI=0x000000a5bcafb870 is pointing into the stack for thread: 0x0000024ab1ec1550
R8 =0x00000000000001a5 is an unknown value
R9 =0x65686361635c656c is an unknown value
R10=0x0 is NULL
R11=0x0000000000000200 is an unknown value
R12=0x00007ff970073408 atio6axx.dll
R13=0x00007ff970075c08 atio6axx.dll
R14=0x00007ff9700733b0 atio6axx.dll
R15=0x0 is NULL


Registers:
RAX=0x0000000000000000, RBX=0x00007ff9700733b0, RCX=0x65686361635c656c, RDX=0x00000000000000d0
RSP=0x000000a5bcafb418, RBP=0x000000a5bcafb580, RSI=0x00007ff96ff82d40, RDI=0x000000a5bcafb870
R8 =0x00000000000001a5, R9 =0x65686361635c656c, R10=0x0000000000000000, R11=0x0000000000000200
R12=0x00007ff970073408, R13=0x00007ff970075c08, R14=0x00007ff9700733b0, R15=0x0000000000000000
RIP=0x00007ff96c832b60, EFLAGS=0x0000000000010202

Top of Stack: (sp=0x000000a5bcafb418)
0x000000a5bcafb418:   00007ff96c832e7c 00007ff970076020
0x000000a5bcafb428:   0000024b14c3d7d8 0000000000000000
0x000000a5bcafb438:   00007ff96c833e8d 000000a5bcafb870
0x000000a5bcafb448:   00007ff96c7ef484 00007ff9700733b0
0x000000a5bcafb458:   00007ff96ff82d40 0000652e6176616a
0x000000a5bcafb468:   00005155aca17a76 000000a5bcafb870
0x000000a5bcafb478:   00007ff96c7f0457 00007ff9700733b8
0x000000a5bcafb488:   00007ff96ff82d40 00007ff96ff82d40
0x000000a5bcafb498:   0000024b1481f698 00007ff9700733b0
0x000000a5bcafb4a8:   00007ff900000000 0000000000000009
0x000000a5bcafb4b8:   0000024b1481f860 0000024b1481f9c8
0x000000a5bcafb4c8:   00007ff9700733b8 000000a5bcafb870
0x000000a5bcafb4d8:   000000a5bcafb621 00007f006176616a
0x000000a5bcafb4e8:   00007f006176616a 46676e697274535c
0x000000a5bcafb4f8:   5c6f666e49656c69 3062343039303430
0x000000a5bcafb508:   726556656c69465c 000000006e6f6973 

Instructions: (pc=0x00007ff96c832b60)
0x00007ff96c832a60:   74 09 33 c9 ff 15 e6 89 66 03 90 48 8b c3 48 83
0x00007ff96c832a70:   c4 20 5b c3 cc cc cc cc cc cc cc cc cc cc cc cc
0x00007ff96c832a80:   48 83 ec 28 48 8b 51 08 48 85 d2 74 09 33 c9 ff
0x00007ff96c832a90:   15 bb 89 66 03 90 48 83 c4 28 c3 cc cc cc cc cc
0x00007ff96c832aa0:   48 89 11 c3 cc cc cc cc cc cc cc cc cc cc cc cc
0x00007ff96c832ab0:   48 8b c1 c3 cc cc cc cc cc cc cc cc cc cc cc cc
0x00007ff96c832ac0:   48 3b ca 74 10 41 8b 00 39 01 74 09 48 83 c1 04
0x00007ff96c832ad0:   48 3b ca 75 f3 48 8b c1 c3 cc cc cc cc cc cc cc
0x00007ff96c832ae0:   48 8b c1 c3 cc cc cc cc cc cc cc cc cc cc cc cc
0x00007ff96c832af0:   48 83 39 00 0f 94 c0 c3 cc cc cc cc cc cc cc cc
0x00007ff96c832b00:   4c 8d 04 d5 00 00 00 00 33 d2 e9 c1 d0 dd 01 cc
0x00007ff96c832b10:   4c 8b 41 08 48 8b 02 49 89 00 48 83 41 08 08 c3
0x00007ff96c832b20:   48 8b c1 c3 cc cc cc cc cc cc cc cc cc cc cc cc
0x00007ff96c832b30:   48 8b c1 c3 cc cc cc cc cc cc cc cc cc cc cc cc
0x00007ff96c832b40:   49 8b 00 48 89 02 c3 cc cc cc cc cc cc cc cc cc
0x00007ff96c832b50:   8b 81 40 39 00 00 c3 cc cc cc cc cc cc cc cc cc
0x00007ff96c832b60:   8b 81 40 39 00 00 83 c0 f0 83 f8 67 0f 87 5a 01
0x00007ff96c832b70:   00 00 48 8d 15 87 d4 e6 ff 0f b6 84 02 f0 2c 19
0x00007ff96c832b80:   00 8b 8c 82 d0 2c 19 00 48 03 ca ff e1 48 8b 0d
0x00007ff96c832b90:   6c 6f 7e 03 83 b9 b4 34 00 00 02 0f 87 2b 01 00
0x00007ff96c832ba0:   00 48 8d 91 0c 29 00 00 c7 02 e1 00 00 00 e9 ce
0x00007ff96c832bb0:   00 00 00 48 8b 0d 46 6f 7e 03 83 b9 b4 34 00 00
0x00007ff96c832bc0:   02 0f 87 05 01 00 00 48 8d 91 0c 29 00 00 c7 02
0x00007ff96c832bd0:   f0 00 00 00 e9 a8 00 00 00 48 8b 0d 20 6f 7e 03
0x00007ff96c832be0:   83 b9 b4 34 00 00 02 0f 87 df 00 00 00 48 8d 91
0x00007ff96c832bf0:   0c 29 00 00 c7 02 00 04 00 00 e9 82 00 00 00 48
0x00007ff96c832c00:   8b 0d fa 6e 7e 03 83 b9 b4 34 00 00 02 0f 87 b9
0x00007ff96c832c10:   00 00 00 48 8d 91 0c 29 00 00 c7 02 00 08 00 00
0x00007ff96c832c20:   eb 5f 48 8b 0d d7 6e 7e 03 83 b9 b4 34 00 00 02
0x00007ff96c832c30:   0f 87 96 00 00 00 48 8d 91 0c 29 00 00 c7 02 00
0x00007ff96c832c40:   09 00 00 eb 3c 48 8b 0d b4 6e 7e 03 83 b9 b4 34
0x00007ff96c832c50:   00 00 02 77 77 48 8d 91 0c 29 00 00 c7 02 3c 0f 


Stack slot to memory mapping:
stack at sp + 0 slots: 0x00007ff96c832e7c atio6axx.dll
stack at sp + 1 slots: 0x00007ff970076020 atio6axx.dll
stack at sp + 2 slots: 0x0000024b14c3d7d8 points into unknown readable memory: 0x00007ff96f87f5f0 | f0 f5 87 6f f9 7f 00 00
stack at sp + 3 slots: 0x0 is NULL
stack at sp + 4 slots: 0x00007ff96c833e8d atio6axx.dll
stack at sp + 5 slots: 0x000000a5bcafb870 is pointing into the stack for thread: 0x0000024ab1ec1550
stack at sp + 6 slots: 0x00007ff96c7ef484 atio6axx.dll
stack at sp + 7 slots: 0x00007ff9700733b0 atio6axx.dll


---------------  P R O C E S S  ---------------

Threads class SMR info:
_java_thread_list=0x0000024b15e2d350, length=14, elements={
0x0000024ab1ec1550, 0x0000024ace467460, 0x0000024ace4681f0, 0x0000024ace47b7f0,
0x0000024ace47e0d0, 0x0000024ace47e9a0, 0x0000024ace47f270, 0x0000024ace47ff20,
0x0000024ace4f5530, 0x0000024ace4f9e70, 0x0000024ace68c3c0, 0x0000024ace837a30,
0x0000024b15d0e820, 0x0000024b1622fec0
}

Java Threads: ( => current thread )
=>0x0000024ab1ec1550 JavaThread "main" [_thread_in_native, id=7364, stack(0x000000a5bca00000,0x000000a5bcb00000)]
  0x0000024ace467460 JavaThread "Reference Handler" daemon [_thread_blocked, id=1264, stack(0x000000a5bd100000,0x000000a5bd200000)]
  0x0000024ace4681f0 JavaThread "Finalizer" daemon [_thread_blocked, id=6204, stack(0x000000a5bd200000,0x000000a5bd300000)]
  0x0000024ace47b7f0 JavaThread "Signal Dispatcher" daemon [_thread_blocked, id=10312, stack(0x000000a5bd300000,0x000000a5bd400000)]
  0x0000024ace47e0d0 JavaThread "Attach Listener" daemon [_thread_blocked, id=8276, stack(0x000000a5bd400000,0x000000a5bd500000)]
  0x0000024ace47e9a0 JavaThread "Service Thread" daemon [_thread_blocked, id=2620, stack(0x000000a5bd500000,0x000000a5bd600000)]
  0x0000024ace47f270 JavaThread "Monitor Deflation Thread" daemon [_thread_blocked, id=10176, stack(0x000000a5bd600000,0x000000a5bd700000)]
  0x0000024ace47ff20 JavaThread "C2 CompilerThread0" daemon [_thread_in_native, id=6348, stack(0x000000a5bd700000,0x000000a5bd800000)]
  0x0000024ace4f5530 JavaThread "C1 CompilerThread0" daemon [_thread_blocked, id=3020, stack(0x000000a5bd800000,0x000000a5bd900000)]
  0x0000024ace4f9e70 JavaThread "Sweeper thread" daemon [_thread_blocked, id=13876, stack(0x000000a5bd900000,0x000000a5bda00000)]
  0x0000024ace68c3c0 JavaThread "Common-Cleaner" daemon [_thread_blocked, id=3568, stack(0x000000a5bda00000,0x000000a5bdb00000)]
  0x0000024ace837a30 JavaThread "Notification Thread" daemon [_thread_blocked, id=12040, stack(0x000000a5bdb00000,0x000000a5bdc00000)]
  0x0000024b15d0e820 JavaThread "C2 CompilerThread1" daemon [_thread_blocked, id=13840, stack(0x000000a5be000000,0x000000a5be100000)]
  0x0000024b1622fec0 JavaThread "pool-2-thread-1" daemon [_thread_blocked, id=12544, stack(0x000000a5be400000,0x000000a5be500000)]

Other Threads:
  0x0000024ace461940 VMThread "VM Thread" [stack: 0x000000a5bd000000,0x000000a5bd100000] [id=12160]
  0x0000024ace6d4300 WatcherThread [stack: 0x000000a5bdc00000,0x000000a5bdd00000] [id=12768]
  0x0000024ab1f0e690 GCTaskThread "GC Thread#0" [stack: 0x000000a5bcb00000,0x000000a5bcc00000] [id=12568]
  0x0000024ace96ef00 GCTaskThread "GC Thread#1" [stack: 0x000000a5bdd00000,0x000000a5bde00000] [id=6632]
  0x0000024b14293f00 GCTaskThread "GC Thread#2" [stack: 0x000000a5bde00000,0x000000a5bdf00000] [id=6952]
  0x0000024b140a8260 GCTaskThread "GC Thread#3" [stack: 0x000000a5bdf00000,0x000000a5be000000] [id=13308]
  0x0000024ab1f1cb20 ConcurrentGCThread "G1 Main Marker" [stack: 0x000000a5bcc00000,0x000000a5bcd00000] [id=4576]
  0x0000024ab1f1d440 ConcurrentGCThread "G1 Conc#0" [stack: 0x000000a5bcd00000,0x000000a5bce00000] [id=2572]
  0x0000024ace330090 ConcurrentGCThread "G1 Refine#0" [stack: 0x000000a5bce00000,0x000000a5bcf00000] [id=8036]
  0x0000024ace3309d0 ConcurrentGCThread "G1 Service" [stack: 0x000000a5bcf00000,0x000000a5bd000000] [id=3572]

Threads with active compile tasks:
C2 CompilerThread0     8440 3625       4       jdk.internal.org.objectweb.asm.Frame::execute (2305 bytes)

VM state: not at safepoint (normal execution)

VM Mutex/Monitor currently owned by a thread: None

Heap address: 0x00000000a0c00000, size: 1524 MB, Compressed Oops mode: 32-bit

CDS archive(s) mapped at: [0x0000024acf000000-0x0000024acfbd0000-0x0000024acfbd0000), size 12386304, SharedBaseAddress: 0x0000024acf000000, ArchiveRelocationMode: 1.
Compressed class space mapped at: 0x0000024ad0000000-0x0000024b10000000, reserved size: 1073741824
Narrow klass base: 0x0000024acf000000, Narrow klass shift: 0, Narrow klass range: 0x100000000

GC Precious Log:
 CPUs: 4 total, 4 available
 Memory: 6092M
 Large Page Support: Disabled
 NUMA Support: Disabled
 Compressed Oops: Enabled (32-bit)
 Heap Region Size: 1M
 Heap Min Capacity: 8M
 Heap Initial Capacity: 96M
 Heap Max Capacity: 1524M
 Pre-touch: Disabled
 Parallel Workers: 4
 Concurrent Workers: 1
 Concurrent Refinement Workers: 4
 Periodic GC: Disabled

Heap:
 garbage-first heap   total 118784K, used 65844K [0x00000000a0c00000, 0x0000000100000000)
  region size 1024K, 34 young (34816K), 6 survivors (6144K)
 Metaspace       used 16730K, committed 17088K, reserved 1114112K
  class space    used 1906K, committed 2048K, reserved 1048576K

Heap Regions: E=young(eden), S=young(survivor), O=old, HS=humongous(starts), HC=humongous(continues), CS=collection set, F=free, OA=open archive, CA=closed archive, TAMS=top-at-mark-start (previous, next)
|   0|0x00000000a0c00000, 0x00000000a0d00000, 0x00000000a0d00000|100%|HS|  |TAMS 0x00000000a0c00000, 0x00000000a0c00000| Complete 
|   1|0x00000000a0d00000, 0x00000000a0e00000, 0x00000000a0e00000|100%|HS|  |TAMS 0x00000000a0d00000, 0x00000000a0d00000| Complete 
|   2|0x00000000a0e00000, 0x00000000a0f00000, 0x00000000a0f00000|100%|HC|  |TAMS 0x00000000a0e00000, 0x00000000a0e00000| Complete 
|   3|0x00000000a0f00000, 0x00000000a1000000, 0x00000000a1000000|100%| O|  |TAMS 0x00000000a0f00000, 0x00000000a0f00000| Untracked 
|   4|0x00000000a1000000, 0x00000000a1100000, 0x00000000a1100000|100%| O|  |TAMS 0x00000000a1000000, 0x00000000a1000000| Untracked 
|   5|0x00000000a1100000, 0x00000000a1200000, 0x00000000a1200000|100%| O|  |TAMS 0x00000000a1100000, 0x00000000a1100000| Untracked 
|   6|0x00000000a1200000, 0x00000000a1300000, 0x00000000a1300000|100%|HS|  |TAMS 0x00000000a1200000, 0x00000000a1200000| Complete 
|   7|0x00000000a1300000, 0x00000000a1400000, 0x00000000a1400000|100%|HC|  |TAMS 0x00000000a1300000, 0x00000000a1300000| Complete 
|   8|0x00000000a1400000, 0x00000000a1500000, 0x00000000a1500000|100%| O|  |TAMS 0x00000000a1400000, 0x00000000a1400000| Untracked 
|   9|0x00000000a1500000, 0x00000000a1600000, 0x00000000a1600000|100%| O|  |TAMS 0x00000000a1500000, 0x00000000a1500000| Untracked 
|  10|0x00000000a1600000, 0x00000000a1700000, 0x00000000a1700000|100%| O|  |TAMS 0x00000000a1600000, 0x00000000a1600000| Untracked 
|  11|0x00000000a1700000, 0x00000000a1800000, 0x00000000a1800000|100%|HS|  |TAMS 0x00000000a1700000, 0x00000000a1700000| Complete 
|  12|0x00000000a1800000, 0x00000000a1900000, 0x00000000a1900000|100%|HC|  |TAMS 0x00000000a1800000, 0x00000000a1800000| Complete 
|  13|0x00000000a1900000, 0x00000000a1a00000, 0x00000000a1a00000|100%| O|  |TAMS 0x00000000a1900000, 0x00000000a1900000| Untracked 
|  14|0x00000000a1a00000, 0x00000000a1b00000, 0x00000000a1b00000|100%| O|  |TAMS 0x00000000a1a00000, 0x00000000a1a00000| Untracked 
|  15|0x00000000a1b00000, 0x00000000a1c00000, 0x00000000a1c00000|100%| O|  |TAMS 0x00000000a1b00000, 0x00000000a1b00000| Untracked 
|  16|0x00000000a1c00000, 0x00000000a1d00000, 0x00000000a1d00000|100%| O|  |TAMS 0x00000000a1c00000, 0x00000000a1c00000| Untracked 
|  17|0x00000000a1d00000, 0x00000000a1e00000, 0x00000000a1e00000|100%|HS|  |TAMS 0x00000000a1d00000, 0x00000000a1d00000| Complete 
|  18|0x00000000a1e00000, 0x00000000a1f00000, 0x00000000a1f00000|100%|HC|  |TAMS 0x00000000a1e00000, 0x00000000a1e00000| Complete 
|  19|0x00000000a1f00000, 0x00000000a2000000, 0x00000000a2000000|100%| O|  |TAMS 0x00000000a1f00000, 0x00000000a1f00000| Untracked 
|  20|0x00000000a2000000, 0x00000000a2100000, 0x00000000a2100000|100%| O|  |TAMS 0x00000000a2000000, 0x00000000a2000000| Untracked 
|  21|0x00000000a2100000, 0x00000000a2200000, 0x00000000a2200000|100%| O|  |TAMS 0x00000000a2100000, 0x00000000a2100000| Untracked 
|  22|0x00000000a2200000, 0x00000000a2300000, 0x00000000a2300000|100%| O|  |TAMS 0x00000000a2200000, 0x00000000a2200000| Untracked 
|  23|0x00000000a2300000, 0x00000000a2400000, 0x00000000a2400000|100%| O|  |TAMS 0x00000000a2300000, 0x00000000a2300000| Untracked 
|  24|0x00000000a2400000, 0x00000000a2500000, 0x00000000a2500000|100%| O|  |TAMS 0x00000000a2400000, 0x00000000a2400000| Untracked 
|  25|0x00000000a2500000, 0x00000000a2600000, 0x00000000a2600000|100%| O|  |TAMS 0x00000000a2500000, 0x00000000a2500000| Untracked 
|  26|0x00000000a2600000, 0x00000000a2700000, 0x00000000a2700000|100%| O|  |TAMS 0x00000000a2600000, 0x00000000a2600000| Untracked 
|  27|0x00000000a2700000, 0x00000000a2800000, 0x00000000a2800000|100%| O|  |TAMS 0x00000000a2700000, 0x00000000a2700000| Untracked 
|  28|0x00000000a2800000, 0x00000000a2900000, 0x00000000a2900000|100%| O|  |TAMS 0x00000000a2800000, 0x00000000a2800000| Untracked 
|  29|0x00000000a2900000, 0x00000000a2a00000, 0x00000000a2a00000|100%| O|  |TAMS 0x00000000a2900000, 0x00000000a2900000| Untracked 
|  30|0x00000000a2a00000, 0x00000000a2b00000, 0x00000000a2b00000|100%| O|  |TAMS 0x00000000a2a00000, 0x00000000a2a00000| Untracked 
|  31|0x00000000a2b00000, 0x00000000a2b72400, 0x00000000a2c00000| 44%| O|  |TAMS 0x00000000a2b00000, 0x00000000a2b00000| Untracked 
|  32|0x00000000a2c00000, 0x00000000a2c00000, 0x00000000a2d00000|  0%| F|  |TAMS 0x00000000a2c00000, 0x00000000a2c00000| Untracked 
|  33|0x00000000a2d00000, 0x00000000a2d00000, 0x00000000a2e00000|  0%| F|  |TAMS 0x00000000a2d00000, 0x00000000a2d00000| Untracked 
|  34|0x00000000a2e00000, 0x00000000a2e00000, 0x00000000a2f00000|  0%| F|  |TAMS 0x00000000a2e00000, 0x00000000a2e00000| Untracked 
|  35|0x00000000a2f00000, 0x00000000a2f00000, 0x00000000a3000000|  0%| F|  |TAMS 0x00000000a2f00000, 0x00000000a2f00000| Untracked 
|  36|0x00000000a3000000, 0x00000000a3000000, 0x00000000a3100000|  0%| F|  |TAMS 0x00000000a3000000, 0x00000000a3000000| Untracked 
|  37|0x00000000a3100000, 0x00000000a3100000, 0x00000000a3200000|  0%| F|  |TAMS 0x00000000a3100000, 0x00000000a3100000| Untracked 
|  38|0x00000000a3200000, 0x00000000a3200000, 0x00000000a3300000|  0%| F|  |TAMS 0x00000000a3200000, 0x00000000a3200000| Untracked 
|  39|0x00000000a3300000, 0x00000000a3300000, 0x00000000a3400000|  0%| F|  |TAMS 0x00000000a3300000, 0x00000000a3300000| Untracked 
|  40|0x00000000a3400000, 0x00000000a3400000, 0x00000000a3500000|  0%| F|  |TAMS 0x00000000a3400000, 0x00000000a3400000| Untracked 
|  41|0x00000000a3500000, 0x00000000a3500000, 0x00000000a3600000|  0%| F|  |TAMS 0x00000000a3500000, 0x00000000a3500000| Untracked 
|  42|0x00000000a3600000, 0x00000000a3600000, 0x00000000a3700000|  0%| F|  |TAMS 0x00000000a3600000, 0x00000000a3600000| Untracked 
|  43|0x00000000a3700000, 0x00000000a3700000, 0x00000000a3800000|  0%| F|  |TAMS 0x00000000a3700000, 0x00000000a3700000| Untracked 
|  44|0x00000000a3800000, 0x00000000a3800000, 0x00000000a3900000|  0%| F|  |TAMS 0x00000000a3800000, 0x00000000a3800000| Untracked 
|  45|0x00000000a3900000, 0x00000000a3900000, 0x00000000a3a00000|  0%| F|  |TAMS 0x00000000a3900000, 0x00000000a3900000| Untracked 
|  46|0x00000000a3a00000, 0x00000000a3a00000, 0x00000000a3b00000|  0%| F|  |TAMS 0x00000000a3a00000, 0x00000000a3a00000| Untracked 
|  47|0x00000000a3b00000, 0x00000000a3b00000, 0x00000000a3c00000|  0%| F|  |TAMS 0x00000000a3b00000, 0x00000000a3b00000| Untracked 
|  48|0x00000000a3c00000, 0x00000000a3c00000, 0x00000000a3d00000|  0%| F|  |TAMS 0x00000000a3c00000, 0x00000000a3c00000| Untracked 
|  49|0x00000000a3d00000, 0x00000000a3d00000, 0x00000000a3e00000|  0%| F|  |TAMS 0x00000000a3d00000, 0x00000000a3d00000| Untracked 
|  50|0x00000000a3e00000, 0x00000000a3e00000, 0x00000000a3f00000|  0%| F|  |TAMS 0x00000000a3e00000, 0x00000000a3e00000| Untracked 
|  51|0x00000000a3f00000, 0x00000000a3f00000, 0x00000000a4000000|  0%| F|  |TAMS 0x00000000a3f00000, 0x00000000a3f00000| Untracked 
|  52|0x00000000a4000000, 0x00000000a4000000, 0x00000000a4100000|  0%| F|  |TAMS 0x00000000a4000000, 0x00000000a4000000| Untracked 
|  53|0x00000000a4100000, 0x00000000a4100000, 0x00000000a4200000|  0%| F|  |TAMS 0x00000000a4100000, 0x00000000a4100000| Untracked 
|  54|0x00000000a4200000, 0x00000000a4200000, 0x00000000a4300000|  0%| F|  |TAMS 0x00000000a4200000, 0x00000000a4200000| Untracked 
|  55|0x00000000a4300000, 0x00000000a43dacd0, 0x00000000a4400000| 85%| S|CS|TAMS 0x00000000a4300000, 0x00000000a4300000| Complete 
|  56|0x00000000a4400000, 0x00000000a4500000, 0x00000000a4500000|100%| S|CS|TAMS 0x00000000a4400000, 0x00000000a4400000| Complete 
|  57|0x00000000a4500000, 0x00000000a4600000, 0x00000000a4600000|100%| S|CS|TAMS 0x00000000a4500000, 0x00000000a4500000| Complete 
|  58|0x00000000a4600000, 0x00000000a4700000, 0x00000000a4700000|100%| S|CS|TAMS 0x00000000a4600000, 0x00000000a4600000| Complete 
|  59|0x00000000a4700000, 0x00000000a4800000, 0x00000000a4800000|100%| S|CS|TAMS 0x00000000a4700000, 0x00000000a4700000| Complete 
|  60|0x00000000a4800000, 0x00000000a4800000, 0x00000000a4900000|  0%| F|  |TAMS 0x00000000a4800000, 0x00000000a4800000| Untracked 
|  61|0x00000000a4900000, 0x00000000a4a00000, 0x00000000a4a00000|100%| S|CS|TAMS 0x00000000a4900000, 0x00000000a4900000| Complete 
|  62|0x00000000a4a00000, 0x00000000a4a00000, 0x00000000a4b00000|  0%| F|  |TAMS 0x00000000a4a00000, 0x00000000a4a00000| Untracked 
|  63|0x00000000a4b00000, 0x00000000a4b00000, 0x00000000a4c00000|  0%| F|  |TAMS 0x00000000a4b00000, 0x00000000a4b00000| Untracked 
|  64|0x00000000a4c00000, 0x00000000a4c00000, 0x00000000a4d00000|  0%| F|  |TAMS 0x00000000a4c00000, 0x00000000a4c00000| Untracked 
|  65|0x00000000a4d00000, 0x00000000a4d00000, 0x00000000a4e00000|  0%| F|  |TAMS 0x00000000a4d00000, 0x00000000a4d00000| Untracked 
|  66|0x00000000a4e00000, 0x00000000a4e00000, 0x00000000a4f00000|  0%| F|  |TAMS 0x00000000a4e00000, 0x00000000a4e00000| Untracked 
|  67|0x00000000a4f00000, 0x00000000a4f00000, 0x00000000a5000000|  0%| F|  |TAMS 0x00000000a4f00000, 0x00000000a4f00000| Untracked 
|  68|0x00000000a5000000, 0x00000000a5000000, 0x00000000a5100000|  0%| F|  |TAMS 0x00000000a5000000, 0x00000000a5000000| Untracked 
|  69|0x00000000a5100000, 0x00000000a5100000, 0x00000000a5200000|  0%| F|  |TAMS 0x00000000a5100000, 0x00000000a5100000| Untracked 
|  70|0x00000000a5200000, 0x00000000a5200000, 0x00000000a5300000|  0%| F|  |TAMS 0x00000000a5200000, 0x00000000a5200000| Untracked 
|  71|0x00000000a5300000, 0x00000000a5300000, 0x00000000a5400000|  0%| F|  |TAMS 0x00000000a5300000, 0x00000000a5300000| Untracked 
|  72|0x00000000a5400000, 0x00000000a5400000, 0x00000000a5500000|  0%| F|  |TAMS 0x00000000a5400000, 0x00000000a5400000| Untracked 
|  73|0x00000000a5500000, 0x00000000a5500000, 0x00000000a5600000|  0%| F|  |TAMS 0x00000000a5500000, 0x00000000a5500000| Untracked 
|  74|0x00000000a5600000, 0x00000000a5600000, 0x00000000a5700000|  0%| F|  |TAMS 0x00000000a5600000, 0x00000000a5600000| Untracked 
|  75|0x00000000a5700000, 0x00000000a5700000, 0x00000000a5800000|  0%| F|  |TAMS 0x00000000a5700000, 0x00000000a5700000| Untracked 
|  76|0x00000000a5800000, 0x00000000a5800000, 0x00000000a5900000|  0%| F|  |TAMS 0x00000000a5800000, 0x00000000a5800000| Untracked 
|  77|0x00000000a5900000, 0x00000000a5900000, 0x00000000a5a00000|  0%| F|  |TAMS 0x00000000a5900000, 0x00000000a5900000| Untracked 
|  78|0x00000000a5a00000, 0x00000000a5a00000, 0x00000000a5b00000|  0%| F|  |TAMS 0x00000000a5a00000, 0x00000000a5a00000| Untracked 
|  79|0x00000000a5b00000, 0x00000000a5b00000, 0x00000000a5c00000|  0%| F|  |TAMS 0x00000000a5b00000, 0x00000000a5b00000| Untracked 
|  80|0x00000000a5c00000, 0x00000000a5c00000, 0x00000000a5d00000|  0%| F|  |TAMS 0x00000000a5c00000, 0x00000000a5c00000| Untracked 
|  81|0x00000000a5d00000, 0x00000000a5d00000, 0x00000000a5e00000|  0%| F|  |TAMS 0x00000000a5d00000, 0x00000000a5d00000| Untracked 
|  82|0x00000000a5e00000, 0x00000000a5e00000, 0x00000000a5f00000|  0%| F|  |TAMS 0x00000000a5e00000, 0x00000000a5e00000| Untracked 
|  83|0x00000000a5f00000, 0x00000000a5f00000, 0x00000000a6000000|  0%| F|  |TAMS 0x00000000a5f00000, 0x00000000a5f00000| Untracked 
|  84|0x00000000a6000000, 0x00000000a6000000, 0x00000000a6100000|  0%| F|  |TAMS 0x00000000a6000000, 0x00000000a6000000| Untracked 
|  85|0x00000000a6100000, 0x00000000a6100000, 0x00000000a6200000|  0%| F|  |TAMS 0x00000000a6100000, 0x00000000a6100000| Untracked 
|  86|0x00000000a6200000, 0x00000000a6200000, 0x00000000a6300000|  0%| F|  |TAMS 0x00000000a6200000, 0x00000000a6200000| Untracked 
|  87|0x00000000a6300000, 0x00000000a6300000, 0x00000000a6400000|  0%| F|  |TAMS 0x00000000a6300000, 0x00000000a6300000| Untracked 
|  88|0x00000000a6400000, 0x00000000a6500000, 0x00000000a6500000|100%| E|  |TAMS 0x00000000a6400000, 0x00000000a6400000| Complete 
|  89|0x00000000a6500000, 0x00000000a6600000, 0x00000000a6600000|100%| E|CS|TAMS 0x00000000a6500000, 0x00000000a6500000| Complete 
|  90|0x00000000a6600000, 0x00000000a6700000, 0x00000000a6700000|100%| E|CS|TAMS 0x00000000a6600000, 0x00000000a6600000| Complete 
|  91|0x00000000a6700000, 0x00000000a6800000, 0x00000000a6800000|100%| E|CS|TAMS 0x00000000a6700000, 0x00000000a6700000| Complete 
|  92|0x00000000a6800000, 0x00000000a6900000, 0x00000000a6900000|100%| E|CS|TAMS 0x00000000a6800000, 0x00000000a6800000| Complete 
|  93|0x00000000a6900000, 0x00000000a6a00000, 0x00000000a6a00000|100%| E|CS|TAMS 0x00000000a6900000, 0x00000000a6900000| Complete 
|  94|0x00000000a6a00000, 0x00000000a6b00000, 0x00000000a6b00000|100%| E|CS|TAMS 0x00000000a6a00000, 0x00000000a6a00000| Complete 
|  95|0x00000000a6b00000, 0x00000000a6c00000, 0x00000000a6c00000|100%| E|CS|TAMS 0x00000000a6b00000, 0x00000000a6b00000| Complete 
|  96|0x00000000a6c00000, 0x00000000a6d00000, 0x00000000a6d00000|100%| E|CS|TAMS 0x00000000a6c00000, 0x00000000a6c00000| Complete 
|  97|0x00000000a6d00000, 0x00000000a6e00000, 0x00000000a6e00000|100%| E|CS|TAMS 0x00000000a6d00000, 0x00000000a6d00000| Complete 
|  98|0x00000000a6e00000, 0x00000000a6f00000, 0x00000000a6f00000|100%| E|CS|TAMS 0x00000000a6e00000, 0x00000000a6e00000| Complete 
|  99|0x00000000a6f00000, 0x00000000a7000000, 0x00000000a7000000|100%| E|CS|TAMS 0x00000000a6f00000, 0x00000000a6f00000| Complete 
| 100|0x00000000a7000000, 0x00000000a7100000, 0x00000000a7100000|100%| E|CS|TAMS 0x00000000a7000000, 0x00000000a7000000| Complete 
| 101|0x00000000a7100000, 0x00000000a7200000, 0x00000000a7200000|100%| E|CS|TAMS 0x00000000a7100000, 0x00000000a7100000| Complete 
| 102|0x00000000a7200000, 0x00000000a7300000, 0x00000000a7300000|100%| E|CS|TAMS 0x00000000a7200000, 0x00000000a7200000| Complete 
| 103|0x00000000a7300000, 0x00000000a7400000, 0x00000000a7400000|100%| E|CS|TAMS 0x00000000a7300000, 0x00000000a7300000| Complete 
| 104|0x00000000a7400000, 0x00000000a7500000, 0x00000000a7500000|100%| E|CS|TAMS 0x00000000a7400000, 0x00000000a7400000| Complete 
| 105|0x00000000a7500000, 0x00000000a7600000, 0x00000000a7600000|100%| E|CS|TAMS 0x00000000a7500000, 0x00000000a7500000| Complete 
| 106|0x00000000a7600000, 0x00000000a7700000, 0x00000000a7700000|100%| E|CS|TAMS 0x00000000a7600000, 0x00000000a7600000| Complete 
| 107|0x00000000a7700000, 0x00000000a7800000, 0x00000000a7800000|100%| E|CS|TAMS 0x00000000a7700000, 0x00000000a7700000| Complete 
| 108|0x00000000a7800000, 0x00000000a7900000, 0x00000000a7900000|100%| E|CS|TAMS 0x00000000a7800000, 0x00000000a7800000| Complete 
| 109|0x00000000a7900000, 0x00000000a7a00000, 0x00000000a7a00000|100%| E|CS|TAMS 0x00000000a7900000, 0x00000000a7900000| Complete 
| 110|0x00000000a7a00000, 0x00000000a7b00000, 0x00000000a7b00000|100%| E|CS|TAMS 0x00000000a7a00000, 0x00000000a7a00000| Complete 
| 111|0x00000000a7b00000, 0x00000000a7c00000, 0x00000000a7c00000|100%| E|CS|TAMS 0x00000000a7b00000, 0x00000000a7b00000| Complete 
| 112|0x00000000a7c00000, 0x00000000a7d00000, 0x00000000a7d00000|100%| E|CS|TAMS 0x00000000a7c00000, 0x00000000a7c00000| Complete 
| 113|0x00000000a7d00000, 0x00000000a7e00000, 0x00000000a7e00000|100%| E|CS|TAMS 0x00000000a7d00000, 0x00000000a7d00000| Complete 
| 114|0x00000000a7e00000, 0x00000000a7f00000, 0x00000000a7f00000|100%| E|CS|TAMS 0x00000000a7e00000, 0x00000000a7e00000| Complete 
| 115|0x00000000a7f00000, 0x00000000a8000000, 0x00000000a8000000|100%| E|CS|TAMS 0x00000000a7f00000, 0x00000000a7f00000| Complete 

Card table byte_map: [0x0000024ac8a50000,0x0000024ac8d50000] _byte_map_base: 0x0000024ac854a000

Marking Bits (Prev, Next): (CMBitMap*) 0x0000024ab1f0fbd0, (CMBitMap*) 0x0000024ab1f0fc10
 Prev Bits: [0x0000024ac9050000, 0x0000024aca820000)
 Next Bits: [0x0000024aca820000, 0x0000024acbff0000)

Polling page: 0x0000024aafd60000

Metaspace:

Usage:
  Non-class:     14.48 MB used.
      Class:      1.86 MB used.
       Both:     16.34 MB used.

Virtual space:
  Non-class space:       64.00 MB reserved,      14.69 MB ( 23%) committed,  1 nodes.
      Class space:        1.00 GB reserved,       2.00 MB ( <1%) committed,  1 nodes.
             Both:        1.06 GB reserved,      16.69 MB (  2%) committed. 

Chunk freelists:
   Non-Class:  820.00 KB
       Class:  13.82 MB
        Both:  14.62 MB

MaxMetaspaceSize: unlimited
CompressedClassSpaceSize: 1.00 GB
Initial GC threshold: 21.00 MB
Current GC threshold: 21.00 MB
CDS: on
MetaspaceReclaimPolicy: balanced
 - commit_granule_bytes: 65536.
 - commit_granule_words: 8192.
 - virtual_space_node_default_size: 8388608.
 - enlarge_chunks_in_place: 1.
 - new_chunks_are_fully_committed: 0.
 - uncommit_free_chunks: 1.
 - use_allocation_guard: 0.
 - handle_deallocations: 1.


Internal statistics:

num_allocs_failed_limit: 0.
num_arena_births: 298.
num_arena_deaths: 0.
num_vsnodes_births: 2.
num_vsnodes_deaths: 0.
num_space_committed: 267.
num_space_uncommitted: 0.
num_chunks_returned_to_freelist: 0.
num_chunks_taken_from_freelist: 727.
num_chunk_merges: 0.
num_chunk_splits: 447.
num_chunks_enlarged: 287.
num_inconsistent_stats: 0.

CodeHeap 'non-profiled nmethods': size=120000Kb used=2069Kb max_used=2069Kb free=117930Kb
 bounds [0x0000024ac1220000, 0x0000024ac1490000, 0x0000024ac8750000]
CodeHeap 'profiled nmethods': size=120000Kb used=6888Kb max_used=6888Kb free=113111Kb
 bounds [0x0000024ab9750000, 0x0000024ab9e10000, 0x0000024ac0c80000]
CodeHeap 'non-nmethods': size=5760Kb used=1620Kb max_used=1637Kb free=4140Kb
 bounds [0x0000024ac0c80000, 0x0000024ac0ef0000, 0x0000024ac1220000]
 total_blobs=4698 nmethods=3650 adapters=960
 compilation: enabled
              stopped_count=0, restarted_count=0
 full_count=0

Compilation events (20 events):
Event: 8.214 Thread 0x0000024ace4f5530 3648       3       java.lang.invoke.MethodHandles$Lookup::ensureDefineClassPermission (38 bytes)
Event: 8.215 Thread 0x0000024ace4f5530 nmethod 3648 0x0000024ab9e06a90 code [0x0000024ab9e06ca0, 0x0000024ab9e073b8]
Event: 8.215 Thread 0x0000024ace4f5530 3645       3       java.util.concurrent.ConcurrentHashMap::sumCount (60 bytes)
Event: 8.215 Thread 0x0000024ace4f5530 nmethod 3645 0x0000024ab9e07610 code [0x0000024ab9e077c0, 0x0000024ab9e07a18]
Event: 8.215 Thread 0x0000024ace4f5530 3650       3       java.lang.invoke.LambdaForm$Name::internArguments (62 bytes)
Event: 8.215 Thread 0x0000024ace4f5530 nmethod 3650 0x0000024ab9e07b10 code [0x0000024ab9e07d00, 0x0000024ab9e08408]
Event: 8.216 Thread 0x0000024b15d0e820 3651       4       jdk.internal.org.objectweb.asm.Frame::push (109 bytes)
Event: 8.216 Thread 0x0000024ace4f5530 3652       3       java.lang.invoke.LambdaFormBuffer::indexOf (33 bytes)
Event: 8.216 Thread 0x0000024ace4f5530 nmethod 3652 0x0000024ab9e08590 code [0x0000024ab9e08760, 0x0000024ab9e08b18]
Event: 8.216 Thread 0x0000024ace4f5530 3654       3       jdk.internal.org.objectweb.asm.AnnotationWriter::create (34 bytes)
Event: 8.217 Thread 0x0000024ace4f5530 nmethod 3654 0x0000024ab9e08c10 code [0x0000024ab9e08e00, 0x0000024ab9e09298]
Event: 8.217 Thread 0x0000024ace4f5530 3655       3       jdk.internal.org.objectweb.asm.AnnotationVisitor::<init> (88 bytes)
Event: 8.218 Thread 0x0000024ace4f5530 nmethod 3655 0x0000024ab9e09490 code [0x0000024ab9e096e0, 0x0000024ab9e09fc8]
Event: 8.218 Thread 0x0000024ace4f5530 3657       1       sun.util.calendar.CalendarDate::getDayOfMonth (5 bytes)
Event: 8.218 Thread 0x0000024ace4f5530 nmethod 3657 0x0000024ac1424690 code [0x0000024ac1424820, 0x0000024ac14248f8]
Event: 8.218 Thread 0x0000024ace4f5530 3653       1       java.lang.invoke.InvokerBytecodeGenerator::setClassWriter (6 bytes)
Event: 8.218 Thread 0x0000024ace4f5530 nmethod 3653 0x0000024ac1424990 code [0x0000024ac1424b20, 0x0000024ac1424c38]
Event: 8.218 Thread 0x0000024ace4f5530 3656       1       java.lang.Class::getClassData (5 bytes)
Event: 8.218 Thread 0x0000024ace4f5530 nmethod 3656 0x0000024ac1424c90 code [0x0000024ac1424e20, 0x0000024ac1424ef8]
Event: 8.219 Thread 0x0000024b15d0e820 nmethod 3651 0x0000024ac1424f90 code [0x0000024ac1425120, 0x0000024ac1425398]

GC Heap History (20 events):
Event: 1.616 GC heap before
{Heap before GC invocations=0 (full 0):
 garbage-first heap   total 98304K, used 21504K [0x00000000a0c00000, 0x0000000100000000)
  region size 1024K, 13 young (13312K), 0 survivors (0K)
 Metaspace       used 2053K, committed 2304K, reserved 1114112K
  class space    used 186K, committed 320K, reserved 1048576K
}
Event: 1.624 GC heap after
{Heap after GC invocations=1 (full 0):
 garbage-first heap   total 98304K, used 9747K [0x00000000a0c00000, 0x0000000100000000)
  region size 1024K, 2 young (2048K), 2 survivors (2048K)
 Metaspace       used 2053K, committed 2304K, reserved 1114112K
  class space    used 186K, committed 320K, reserved 1048576K
}
Event: 2.212 GC heap before
{Heap before GC invocations=1 (full 0):
 garbage-first heap   total 98304K, used 22035K [0x00000000a0c00000, 0x0000000100000000)
  region size 1024K, 15 young (15360K), 2 survivors (2048K)
 Metaspace       used 2804K, committed 3008K, reserved 1114112K
  class space    used 269K, committed 384K, reserved 1048576K
}
Event: 2.216 GC heap after
{Heap after GC invocations=2 (full 0):
 garbage-first heap   total 98304K, used 11130K [0x00000000a0c00000, 0x0000000100000000)
  region size 1024K, 2 young (2048K), 2 survivors (2048K)
 Metaspace       used 2804K, committed 3008K, reserved 1114112K
  class space    used 269K, committed 384K, reserved 1048576K
}
Event: 2.925 GC heap before
{Heap before GC invocations=2 (full 0):
 garbage-first heap   total 98304K, used 32634K [0x00000000a0c00000, 0x0000000100000000)
  region size 1024K, 24 young (24576K), 2 survivors (2048K)
 Metaspace       used 4867K, committed 5056K, reserved 1114112K
  class space    used 472K, committed 576K, reserved 1048576K
}
Event: 2.932 GC heap after
{Heap after GC invocations=3 (full 0):
 garbage-first heap   total 98304K, used 14236K [0x00000000a0c00000, 0x0000000100000000)
  region size 1024K, 3 young (3072K), 3 survivors (3072K)
 Metaspace       used 4867K, committed 5056K, reserved 1114112K
  class space    used 472K, committed 576K, reserved 1048576K
}
Event: 3.526 GC heap before
{Heap before GC invocations=3 (full 0):
 garbage-first heap   total 98304K, used 53148K [0x00000000a0c00000, 0x0000000100000000)
  region size 1024K, 39 young (39936K), 3 survivors (3072K)
 Metaspace       used 4902K, committed 5120K, reserved 1114112K
  class space    used 472K, committed 576K, reserved 1048576K
}
Event: 3.539 GC heap after
{Heap after GC invocations=4 (full 0):
 garbage-first heap   total 98304K, used 20365K [0x00000000a0c00000, 0x0000000100000000)
  region size 1024K, 5 young (5120K), 5 survivors (5120K)
 Metaspace       used 4902K, committed 5120K, reserved 1114112K
  class space    used 472K, committed 576K, reserved 1048576K
}
Event: 3.722 GC heap before
{Heap before GC invocations=4 (full 0):
 garbage-first heap   total 98304K, used 66445K [0x00000000a0c00000, 0x0000000100000000)
  region size 1024K, 50 young (51200K), 5 survivors (5120K)
 Metaspace       used 4902K, committed 5120K, reserved 1114112K
  class space    used 472K, committed 576K, reserved 1048576K
}
Event: 3.731 GC heap after
{Heap after GC invocations=5 (full 0):
 garbage-first heap   total 98304K, used 21314K [0x00000000a0c00000, 0x0000000100000000)
  region size 1024K, 4 young (4096K), 4 survivors (4096K)
 Metaspace       used 4902K, committed 5120K, reserved 1114112K
  class space    used 472K, committed 576K, reserved 1048576K
}
Event: 5.077 GC heap before
{Heap before GC invocations=5 (full 0):
 garbage-first heap   total 98304K, used 75586K [0x00000000a0c00000, 0x0000000100000000)
  region size 1024K, 57 young (58368K), 4 survivors (4096K)
 Metaspace       used 5071K, committed 5376K, reserved 1114112K
  class space    used 481K, committed 640K, reserved 1048576K
}
Event: 5.091 GC heap after
{Heap after GC invocations=6 (full 0):
 garbage-first heap   total 98304K, used 25291K [0x00000000a0c00000, 0x0000000100000000)
  region size 1024K, 8 young (8192K), 8 survivors (8192K)
 Metaspace       used 5071K, committed 5376K, reserved 1114112K
  class space    used 481K, committed 640K, reserved 1048576K
}
Event: 5.624 GC heap before
{Heap before GC invocations=6 (full 0):
 garbage-first heap   total 98304K, used 76491K [0x00000000a0c00000, 0x0000000100000000)
  region size 1024K, 56 young (57344K), 8 survivors (8192K)
 Metaspace       used 5093K, committed 5376K, reserved 1114112K
  class space    used 481K, committed 640K, reserved 1048576K
}
Event: 5.636 GC heap after
{Heap after GC invocations=7 (full 0):
 garbage-first heap   total 118784K, used 30802K [0x00000000a0c00000, 0x0000000100000000)
  region size 1024K, 4 young (4096K), 4 survivors (4096K)
 Metaspace       used 5093K, committed 5376K, reserved 1114112K
  class space    used 481K, committed 640K, reserved 1048576K
}
Event: 5.721 GC heap before
{Heap before GC invocations=7 (full 0):
 garbage-first heap   total 118784K, used 88146K [0x00000000a0c00000, 0x0000000100000000)
  region size 1024K, 60 young (61440K), 4 survivors (4096K)
 Metaspace       used 5093K, committed 5376K, reserved 1114112K
  class space    used 481K, committed 640K, reserved 1048576K
}
Event: 5.726 GC heap after
{Heap after GC invocations=8 (full 0):
 garbage-first heap   total 118784K, used 32604K [0x00000000a0c00000, 0x0000000100000000)
  region size 1024K, 6 young (6144K), 6 survivors (6144K)
 Metaspace       used 5093K, committed 5376K, reserved 1114112K
  class space    used 481K, committed 640K, reserved 1048576K
}
Event: 6.509 GC heap before
{Heap before GC invocations=8 (full 0):
 garbage-first heap   total 118784K, used 88924K [0x00000000a0c00000, 0x0000000100000000)
  region size 1024K, 61 young (62464K), 6 survivors (6144K)
 Metaspace       used 5365K, committed 5568K, reserved 1114112K
  class space    used 514K, committed 640K, reserved 1048576K
}
Event: 6.519 GC heap after
{Heap after GC invocations=9 (full 0):
 garbage-first heap   total 118784K, used 35543K [0x00000000a0c00000, 0x0000000100000000)
  region size 1024K, 5 young (5120K), 5 survivors (5120K)
 Metaspace       used 5365K, committed 5568K, reserved 1114112K
  class space    used 514K, committed 640K, reserved 1048576K
}
Event: 7.469 GC heap before
{Heap before GC invocations=9 (full 0):
 garbage-first heap   total 118784K, used 90839K [0x00000000a0c00000, 0x0000000100000000)
  region size 1024K, 59 young (60416K), 5 survivors (5120K)
 Metaspace       used 11815K, committed 12096K, reserved 1114112K
  class space    used 1327K, committed 1472K, reserved 1048576K
}
Event: 7.481 GC heap after
{Heap after GC invocations=10 (full 0):
 garbage-first heap   total 118784K, used 38196K [0x00000000a0c00000, 0x0000000100000000)
  region size 1024K, 6 young (6144K), 6 survivors (6144K)
 Metaspace       used 11815K, committed 12096K, reserved 1114112K
  class space    used 1327K, committed 1472K, reserved 1048576K
}

Deoptimization events (20 events):
Event: 7.990 Thread 0x0000024ab1ec1550 Uncommon trap: trap_request=0xffffffde fr.pc=0x0000024ac1380a30 relative=0x0000000000000090
Event: 7.990 Thread 0x0000024ab1ec1550 Uncommon trap: reason=class_check action=maybe_recompile pc=0x0000024ac1380a30 method=java.util.AbstractList$RandomAccessSpliterator.getFence()I @ 34 c2
Event: 7.990 Thread 0x0000024ab1ec1550 DEOPT PACKING pc=0x0000024ac1380a30 sp=0x000000a5bcafe650
Event: 7.990 Thread 0x0000024ab1ec1550 DEOPT UNPACKING pc=0x0000024ac0cd23a3 sp=0x000000a5bcafe5d0 mode 2
Event: 7.990 Thread 0x0000024ab1ec1550 Uncommon trap: trap_request=0xffffffde fr.pc=0x0000024ac1380a30 relative=0x0000000000000090
Event: 7.990 Thread 0x0000024ab1ec1550 Uncommon trap: reason=class_check action=maybe_recompile pc=0x0000024ac1380a30 method=java.util.AbstractList$RandomAccessSpliterator.getFence()I @ 34 c2
Event: 7.990 Thread 0x0000024ab1ec1550 DEOPT PACKING pc=0x0000024ac1380a30 sp=0x000000a5bcafe650
Event: 7.990 Thread 0x0000024ab1ec1550 DEOPT UNPACKING pc=0x0000024ac0cd23a3 sp=0x000000a5bcafe5d0 mode 2
Event: 8.028 Thread 0x0000024ab1ec1550 Uncommon trap: trap_request=0xffffffde fr.pc=0x0000024ac1380a30 relative=0x0000000000000090
Event: 8.028 Thread 0x0000024ab1ec1550 Uncommon trap: reason=class_check action=maybe_recompile pc=0x0000024ac1380a30 method=java.util.AbstractList$RandomAccessSpliterator.getFence()I @ 34 c2
Event: 8.028 Thread 0x0000024ab1ec1550 DEOPT PACKING pc=0x0000024ac1380a30 sp=0x000000a5bcafe650
Event: 8.028 Thread 0x0000024ab1ec1550 DEOPT UNPACKING pc=0x0000024ac0cd23a3 sp=0x000000a5bcafe5d0 mode 2
Event: 8.037 Thread 0x0000024ab1ec1550 Uncommon trap: trap_request=0xffffffde fr.pc=0x0000024ac12fc3ec relative=0x00000000000000cc
Event: 8.037 Thread 0x0000024ab1ec1550 Uncommon trap: reason=class_check action=maybe_recompile pc=0x0000024ac12fc3ec method=java.util.stream.AbstractPipeline.exactOutputSizeIfKnown(Ljava/util/Spliterator;)J @ 16 c2
Event: 8.037 Thread 0x0000024ab1ec1550 DEOPT PACKING pc=0x0000024ac12fc3ec sp=0x000000a5bcafecc0
Event: 8.037 Thread 0x0000024ab1ec1550 DEOPT UNPACKING pc=0x0000024ac0cd23a3 sp=0x000000a5bcafec40 mode 2
Event: 8.220 Thread 0x0000024b1622fec0 Uncommon trap: trap_request=0xffffff45 fr.pc=0x0000024ac12e18a4 relative=0x0000000000000104
Event: 8.220 Thread 0x0000024b1622fec0 Uncommon trap: reason=unstable_if action=reinterpret pc=0x0000024ac12e18a4 method=java.util.concurrent.TimeUnit.convert(JLjava/util/concurrent/TimeUnit;)J @ 8 c2
Event: 8.220 Thread 0x0000024b1622fec0 DEOPT PACKING pc=0x0000024ac12e18a4 sp=0x000000a5be4ff110
Event: 8.220 Thread 0x0000024b1622fec0 DEOPT UNPACKING pc=0x0000024ac0cd23a3 sp=0x000000a5be4ff0c0 mode 2

Classes unloaded (0 events):
No events

Classes redefined (0 events):
No events

Internal exceptions (20 events):
Event: 7.936 Thread 0x0000024ab1ec1550 Exception <a 'java/lang/NoSuchMethodError'{0x00000000a6e5fc00}: 'void java.lang.invoke.DirectMethodHandle$Holder.invokeStaticInit(java.lang.Object, java.lang.Object)'> (0x00000000a6e5fc00) 
thrown [s\open\src\hotspot\share\interpreter\linkResolver.cpp, line 759]
Event: 7.938 Thread 0x0000024ab1ec1550 Exception <a 'java/lang/NoSuchMethodError'{0x00000000a6e6c478}: 'java.lang.Object java.lang.invoke.DirectMethodHandle$Holder.invokeStaticInit(java.lang.Object, java.lang.Object, java.lang.Object, java.lang.Object)'> (0x00000000a6e6c478) 
thrown [s\open\src\hotspot\share\interpreter\linkResolver.cpp, line 759]
Event: 7.939 Thread 0x0000024ab1ec1550 Exception <a 'java/lang/IncompatibleClassChangeError'{0x00000000a6e71d20}: Found class java.lang.Object, but interface was expected> (0x00000000a6e71d20) 
thrown [s\open\src\hotspot\share\interpreter\linkResolver.cpp, line 826]
Event: 7.945 Thread 0x0000024ab1ec1550 Exception <a 'java/lang/IncompatibleClassChangeError'{0x00000000a6ea6448}: Found class java.lang.Object, but interface was expected> (0x00000000a6ea6448) 
thrown [s\open\src\hotspot\share\interpreter\linkResolver.cpp, line 826]
Event: 7.979 Thread 0x0000024ab1ec1550 Exception <a 'sun/nio/fs/WindowsException'{0x00000000a6c37668}> (0x00000000a6c37668) 
thrown [s\open\src\hotspot\share\prims\jni.cpp, line 516]
Event: 8.038 Thread 0x0000024ab1ec1550 Exception <a 'java/lang/NoSuchMethodError'{0x00000000a6c796d0}: 'java.lang.Object java.lang.invoke.DirectMethodHandle$Holder.invokeVirtual(java.lang.Object, java.lang.Object, java.lang.Object)'> (0x00000000a6c796d0) 
thrown [s\open\src\hotspot\share\interpreter\linkResolver.cpp, line 759]
Event: 8.071 Thread 0x0000024ab1ec1550 Exception <a 'sun/nio/fs/WindowsException'{0x00000000a6b7d198}> (0x00000000a6b7d198) 
thrown [s\open\src\hotspot\share\prims\jni.cpp, line 516]
Event: 8.074 Thread 0x0000024ab1ec1550 Exception <a 'java/lang/NoSuchMethodError'{0x00000000a6bab568}: 'java.lang.Object java.lang.invoke.DirectMethodHandle$Holder.invokeStatic(java.lang.Object, int, java.lang.Object, java.lang.Object, java.lang.Object, java.lang.Object)'> (0x00000000a6bab568) 
thrown [s\open\src\hotspot\share\interpreter\linkResolver.cpp, line 759]
Event: 8.074 Thread 0x0000024ab1ec1550 Exception <a 'java/lang/NoSuchMethodError'{0x00000000a6bb3d90}: 'java.lang.Object java.lang.invoke.DirectMethodHandle$Holder.newInvokeSpecial(java.lang.Object, int, java.lang.Object, java.lang.Object)'> (0x00000000a6bb3d90) 
thrown [s\open\src\hotspot\share\interpreter\linkResolver.cpp, line 759]
Event: 8.075 Thread 0x0000024ab1ec1550 Exception <a 'java/lang/NoSuchMethodError'{0x00000000a6bb7e98}: 'java.lang.Object java.lang.invoke.DirectMethodHandle$Holder.invokeSpecial(java.lang.Object, java.lang.Object, int, java.lang.Object, java.lang.Object)'> (0x00000000a6bb7e98) 
thrown [s\open\src\hotspot\share\interpreter\linkResolver.cpp, line 759]
Event: 8.125 Thread 0x0000024ab1ec1550 Exception <a 'sun/nio/fs/WindowsException'{0x00000000a687aa00}> (0x00000000a687aa00) 
thrown [s\open\src\hotspot\share\prims\jni.cpp, line 516]
Event: 8.126 Thread 0x0000024ab1ec1550 Exception <a 'sun/nio/fs/WindowsException'{0x00000000a687ad50}> (0x00000000a687ad50) 
thrown [s\open\src\hotspot\share\prims\jni.cpp, line 516]
Event: 8.138 Thread 0x0000024ab1ec1550 Exception <a 'sun/nio/fs/WindowsException'{0x00000000a67b4e20}> (0x00000000a67b4e20) 
thrown [s\open\src\hotspot\share\prims\jni.cpp, line 516]
Event: 8.138 Thread 0x0000024ab1ec1550 Exception <a 'sun/nio/fs/WindowsException'{0x00000000a67b5180}> (0x00000000a67b5180) 
thrown [s\open\src\hotspot\share\prims\jni.cpp, line 516]
Event: 8.148 Thread 0x0000024ab1ec1550 Exception <a 'java/lang/NoSuchMethodError'{0x00000000a66ef280}: 'int java.lang.invoke.DirectMethodHandle$Holder.invokeStaticInit(java.lang.Object, java.lang.Object, int, long)'> (0x00000000a66ef280) 
thrown [s\open\src\hotspot\share\interpreter\linkResolver.cpp, line 759]
Event: 8.148 Thread 0x0000024ab1ec1550 Exception <a 'java/lang/NoSuchMethodError'{0x00000000a66f4e10}: 'java.lang.Object java.lang.invoke.DirectMethodHandle$Holder.newInvokeSpecial(java.lang.Object, java.lang.Object, int)'> (0x00000000a66f4e10) 
thrown [s\open\src\hotspot\share\interpreter\linkResolver.cpp, line 759]
Event: 8.150 Thread 0x0000024ab1ec1550 Exception <a 'java/lang/NoSuchMethodError'{0x00000000a650a6d0}: 'int java.lang.invoke.DirectMethodHandle$Holder.invokeStaticInit(java.lang.Object, java.lang.Object, long, long)'> (0x00000000a650a6d0) 
thrown [s\open\src\hotspot\share\interpreter\linkResolver.cpp, line 759]
Event: 8.150 Thread 0x0000024ab1ec1550 Exception <a 'java/lang/NoSuchMethodError'{0x00000000a6510628}: 'java.lang.Object java.lang.invoke.DirectMethodHandle$Holder.newInvokeSpecial(java.lang.Object, java.lang.Object, long)'> (0x00000000a6510628) 
thrown [s\open\src\hotspot\share\interpreter\linkResolver.cpp, line 759]
Event: 8.150 Thread 0x0000024ab1ec1550 Exception <a 'java/lang/NoSuchMethodError'{0x00000000a6514198}: 'java.lang.Object java.lang.invoke.Invokers$Holder.linkToTargetMethod(java.lang.Object, long, java.lang.Object)'> (0x00000000a6514198) 
thrown [s\open\src\hotspot\share\interpreter\linkResolver.cpp, line 759]
Event: 8.151 Thread 0x0000024ab1ec1550 Exception <a 'java/lang/NoSuchMethodError'{0x00000000a651b910}: 'int java.lang.invoke.DirectMethodHandle$Holder.invokeStaticInit(java.lang.Object, java.lang.Object, java.lang.Object, long)'> (0x00000000a651b910) 
thrown [s\open\src\hotspot\share\interpreter\linkResolver.cpp, line 759]

VM Operations (20 events):
Event: 7.455 Executing VM operation: HandshakeAllThreads
Event: 7.455 Executing VM operation: HandshakeAllThreads done
Event: 7.469 Executing VM operation: G1CollectForAllocation
Event: 7.481 Executing VM operation: G1CollectForAllocation done
Event: 7.554 Executing VM operation: HandshakeAllThreads
Event: 7.554 Executing VM operation: HandshakeAllThreads done
Event: 7.554 Executing VM operation: HandshakeAllThreads
Event: 7.554 Executing VM operation: HandshakeAllThreads done
Event: 7.665 Executing VM operation: HandshakeAllThreads
Event: 7.665 Executing VM operation: HandshakeAllThreads done
Event: 7.784 Executing VM operation: HandshakeAllThreads
Event: 7.784 Executing VM operation: HandshakeAllThreads done
Event: 7.855 Executing VM operation: HandshakeAllThreads
Event: 7.855 Executing VM operation: HandshakeAllThreads done
Event: 7.972 Executing VM operation: HandshakeAllThreads
Event: 7.972 Executing VM operation: HandshakeAllThreads done
Event: 8.049 Executing VM operation: ICBufferFull
Event: 8.050 Executing VM operation: ICBufferFull done
Event: 8.221 Executing VM operation: HandshakeAllThreads
Event: 8.221 Executing VM operation: HandshakeAllThreads done

Events (20 events):
Event: 8.146 loading class java/nio/DirectDoubleBufferU done
Event: 8.147 loading class java/util/function/LongPredicate
Event: 8.147 loading class java/util/function/LongPredicate done
Event: 8.152 loading class java/nio/InvalidMarkException
Event: 8.152 loading class java/nio/InvalidMarkException done
Event: 8.152 loading class java/nio/BufferUnderflowException
Event: 8.152 loading class java/nio/BufferUnderflowException done
Event: 8.212 loading class java/util/concurrent/ScheduledThreadPoolExecutor$ScheduledFutureTask
Event: 8.213 loading class java/util/concurrent/FutureTask
Event: 8.213 loading class java/util/concurrent/FutureTask done
Event: 8.213 loading class java/util/concurrent/ScheduledThreadPoolExecutor$ScheduledFutureTask done
Event: 8.213 loading class java/util/concurrent/FutureTask$WaitNode
Event: 8.214 loading class java/util/concurrent/FutureTask$WaitNode done
Event: 8.214 loading class java/util/concurrent/Executors$RunnableAdapter
Event: 8.214 loading class java/util/concurrent/Executors$RunnableAdapter done
Event: 8.214 Thread 0x0000024b1622fec0 Thread added: 0x0000024b1622fec0
Event: 8.220 loading class java/util/concurrent/locks/AbstractQueuedSynchronizer$ConditionNode
Event: 8.220 loading class java/util/concurrent/ForkJoinPool$ManagedBlocker
Event: 8.221 loading class java/util/concurrent/ForkJoinPool$ManagedBlocker done
Event: 8.221 loading class java/util/concurrent/locks/AbstractQueuedSynchronizer$ConditionNode done


Dynamic libraries:
0x00007ff6d14b0000 - 0x00007ff6d14c0000 	C:\Program Files\Java\jdk-17\bin\java.exe
0x00007ff9df6b0000 - 0x00007ff9df8a8000 	C:\Windows\SYSTEM32\ntdll.dll
0x00007ff9dd730000 - 0x00007ff9dd7ed000 	C:\Windows\System32\KERNEL32.DLL
0x00007ff9dce10000 - 0x00007ff9dd106000 	C:\Windows\System32\KERNELBASE.dll
0x00007ff9dd460000 - 0x00007ff9dd560000 	C:\Windows\System32\ucrtbase.dll
0x00007ff9b6660000 - 0x00007ff9b6679000 	C:\Program Files\Java\jdk-17\bin\jli.dll
0x00007ff9df2c0000 - 0x00007ff9df36f000 	C:\Windows\System32\ADVAPI32.dll
0x00007ff9ded50000 - 0x00007ff9dedee000 	C:\Windows\System32\msvcrt.dll
0x00007ff9df4a0000 - 0x00007ff9df53c000 	C:\Windows\System32\sechost.dll
0x00007ff9df370000 - 0x00007ff9df496000 	C:\Windows\System32\RPCRT4.dll
0x00007ff9df120000 - 0x00007ff9df2be000 	C:\Windows\System32\USER32.dll
0x00007ff9dd430000 - 0x00007ff9dd452000 	C:\Windows\System32\win32u.dll
0x00007ff9dd940000 - 0x00007ff9dd96c000 	C:\Windows\System32\GDI32.dll
0x00007ff9dd5f0000 - 0x00007ff9dd70a000 	C:\Windows\System32\gdi32full.dll
0x00007ff9dd230000 - 0x00007ff9dd2cd000 	C:\Windows\System32\msvcp_win.dll
0x00007ff9b6960000 - 0x00007ff9b697b000 	C:\Program Files\Java\jdk-17\bin\VCRUNTIME140.dll
0x00007ff9cd6c0000 - 0x00007ff9cd95a000 	C:\Windows\WinSxS\amd64_microsoft.windows.common-controls_6595b64144ccf1df_6.0.19041.3636_none_60b6a03d71f818d5\COMCTL32.dll
0x00007ff9d5370000 - 0x00007ff9d537a000 	C:\Windows\SYSTEM32\VERSION.dll
0x00007ff9df000000 - 0x00007ff9df030000 	C:\Windows\System32\IMM32.DLL
0x00007ff9c0900000 - 0x00007ff9c090c000 	C:\Program Files\Java\jdk-17\bin\vcruntime140_1.dll
0x00007ff9b5500000 - 0x00007ff9b558e000 	C:\Program Files\Java\jdk-17\bin\msvcp140.dll
0x00007ff9a6db0000 - 0x00007ff9a7991000 	C:\Program Files\Java\jdk-17\bin\server\jvm.dll
0x00007ff9df030000 - 0x00007ff9df038000 	C:\Windows\System32\PSAPI.DLL
0x00007ff9c8610000 - 0x00007ff9c8619000 	C:\Windows\SYSTEM32\WSOCK32.dll
0x00007ff9df540000 - 0x00007ff9df5ab000 	C:\Windows\System32\WS2_32.dll
0x00007ff9d40d0000 - 0x00007ff9d40f7000 	C:\Windows\SYSTEM32\WINMM.dll
0x00007ff9db5e0000 - 0x00007ff9db5f2000 	C:\Windows\SYSTEM32\kernel.appcore.dll
0x00007ff9c0820000 - 0x00007ff9c082a000 	C:\Program Files\Java\jdk-17\bin\jimage.dll
0x00007ff9dabb0000 - 0x00007ff9dad94000 	C:\Windows\SYSTEM32\DBGHELP.DLL
0x00007ff9c5390000 - 0x00007ff9c53c4000 	C:\Windows\SYSTEM32\dbgcore.DLL
0x00007ff9dd560000 - 0x00007ff9dd5e2000 	C:\Windows\System32\bcryptPrimitives.dll
0x00007ff9b6020000 - 0x00007ff9b6045000 	C:\Program Files\Java\jdk-17\bin\java.dll
0x00007ff9b5420000 - 0x00007ff9b54f7000 	C:\Program Files\Java\jdk-17\bin\jsvml.dll
0x00007ff9de600000 - 0x00007ff9ded45000 	C:\Windows\System32\SHELL32.dll
0x00007ff9dada0000 - 0x00007ff9db53b000 	C:\Windows\SYSTEM32\windows.storage.dll
0x00007ff9ddaa0000 - 0x00007ff9dddf4000 	C:\Windows\System32\combase.dll
0x00007ff9dc700000 - 0x00007ff9dc72d000 	C:\Windows\SYSTEM32\Wldp.dll
0x00007ff9dd890000 - 0x00007ff9dd93d000 	C:\Windows\System32\SHCORE.dll
0x00007ff9de480000 - 0x00007ff9de4d5000 	C:\Windows\System32\shlwapi.dll
0x00007ff9dccc0000 - 0x00007ff9dcce5000 	C:\Windows\SYSTEM32\profapi.dll
0x00007ff9b6000000 - 0x00007ff9b6019000 	C:\Program Files\Java\jdk-17\bin\net.dll
0x00007ff9d2ef0000 - 0x00007ff9d2ffa000 	C:\Windows\SYSTEM32\WINHTTP.dll
0x00007ff9dc460000 - 0x00007ff9dc4ca000 	C:\Windows\system32\mswsock.dll
0x00007ff9b5fe0000 - 0x00007ff9b5ff6000 	C:\Program Files\Java\jdk-17\bin\nio.dll
0x00007ff9b6640000 - 0x00007ff9b6658000 	C:\Program Files\Java\jdk-17\bin\zip.dll
0x00007ff9bf810000 - 0x00007ff9bf820000 	C:\Program Files\Java\jdk-17\bin\verify.dll
0x00007ff9be410000 - 0x00007ff9be41a000 	C:\Program Files\Java\jdk-17\bin\management.dll
0x00007ff9be250000 - 0x00007ff9be25b000 	C:\Program Files\Java\jdk-17\bin\management_ext.dll
0x00007ff9c30e0000 - 0x00007ff9c30f7000 	C:\Windows\system32\napinsp.dll
0x00007ff9c1650000 - 0x00007ff9c166b000 	C:\Windows\system32\pnrpnsp.dll
0x00007ff9d7970000 - 0x00007ff9d7985000 	C:\Windows\system32\wshbth.dll
0x00007ff9d8390000 - 0x00007ff9d83ad000 	C:\Windows\system32\NLAapi.dll
0x00007ff9dc150000 - 0x00007ff9dc18b000 	C:\Windows\SYSTEM32\IPHLPAPI.DLL
0x00007ff9dc190000 - 0x00007ff9dc25a000 	C:\Windows\SYSTEM32\DNSAPI.dll
0x00007ff9df660000 - 0x00007ff9df668000 	C:\Windows\System32\NSI.dll
0x00007ff9c1630000 - 0x00007ff9c1642000 	C:\Windows\System32\winrnr.dll
0x00007ff9cab50000 - 0x00007ff9cab5a000 	C:\Windows\System32\rasadhlp.dll
0x00007ff9cab70000 - 0x00007ff9cabf0000 	C:\Windows\System32\fwpuclnt.dll
0x00007ff9dcd90000 - 0x00007ff9dcdb7000 	C:\Windows\System32\bcrypt.dll
0x00007ff9b6200000 - 0x00007ff9b6275000 	C:\Users\admin\AppData\Local\Temp\lwjgladmin\3.3.1-build-7\lwjgl.dll
0x00007ff9b5300000 - 0x00007ff9b5361000 	C:\Users\admin\AppData\Local\Temp\lwjgladmin\3.3.1-build-7\glfw.dll
0x00007ff9b5770000 - 0x00007ff9b57b5000 	C:\Windows\SYSTEM32\dinput8.dll
0x00007ff9b6a40000 - 0x00007ff9b6a51000 	C:\Windows\SYSTEM32\xinput1_4.dll
0x00007ff9dcdc0000 - 0x00007ff9dce0e000 	C:\Windows\System32\cfgmgr32.dll
0x00007ff9dca50000 - 0x00007ff9dca83000 	C:\Windows\SYSTEM32\DEVOBJ.dll
0x00007ff9da620000 - 0x00007ff9da64f000 	C:\Windows\SYSTEM32\dwmapi.dll
0x00007ff9d08e0000 - 0x00007ff9d0a32000 	C:\Windows\SYSTEM32\inputhost.dll
0x00007ff9dd9d0000 - 0x00007ff9dda9d000 	C:\Windows\System32\OLEAUT32.dll
0x00007ff9d85b0000 - 0x00007ff9d86a6000 	C:\Windows\SYSTEM32\PROPSYS.dll
0x00007ff9d93c0000 - 0x00007ff9d9515000 	C:\Windows\SYSTEM32\wintypes.dll
0x00007ff9d9a90000 - 0x00007ff9d9deb000 	C:\Windows\SYSTEM32\CoreUIComponents.dll
0x00007ff9dbeb0000 - 0x00007ff9dbee3000 	C:\Windows\SYSTEM32\ntmarta.dll
0x00007ff9d9f40000 - 0x00007ff9da032000 	C:\Windows\SYSTEM32\CoreMessaging.dll
0x00007ff9da440000 - 0x00007ff9da4de000 	C:\Windows\system32\uxtheme.dll
0x00007ff9de4e0000 - 0x00007ff9de5f4000 	C:\Windows\System32\MSCTF.dll
0x00007ff99ee50000 - 0x00007ff99ef75000 	C:\Windows\SYSTEM32\opengl32.dll
0x00007ff9a0080000 - 0x00007ff9a00ac000 	C:\Windows\SYSTEM32\GLU32.dll
0x00007ff9df5b0000 - 0x00007ff9df659000 	C:\Windows\System32\clbcatq.dll
0x00007ff9d5130000 - 0x00007ff9d515d000 	C:\Windows\System32\DriverStore\FileRepository\u0390451.inf_amd64_39377efdd62734d1\B390182\atig6pxx.dll
0x00007ff96c6a0000 - 0x00007ff9702d5000 	C:\Windows\System32\DriverStore\FileRepository\u0390451.inf_amd64_39377efdd62734d1\B390182\atio6axx.dll
0x00007ff9dde00000 - 0x00007ff9de26e000 	C:\Windows\System32\SETUPAPI.dll
0x00007ff9dd110000 - 0x00007ff9dd177000 	C:\Windows\System32\WINTRUST.dll
0x00007ff9dd2d0000 - 0x00007ff9dd42d000 	C:\Windows\System32\CRYPT32.dll
0x00007ff9dc890000 - 0x00007ff9dc8a2000 	C:\Windows\SYSTEM32\MSASN1.dll

dbghelp: loaded successfully - version: 4.0.5 - missing functions: none
symbol engine: initialized successfully - sym options: 0x614 - pdb path: .;C:\Program Files\Java\jdk-17\bin;C:\Windows\SYSTEM32;C:\Windows\WinSxS\amd64_microsoft.windows.common-controls_6595b64144ccf1df_6.0.19041.3636_none_60b6a03d71f818d5;C:\Program Files\Java\jdk-17\bin\server;C:\Users\admin\AppData\Local\Temp\lwjgladmin\3.3.1-build-7;C:\Windows\System32\DriverStore\FileRepository\u0390451.inf_amd64_39377efdd62734d1\B390182

VM Arguments:
jvm_args: -Dforge.enableGameTest=true -Dforge.enabledGameTestNamespaces=enhanced_minecraft -Dforge.logging.console.level=debug -Dforge.logging.markers=REGISTRIES -DignoreList=bootstraplauncher,securejarhandler,asm-commons,asm-util,asm-analysis,asm-tree,asm,JarJarFileSystems,client-extra,fmlcore,javafmllanguage,lowcodelanguage,mclanguage,forge- -Djava.net.preferIPv6Addresses=system -DlegacyClassPath.file=D:\Repositorios Github\Enhanced-Minecraft-Mod\Enhanched_Minecraft_Mod\build\classpath\runClient_minecraftClasspath.txt -DmergeModules=jna-5.10.0.jar,jna-platform-5.10.0.jar --module-path=C:\Users\admin\.gradle\caches\modules-2\files-2.1\cpw.mods\bootstraplauncher\1.1.2\c546e00443d8432cda6baa1c860346980742628\bootstraplauncher-1.1.2.jar;C:\Users\admin\.gradle\caches\modules-2\files-2.1\cpw.mods\securejarhandler\2.1.10\51e6a22c6c716beb11e244bf5b8be480f51dd6b5\securejarhandler-2.1.10.jar;C:\Users\admin\.gradle\caches\modules-2\files-2.1\org.ow2.asm\asm-commons\9.5\19ab5b5800a3910d30d3a3e64fdb00fd0cb42de0\asm-commons-9.5.jar;C:\Users\admin\.gradle\caches\modules-2\files-2.1\org.ow2.asm\asm-util\9.5\64b5a1fc8c1b15ed2efd6a063e976bc8d3dc5ffe\asm-util-9.5.jar;C:\Users\admin\.gradle\caches\modules-2\files-2.1\org.ow2.asm\asm-analysis\9.5\490bacc77de7cbc0be1a30bb3471072d705be4a4\asm-analysis-9.5.jar;C:\Users\admin\.gradle\caches\modules-2\files-2.1\org.ow2.asm\asm-tree\9.5\fd33c8b6373abaa675be407082fdfda35021254a\asm-tree-9.5.jar;C:\Users\admin\.gradle\caches\modules-2\files-2.1\org.ow2.asm\asm\9.5\dc6ea1875f4d64fbc85e1691c95b96a3d8569c90\asm-9.5.jar;C:\Users\admin\.gradle\caches\modules-2\files-2.1\net.minecraftforge\JarJarFileSystems\0.3.19\2464eb7d6b9ddb9db36a82cf8a95193e5c6fe020\JarJarFileSystems-0.3.19.jar --add-modules=ALL-MODULE-PATH --add-opens=java.base/java.util.jar=cpw.mods.securejarhandler --add-opens=java.base/java.lang.invoke=cpw.mods.securejarhandler --add-exports=java.base/sun.security.util=cpw.mods.securejarhandler --add-exports=jdk.naming.dns/com.sun.jndi.dns=java.naming -XX:HeapDumpPath=MojangTricksIntelDriversForPerformance_javaw.exe_minecraft.exe.heapdump -Dfile.encoding=windows-1252 -Duser.country=AR -Duser.language=es -Duser.variant 
java_command: cpw.mods.bootstraplauncher.BootstrapLauncher --launchTarget forgeclientuserdev --version MOD_DEV --assetIndex 5 --assetsDir C:\Users\admin\.gradle\caches\forge_gradle\assets --gameDir . --fml.forgeVersion 47.2.0 --fml.mcVersion 1.20.1 --fml.forgeGroup net.minecraftforge --fml.mcpVersion 20230612.114412
java_class_path (initial): D:\Repositorios Github\Enhanced-Minecraft-Mod\Enhanched_Minecraft_Mod\build\classes\java\main;D:\Repositorios Github\Enhanced-Minecraft-Mod\Enhanched_Minecraft_Mod\build\resources\main;C:\Users\admin\.gradle\caches\forge_gradle\minecraft_user_repo\net\minecraftforge\forge\1.20.1-47.2.0_mapped_parchment_2023.06.26-1.20.1\forge-1.20.1-47.2.0_mapped_parchment_2023.06.26-1.20.1.jar;C:\Users\admin\.gradle\caches\forge_gradle\minecraft_repo\versions\1.20.1\client-extra.jar;C:\Users\admin\.gradle\caches\modules-2\files-2.1\net.minecraftforge\fmlearlydisplay\1.20.1-47.2.0\4c56a03dcedcb909c7eaa8469dd5a36c493a0008\fmlearlydisplay-1.20.1-47.2.0.jar;C:\Users\admin\.gradle\caches\modules-2\files-2.1\net.minecraftforge\javafmllanguage\1.20.1-47.2.0\7f9181f85acc66547685a72020713fc8cbde98\javafmllanguage-1.20.1-47.2.0.jar;C:\Users\admin\.gradle\caches\modules-2\files-2.1\net.minecraftforge\lowcodelanguage\1.20.1-47.2.0\7872f5205685fdd26fae39b1be79b0e60ca5b7bd\lowcodelanguage-1.20.1-47.2.0.jar;C:\Users\admin\.gradle\caches\modules-2\files-2.1\net.minecraftforge\mclanguage\1.20.1-47.2.0\d501d161cabed08b3c139a2c6217b02a39f3c3e9\mclanguage-1.20.1-47.2.0.jar;C:\Users\admin\.gradle\caches\modules-2\files-2.1\net.minecraftforge\fmlcore\1.20.1-47.2.0\ffd3c6debac0a388c9e33ac43c9f5eafb91cb466\fmlcore-1.20.1-47.2.0.jar;C:\Users\admin\.gradle\caches\modules-2\files-2.1\net.minecraftforge\fmlloader\1.20.1-47.2.0\7811231940c0a8b6008453bbc64fdf7fa1280fe9\fmlloader-1.20.1-47.2.0.jar;C:\Users\admin\.gradle\caches\modules-2\files-2.1\net.minecraftforge\JarJarSelector\0.3.19\376cc9c8ea60720cf027c01fc033de915699801c\JarJarSelector-0.3.19.jar;C:\Users\admin\.gradle\caches\modules-2\files-2.1\net.minecraftforge\JarJarMetadata\0.3.19\83feaa9b770e6ac0e96ee4fc23fa89325c5fe2\JarJarMetadata-0.3.19.jar;C:\Users\admin\.gradle\caches\modules-2\files-2.1\com.google.guava\guava\31.1-jre\60458f877d055d0c9114d9e1a2efb737b4bc282c\guava-31.1-jre.jar;C:\Users\admin\.gradle\caches\modules-2
Launcher Type: SUN_STANDARD

[Global flags]
     intx CICompilerCount                          = 3                                         {product} {ergonomic}
     uint ConcGCThreads                            = 1                                         {product} {ergonomic}
     uint G1ConcRefinementThreads                  = 4                                         {product} {ergonomic}
   size_t G1HeapRegionSize                         = 1048576                                   {product} {ergonomic}
    uintx GCDrainStackTargetSize                   = 64                                        {product} {ergonomic}
    ccstr HeapDumpPath                             = MojangTricksIntelDriversForPerformance_javaw.exe_minecraft.exe.heapdump         {manageable} {command line}
   size_t InitialHeapSize                          = 100663296                                 {product} {ergonomic}
   size_t MarkStackSize                            = 4194304                                   {product} {ergonomic}
   size_t MaxHeapSize                              = 1598029824                                {product} {ergonomic}
   size_t MaxNewSize                               = 958398464                                 {product} {ergonomic}
   size_t MinHeapDeltaBytes                        = 1048576                                   {product} {ergonomic}
   size_t MinHeapSize                              = 8388608                                   {product} {ergonomic}
    uintx NonNMethodCodeHeapSize                   = 5832780                                {pd product} {ergonomic}
    uintx NonProfiledCodeHeapSize                  = 122912730                              {pd product} {ergonomic}
    uintx ProfiledCodeHeapSize                     = 122912730                              {pd product} {ergonomic}
    uintx ReservedCodeCacheSize                    = 251658240                              {pd product} {ergonomic}
     bool SegmentedCodeCache                       = true                                      {product} {ergonomic}
   size_t SoftMaxHeapSize                          = 1598029824                             {manageable} {ergonomic}
     bool UseCompressedClassPointers               = true                           {product lp64_product} {ergonomic}
     bool UseCompressedOops                        = true                           {product lp64_product} {ergonomic}
     bool UseG1GC                                  = true                                      {product} {ergonomic}
     bool UseLargePagesIndividualAllocation        = false                                  {pd product} {ergonomic}

Logging:
Log output configuration:
 #0: stdout all=warning uptime,level,tags
 #1: stderr all=off uptime,level,tags

Environment Variables:
JAVA_HOME=C:\Program Files\Eclipse Adoptium\jdk-17.0.9.9-hotspot\
PATH=C:\Program Files\Eclipse Adoptium\jdk-17.0.9.9-hotspot\bin;C:\Program Files\Common Files\Oracle\Java\javapath;C:\Windows\system32;C:\Windows;C:\Windows\System32\Wbem;C:\Windows\System32\WindowsPowerShell\v1.0\;C:\Windows\System32\OpenSSH\;C:\Program Files\dotnet\;C:\Program Files\Git\cmd;C:\Users\admin\AppData\Local\Microsoft\WindowsApps;C:\Users\admin\.dotnet\tools;C:\Users\admin\AppData\Local\GitHubDesktop\bin
USERNAME=admin
OS=Windows_NT
PROCESSOR_IDENTIFIER=AMD64 Family 23 Model 17 Stepping 0, AuthenticAMD



---------------  S Y S T E M  ---------------

OS:
 Windows 10 , 64 bit Build 19041 (10.0.19041.3636)
OS uptime: 26 days 17:46 hours

CPU: total 4 (initial active 4) (4 cores per cpu, 2 threads per core) family 23 model 17 stepping 0 microcode 0x0, cx8, cmov, fxsr, ht, mmx, 3dnowpref, sse, sse2, sse3, ssse3, sse4a, sse4.1, sse4.2, popcnt, lzcnt, tsc, tscinvbit, avx, avx2, aes, clmul, bmi1, bmi2, adx, sha, fma, vzeroupper, clflush, clflushopt

Memory: 4k page, system-wide physical 6092M (535M free)
TotalPageFile size 16862M (AvailPageFile size 1790M)
current process WorkingSet (physical memory assigned to process): 216M, peak: 218M
current process commit charge ("private bytes"): 250M, peak: 252M

vm_info: Java HotSpot(TM) 64-Bit Server VM (17.0.9+11-LTS-201) for windows-amd64 JRE (17.0.9+11-LTS-201), built on Oct 10 2023 23:16:06 by "mach5one" with MS VC++ 17.1 (VS2022)

END.
