#
# There is insufficient memory for the Java Runtime Environment to continue.
# Native memory allocation (mmap) failed to map 424673280 bytes for G1 virtual space
# Possible reasons:
#   The system is out of physical RAM or swap space
#   The process is running with CompressedOops enabled, and the Java Heap may be blocking the growth of the native heap
# Possible solutions:
#   Reduce memory load on the system
#   Increase physical memory or swap space
#   Check if swap backing store is full
#   Decrease Java heap size (-Xmx/-Xms)
#   Decrease number of Java threads
#   Decrease Java thread stack sizes (-Xss)
#   Set larger code cache with -XX:ReservedCodeCacheSize=
#   JVM is running with Unscaled Compressed Oops mode in which the Java heap is
#     placed in the first 4GB address space. The Java Heap base address is the
#     maximum limit for the native heap growth. Please use -XX:HeapBaseMinAddress
#     to set the Java Heap base and to place the Java Heap above 4GB virtual address.
# This output file may be truncated or incomplete.
#
#  Out of Memory Error (os_windows.cpp:3552), pid=13972, tid=1736
#
# JRE version: Java(TM) SE Runtime Environment (17.0.9+11) (build 17.0.9+11-LTS-201)
# Java VM: Java HotSpot(TM) 64-Bit Server VM (17.0.9+11-LTS-201, mixed mode, sharing, tiered, compressed oops, compressed class ptrs, g1 gc, windows-amd64)
# No core dump will be written. Minidumps are not enabled by default on client versions of Windows
#

---------------  S U M M A R Y ------------

Command Line: -Dforge.enableGameTest=true -Dforge.enabledGameTestNamespaces=enhanced_minecraft -Dforge.logging.console.level=debug -Dforge.logging.markers=REGISTRIES -DignoreList=bootstraplauncher,securejarhandler,asm-commons,asm-util,asm-analysis,asm-tree,asm,JarJarFileSystems,client-extra,fmlcore,javafmllanguage,lowcodelanguage,mclanguage,forge- -Djava.net.preferIPv6Addresses=system -DlegacyClassPath.file=D:\Repositorios Github\Enhanced-Minecraft-Mod\Enhanched_Minecraft_Mod\build\classpath\runClient_minecraftClasspath.txt -DmergeModules=jna-5.10.0.jar,jna-platform-5.10.0.jar --module-path=C:\Users\admin\.gradle\caches\modules-2\files-2.1\cpw.mods\bootstraplauncher\1.1.2\c546e00443d8432cda6baa1c860346980742628\bootstraplauncher-1.1.2.jar;C:\Users\admin\.gradle\caches\modules-2\files-2.1\cpw.mods\securejarhandler\2.1.10\51e6a22c6c716beb11e244bf5b8be480f51dd6b5\securejarhandler-2.1.10.jar;C:\Users\admin\.gradle\caches\modules-2\files-2.1\org.ow2.asm\asm-commons\9.5\19ab5b5800a3910d30d3a3e64fdb00fd0cb42de0\asm-commons-9.5.jar;C:\Users\admin\.gradle\caches\modules-2\files-2.1\org.ow2.asm\asm-util\9.5\64b5a1fc8c1b15ed2efd6a063e976bc8d3dc5ffe\asm-util-9.5.jar;C:\Users\admin\.gradle\caches\modules-2\files-2.1\org.ow2.asm\asm-analysis\9.5\490bacc77de7cbc0be1a30bb3471072d705be4a4\asm-analysis-9.5.jar;C:\Users\admin\.gradle\caches\modules-2\files-2.1\org.ow2.asm\asm-tree\9.5\fd33c8b6373abaa675be407082fdfda35021254a\asm-tree-9.5.jar;C:\Users\admin\.gradle\caches\modules-2\files-2.1\org.ow2.asm\asm\9.5\dc6ea1875f4d64fbc85e1691c95b96a3d8569c90\asm-9.5.jar;C:\Users\admin\.gradle\caches\modules-2\files-2.1\net.minecraftforge\JarJarFileSystems\0.3.19\2464eb7d6b9ddb9db36a82cf8a95193e5c6fe020\JarJarFileSystems-0.3.19.jar --add-modules=ALL-MODULE-PATH --add-opens=java.base/java.util.jar=cpw.mods.securejarhandler --add-opens=java.base/java.lang.invoke=cpw.mods.securejarhandler --add-exports=java.base/sun.security.util=cpw.mods.securejarhandler --add-exports=jdk.naming.dns/com.sun.jndi.dns=java.naming -XX:HeapDumpPath=MojangTricksIntelDriversForPerformance_javaw.exe_minecraft.exe.heapdump -Dfile.encoding=windows-1252 -Duser.country=AR -Duser.language=es -Duser.variant cpw.mods.bootstraplauncher.BootstrapLauncher --launchTarget forgeclientuserdev --version MOD_DEV --assetIndex 5 --assetsDir C:\Users\admin\.gradle\caches\forge_gradle\assets --gameDir . --fml.forgeVersion 47.2.0 --fml.mcVersion 1.20.1 --fml.forgeGroup net.minecraftforge --fml.mcpVersion 20230612.114412

Host: AMD Ryzen 3 2200U with Radeon Vega Mobile Gfx  , 4 cores, 5G,  Windows 10 , 64 bit Build 19041 (10.0.19041.3636)
Time: Tue Jan  9 15:04:39 2024 Hora estándar de Argentina elapsed time: 22.624356 seconds (0d 0h 0m 22s)

---------------  T H R E A D  ---------------

Current thread (0x000001ea061c6ad0):  VMThread "VM Thread" [stack: 0x000000d222f00000,0x000000d223000000] [id=1736]

Stack: [0x000000d222f00000,0x000000d223000000]
Native frames: (J=compiled Java code, j=interpreted, Vv=VM code, C=native code)
V  [jvm.dll+0x678a4a]
V  [jvm.dll+0x7d9cfd]
V  [jvm.dll+0x7db60e]
V  [jvm.dll+0x7dbc73]
V  [jvm.dll+0x245e1f]
V  [jvm.dll+0x6758f9]
V  [jvm.dll+0x66a2a2]
V  [jvm.dll+0x303686]
V  [jvm.dll+0x30ac06]
V  [jvm.dll+0x35a48e]
V  [jvm.dll+0x35a6bf]
V  [jvm.dll+0x2da678]
V  [jvm.dll+0x2d8a85]
V  [jvm.dll+0x2d808c]
V  [jvm.dll+0x31b97b]
V  [jvm.dll+0x7e048b]
V  [jvm.dll+0x7e11c4]
V  [jvm.dll+0x7e16dd]
V  [jvm.dll+0x7e1ab4]
V  [jvm.dll+0x7e1b80]
V  [jvm.dll+0x78998a]
V  [jvm.dll+0x677875]
C  [ucrtbase.dll+0x21bb2]
C  [KERNEL32.DLL+0x17344]
C  [ntdll.dll+0x526b1]

VM_Operation (0x000000d224bfd0f0): G1CollectForAllocation, mode: safepoint, requested by thread 0x000001ea4ed12a50


---------------  P R O C E S S  ---------------

Threads class SMR info:
_java_thread_list=0x000001ea5c83bdb0, length=16, elements={
0x000001ea67ca1700, 0x000001ea061ca6d0, 0x000001ea061cb550, 0x000001ea061e1290,
0x000001ea061e3d60, 0x000001ea061e6730, 0x000001ea061ea5f0, 0x000001ea061f4bc0,
0x000001ea061f5670, 0x000001ea0620a850, 0x000001ea061b9210, 0x000001ea065b7be0,
0x000001ea4d758790, 0x000001ea4ed12030, 0x000001ea4ed12540, 0x000001ea4ed12a50
}

Java Threads: ( => current thread )
  0x000001ea67ca1700 JavaThread "main" [_thread_blocked, id=2056, stack(0x000000d222900000,0x000000d222a00000)]
  0x000001ea061ca6d0 JavaThread "Reference Handler" daemon [_thread_blocked, id=7320, stack(0x000000d223000000,0x000000d223100000)]
  0x000001ea061cb550 JavaThread "Finalizer" daemon [_thread_blocked, id=2036, stack(0x000000d223100000,0x000000d223200000)]
  0x000001ea061e1290 JavaThread "Signal Dispatcher" daemon [_thread_blocked, id=11056, stack(0x000000d223200000,0x000000d223300000)]
  0x000001ea061e3d60 JavaThread "Attach Listener" daemon [_thread_blocked, id=14164, stack(0x000000d223300000,0x000000d223400000)]
  0x000001ea061e6730 JavaThread "Service Thread" daemon [_thread_blocked, id=11804, stack(0x000000d223400000,0x000000d223500000)]
  0x000001ea061ea5f0 JavaThread "Monitor Deflation Thread" daemon [_thread_blocked, id=4584, stack(0x000000d223500000,0x000000d223600000)]
  0x000001ea061f4bc0 JavaThread "C2 CompilerThread0" daemon [_thread_blocked, id=6088, stack(0x000000d223600000,0x000000d223700000)]
  0x000001ea061f5670 JavaThread "C1 CompilerThread0" daemon [_thread_blocked, id=2368, stack(0x000000d223700000,0x000000d223800000)]
  0x000001ea0620a850 JavaThread "Sweeper thread" daemon [_thread_blocked, id=12920, stack(0x000000d223800000,0x000000d223900000)]
  0x000001ea061b9210 JavaThread "Common-Cleaner" daemon [_thread_blocked, id=13272, stack(0x000000d223900000,0x000000d223a00000)]
  0x000001ea065b7be0 JavaThread "Notification Thread" daemon [_thread_blocked, id=888, stack(0x000000d223b00000,0x000000d223c00000)]
  0x000001ea4d758790 JavaThread "pool-2-thread-1" daemon [_thread_blocked, id=10608, stack(0x000000d224300000,0x000000d224400000)]
  0x000001ea4ed12030 JavaThread "pool-3-thread-1" daemon [_thread_blocked, id=1488, stack(0x000000d224800000,0x000000d224900000)]
  0x000001ea4ed12540 JavaThread "JNA Cleaner" daemon [_thread_blocked, id=3676, stack(0x000000d224900000,0x000000d224a00000)]
  0x000001ea4ed12a50 JavaThread "pool-4-thread-1" [_thread_blocked, id=5144, stack(0x000000d224b00000,0x000000d224c00000)]

Other Threads:
=>0x000001ea061c6ad0 VMThread "VM Thread" [stack: 0x000000d222f00000,0x000000d223000000] [id=1736]
  0x000001ea67ca3720 WatcherThread [stack: 0x000000d223c00000,0x000000d223d00000] [id=1380]
  0x000001ea67ced270 GCTaskThread "GC Thread#0" [stack: 0x000000d222a00000,0x000000d222b00000] [id=11456]
  0x000001ea06778570 GCTaskThread "GC Thread#1" [stack: 0x000000d223d00000,0x000000d223e00000] [id=9836]
  0x000001ea069bee80 GCTaskThread "GC Thread#2" [stack: 0x000000d223e00000,0x000000d223f00000] [id=2088]
  0x000001ea069bf140 GCTaskThread "GC Thread#3" [stack: 0x000000d223f00000,0x000000d224000000] [id=9524]
  0x000001ea67cfa040 ConcurrentGCThread "G1 Main Marker" [stack: 0x000000d222b00000,0x000000d222c00000] [id=10392]
  0x000001ea67cfb1f0 ConcurrentGCThread "G1 Conc#0" [stack: 0x000000d222c00000,0x000000d222d00000] [id=7052]
  0x000001ea67d5e560 ConcurrentGCThread "G1 Refine#0" [stack: 0x000000d222d00000,0x000000d222e00000] [id=11504]
  0x000001ea4dd2f930 ConcurrentGCThread "G1 Refine#1" [stack: 0x000000d224700000,0x000000d224800000] [id=2744]
  0x000001ea5a6cf810 ConcurrentGCThread "G1 Refine#2" [stack: 0x000000d224c00000,0x000000d224d00000] [id=3664]
  0x000001ea5a6ce670 ConcurrentGCThread "G1 Refine#3" [stack: 0x000000d224e00000,0x000000d224f00000] [id=2264]
  0x000001ea060840d0 ConcurrentGCThread "G1 Service" [stack: 0x000000d222e00000,0x000000d222f00000] [id=7812]

Threads with active compile tasks:
C2 CompilerThread0    22659 10416       4       jdk.nio.zipfs.ZipFileSystem$Entry::readCEN (248 bytes)

VM state: at safepoint (normal execution)

VM Mutex/Monitor currently owned by a thread:  ([mutex/lock_event])
[0x000001ea67c9c490] Threads_lock - owner thread: 0x000001ea061c6ad0
[0x000001ea67c9c520] Heap_lock - owner thread: 0x000001ea4ed12a50

Heap address: 0x00000000a0c00000, size: 1524 MB, Compressed Oops mode: 32-bit

CDS archive(s) mapped at: [0x000001ea07000000-0x000001ea07bd0000-0x000001ea07bd0000), size 12386304, SharedBaseAddress: 0x000001ea07000000, ArchiveRelocationMode: 1.
Compressed class space mapped at: 0x000001ea08000000-0x000001ea48000000, reserved size: 1073741824
Narrow klass base: 0x000001ea07000000, Narrow klass shift: 0, Narrow klass range: 0x100000000

GC Precious Log:
 CPUs: 4 total, 4 available
 Memory: 6092M
 Large Page Support: Disabled
 NUMA Support: Disabled
 Compressed Oops: Enabled (32-bit)
 Heap Region Size: 1M
 Heap Min Capacity: 8M
 Heap Initial Capacity: 96M
 Heap Max Capacity: 1524M
 Pre-touch: Disabled
 Parallel Workers: 4
 Concurrent Workers: 1
 Concurrent Refinement Workers: 4
 Periodic GC: Disabled

Heap:
 garbage-first heap   total 288768K, used 162469K [0x00000000a0c00000, 0x0000000100000000)
  region size 1024K, 2 young (2048K), 2 survivors (2048K)
 Metaspace       used 58873K, committed 60096K, reserved 1114112K
  class space    used 8335K, committed 8896K, reserved 1048576K

Heap Regions: E=young(eden), S=young(survivor), O=old, HS=humongous(starts), HC=humongous(continues), CS=collection set, F=free, OA=open archive, CA=closed archive, TAMS=top-at-mark-start (previous, next)
|   0|0x00000000a0c00000, 0x00000000a0d00000, 0x00000000a0d00000|100%|HS|  |TAMS 0x00000000a0d00000, 0x00000000a0d00000| Complete 
|   1|0x00000000a0d00000, 0x00000000a0e00000, 0x00000000a0e00000|100%|HS|  |TAMS 0x00000000a0e00000, 0x00000000a0e00000| Complete 
|   2|0x00000000a0e00000, 0x00000000a0f00000, 0x00000000a0f00000|100%|HC|  |TAMS 0x00000000a0f00000, 0x00000000a0f00000| Complete 
|   3|0x00000000a0f00000, 0x00000000a1000000, 0x00000000a1000000|100%| O|  |TAMS 0x00000000a1000000, 0x00000000a1000000| Untracked 
|   4|0x00000000a1000000, 0x00000000a1100000, 0x00000000a1100000|100%| O|  |TAMS 0x00000000a1100000, 0x00000000a1100000| Untracked 
|   5|0x00000000a1100000, 0x00000000a1200000, 0x00000000a1200000|100%| O|  |TAMS 0x00000000a1200000, 0x00000000a1200000| Untracked 
|   6|0x00000000a1200000, 0x00000000a1300000, 0x00000000a1300000|100%|HS|  |TAMS 0x00000000a1300000, 0x00000000a1300000| Complete 
|   7|0x00000000a1300000, 0x00000000a1400000, 0x00000000a1400000|100%|HC|  |TAMS 0x00000000a1400000, 0x00000000a1400000| Complete 
|   8|0x00000000a1400000, 0x00000000a1500000, 0x00000000a1500000|100%| O|  |TAMS 0x00000000a1500000, 0x00000000a1500000| Untracked 
|   9|0x00000000a1500000, 0x00000000a1600000, 0x00000000a1600000|100%| O|  |TAMS 0x00000000a1600000, 0x00000000a1600000| Untracked 
|  10|0x00000000a1600000, 0x00000000a1700000, 0x00000000a1700000|100%| O|  |TAMS 0x00000000a1700000, 0x00000000a1700000| Untracked 
|  11|0x00000000a1700000, 0x00000000a1800000, 0x00000000a1800000|100%| O|  |TAMS 0x00000000a1800000, 0x00000000a1800000| Untracked 
|  12|0x00000000a1800000, 0x00000000a1900000, 0x00000000a1900000|100%|HS|  |TAMS 0x00000000a1900000, 0x00000000a1900000| Complete 
|  13|0x00000000a1900000, 0x00000000a1a00000, 0x00000000a1a00000|100%|HC|  |TAMS 0x00000000a1a00000, 0x00000000a1a00000| Complete 
|  14|0x00000000a1a00000, 0x00000000a1b00000, 0x00000000a1b00000|100%| O|  |TAMS 0x00000000a1b00000, 0x00000000a1b00000| Untracked 
|  15|0x00000000a1b00000, 0x00000000a1c00000, 0x00000000a1c00000|100%| O|  |TAMS 0x00000000a1c00000, 0x00000000a1c00000| Untracked 
|  16|0x00000000a1c00000, 0x00000000a1d00000, 0x00000000a1d00000|100%| O|  |TAMS 0x00000000a1d00000, 0x00000000a1d00000| Untracked 
|  17|0x00000000a1d00000, 0x00000000a1e00000, 0x00000000a1e00000|100%|HS|  |TAMS 0x00000000a1e00000, 0x00000000a1e00000| Complete 
|  18|0x00000000a1e00000, 0x00000000a1f00000, 0x00000000a1f00000|100%|HC|  |TAMS 0x00000000a1f00000, 0x00000000a1f00000| Complete 
|  19|0x00000000a1f00000, 0x00000000a2000000, 0x00000000a2000000|100%| O|  |TAMS 0x00000000a2000000, 0x00000000a2000000| Untracked 
|  20|0x00000000a2000000, 0x00000000a2100000, 0x00000000a2100000|100%| O|  |TAMS 0x00000000a2100000, 0x00000000a2100000| Untracked 
|  21|0x00000000a2100000, 0x00000000a2200000, 0x00000000a2200000|100%| O|  |TAMS 0x00000000a2200000, 0x00000000a2200000| Untracked 
|  22|0x00000000a2200000, 0x00000000a2300000, 0x00000000a2300000|100%| O|  |TAMS 0x00000000a2300000, 0x00000000a2300000| Untracked 
|  23|0x00000000a2300000, 0x00000000a2400000, 0x00000000a2400000|100%| O|  |TAMS 0x00000000a2400000, 0x00000000a2400000| Untracked 
|  24|0x00000000a2400000, 0x00000000a2500000, 0x00000000a2500000|100%| O|  |TAMS 0x00000000a2500000, 0x00000000a2500000| Untracked 
|  25|0x00000000a2500000, 0x00000000a2600000, 0x00000000a2600000|100%| O|  |TAMS 0x00000000a2600000, 0x00000000a2600000| Untracked 
|  26|0x00000000a2600000, 0x00000000a2700000, 0x00000000a2700000|100%| O|  |TAMS 0x00000000a2700000, 0x00000000a2700000| Untracked 
|  27|0x00000000a2700000, 0x00000000a2800000, 0x00000000a2800000|100%| O|  |TAMS 0x00000000a2800000, 0x00000000a2800000| Untracked 
|  28|0x00000000a2800000, 0x00000000a2900000, 0x00000000a2900000|100%| O|  |TAMS 0x00000000a2900000, 0x00000000a2900000| Untracked 
|  29|0x00000000a2900000, 0x00000000a2a00000, 0x00000000a2a00000|100%| O|  |TAMS 0x00000000a2a00000, 0x00000000a2a00000| Untracked 
|  30|0x00000000a2a00000, 0x00000000a2b00000, 0x00000000a2b00000|100%| O|  |TAMS 0x00000000a2b00000, 0x00000000a2b00000| Untracked 
|  31|0x00000000a2b00000, 0x00000000a2c00000, 0x00000000a2c00000|100%|HS|  |TAMS 0x00000000a2c00000, 0x00000000a2c00000| Complete 
|  32|0x00000000a2c00000, 0x00000000a2d00000, 0x00000000a2d00000|100%|HS|  |TAMS 0x00000000a2d00000, 0x00000000a2d00000| Complete 
|  33|0x00000000a2d00000, 0x00000000a2e00000, 0x00000000a2e00000|100%|HC|  |TAMS 0x00000000a2e00000, 0x00000000a2e00000| Complete 
|  34|0x00000000a2e00000, 0x00000000a2f00000, 0x00000000a2f00000|100%| O|  |TAMS 0x00000000a2f00000, 0x00000000a2f00000| Untracked 
|  35|0x00000000a2f00000, 0x00000000a3000000, 0x00000000a3000000|100%| O|  |TAMS 0x00000000a3000000, 0x00000000a3000000| Untracked 
|  36|0x00000000a3000000, 0x00000000a3100000, 0x00000000a3100000|100%|HS|  |TAMS 0x00000000a3100000, 0x00000000a3100000| Complete 
|  37|0x00000000a3100000, 0x00000000a3200000, 0x00000000a3200000|100%| O|  |TAMS 0x00000000a3200000, 0x00000000a3200000| Untracked 
|  38|0x00000000a3200000, 0x00000000a3300000, 0x00000000a3300000|100%| O|  |TAMS 0x00000000a3300000, 0x00000000a3300000| Untracked 
|  39|0x00000000a3300000, 0x00000000a3400000, 0x00000000a3400000|100%| O|  |TAMS 0x00000000a3400000, 0x00000000a3400000| Untracked 
|  40|0x00000000a3400000, 0x00000000a3500000, 0x00000000a3500000|100%| O|  |TAMS 0x00000000a3500000, 0x00000000a3500000| Untracked 
|  41|0x00000000a3500000, 0x00000000a3600000, 0x00000000a3600000|100%| O|  |TAMS 0x00000000a3600000, 0x00000000a3600000| Untracked 
|  42|0x00000000a3600000, 0x00000000a3700000, 0x00000000a3700000|100%| O|  |TAMS 0x00000000a3700000, 0x00000000a3700000| Untracked 
|  43|0x00000000a3700000, 0x00000000a3800000, 0x00000000a3800000|100%| O|  |TAMS 0x00000000a3800000, 0x00000000a3800000| Untracked 
|  44|0x00000000a3800000, 0x00000000a3900000, 0x00000000a3900000|100%| O|  |TAMS 0x00000000a3900000, 0x00000000a3900000| Untracked 
|  45|0x00000000a3900000, 0x00000000a3a00000, 0x00000000a3a00000|100%| O|  |TAMS 0x00000000a3a00000, 0x00000000a3a00000| Untracked 
|  46|0x00000000a3a00000, 0x00000000a3a00000, 0x00000000a3b00000|  0%| F|  |TAMS 0x00000000a3a00000, 0x00000000a3a00000| Untracked 
|  47|0x00000000a3b00000, 0x00000000a3c00000, 0x00000000a3c00000|100%| O|  |TAMS 0x00000000a3c00000, 0x00000000a3c00000| Untracked 
|  48|0x00000000a3c00000, 0x00000000a3d00000, 0x00000000a3d00000|100%| O|  |TAMS 0x00000000a3d00000, 0x00000000a3d00000| Untracked 
|  49|0x00000000a3d00000, 0x00000000a3e00000, 0x00000000a3e00000|100%| O|  |TAMS 0x00000000a3e00000, 0x00000000a3e00000| Untracked 
|  50|0x00000000a3e00000, 0x00000000a3f00000, 0x00000000a3f00000|100%| O|  |TAMS 0x00000000a3f00000, 0x00000000a3f00000| Untracked 
|  51|0x00000000a3f00000, 0x00000000a4000000, 0x00000000a4000000|100%| O|  |TAMS 0x00000000a4000000, 0x00000000a4000000| Untracked 
|  52|0x00000000a4000000, 0x00000000a4100000, 0x00000000a4100000|100%| O|  |TAMS 0x00000000a4000000, 0x00000000a4100000| Untracked 
|  53|0x00000000a4100000, 0x00000000a4200000, 0x00000000a4200000|100%| O|  |TAMS 0x00000000a4200000, 0x00000000a4200000| Untracked 
|  54|0x00000000a4200000, 0x00000000a4300000, 0x00000000a4300000|100%| O|  |TAMS 0x00000000a4300000, 0x00000000a4300000| Untracked 
|  55|0x00000000a4300000, 0x00000000a4400000, 0x00000000a4400000|100%| O|  |TAMS 0x00000000a4400000, 0x00000000a4400000| Untracked 
|  56|0x00000000a4400000, 0x00000000a4500000, 0x00000000a4500000|100%| O|  |TAMS 0x00000000a4500000, 0x00000000a4500000| Untracked 
|  57|0x00000000a4500000, 0x00000000a4600000, 0x00000000a4600000|100%| O|  |TAMS 0x00000000a4600000, 0x00000000a4600000| Untracked 
|  58|0x00000000a4600000, 0x00000000a4700000, 0x00000000a4700000|100%| O|  |TAMS 0x00000000a4700000, 0x00000000a4700000| Untracked 
|  59|0x00000000a4700000, 0x00000000a4800000, 0x00000000a4800000|100%| O|  |TAMS 0x00000000a4800000, 0x00000000a4800000| Untracked 
|  60|0x00000000a4800000, 0x00000000a4900000, 0x00000000a4900000|100%| O|  |TAMS 0x00000000a4900000, 0x00000000a4900000| Untracked 
|  61|0x00000000a4900000, 0x00000000a4a00000, 0x00000000a4a00000|100%| O|  |TAMS 0x00000000a4a00000, 0x00000000a4a00000| Untracked 
|  62|0x00000000a4a00000, 0x00000000a4b00000, 0x00000000a4b00000|100%| O|  |TAMS 0x00000000a4b00000, 0x00000000a4b00000| Untracked 
|  63|0x00000000a4b00000, 0x00000000a4c00000, 0x00000000a4c00000|100%| O|  |TAMS 0x00000000a4c00000, 0x00000000a4c00000| Untracked 
|  64|0x00000000a4c00000, 0x00000000a4d00000, 0x00000000a4d00000|100%| O|  |TAMS 0x00000000a4d00000, 0x00000000a4d00000| Untracked 
|  65|0x00000000a4d00000, 0x00000000a4e00000, 0x00000000a4e00000|100%| O|  |TAMS 0x00000000a4e00000, 0x00000000a4e00000| Untracked 
|  66|0x00000000a4e00000, 0x00000000a4f00000, 0x00000000a4f00000|100%| O|  |TAMS 0x00000000a4f00000, 0x00000000a4f00000| Untracked 
|  67|0x00000000a4f00000, 0x00000000a5000000, 0x00000000a5000000|100%| O|  |TAMS 0x00000000a5000000, 0x00000000a5000000| Untracked 
|  68|0x00000000a5000000, 0x00000000a5100000, 0x00000000a5100000|100%| O|  |TAMS 0x00000000a5100000, 0x00000000a5100000| Untracked 
|  69|0x00000000a5100000, 0x00000000a5200000, 0x00000000a5200000|100%| O|  |TAMS 0x00000000a5200000, 0x00000000a5200000| Untracked 
|  70|0x00000000a5200000, 0x00000000a5300000, 0x00000000a5300000|100%| O|  |TAMS 0x00000000a5300000, 0x00000000a5300000| Untracked 
|  71|0x00000000a5300000, 0x00000000a5400000, 0x00000000a5400000|100%| O|  |TAMS 0x00000000a5400000, 0x00000000a5400000| Untracked 
|  72|0x00000000a5400000, 0x00000000a5500000, 0x00000000a5500000|100%| O|  |TAMS 0x00000000a5500000, 0x00000000a5500000| Untracked 
|  73|0x00000000a5500000, 0x00000000a5600000, 0x00000000a5600000|100%| O|  |TAMS 0x00000000a5600000, 0x00000000a5600000| Untracked 
|  74|0x00000000a5600000, 0x00000000a5700000, 0x00000000a5700000|100%| O|  |TAMS 0x00000000a5700000, 0x00000000a5700000| Untracked 
|  75|0x00000000a5700000, 0x00000000a5800000, 0x00000000a5800000|100%| O|  |TAMS 0x00000000a5800000, 0x00000000a5800000| Untracked 
|  76|0x00000000a5800000, 0x00000000a5900000, 0x00000000a5900000|100%|HS|  |TAMS 0x00000000a5900000, 0x00000000a5900000| Complete 
|  77|0x00000000a5900000, 0x00000000a5a00000, 0x00000000a5a00000|100%|HC|  |TAMS 0x00000000a5a00000, 0x00000000a5a00000| Complete 
|  78|0x00000000a5a00000, 0x00000000a5b00000, 0x00000000a5b00000|100%|HC|  |TAMS 0x00000000a5b00000, 0x00000000a5b00000| Complete 
|  79|0x00000000a5b00000, 0x00000000a5c00000, 0x00000000a5c00000|100%|HC|  |TAMS 0x00000000a5c00000, 0x00000000a5c00000| Complete 
|  80|0x00000000a5c00000, 0x00000000a5d00000, 0x00000000a5d00000|100%|HC|  |TAMS 0x00000000a5d00000, 0x00000000a5d00000| Complete 
|  81|0x00000000a5d00000, 0x00000000a5e00000, 0x00000000a5e00000|100%|HC|  |TAMS 0x00000000a5e00000, 0x00000000a5e00000| Complete 
|  82|0x00000000a5e00000, 0x00000000a5f00000, 0x00000000a5f00000|100%|HC|  |TAMS 0x00000000a5f00000, 0x00000000a5f00000| Complete 
|  83|0x00000000a5f00000, 0x00000000a6000000, 0x00000000a6000000|100%|HC|  |TAMS 0x00000000a6000000, 0x00000000a6000000| Complete 
|  84|0x00000000a6000000, 0x00000000a6100000, 0x00000000a6100000|100%|HC|  |TAMS 0x00000000a6100000, 0x00000000a6100000| Complete 
|  85|0x00000000a6100000, 0x00000000a6200000, 0x00000000a6200000|100%|HC|  |TAMS 0x00000000a6200000, 0x00000000a6200000| Complete 
|  86|0x00000000a6200000, 0x00000000a6300000, 0x00000000a6300000|100%|HC|  |TAMS 0x00000000a6300000, 0x00000000a6300000| Complete 
|  87|0x00000000a6300000, 0x00000000a6400000, 0x00000000a6400000|100%| O|  |TAMS 0x00000000a6400000, 0x00000000a6400000| Untracked 
|  88|0x00000000a6400000, 0x00000000a6500000, 0x00000000a6500000|100%| O|  |TAMS 0x00000000a6500000, 0x00000000a6500000| Untracked 
|  89|0x00000000a6500000, 0x00000000a6600000, 0x00000000a6600000|100%| O|  |TAMS 0x00000000a6600000, 0x00000000a6600000| Untracked 
|  90|0x00000000a6600000, 0x00000000a6700000, 0x00000000a6700000|100%| O|  |TAMS 0x00000000a6700000, 0x00000000a6700000| Untracked 
|  91|0x00000000a6700000, 0x00000000a6800000, 0x00000000a6800000|100%| O|  |TAMS 0x00000000a6800000, 0x00000000a6800000| Untracked 
|  92|0x00000000a6800000, 0x00000000a6900000, 0x00000000a6900000|100%| O|  |TAMS 0x00000000a6900000, 0x00000000a6900000| Untracked 
|  93|0x00000000a6900000, 0x00000000a6a00000, 0x00000000a6a00000|100%| O|  |TAMS 0x00000000a6a00000, 0x00000000a6a00000| Untracked 
|  94|0x00000000a6a00000, 0x00000000a6b00000, 0x00000000a6b00000|100%| O|  |TAMS 0x00000000a6b00000, 0x00000000a6b00000| Untracked 
|  95|0x00000000a6b00000, 0x00000000a6c00000, 0x00000000a6c00000|100%| O|  |TAMS 0x00000000a6c00000, 0x00000000a6c00000| Untracked 
|  96|0x00000000a6c00000, 0x00000000a6d00000, 0x00000000a6d00000|100%| O|  |TAMS 0x00000000a6d00000, 0x00000000a6d00000| Untracked 
|  97|0x00000000a6d00000, 0x00000000a6e00000, 0x00000000a6e00000|100%| O|  |TAMS 0x00000000a6e00000, 0x00000000a6e00000| Untracked 
|  98|0x00000000a6e00000, 0x00000000a6f00000, 0x00000000a6f00000|100%| O|  |TAMS 0x00000000a6f00000, 0x00000000a6f00000| Untracked 
|  99|0x00000000a6f00000, 0x00000000a7000000, 0x00000000a7000000|100%| O|  |TAMS 0x00000000a7000000, 0x00000000a7000000| Untracked 
| 100|0x00000000a7000000, 0x00000000a7100000, 0x00000000a7100000|100%| O|  |TAMS 0x00000000a7100000, 0x00000000a7100000| Untracked 
| 101|0x00000000a7100000, 0x00000000a7200000, 0x00000000a7200000|100%| O|  |TAMS 0x00000000a7200000, 0x00000000a7200000| Untracked 
| 102|0x00000000a7200000, 0x00000000a7300000, 0x00000000a7300000|100%| O|  |TAMS 0x00000000a7300000, 0x00000000a7300000| Untracked 
| 103|0x00000000a7300000, 0x00000000a7400000, 0x00000000a7400000|100%| O|  |TAMS 0x00000000a7400000, 0x00000000a7400000| Untracked 
| 104|0x00000000a7400000, 0x00000000a7500000, 0x00000000a7500000|100%| O|  |TAMS 0x00000000a7500000, 0x00000000a7500000| Untracked 
| 105|0x00000000a7500000, 0x00000000a7600000, 0x00000000a7600000|100%| O|  |TAMS 0x00000000a7600000, 0x00000000a7600000| Untracked 
| 106|0x00000000a7600000, 0x00000000a7700000, 0x00000000a7700000|100%| O|  |TAMS 0x00000000a7700000, 0x00000000a7700000| Untracked 
| 107|0x00000000a7700000, 0x00000000a7800000, 0x00000000a7800000|100%| O|  |TAMS 0x00000000a7800000, 0x00000000a7800000| Untracked 
| 108|0x00000000a7800000, 0x00000000a7900000, 0x00000000a7900000|100%| O|  |TAMS 0x00000000a7900000, 0x00000000a7900000| Untracked 
| 109|0x00000000a7900000, 0x00000000a7a00000, 0x00000000a7a00000|100%| O|  |TAMS 0x00000000a7a00000, 0x00000000a7a00000| Untracked 
| 110|0x00000000a7a00000, 0x00000000a7b00000, 0x00000000a7b00000|100%| O|  |TAMS 0x00000000a7b00000, 0x00000000a7b00000| Untracked 
| 111|0x00000000a7b00000, 0x00000000a7c00000, 0x00000000a7c00000|100%| O|  |TAMS 0x00000000a7c00000, 0x00000000a7c00000| Untracked 
| 112|0x00000000a7c00000, 0x00000000a7d00000, 0x00000000a7d00000|100%| O|  |TAMS 0x00000000a7d00000, 0x00000000a7d00000| Untracked 
| 113|0x00000000a7d00000, 0x00000000a7e00000, 0x00000000a7e00000|100%| O|  |TAMS 0x00000000a7e00000, 0x00000000a7e00000| Untracked 
| 114|0x00000000a7e00000, 0x00000000a7f00000, 0x00000000a7f00000|100%| O|  |TAMS 0x00000000a7f00000, 0x00000000a7f00000| Untracked 
| 115|0x00000000a7f00000, 0x00000000a8000000, 0x00000000a8000000|100%| O|  |TAMS 0x00000000a8000000, 0x00000000a8000000| Untracked 
| 116|0x00000000a8000000, 0x00000000a8100000, 0x00000000a8100000|100%| O|  |TAMS 0x00000000a8100000, 0x00000000a8100000| Untracked 
| 117|0x00000000a8100000, 0x00000000a8200000, 0x00000000a8200000|100%| O|  |TAMS 0x00000000a8200000, 0x00000000a8200000| Untracked 
| 118|0x00000000a8200000, 0x00000000a8300000, 0x00000000a8300000|100%| O|  |TAMS 0x00000000a8300000, 0x00000000a8300000| Untracked 
| 119|0x00000000a8300000, 0x00000000a8400000, 0x00000000a8400000|100%| O|  |TAMS 0x00000000a8400000, 0x00000000a8400000| Untracked 
| 120|0x00000000a8400000, 0x00000000a8500000, 0x00000000a8500000|100%| O|  |TAMS 0x00000000a8500000, 0x00000000a8500000| Untracked 
| 121|0x00000000a8500000, 0x00000000a8600000, 0x00000000a8600000|100%| O|  |TAMS 0x00000000a8600000, 0x00000000a8600000| Untracked 
| 122|0x00000000a8600000, 0x00000000a8700000, 0x00000000a8700000|100%| O|  |TAMS 0x00000000a8700000, 0x00000000a8700000| Untracked 
| 123|0x00000000a8700000, 0x00000000a8800000, 0x00000000a8800000|100%| O|  |TAMS 0x00000000a8800000, 0x00000000a8800000| Untracked 
| 124|0x00000000a8800000, 0x00000000a8900000, 0x00000000a8900000|100%| O|  |TAMS 0x00000000a8900000, 0x00000000a8900000| Untracked 
| 125|0x00000000a8900000, 0x00000000a8a00000, 0x00000000a8a00000|100%| O|  |TAMS 0x00000000a8a00000, 0x00000000a8a00000| Untracked 
| 126|0x00000000a8a00000, 0x00000000a8b00000, 0x00000000a8b00000|100%| O|  |TAMS 0x00000000a8b00000, 0x00000000a8b00000| Untracked 
| 127|0x00000000a8b00000, 0x00000000a8c00000, 0x00000000a8c00000|100%| O|  |TAMS 0x00000000a8c00000, 0x00000000a8c00000| Untracked 
| 128|0x00000000a8c00000, 0x00000000a8d00000, 0x00000000a8d00000|100%| O|  |TAMS 0x00000000a8d00000, 0x00000000a8d00000| Untracked 
| 129|0x00000000a8d00000, 0x00000000a8e00000, 0x00000000a8e00000|100%| O|  |TAMS 0x00000000a8e00000, 0x00000000a8e00000| Untracked 
| 130|0x00000000a8e00000, 0x00000000a8f00000, 0x00000000a8f00000|100%| O|  |TAMS 0x00000000a8f00000, 0x00000000a8f00000| Untracked 
| 131|0x00000000a8f00000, 0x00000000a9000000, 0x00000000a9000000|100%| O|  |TAMS 0x00000000a9000000, 0x00000000a9000000| Untracked 
| 132|0x00000000a9000000, 0x00000000a9100000, 0x00000000a9100000|100%| O|  |TAMS 0x00000000a9100000, 0x00000000a9100000| Untracked 
| 133|0x00000000a9100000, 0x00000000a9200000, 0x00000000a9200000|100%| O|  |TAMS 0x00000000a9200000, 0x00000000a9200000| Untracked 
| 134|0x00000000a9200000, 0x00000000a9300000, 0x00000000a9300000|100%| O|  |TAMS 0x00000000a9300000, 0x00000000a9300000| Untracked 
| 135|0x00000000a9300000, 0x00000000a9400000, 0x00000000a9400000|100%| O|  |TAMS 0x00000000a9300000, 0x00000000a9400000| Untracked 
| 136|0x00000000a9400000, 0x00000000a9500000, 0x00000000a9500000|100%| O|  |TAMS 0x00000000a9400000, 0x00000000a9500000| Untracked 
| 137|0x00000000a9500000, 0x00000000a9600000, 0x00000000a9600000|100%| O|  |TAMS 0x00000000a9500000, 0x00000000a9600000| Untracked 
| 138|0x00000000a9600000, 0x00000000a9700000, 0x00000000a9700000|100%| O|  |TAMS 0x00000000a9600000, 0x00000000a9700000| Untracked 
| 139|0x00000000a9700000, 0x00000000a9800000, 0x00000000a9800000|100%| O|  |TAMS 0x00000000a9700000, 0x00000000a9800000| Untracked 
| 140|0x00000000a9800000, 0x00000000a9900000, 0x00000000a9900000|100%| O|  |TAMS 0x00000000a9800000, 0x00000000a9900000| Untracked 
| 141|0x00000000a9900000, 0x00000000a9a00000, 0x00000000a9a00000|100%| O|  |TAMS 0x00000000a9900000, 0x00000000a9a00000| Untracked 
| 142|0x00000000a9a00000, 0x00000000a9b00000, 0x00000000a9b00000|100%| O|  |TAMS 0x00000000a9a00000, 0x00000000a9b00000| Untracked 
| 143|0x00000000a9b00000, 0x00000000a9c00000, 0x00000000a9c00000|100%| O|  |TAMS 0x00000000a9b00000, 0x00000000a9c00000| Untracked 
| 144|0x00000000a9c00000, 0x00000000a9d00000, 0x00000000a9d00000|100%| O|  |TAMS 0x00000000a9c00000, 0x00000000a9d00000| Untracked 
| 145|0x00000000a9d00000, 0x00000000a9e00000, 0x00000000a9e00000|100%| O|  |TAMS 0x00000000a9d00000, 0x00000000a9e00000| Untracked 
| 146|0x00000000a9e00000, 0x00000000a9f00000, 0x00000000a9f00000|100%| O|  |TAMS 0x00000000a9e00000, 0x00000000a9f00000| Untracked 
| 147|0x00000000a9f00000, 0x00000000aa000000, 0x00000000aa000000|100%| O|  |TAMS 0x00000000a9f00000, 0x00000000aa000000| Untracked 
| 148|0x00000000aa000000, 0x00000000aa100000, 0x00000000aa100000|100%| O|  |TAMS 0x00000000aa000000, 0x00000000aa100000| Untracked 
| 149|0x00000000aa100000, 0x00000000aa200000, 0x00000000aa200000|100%| O|  |TAMS 0x00000000aa100000, 0x00000000aa200000| Untracked 
| 150|0x00000000aa200000, 0x00000000aa300000, 0x00000000aa300000|100%| O|  |TAMS 0x00000000aa200000, 0x00000000aa300000| Untracked 
| 151|0x00000000aa300000, 0x00000000aa400000, 0x00000000aa400000|100%| O|  |TAMS 0x00000000aa300000, 0x00000000aa400000| Untracked 
| 152|0x00000000aa400000, 0x00000000aa500000, 0x00000000aa500000|100%| O|  |TAMS 0x00000000aa400000, 0x00000000aa500000| Untracked 
| 153|0x00000000aa500000, 0x00000000aa600000, 0x00000000aa600000|100%| O|  |TAMS 0x00000000aa500000, 0x00000000aa600000| Untracked 
| 154|0x00000000aa600000, 0x00000000aa700000, 0x00000000aa700000|100%| O|  |TAMS 0x00000000aa600000, 0x00000000aa700000| Untracked 
| 155|0x00000000aa700000, 0x00000000aa800000, 0x00000000aa800000|100%| O|  |TAMS 0x00000000aa700000, 0x00000000aa800000| Untracked 
| 156|0x00000000aa800000, 0x00000000aa900000, 0x00000000aa900000|100%| O|  |TAMS 0x00000000aa800000, 0x00000000aa900000| Untracked 
| 157|0x00000000aa900000, 0x00000000aa9e9e00, 0x00000000aaa00000| 91%| O|  |TAMS 0x00000000aa900000, 0x00000000aa9e9e00| Untracked 
| 158|0x00000000aaa00000, 0x00000000aaa00000, 0x00000000aab00000|  0%| F|  |TAMS 0x00000000aaa00000, 0x00000000aaa00000| Untracked 
| 159|0x00000000aab00000, 0x00000000aab00000, 0x00000000aac00000|  0%| F|  |TAMS 0x00000000aab00000, 0x00000000aab00000| Untracked 
| 160|0x00000000aac00000, 0x00000000aac00000, 0x00000000aad00000|  0%| F|  |TAMS 0x00000000aac00000, 0x00000000aac00000| Untracked 
| 161|0x00000000aad00000, 0x00000000aad00000, 0x00000000aae00000|  0%| F|  |TAMS 0x00000000aad00000, 0x00000000aad00000| Untracked 
| 162|0x00000000aae00000, 0x00000000aae00000, 0x00000000aaf00000|  0%| F|  |TAMS 0x00000000aae00000, 0x00000000aae00000| Untracked 
| 163|0x00000000aaf00000, 0x00000000aaf00000, 0x00000000ab000000|  0%| F|  |TAMS 0x00000000aaf00000, 0x00000000aaf00000| Untracked 
| 164|0x00000000ab000000, 0x00000000ab000000, 0x00000000ab100000|  0%| F|  |TAMS 0x00000000ab000000, 0x00000000ab000000| Untracked 
| 165|0x00000000ab100000, 0x00000000ab100000, 0x00000000ab200000|  0%| F|  |TAMS 0x00000000ab100000, 0x00000000ab100000| Untracked 
| 166|0x00000000ab200000, 0x00000000ab200000, 0x00000000ab300000|  0%| F|  |TAMS 0x00000000ab200000, 0x00000000ab200000| Untracked 
| 167|0x00000000ab300000, 0x00000000ab300000, 0x00000000ab400000|  0%| F|  |TAMS 0x00000000ab300000, 0x00000000ab300000| Untracked 
| 168|0x00000000ab400000, 0x00000000ab400000, 0x00000000ab500000|  0%| F|  |TAMS 0x00000000ab400000, 0x00000000ab400000| Untracked 
| 169|0x00000000ab500000, 0x00000000ab500000, 0x00000000ab600000|  0%| F|  |TAMS 0x00000000ab500000, 0x00000000ab500000| Untracked 
| 170|0x00000000ab600000, 0x00000000ab600000, 0x00000000ab700000|  0%| F|  |TAMS 0x00000000ab600000, 0x00000000ab600000| Untracked 
| 171|0x00000000ab700000, 0x00000000ab700000, 0x00000000ab800000|  0%| F|  |TAMS 0x00000000ab700000, 0x00000000ab700000| Untracked 
| 172|0x00000000ab800000, 0x00000000ab800000, 0x00000000ab900000|  0%| F|  |TAMS 0x00000000ab800000, 0x00000000ab800000| Untracked 
| 173|0x00000000ab900000, 0x00000000ab900000, 0x00000000aba00000|  0%| F|  |TAMS 0x00000000ab900000, 0x00000000ab900000| Untracked 
| 174|0x00000000aba00000, 0x00000000aba00000, 0x00000000abb00000|  0%| F|  |TAMS 0x00000000aba00000, 0x00000000aba00000| Untracked 
| 175|0x00000000abb00000, 0x00000000abb00000, 0x00000000abc00000|  0%| F|  |TAMS 0x00000000abb00000, 0x00000000abb00000| Untracked 
| 176|0x00000000abc00000, 0x00000000abc00000, 0x00000000abd00000|  0%| F|  |TAMS 0x00000000abc00000, 0x00000000abc00000| Untracked 
| 177|0x00000000abd00000, 0x00000000abd00000, 0x00000000abe00000|  0%| F|  |TAMS 0x00000000abd00000, 0x00000000abd00000| Untracked 
| 178|0x00000000abe00000, 0x00000000abe00000, 0x00000000abf00000|  0%| F|  |TAMS 0x00000000abe00000, 0x00000000abe00000| Untracked 
| 179|0x00000000abf00000, 0x00000000abf00000, 0x00000000ac000000|  0%| F|  |TAMS 0x00000000abf00000, 0x00000000abf00000| Untracked 
| 180|0x00000000ac000000, 0x00000000ac000000, 0x00000000ac100000|  0%| F|  |TAMS 0x00000000ac000000, 0x00000000ac000000| Untracked 
| 181|0x00000000ac100000, 0x00000000ac100000, 0x00000000ac200000|  0%| F|  |TAMS 0x00000000ac100000, 0x00000000ac100000| Untracked 
| 182|0x00000000ac200000, 0x00000000ac200000, 0x00000000ac300000|  0%| F|  |TAMS 0x00000000ac200000, 0x00000000ac200000| Untracked 
| 183|0x00000000ac300000, 0x00000000ac300000, 0x00000000ac400000|  0%| F|  |TAMS 0x00000000ac300000, 0x00000000ac300000| Untracked 
| 184|0x00000000ac400000, 0x00000000ac400000, 0x00000000ac500000|  0%| F|  |TAMS 0x00000000ac400000, 0x00000000ac400000| Untracked 
| 185|0x00000000ac500000, 0x00000000ac500000, 0x00000000ac600000|  0%| F|  |TAMS 0x00000000ac500000, 0x00000000ac500000| Untracked 
| 186|0x00000000ac600000, 0x00000000ac600000, 0x00000000ac700000|  0%| F|  |TAMS 0x00000000ac600000, 0x00000000ac600000| Untracked 
| 187|0x00000000ac700000, 0x00000000ac700000, 0x00000000ac800000|  0%| F|  |TAMS 0x00000000ac700000, 0x00000000ac700000| Untracked 
| 188|0x00000000ac800000, 0x00000000ac800000, 0x00000000ac900000|  0%| F|  |TAMS 0x00000000ac800000, 0x00000000ac800000| Untracked 
| 189|0x00000000ac900000, 0x00000000ac900000, 0x00000000aca00000|  0%| F|  |TAMS 0x00000000ac900000, 0x00000000ac900000| Untracked 
| 190|0x00000000aca00000, 0x00000000aca00000, 0x00000000acb00000|  0%| F|  |TAMS 0x00000000aca00000, 0x00000000aca00000| Untracked 
| 191|0x00000000acb00000, 0x00000000acb00000, 0x00000000acc00000|  0%| F|  |TAMS 0x00000000acb00000, 0x00000000acb00000| Untracked 
| 192|0x00000000acc00000, 0x00000000acc00000, 0x00000000acd00000|  0%| F|  |TAMS 0x00000000acc00000, 0x00000000acc00000| Untracked 
| 193|0x00000000acd00000, 0x00000000acd00000, 0x00000000ace00000|  0%| F|  |TAMS 0x00000000acd00000, 0x00000000acd00000| Untracked 
| 194|0x00000000ace00000, 0x00000000ace00000, 0x00000000acf00000|  0%| F|  |TAMS 0x00000000ace00000, 0x00000000ace00000| Untracked 
| 195|0x00000000acf00000, 0x00000000acf00000, 0x00000000ad000000|  0%| F|  |TAMS 0x00000000acf00000, 0x00000000acf00000| Untracked 
| 196|0x00000000ad000000, 0x00000000ad000000, 0x00000000ad100000|  0%| F|  |TAMS 0x00000000ad000000, 0x00000000ad000000| Untracked 
| 197|0x00000000ad100000, 0x00000000ad100000, 0x00000000ad200000|  0%| F|  |TAMS 0x00000000ad100000, 0x00000000ad100000| Untracked 
| 198|0x00000000ad200000, 0x00000000ad200000, 0x00000000ad300000|  0%| F|  |TAMS 0x00000000ad200000, 0x00000000ad200000| Untracked 
| 199|0x00000000ad300000, 0x00000000ad300000, 0x00000000ad400000|  0%| F|  |TAMS 0x00000000ad300000, 0x00000000ad300000| Untracked 
| 200|0x00000000ad400000, 0x00000000ad400000, 0x00000000ad500000|  0%| F|  |TAMS 0x00000000ad400000, 0x00000000ad400000| Untracked 
| 201|0x00000000ad500000, 0x00000000ad500000, 0x00000000ad600000|  0%| F|  |TAMS 0x00000000ad500000, 0x00000000ad500000| Untracked 
| 202|0x00000000ad600000, 0x00000000ad600000, 0x00000000ad700000|  0%| F|  |TAMS 0x00000000ad600000, 0x00000000ad600000| Untracked 
| 203|0x00000000ad700000, 0x00000000ad700000, 0x00000000ad800000|  0%| F|  |TAMS 0x00000000ad700000, 0x00000000ad700000| Untracked 
| 204|0x00000000ad800000, 0x00000000ad800000, 0x00000000ad900000|  0%| F|  |TAMS 0x00000000ad800000, 0x00000000ad800000| Untracked 
| 205|0x00000000ad900000, 0x00000000ad900000, 0x00000000ada00000|  0%| F|  |TAMS 0x00000000ad900000, 0x00000000ad900000| Untracked 
| 206|0x00000000ada00000, 0x00000000ada00000, 0x00000000adb00000|  0%| F|  |TAMS 0x00000000ada00000, 0x00000000ada00000| Untracked 
| 207|0x00000000adb00000, 0x00000000adb00000, 0x00000000adc00000|  0%| F|  |TAMS 0x00000000adb00000, 0x00000000adb00000| Untracked 
| 208|0x00000000adc00000, 0x00000000adc00000, 0x00000000add00000|  0%| F|  |TAMS 0x00000000adc00000, 0x00000000adc00000| Untracked 
| 209|0x00000000add00000, 0x00000000add00000, 0x00000000ade00000|  0%| F|  |TAMS 0x00000000add00000, 0x00000000add00000| Untracked 
| 210|0x00000000ade00000, 0x00000000adebf820, 0x00000000adf00000| 74%| S|CS|TAMS 0x00000000ade00000, 0x00000000ade00000| Complete 
| 211|0x00000000adf00000, 0x00000000ae000000, 0x00000000ae000000|100%| S|CS|TAMS 0x00000000adf00000, 0x00000000adf00000| Complete 
| 212|0x00000000ae000000, 0x00000000ae000000, 0x00000000ae100000|  0%| F|  |TAMS 0x00000000ae000000, 0x00000000ae000000| Untracked 
| 213|0x00000000ae100000, 0x00000000ae100000, 0x00000000ae200000|  0%| F|  |TAMS 0x00000000ae100000, 0x00000000ae100000| Untracked 
| 214|0x00000000ae200000, 0x00000000ae200000, 0x00000000ae300000|  0%| F|  |TAMS 0x00000000ae200000, 0x00000000ae200000| Untracked 
| 215|0x00000000ae300000, 0x00000000ae300000, 0x00000000ae400000|  0%| F|  |TAMS 0x00000000ae300000, 0x00000000ae300000| Untracked 
| 216|0x00000000ae400000, 0x00000000ae400000, 0x00000000ae500000|  0%| F|  |TAMS 0x00000000ae400000, 0x00000000ae400000| Untracked 
| 217|0x00000000ae500000, 0x00000000ae500000, 0x00000000ae600000|  0%| F|  |TAMS 0x00000000ae500000, 0x00000000ae500000| Untracked 
| 218|0x00000000ae600000, 0x00000000ae600000, 0x00000000ae700000|  0%| F|  |TAMS 0x00000000ae600000, 0x00000000ae600000| Untracked 
| 219|0x00000000ae700000, 0x00000000ae700000, 0x00000000ae800000|  0%| F|  |TAMS 0x00000000ae700000, 0x00000000ae700000| Untracked 
| 220|0x00000000ae800000, 0x00000000ae800000, 0x00000000ae900000|  0%| F|  |TAMS 0x00000000ae800000, 0x00000000ae800000| Untracked 
| 221|0x00000000ae900000, 0x00000000ae900000, 0x00000000aea00000|  0%| F|  |TAMS 0x00000000ae900000, 0x00000000ae900000| Untracked 
| 222|0x00000000aea00000, 0x00000000aea00000, 0x00000000aeb00000|  0%| F|  |TAMS 0x00000000aea00000, 0x00000000aea00000| Untracked 
| 223|0x00000000aeb00000, 0x00000000aeb00000, 0x00000000aec00000|  0%| F|  |TAMS 0x00000000aeb00000, 0x00000000aeb00000| Untracked 
| 224|0x00000000aec00000, 0x00000000aec00000, 0x00000000aed00000|  0%| F|  |TAMS 0x00000000aec00000, 0x00000000aec00000| Untracked 
| 225|0x00000000aed00000, 0x00000000aed00000, 0x00000000aee00000|  0%| F|  |TAMS 0x00000000aed00000, 0x00000000aed00000| Untracked 
| 226|0x00000000aee00000, 0x00000000aee00000, 0x00000000aef00000|  0%| F|  |TAMS 0x00000000aee00000, 0x00000000aee00000| Untracked 
| 227|0x00000000aef00000, 0x00000000aef00000, 0x00000000af000000|  0%| F|  |TAMS 0x00000000aef00000, 0x00000000aef00000| Untracked 
| 228|0x00000000af000000, 0x00000000af000000, 0x00000000af100000|  0%| F|  |TAMS 0x00000000af000000, 0x00000000af000000| Untracked 
| 229|0x00000000af100000, 0x00000000af100000, 0x00000000af200000|  0%| F|  |TAMS 0x00000000af100000, 0x00000000af100000| Untracked 
| 230|0x00000000af200000, 0x00000000af200000, 0x00000000af300000|  0%| F|  |TAMS 0x00000000af200000, 0x00000000af200000| Untracked 
| 231|0x00000000af300000, 0x00000000af300000, 0x00000000af400000|  0%| F|  |TAMS 0x00000000af300000, 0x00000000af300000| Untracked 
| 232|0x00000000af400000, 0x00000000af400000, 0x00000000af500000|  0%| F|  |TAMS 0x00000000af400000, 0x00000000af400000| Untracked 
| 233|0x00000000af500000, 0x00000000af500000, 0x00000000af600000|  0%| F|  |TAMS 0x00000000af500000, 0x00000000af500000| Untracked 
| 234|0x00000000af600000, 0x00000000af600000, 0x00000000af700000|  0%| F|  |TAMS 0x00000000af600000, 0x00000000af600000| Untracked 
| 235|0x00000000af700000, 0x00000000af700000, 0x00000000af800000|  0%| F|  |TAMS 0x00000000af700000, 0x00000000af700000| Untracked 
| 236|0x00000000af800000, 0x00000000af800000, 0x00000000af900000|  0%| F|  |TAMS 0x00000000af800000, 0x00000000af800000| Untracked 
| 237|0x00000000af900000, 0x00000000af900000, 0x00000000afa00000|  0%| F|  |TAMS 0x00000000af900000, 0x00000000af900000| Untracked 
| 238|0x00000000afa00000, 0x00000000afa00000, 0x00000000afb00000|  0%| F|  |TAMS 0x00000000afa00000, 0x00000000afa00000| Untracked 
| 239|0x00000000afb00000, 0x00000000afb00000, 0x00000000afc00000|  0%| F|  |TAMS 0x00000000afb00000, 0x00000000afb00000| Untracked 
| 240|0x00000000afc00000, 0x00000000afc00000, 0x00000000afd00000|  0%| F|  |TAMS 0x00000000afc00000, 0x00000000afc00000| Untracked 
| 241|0x00000000afd00000, 0x00000000afd00000, 0x00000000afe00000|  0%| F|  |TAMS 0x00000000afd00000, 0x00000000afd00000| Untracked 
| 242|0x00000000afe00000, 0x00000000afe00000, 0x00000000aff00000|  0%| F|  |TAMS 0x00000000afe00000, 0x00000000afe00000| Untracked 
| 243|0x00000000aff00000, 0x00000000aff00000, 0x00000000b0000000|  0%| F|  |TAMS 0x00000000aff00000, 0x00000000aff00000| Untracked 
| 244|0x00000000b0000000, 0x00000000b0000000, 0x00000000b0100000|  0%| F|  |TAMS 0x00000000b0000000, 0x00000000b0000000| Untracked 
| 245|0x00000000b0100000, 0x00000000b0100000, 0x00000000b0200000|  0%| F|  |TAMS 0x00000000b0100000, 0x00000000b0100000| Untracked 
| 246|0x00000000b0200000, 0x00000000b0200000, 0x00000000b0300000|  0%| F|  |TAMS 0x00000000b0200000, 0x00000000b0200000| Untracked 
| 247|0x00000000b0300000, 0x00000000b0300000, 0x00000000b0400000|  0%| F|  |TAMS 0x00000000b0300000, 0x00000000b0300000| Untracked 
| 248|0x00000000b0400000, 0x00000000b0400000, 0x00000000b0500000|  0%| F|  |TAMS 0x00000000b0400000, 0x00000000b0400000| Untracked 
| 249|0x00000000b0500000, 0x00000000b0500000, 0x00000000b0600000|  0%| F|  |TAMS 0x00000000b0500000, 0x00000000b0500000| Untracked 
| 250|0x00000000b0600000, 0x00000000b0600000, 0x00000000b0700000|  0%| F|  |TAMS 0x00000000b0600000, 0x00000000b0600000| Untracked 
| 251|0x00000000b0700000, 0x00000000b0700000, 0x00000000b0800000|  0%| F|  |TAMS 0x00000000b0700000, 0x00000000b0700000| Untracked 
| 252|0x00000000b0800000, 0x00000000b0800000, 0x00000000b0900000|  0%| F|  |TAMS 0x00000000b0800000, 0x00000000b0800000| Untracked 
| 253|0x00000000b0900000, 0x00000000b0900000, 0x00000000b0a00000|  0%| F|  |TAMS 0x00000000b0900000, 0x00000000b0900000| Untracked 
| 254|0x00000000b0a00000, 0x00000000b0a00000, 0x00000000b0b00000|  0%| F|  |TAMS 0x00000000b0a00000, 0x00000000b0a00000| Untracked 
| 255|0x00000000b0b00000, 0x00000000b0b00000, 0x00000000b0c00000|  0%| F|  |TAMS 0x00000000b0b00000, 0x00000000b0b00000| Untracked 
| 256|0x00000000b0c00000, 0x00000000b0c00000, 0x00000000b0d00000|  0%| F|  |TAMS 0x00000000b0c00000, 0x00000000b0c00000| Untracked 
| 257|0x00000000b0d00000, 0x00000000b0d00000, 0x00000000b0e00000|  0%| F|  |TAMS 0x00000000b0d00000, 0x00000000b0d00000| Untracked 
| 258|0x00000000b0e00000, 0x00000000b0e00000, 0x00000000b0f00000|  0%| F|  |TAMS 0x00000000b0e00000, 0x00000000b0e00000| Untracked 
| 259|0x00000000b0f00000, 0x00000000b0f00000, 0x00000000b1000000|  0%| F|  |TAMS 0x00000000b0f00000, 0x00000000b0f00000| Untracked 
| 260|0x00000000b1000000, 0x00000000b1000000, 0x00000000b1100000|  0%| F|  |TAMS 0x00000000b1000000, 0x00000000b1000000| Untracked 
| 261|0x00000000b1100000, 0x00000000b1100000, 0x00000000b1200000|  0%| F|  |TAMS 0x00000000b1100000, 0x00000000b1100000| Untracked 
| 262|0x00000000b1200000, 0x00000000b1200000, 0x00000000b1300000|  0%| F|  |TAMS 0x00000000b1200000, 0x00000000b1200000| Untracked 
| 263|0x00000000b1300000, 0x00000000b1300000, 0x00000000b1400000|  0%| F|  |TAMS 0x00000000b1300000, 0x00000000b1300000| Untracked 
| 264|0x00000000b1400000, 0x00000000b1400000, 0x00000000b1500000|  0%| F|  |TAMS 0x00000000b1400000, 0x00000000b1400000| Untracked 
| 265|0x00000000b1500000, 0x00000000b1500000, 0x00000000b1600000|  0%| F|  |TAMS 0x00000000b1500000, 0x00000000b1500000| Untracked 
| 266|0x00000000b1600000, 0x00000000b1600000, 0x00000000b1700000|  0%| F|  |TAMS 0x00000000b1600000, 0x00000000b1600000| Untracked 
| 267|0x00000000b1700000, 0x00000000b1700000, 0x00000000b1800000|  0%| F|  |TAMS 0x00000000b1700000, 0x00000000b1700000| Untracked 
| 268|0x00000000b1800000, 0x00000000b1800000, 0x00000000b1900000|  0%| F|  |TAMS 0x00000000b1800000, 0x00000000b1800000| Untracked 
| 269|0x00000000b1900000, 0x00000000b1900000, 0x00000000b1a00000|  0%| F|  |TAMS 0x00000000b1900000, 0x00000000b1900000| Untracked 
| 270|0x00000000b1a00000, 0x00000000b1a00000, 0x00000000b1b00000|  0%| F|  |TAMS 0x00000000b1a00000, 0x00000000b1a00000| Untracked 
| 271|0x00000000b1b00000, 0x00000000b1b00000, 0x00000000b1c00000|  0%| F|  |TAMS 0x00000000b1b00000, 0x00000000b1b00000| Untracked 
| 272|0x00000000b1c00000, 0x00000000b1c00000, 0x00000000b1d00000|  0%| F|  |TAMS 0x00000000b1c00000, 0x00000000b1c00000| Untracked 
| 273|0x00000000b1d00000, 0x00000000b1d00000, 0x00000000b1e00000|  0%| F|  |TAMS 0x00000000b1d00000, 0x00000000b1d00000| Untracked 
| 274|0x00000000b1e00000, 0x00000000b1e00000, 0x00000000b1f00000|  0%| F|  |TAMS 0x00000000b1e00000, 0x00000000b1e00000| Untracked 
| 275|0x00000000b1f00000, 0x00000000b1f00000, 0x00000000b2000000|  0%| F|  |TAMS 0x00000000b1f00000, 0x00000000b1f00000| Untracked 
| 276|0x00000000b2000000, 0x00000000b2000000, 0x00000000b2100000|  0%| F|  |TAMS 0x00000000b2000000, 0x00000000b2000000| Untracked 
| 277|0x00000000b2100000, 0x00000000b2100000, 0x00000000b2200000|  0%| F|  |TAMS 0x00000000b2100000, 0x00000000b2100000| Untracked 
| 278|0x00000000b2200000, 0x00000000b2200000, 0x00000000b2300000|  0%| F|  |TAMS 0x00000000b2200000, 0x00000000b2200000| Untracked 
| 279|0x00000000b2300000, 0x00000000b2300000, 0x00000000b2400000|  0%| F|  |TAMS 0x00000000b2300000, 0x00000000b2300000| Untracked 
| 280|0x00000000b2400000, 0x00000000b2400000, 0x00000000b2500000|  0%| F|  |TAMS 0x00000000b2400000, 0x00000000b2400000| Untracked 
| 281|0x00000000b2500000, 0x00000000b2500000, 0x00000000b2600000|  0%| F|  |TAMS 0x00000000b2500000, 0x00000000b2500000| Untracked 

Card table byte_map: [0x000001ea00630000,0x000001ea00930000] _byte_map_base: 0x000001ea0012a000

Marking Bits (Prev, Next): (CMBitMap*) 0x000001ea67ced8d0, (CMBitMap*) 0x000001ea67ced890
 Prev Bits: [0x000001ea02400000, 0x000001ea03bd0000)
 Next Bits: [0x000001ea00c30000, 0x000001ea02400000)

Polling page: 0x000001ea70ce0000

Metaspace:

Usage:
  Non-class:     49.35 MB used.
      Class:      8.14 MB used.
       Both:     57.49 MB used.

Virtual space:
  Non-class space:       64.00 MB reserved,      50.00 MB ( 78%) committed,  1 nodes.
      Class space:        1.00 GB reserved,       8.69 MB ( <1%) committed,  1 nodes.
             Both:        1.06 GB reserved,      58.69 MB (  5%) committed. 

Chunk freelists:
   Non-Class:  13.50 MB
       Class:  7.33 MB
        Both:  20.83 MB

MaxMetaspaceSize: unlimited
CompressedClassSpaceSize: 1.00 GB
Initial GC threshold: 21.00 MB
Current GC threshold: 87.44 MB
CDS: on
MetaspaceReclaimPolicy: balanced
 - commit_granule_bytes: 65536.
 - commit_granule_words: 8192.
 - virtual_space_node_default_size: 8388608.
 - enlarge_chunks_in_place: 1.
 - new_chunks_are_fully_committed: 0.
 - uncommit_free_chunks: 1.
 - use_allocation_guard: 0.
 - handle_deallocations: 1.


Internal statistics:

num_allocs_failed_limit: 3.
num_arena_births: 1994.
num_arena_deaths: 0.
num_vsnodes_births: 2.
num_vsnodes_deaths: 0.
num_space_committed: 934.
num_space_uncommitted: 0.
num_chunks_returned_to_freelist: 3.
num_chunks_taken_from_freelist: 4481.
num_chunk_merges: 3.
num_chunk_splits: 2872.
num_chunks_enlarged: 1751.
num_inconsistent_stats: 0.

CodeHeap 'non-profiled nmethods': size=120000Kb used=3567Kb max_used=3567Kb free=116432Kb
 bounds [0x000001ea787d0000, 0x000001ea78b50000, 0x000001ea7fd00000]
CodeHeap 'profiled nmethods': size=120000Kb used=14934Kb max_used=14934Kb free=105065Kb
 bounds [0x000001ea70d00000, 0x000001ea71ba0000, 0x000001ea78230000]
CodeHeap 'non-nmethods': size=5760Kb used=1885Kb max_used=1931Kb free=3874Kb
 bounds [0x000001ea78230000, 0x000001ea784a0000, 0x000001ea787d0000]
 total_blobs=9832 nmethods=8438 adapters=1306
 compilation: enabled
              stopped_count=0, restarted_count=0
 full_count=0

Compilation events (20 events):
Event: 22.595 Thread 0x000001ea061f5670 10437       3       net.minecraftforge.registries.NamespacedDefaultedWrapper$Factory::onAdd (27 bytes)
Event: 22.595 Thread 0x000001ea061f5670 nmethod 10437 0x000001ea71b92390 code [0x000001ea71b92560, 0x000001ea71b92958]
Event: 22.595 Thread 0x000001ea061f5670 10438       3       net.minecraftforge.registries.NamespacedDefaultedWrapper::onAdded (48 bytes)
Event: 22.596 Thread 0x000001ea061f5670 nmethod 10438 0x000001ea71b92b10 code [0x000001ea71b92cc0, 0x000001ea71b92f78]
Event: 22.599 Thread 0x000001ea061f5670 10439       3       net.minecraft.core.Holder$Reference::value (33 bytes)
Event: 22.599 Thread 0x000001ea061f5670 nmethod 10439 0x000001ea71b93110 code [0x000001ea71b932c0, 0x000001ea71b93538]
Event: 22.601 Thread 0x000001ea061f4bc0 nmethod 10421 0x000001ea78b4b910 code [0x000001ea78b4baa0, 0x000001ea78b4be58]
Event: 22.601 Thread 0x000001ea061f4bc0 10416       4       jdk.nio.zipfs.ZipFileSystem$Entry::readCEN (248 bytes)
Event: 22.604 Thread 0x000001ea061f5670 10440       3       net.minecraft.core.MappedRegistry$$Lambda$1446/0x000001ea0856fd50::apply (9 bytes)
Event: 22.604 Thread 0x000001ea061f5670 nmethod 10440 0x000001ea71b93690 code [0x000001ea71b93840, 0x000001ea71b93a88]
Event: 22.609 Thread 0x000001ea061f5670 10441       2       net.minecraft.world.item.Items::registerItem (13 bytes)
Event: 22.610 Thread 0x000001ea061f5670 nmethod 10441 0x000001ea71b93b90 code [0x000001ea71b93e20, 0x000001ea71b945b8]
Event: 22.610 Thread 0x000001ea061f5670 10442       3       net.minecraftforge.registries.GameData$$Lambda$1326/0x000001ea084f4c00::apply (8 bytes)
Event: 22.610 Thread 0x000001ea061f5670 nmethod 10442 0x000001ea71b94c10 code [0x000001ea71b94da0, 0x000001ea71b95058]
Event: 22.611 Thread 0x000001ea061f5670 10443       3       net.minecraftforge.registries.RegistryBuilder$$Lambda$1323/0x000001ea084ed1a0::onAdd (17 bytes)
Event: 22.611 Thread 0x000001ea061f5670 nmethod 10443 0x000001ea71b95110 code [0x000001ea71b952c0, 0x000001ea71b95408]
Event: 22.611 Thread 0x000001ea061f5670 10444       3       net.minecraft.core.Holder$Reference::createIntrusive (17 bytes)
Event: 22.611 Thread 0x000001ea061f5670 nmethod 10444 0x000001ea71b95510 code [0x000001ea71b956e0, 0x000001ea71b95ad8]
Event: 22.611 Thread 0x000001ea061f5670 10445       3       net.minecraft.core.MappedRegistry::createIntrusiveHolder (42 bytes)
Event: 22.612 Thread 0x000001ea061f5670 nmethod 10445 0x000001ea71b95c10 code [0x000001ea71b95e60, 0x000001ea71b96838]

GC Heap History (20 events):
Event: 17.015 GC heap after
{Heap after GC invocations=28 (full 0):
 garbage-first heap   total 222208K, used 99876K [0x00000000a0c00000, 0x0000000100000000)
  region size 1024K, 8 young (8192K), 8 survivors (8192K)
 Metaspace       used 41888K, committed 43136K, reserved 1114112K
  class space    used 5000K, committed 5504K, reserved 1048576K
}
Event: 17.817 GC heap before
{Heap before GC invocations=28 (full 0):
 garbage-first heap   total 222208K, used 187940K [0x00000000a0c00000, 0x0000000100000000)
  region size 1024K, 95 young (97280K), 8 survivors (8192K)
 Metaspace       used 45350K, committed 46528K, reserved 1114112K
  class space    used 5689K, committed 6208K, reserved 1048576K
}
Event: 17.833 GC heap after
{Heap after GC invocations=29 (full 0):
 garbage-first heap   total 222208K, used 103516K [0x00000000a0c00000, 0x0000000100000000)
  region size 1024K, 9 young (9216K), 9 survivors (9216K)
 Metaspace       used 45350K, committed 46528K, reserved 1114112K
  class space    used 5689K, committed 6208K, reserved 1048576K
}
Event: 18.445 GC heap before
{Heap before GC invocations=29 (full 0):
 garbage-first heap   total 222208K, used 187484K [0x00000000a0c00000, 0x0000000100000000)
  region size 1024K, 91 young (93184K), 9 survivors (9216K)
 Metaspace       used 46501K, committed 47744K, reserved 1114112K
  class space    used 5871K, committed 6464K, reserved 1048576K
}
Event: 18.469 GC heap after
{Heap after GC invocations=30 (full 0):
 garbage-first heap   total 222208K, used 111273K [0x00000000a0c00000, 0x0000000100000000)
  region size 1024K, 12 young (12288K), 12 survivors (12288K)
 Metaspace       used 46501K, committed 47744K, reserved 1114112K
  class space    used 5871K, committed 6464K, reserved 1048576K
}
Event: 18.941 GC heap before
{Heap before GC invocations=30 (full 0):
 garbage-first heap   total 222208K, used 185001K [0x00000000a0c00000, 0x0000000100000000)
  region size 1024K, 84 young (86016K), 12 survivors (12288K)
 Metaspace       used 47373K, committed 48640K, reserved 1114112K
  class space    used 6025K, committed 6592K, reserved 1048576K
}
Event: 18.973 GC heap after
{Heap after GC invocations=31 (full 0):
 garbage-first heap   total 222208K, used 120799K [0x00000000a0c00000, 0x0000000100000000)
  region size 1024K, 9 young (9216K), 9 survivors (9216K)
 Metaspace       used 47373K, committed 48640K, reserved 1114112K
  class space    used 6025K, committed 6592K, reserved 1048576K
}
Event: 19.241 GC heap before
{Heap before GC invocations=31 (full 0):
 garbage-first heap   total 222208K, used 184287K [0x00000000a0c00000, 0x0000000100000000)
  region size 1024K, 71 young (72704K), 9 survivors (9216K)
 Metaspace       used 47590K, committed 48896K, reserved 1114112K
  class space    used 6073K, committed 6656K, reserved 1048576K
}
Event: 19.261 GC heap after
{Heap after GC invocations=32 (full 0):
 garbage-first heap   total 267264K, used 128458K [0x00000000a0c00000, 0x0000000100000000)
  region size 1024K, 8 young (8192K), 8 survivors (8192K)
 Metaspace       used 47590K, committed 48896K, reserved 1114112K
  class space    used 6073K, committed 6656K, reserved 1048576K
}
Event: 19.738 GC heap before
{Heap before GC invocations=33 (full 0):
 garbage-first heap   total 275456K, used 215498K [0x00000000a0c00000, 0x0000000100000000)
  region size 1024K, 93 young (95232K), 8 survivors (8192K)
 Metaspace       used 47897K, committed 49216K, reserved 1114112K
  class space    used 6130K, committed 6720K, reserved 1048576K
}
Event: 19.758 GC heap after
{Heap after GC invocations=34 (full 0):
 garbage-first heap   total 275456K, used 138039K [0x00000000a0c00000, 0x0000000100000000)
  region size 1024K, 10 young (10240K), 10 survivors (10240K)
 Metaspace       used 47897K, committed 49216K, reserved 1114112K
  class space    used 6130K, committed 6720K, reserved 1048576K
}
Event: 19.766 GC heap before
{Heap before GC invocations=34 (full 0):
 garbage-first heap   total 275456K, used 141111K [0x00000000a0c00000, 0x0000000100000000)
  region size 1024K, 13 young (13312K), 10 survivors (10240K)
 Metaspace       used 47897K, committed 49216K, reserved 1114112K
  class space    used 6130K, committed 6720K, reserved 1048576K
}
Event: 19.776 GC heap after
{Heap after GC invocations=35 (full 0):
 garbage-first heap   total 275456K, used 139091K [0x00000000a0c00000, 0x0000000100000000)
  region size 1024K, 2 young (2048K), 2 survivors (2048K)
 Metaspace       used 47897K, committed 49216K, reserved 1114112K
  class space    used 6130K, committed 6720K, reserved 1048576K
}
Event: 20.663 GC heap before
{Heap before GC invocations=35 (full 0):
 garbage-first heap   total 275456K, used 222035K [0x00000000a0c00000, 0x0000000100000000)
  region size 1024K, 84 young (86016K), 2 survivors (2048K)
 Metaspace       used 51562K, committed 52864K, reserved 1114112K
  class space    used 6713K, committed 7296K, reserved 1048576K
}
Event: 20.675 GC heap after
{Heap after GC invocations=36 (full 0):
 garbage-first heap   total 275456K, used 143609K [0x00000000a0c00000, 0x0000000100000000)
  region size 1024K, 7 young (7168K), 7 survivors (7168K)
 Metaspace       used 51562K, committed 52864K, reserved 1114112K
  class space    used 6713K, committed 7296K, reserved 1048576K
}
Event: 21.678 GC heap before
{Heap before GC invocations=37 (full 0):
 garbage-first heap   total 288768K, used 227577K [0x00000000a0c00000, 0x0000000100000000)
  region size 1024K, 87 young (89088K), 7 survivors (7168K)
 Metaspace       used 55025K, committed 56320K, reserved 1114112K
  class space    used 7413K, committed 8000K, reserved 1048576K
}
Event: 21.705 GC heap after
{Heap after GC invocations=38 (full 0):
 garbage-first heap   total 288768K, used 160508K [0x00000000a0c00000, 0x0000000100000000)
  region size 1024K, 11 young (11264K), 11 survivors (11264K)
 Metaspace       used 55025K, committed 56320K, reserved 1114112K
  class space    used 7413K, committed 8000K, reserved 1048576K
}
Event: 21.751 GC heap before
{Heap before GC invocations=38 (full 0):
 garbage-first heap   total 288768K, used 163580K [0x00000000a0c00000, 0x0000000100000000)
  region size 1024K, 14 young (14336K), 11 survivors (11264K)
 Metaspace       used 55106K, committed 56384K, reserved 1114112K
  class space    used 7432K, committed 8000K, reserved 1048576K
}
Event: 21.765 GC heap after
{Heap after GC invocations=39 (full 0):
 garbage-first heap   total 288768K, used 162192K [0x00000000a0c00000, 0x0000000100000000)
  region size 1024K, 2 young (2048K), 2 survivors (2048K)
 Metaspace       used 55106K, committed 56384K, reserved 1114112K
  class space    used 7432K, committed 8000K, reserved 1048576K
}
Event: 22.613 GC heap before
{Heap before GC invocations=39 (full 0):
 garbage-first heap   total 288768K, used 231824K [0x00000000a0c00000, 0x0000000100000000)
  region size 1024K, 70 young (71680K), 2 survivors (2048K)
 Metaspace       used 58873K, committed 60096K, reserved 1114112K
  class space    used 8335K, committed 8896K, reserved 1048576K
}

Deoptimization events (20 events):
Event: 21.855 Thread 0x000001ea5acca0c0 DEOPT PACKING pc=0x000001ea719f6e58 sp=0x000000d224dfeeb0
Event: 21.855 Thread 0x000001ea5acca0c0 DEOPT UNPACKING pc=0x000001ea78282b43 sp=0x000000d224dfe350 mode 0
Event: 21.858 Thread 0x000001ea4ed12a50 Uncommon trap: trap_request=0xffffffde fr.pc=0x000001ea78ab70d8 relative=0x000000000000a278
Event: 21.858 Thread 0x000001ea4ed12a50 Uncommon trap: reason=class_check action=maybe_recompile pc=0x000001ea78ab70d8 method=org.objectweb.asm.ClassReader.readCode(Lorg/objectweb/asm/MethodVisitor;Lorg/objectweb/asm/Context;I)V @ 4346 c2
Event: 21.858 Thread 0x000001ea4ed12a50 DEOPT PACKING pc=0x000001ea78ab70d8 sp=0x000000d224bfb800
Event: 21.858 Thread 0x000001ea4ed12a50 DEOPT UNPACKING pc=0x000001ea782823a3 sp=0x000000d224bfb798 mode 2
Event: 21.940 Thread 0x000001ea4ed12a50 DEOPT PACKING pc=0x000001ea7176eacb sp=0x000000d224bf8340
Event: 21.940 Thread 0x000001ea4ed12a50 DEOPT UNPACKING pc=0x000001ea78282b43 sp=0x000000d224bf7850 mode 0
Event: 21.984 Thread 0x000001ea4ed12a50 Uncommon trap: trap_request=0xffffffde fr.pc=0x000001ea78ab70d8 relative=0x000000000000a278
Event: 21.984 Thread 0x000001ea4ed12a50 Uncommon trap: reason=class_check action=maybe_recompile pc=0x000001ea78ab70d8 method=org.objectweb.asm.ClassReader.readCode(Lorg/objectweb/asm/MethodVisitor;Lorg/objectweb/asm/Context;I)V @ 4346 c2
Event: 21.984 Thread 0x000001ea4ed12a50 DEOPT PACKING pc=0x000001ea78ab70d8 sp=0x000000d224bfb800
Event: 21.984 Thread 0x000001ea4ed12a50 DEOPT UNPACKING pc=0x000001ea782823a3 sp=0x000000d224bfb798 mode 2
Event: 22.288 Thread 0x000001ea4ed12a50 DEOPT PACKING pc=0x000001ea717c8db4 sp=0x000000d224bfa450
Event: 22.288 Thread 0x000001ea4ed12a50 DEOPT UNPACKING pc=0x000001ea78282b43 sp=0x000000d224bf9a20 mode 0
Event: 22.361 Thread 0x000001ea4ed12a50 DEOPT PACKING pc=0x000001ea71b5c99c sp=0x000000d224bfb220
Event: 22.361 Thread 0x000001ea4ed12a50 DEOPT UNPACKING pc=0x000001ea78282b43 sp=0x000000d224bfa5a0 mode 0
Event: 22.566 Thread 0x000001ea4ed12a50 Uncommon trap: trap_request=0xffffff76 fr.pc=0x000001ea78afbf10 relative=0x0000000000000190
Event: 22.566 Thread 0x000001ea4ed12a50 Uncommon trap: reason=predicate action=maybe_recompile pc=0x000001ea78afbf10 method=java.util.Arrays.fill([Ljava/lang/Object;Ljava/lang/Object;)V @ 7 c2
Event: 22.566 Thread 0x000001ea4ed12a50 DEOPT PACKING pc=0x000001ea78afbf10 sp=0x000000d224bfd490
Event: 22.566 Thread 0x000001ea4ed12a50 DEOPT UNPACKING pc=0x000001ea782823a3 sp=0x000000d224bfd438 mode 2

Classes unloaded (0 events):
No events

Classes redefined (0 events):
No events

Internal exceptions (20 events):
Event: 18.339 Thread 0x000001ea4ed12a50 Exception <a 'java/lang/NoSuchMethodError'{0x00000000aa36c2f8}: 'java.lang.Object java.lang.invoke.Invokers$Holder.invoker(java.lang.Object, java.lang.Object, java.lang.Object, java.lang.Object, java.lang.Object, java.lang.Object, java.lang.Object, java.lang.Object, java.lang.Object, java.lang.Object, java.lang.Object, java.lang.Object, java.lang.Object, java.lang.Object, java.lang.Object, java.lang.Object, java.lang.Object, java.lang.Object)'> (0x00000000aa36c2f8) 
thrown [s\open\src\hotspot\share\interpr
Event: 18.340 Thread 0x000001ea4ed12a50 Exception <a 'java/lang/NoSuchMethodError'{0x00000000aa377748}: 'java.lang.Object java.lang.invoke.DelegatingMethodHandle$Holder.delegate(java.lang.Object, java.lang.Object, java.lang.Object, java.lang.Object, java.lang.Object, java.lang.Object, java.lang.Object, java.lang.Object, java.lang.Object, java.lang.Object, java.lang.Object, java.lang.Object, java.lang.Object, java.lang.Object, java.lang.Object, java.lang.Object, java.lang.Object, java.lang.Object)'> (0x00000000aa377748) 
thrown [s\open\src\hotspo
Event: 18.343 Thread 0x000001ea4ed12a50 Exception <a 'java/lang/NoSuchMethodError'{0x00000000aa3a8120}: 'java.lang.Object java.lang.invoke.Invokers$Holder.invoker(java.lang.Object, java.lang.Object, java.lang.Object, java.lang.Object, java.lang.Object, java.lang.Object, java.lang.Object, java.lang.Object, java.lang.Object, java.lang.Object, java.lang.Object, java.lang.Object, java.lang.Object)'> (0x00000000aa3a8120) 
thrown [s\open\src\hotspot\share\interpreter\linkResolver.cpp, line 759]
Event: 18.343 Thread 0x000001ea4ed12a50 Exception <a 'java/lang/NoSuchMethodError'{0x00000000aa3add38}: 'java.lang.Object java.lang.invoke.DirectMethodHandle$Holder.invokeSpecial(java.lang.Object, java.lang.Object, java.lang.Object, java.lang.Object, java.lang.Object, java.lang.Object, java.lang.Object, java.lang.Object, java.lang.Object, java.lang.Object, java.lang.Object, java.lang.Object, java.lang.Object, java.lang.Object)'> (0x00000000aa3add38) 
thrown [s\open\src\hotspot\share\interpreter\linkResolver.cpp, line 759]
Event: 18.620 Thread 0x000001ea4ed12a50 Exception <a 'java/lang/NoSuchMethodError'{0x00000000ad1c5578}: 'java.lang.Object java.lang.invoke.DirectMethodHandle$Holder.newInvokeSpecial(java.lang.Object, int, int, int, int, int, int)'> (0x00000000ad1c5578) 
thrown [s\open\src\hotspot\share\interpreter\linkResolver.cpp, line 759]
Event: 21.151 Thread 0x000001ea4ed12a50 Exception <a 'java/lang/NoSuchMethodError'{0x00000000b1d4a2a8}: 'java.lang.Object java.lang.invoke.DirectMethodHandle$Holder.newInvokeSpecial(java.lang.Object, int, int, int)'> (0x00000000b1d4a2a8) 
thrown [s\open\src\hotspot\share\interpreter\linkResolver.cpp, line 759]
Event: 21.328 Thread 0x000001ea4ed12a50 Exception <a 'java/lang/NoSuchMethodError'{0x00000000af74c720}: 'java.lang.Object java.lang.invoke.DirectMethodHandle$Holder.newInvokeSpecial(java.lang.Object, java.lang.Object, java.lang.Object, java.lang.Object, java.lang.Object, int)'> (0x00000000af74c720) 
thrown [s\open\src\hotspot\share\interpreter\linkResolver.cpp, line 759]
Event: 21.329 Thread 0x000001ea4ed12a50 Exception <a 'java/lang/NoSuchMethodError'{0x00000000af750710}: 'java.lang.Object java.lang.invoke.DirectMethodHandle$Holder.invokeSpecial(java.lang.Object, java.lang.Object, java.lang.Object, java.lang.Object, java.lang.Object, java.lang.Object, int)'> (0x00000000af750710) 
thrown [s\open\src\hotspot\share\interpreter\linkResolver.cpp, line 759]
Event: 21.329 Thread 0x000001ea4ed12a50 Exception <a 'java/lang/NoSuchMethodError'{0x00000000af753ff0}: 'java.lang.Object java.lang.invoke.Invokers$Holder.linkToTargetMethod(java.lang.Object, java.lang.Object, java.lang.Object, java.lang.Object, int, java.lang.Object)'> (0x00000000af753ff0) 
thrown [s\open\src\hotspot\share\interpreter\linkResolver.cpp, line 759]
Event: 21.343 Thread 0x000001ea5acca0c0 Exception <a 'java/lang/NoSuchMethodError'{0x00000000af7a7550}: 'java.lang.Object java.lang.invoke.DirectMethodHandle$Holder.newInvokeSpecial(java.lang.Object, java.lang.Object, int, int)'> (0x00000000af7a7550) 
thrown [s\open\src\hotspot\share\interpreter\linkResolver.cpp, line 759]
Event: 21.346 Thread 0x000001ea4ed12a50 Implicit null exception at 0x000001ea78b0bc9c to 0x000001ea78b12cb4
Event: 21.544 Thread 0x000001ea5acca0c0 Exception <a 'java/lang/NoSuchMethodError'{0x00000000ae3ff0f0}: 'java.lang.Object java.lang.invoke.DirectMethodHandle$Holder.newInvokeSpecial(java.lang.Object, java.lang.Object, java.lang.Object, java.lang.Object, java.lang.Object, java.lang.Object, java.lang.Object, java.lang.Object, java.lang.Object, java.lang.Object)'> (0x00000000ae3ff0f0) 
thrown [s\open\src\hotspot\share\interpreter\linkResolver.cpp, line 759]
Event: 21.545 Thread 0x000001ea5acca0c0 Exception <a 'java/lang/NoSuchMethodError'{0x00000000ae203bb0}: 'java.lang.Object java.lang.invoke.Invokers$Holder.linkToTargetMethod(java.lang.Object, java.lang.Object, java.lang.Object, java.lang.Object, java.lang.Object, java.lang.Object, java.lang.Object, java.lang.Object, java.lang.Object, java.lang.Object)'> (0x00000000ae203bb0) 
thrown [s\open\src\hotspot\share\interpreter\linkResolver.cpp, line 759]
Event: 21.567 Thread 0x000001ea5acca0c0 Exception <a 'java/lang/NoSuchMethodError'{0x00000000adf51f48}: 'java.lang.Object java.lang.invoke.DirectMethodHandle$Holder.newInvokeSpecial(java.lang.Object, java.lang.Object, java.lang.Object, java.lang.Object, java.lang.Object, java.lang.Object, java.lang.Object, java.lang.Object, java.lang.Object)'> (0x00000000adf51f48) 
thrown [s\open\src\hotspot\share\interpreter\linkResolver.cpp, line 759]
Event: 21.567 Thread 0x000001ea5acca0c0 Exception <a 'java/lang/NoSuchMethodError'{0x00000000adf56c40}: 'java.lang.Object java.lang.invoke.Invokers$Holder.linkToTargetMethod(java.lang.Object, java.lang.Object, java.lang.Object, java.lang.Object, java.lang.Object, java.lang.Object, java.lang.Object, java.lang.Object, java.lang.Object)'> (0x00000000adf56c40) 
thrown [s\open\src\hotspot\share\interpreter\linkResolver.cpp, line 759]
Event: 22.249 Thread 0x000001ea4ed12a50 Exception <a 'java/lang/NoSuchMethodError'{0x00000000af973bf0}: 'java.lang.Object java.lang.invoke.DirectMethodHandle$Holder.invokeVirtual(java.lang.Object, java.lang.Object, long)'> (0x00000000af973bf0) 
thrown [s\open\src\hotspot\share\interpreter\linkResolver.cpp, line 759]
Event: 22.250 Thread 0x000001ea4ed12a50 Exception <a 'java/lang/NoSuchMethodError'{0x00000000af97cc40}: 'java.lang.Object java.lang.invoke.DirectMethodHandle$Holder.invokeVirtual(java.lang.Object, java.lang.Object, float)'> (0x00000000af97cc40) 
thrown [s\open\src\hotspot\share\interpreter\linkResolver.cpp, line 759]
Event: 22.250 Thread 0x000001ea4ed12a50 Exception <a 'java/lang/NoSuchMethodError'{0x00000000af9834f8}: 'float java.lang.invoke.DirectMethodHandle$Holder.invokeVirtual(java.lang.Object, java.lang.Object)'> (0x00000000af9834f8) 
thrown [s\open\src\hotspot\share\interpreter\linkResolver.cpp, line 759]
Event: 22.251 Thread 0x000001ea4ed12a50 Exception <a 'java/lang/NoSuchMethodError'{0x00000000af9996b0}: 'void java.lang.invoke.DirectMethodHandle$Holder.invokeSpecialIFC(java.lang.Object, java.lang.Object, java.lang.Object, java.lang.Object)'> (0x00000000af9996b0) 
thrown [s\open\src\hotspot\share\interpreter\linkResolver.cpp, line 759]
Event: 22.564 Thread 0x000001ea4ed12a50 Exception <a 'java/lang/NoSuchMethodError'{0x00000000ae3072b8}: 'int java.lang.invoke.DirectMethodHandle$Holder.invokeSpecialIFC(java.lang.Object, java.lang.Object, java.lang.Object, java.lang.Object)'> (0x00000000ae3072b8) 
thrown [s\open\src\hotspot\share\interpreter\linkResolver.cpp, line 759]

VM Operations (20 events):
Event: 19.776 Executing VM operation: G1CollectForAllocation done
Event: 20.596 Executing VM operation: ICBufferFull
Event: 20.596 Executing VM operation: ICBufferFull done
Event: 20.663 Executing VM operation: G1TryInitiateConcMark
Event: 20.676 Executing VM operation: G1TryInitiateConcMark done
Event: 20.976 Executing VM operation: G1Concurrent
Event: 20.980 Executing VM operation: G1Concurrent done
Event: 21.113 Executing VM operation: G1Concurrent
Event: 21.113 Executing VM operation: G1Concurrent done
Event: 21.336 Executing VM operation: HandshakeAllThreads
Event: 21.336 Executing VM operation: HandshakeAllThreads done
Event: 21.523 Executing VM operation: ICBufferFull
Event: 21.524 Executing VM operation: ICBufferFull done
Event: 21.678 Executing VM operation: G1CollectForAllocation
Event: 21.705 Executing VM operation: G1CollectForAllocation done
Event: 21.751 Executing VM operation: G1CollectForAllocation
Event: 21.765 Executing VM operation: G1CollectForAllocation done
Event: 22.360 Executing VM operation: HandshakeAllThreads
Event: 22.360 Executing VM operation: HandshakeAllThreads done
Event: 22.613 Executing VM operation: G1CollectForAllocation

Events (20 events):
Event: 20.724 loading class java/io/UTFDataFormatException
Event: 20.724 loading class java/io/UTFDataFormatException done
Event: 21.213 loading class java/util/function/IntUnaryOperator
Event: 21.213 loading class java/util/function/IntUnaryOperator done
Event: 21.329 loading class java/util/concurrent/CompletableFuture$AsyncRun
Event: 21.330 loading class java/util/concurrent/CompletableFuture$AsyncRun done
Event: 21.330 Thread 0x000001ea5acca0c0 Thread added: 0x000001ea5acca0c0
Event: 21.330 loading class java/util/concurrent/CompletableFuture$UniExceptionally
Event: 21.331 loading class java/util/concurrent/CompletableFuture$UniExceptionally done
Event: 21.335 loading class java/util/concurrent/CompletableFuture$BiRelay
Event: 21.335 loading class java/util/concurrent/CompletableFuture$BiCompletion
Event: 21.335 loading class java/util/concurrent/CompletableFuture$BiCompletion done
Event: 21.336 loading class java/util/concurrent/CompletableFuture$BiRelay done
Event: 21.336 loading class java/util/concurrent/CompletableFuture$CoCompletion
Event: 21.337 loading class java/util/concurrent/CompletableFuture$CoCompletion done
Event: 21.338 loading class java/util/concurrent/CompletableFuture$UniAccept
Event: 21.339 loading class java/util/concurrent/CompletableFuture$UniAccept done
Event: 21.890 loading class java/time/Instant$1
Event: 21.890 loading class java/time/Instant$1 done
Event: 21.891 Thread 0x000001ea5acca0c0 Thread exited: 0x000001ea5acca0c0


Dynamic libraries:
0x00007ff78a750000 - 0x00007ff78a760000 	C:\Program Files\Java\jdk-17\bin\java.exe
0x00007ffa5a350000 - 0x00007ffa5a548000 	C:\Windows\SYSTEM32\ntdll.dll
0x00007ffa59200000 - 0x00007ffa592bd000 	C:\Windows\System32\KERNEL32.DLL
0x00007ffa57a30000 - 0x00007ffa57d26000 	C:\Windows\System32\KERNELBASE.dll
0x00007ffa57fa0000 - 0x00007ffa580a0000 	C:\Windows\System32\ucrtbase.dll
0x00007ffa51050000 - 0x00007ffa51069000 	C:\Program Files\Java\jdk-17\bin\jli.dll
0x00007ffa59350000 - 0x00007ffa593ff000 	C:\Windows\System32\ADVAPI32.dll
0x00007ffa50da0000 - 0x00007ffa50dbb000 	C:\Program Files\Java\jdk-17\bin\VCRUNTIME140.dll
0x00007ffa58ff0000 - 0x00007ffa5908e000 	C:\Windows\System32\msvcrt.dll
0x00007ffa59160000 - 0x00007ffa591fc000 	C:\Windows\System32\sechost.dll
0x00007ffa58b10000 - 0x00007ffa58c36000 	C:\Windows\System32\RPCRT4.dll
0x00007ffa59400000 - 0x00007ffa5959e000 	C:\Windows\System32\USER32.dll
0x00007ffa57d30000 - 0x00007ffa57d52000 	C:\Windows\System32\win32u.dll
0x00007ffa59320000 - 0x00007ffa5934c000 	C:\Windows\System32\GDI32.dll
0x00007ffa58240000 - 0x00007ffa5835a000 	C:\Windows\System32\gdi32full.dll
0x00007ffa580a0000 - 0x00007ffa5813d000 	C:\Windows\System32\msvcp_win.dll
0x00007ffa42160000 - 0x00007ffa423fa000 	C:\Windows\WinSxS\amd64_microsoft.windows.common-controls_6595b64144ccf1df_6.0.19041.3636_none_60b6a03d71f818d5\COMCTL32.dll
0x00007ffa4de90000 - 0x00007ffa4de9a000 	C:\Windows\SYSTEM32\VERSION.dll
0x00007ffa58490000 - 0x00007ffa584c0000 	C:\Windows\System32\IMM32.DLL
0x00007ffa52320000 - 0x00007ffa5232c000 	C:\Program Files\Java\jdk-17\bin\vcruntime140_1.dll
0x00007ffa42ea0000 - 0x00007ffa42f2e000 	C:\Program Files\Java\jdk-17\bin\msvcp140.dll
0x00007ffa1f080000 - 0x00007ffa1fc61000 	C:\Program Files\Java\jdk-17\bin\server\jvm.dll
0x00007ffa58eb0000 - 0x00007ffa58eb8000 	C:\Windows\System32\PSAPI.DLL
0x00007ffa36a00000 - 0x00007ffa36a09000 	C:\Windows\SYSTEM32\WSOCK32.dll
0x00007ffa58f80000 - 0x00007ffa58feb000 	C:\Windows\System32\WS2_32.dll
0x00007ffa4daa0000 - 0x00007ffa4dac7000 	C:\Windows\SYSTEM32\WINMM.dll
0x00007ffa56280000 - 0x00007ffa56292000 	C:\Windows\SYSTEM32\kernel.appcore.dll
0x00007ffa522c0000 - 0x00007ffa522ca000 	C:\Program Files\Java\jdk-17\bin\jimage.dll
0x00007ffa55ff0000 - 0x00007ffa561d4000 	C:\Windows\SYSTEM32\DBGHELP.DLL
0x00007ffa47660000 - 0x00007ffa47694000 	C:\Windows\SYSTEM32\dbgcore.DLL
0x00007ffa58140000 - 0x00007ffa581c2000 	C:\Windows\System32\bcryptPrimitives.dll
0x00007ffa50d70000 - 0x00007ffa50d95000 	C:\Program Files\Java\jdk-17\bin\java.dll
0x00007ffa42dc0000 - 0x00007ffa42e97000 	C:\Program Files\Java\jdk-17\bin\jsvml.dll
0x00007ffa59bc0000 - 0x00007ffa5a305000 	C:\Windows\System32\SHELL32.dll
0x00007ffa55850000 - 0x00007ffa55feb000 	C:\Windows\SYSTEM32\windows.storage.dll
0x00007ffa58540000 - 0x00007ffa58894000 	C:\Windows\System32\combase.dll
0x00007ffa573a0000 - 0x00007ffa573cd000 	C:\Windows\SYSTEM32\Wldp.dll
0x00007ffa588a0000 - 0x00007ffa5894d000 	C:\Windows\System32\SHCORE.dll
0x00007ffa58c60000 - 0x00007ffa58cb5000 	C:\Windows\System32\shlwapi.dll
0x00007ffa57960000 - 0x00007ffa57985000 	C:\Windows\SYSTEM32\profapi.dll
0x00007ffa4d450000 - 0x00007ffa4d469000 	C:\Program Files\Java\jdk-17\bin\net.dll
0x00007ffa4dad0000 - 0x00007ffa4dbda000 	C:\Windows\SYSTEM32\WINHTTP.dll
0x00007ffa57100000 - 0x00007ffa5716a000 	C:\Windows\system32\mswsock.dll
0x00007ffa4d430000 - 0x00007ffa4d446000 	C:\Program Files\Java\jdk-17\bin\nio.dll
0x00007ffa50d50000 - 0x00007ffa50d68000 	C:\Program Files\Java\jdk-17\bin\zip.dll
0x00007ffa50f00000 - 0x00007ffa50f10000 	C:\Program Files\Java\jdk-17\bin\verify.dll
0x00007ffa50d40000 - 0x00007ffa50d4a000 	C:\Program Files\Java\jdk-17\bin\management.dll
0x00007ffa4d420000 - 0x00007ffa4d42b000 	C:\Program Files\Java\jdk-17\bin\management_ext.dll
0x00007ffa3fd30000 - 0x00007ffa3fd47000 	C:\Windows\system32\napinsp.dll
0x00007ffa3e440000 - 0x00007ffa3e45b000 	C:\Windows\system32\pnrpnsp.dll
0x00007ffa52820000 - 0x00007ffa52835000 	C:\Windows\system32\wshbth.dll
0x00007ffa50ba0000 - 0x00007ffa50bbd000 	C:\Windows\system32\NLAapi.dll
0x00007ffa56df0000 - 0x00007ffa56e2b000 	C:\Windows\SYSTEM32\IPHLPAPI.DLL
0x00007ffa56e30000 - 0x00007ffa56efa000 	C:\Windows\SYSTEM32\DNSAPI.dll
0x00007ffa58de0000 - 0x00007ffa58de8000 	C:\Windows\System32\NSI.dll
0x00007ffa3dd80000 - 0x00007ffa3dd92000 	C:\Windows\System32\winrnr.dll
0x00007ffa4b780000 - 0x00007ffa4b78a000 	C:\Windows\System32\rasadhlp.dll
0x00007ffa464c0000 - 0x00007ffa46540000 	C:\Windows\System32\fwpuclnt.dll
0x00007ffa57ec0000 - 0x00007ffa57ee7000 	C:\Windows\System32\bcrypt.dll
0x00007ffa40150000 - 0x00007ffa401c5000 	C:\Users\admin\AppData\Local\Temp\lwjgladmin\3.3.1-build-7\lwjgl.dll
0x00007ffa4ce20000 - 0x00007ffa4ce81000 	C:\Users\admin\AppData\Local\Temp\lwjgladmin\3.3.1-build-7\glfw.dll
0x00007ffa43070000 - 0x00007ffa430b5000 	C:\Windows\SYSTEM32\dinput8.dll
0x00007ffa50f20000 - 0x00007ffa50f31000 	C:\Windows\SYSTEM32\xinput1_4.dll
0x00007ffa58360000 - 0x00007ffa583ae000 	C:\Windows\System32\cfgmgr32.dll
0x00007ffa576f0000 - 0x00007ffa57723000 	C:\Windows\SYSTEM32\DEVOBJ.dll
0x00007ffa552c0000 - 0x00007ffa552ef000 	C:\Windows\SYSTEM32\dwmapi.dll
0x00007ffa4c8e0000 - 0x00007ffa4ca32000 	C:\Windows\SYSTEM32\inputhost.dll
0x00007ffa59090000 - 0x00007ffa5915d000 	C:\Windows\System32\OLEAUT32.dll
0x00007ffa54bf0000 - 0x00007ffa54ce2000 	C:\Windows\SYSTEM32\CoreMessaging.dll
0x00007ffa53250000 - 0x00007ffa53346000 	C:\Windows\SYSTEM32\PROPSYS.dll
0x00007ffa541b0000 - 0x00007ffa54305000 	C:\Windows\SYSTEM32\wintypes.dll
0x00007ffa54890000 - 0x00007ffa54beb000 	C:\Windows\SYSTEM32\CoreUIComponents.dll
0x00007ffa56b50000 - 0x00007ffa56b83000 	C:\Windows\SYSTEM32\ntmarta.dll
0x00007ffa550e0000 - 0x00007ffa5517e000 	C:\Windows\system32\uxtheme.dll
0x00007ffa58cc0000 - 0x00007ffa58dd4000 	C:\Windows\System32\MSCTF.dll
0x00007ff9fa660000 - 0x00007ff9fa785000 	C:\Windows\SYSTEM32\opengl32.dll
0x00007ff9fa600000 - 0x00007ff9fa62c000 	C:\Windows\SYSTEM32\GLU32.dll
0x00007ffa58ec0000 - 0x00007ffa58f69000 	C:\Windows\System32\clbcatq.dll
0x00007ffa3b610000 - 0x00007ffa3b63e000 	C:\Windows\System32\DriverStore\FileRepository\u0399223.inf_amd64_afdf17d03cd73307\B396953\atig6pxx.dll
0x00007ff9f58e0000 - 0x00007ff9f9dbf000 	C:\Windows\System32\DriverStore\FileRepository\u0399223.inf_amd64_afdf17d03cd73307\B396953\atio6axx.dll
0x00007ffa59750000 - 0x00007ffa59bbe000 	C:\Windows\System32\SETUPAPI.dll
0x00007ffa40bd0000 - 0x00007ffa40c05000 	C:\Windows\SYSTEM32\amdihk64.dll
0x00007ffa581d0000 - 0x00007ffa58237000 	C:\Windows\System32\WINTRUST.dll
0x00007ffa57d60000 - 0x00007ffa57ebd000 	C:\Windows\System32\CRYPT32.dll
0x00007ffa57530000 - 0x00007ffa57542000 	C:\Windows\SYSTEM32\MSASN1.dll
0x00007ffa1e120000 - 0x00007ffa1e379000 	C:\Users\admin\AppData\Local\Temp\lwjgladmin\3.3.1-build-7\jemalloc.dll
0x00007ffa2f530000 - 0x00007ffa2f5b1000 	C:\Users\admin\AppData\Local\Temp\lwjgladmin\3.3.1-build-7\lwjgl_stb.dll
0x00007ffa4ca40000 - 0x00007ffa4cb39000 	C:\Windows\SYSTEM32\textinputframework.dll
0x00007ffa42d60000 - 0x00007ffa42dbd000 	C:\Users\admin\AppData\Local\Temp\lwjgladmin\3.3.1-build-7\lwjgl_opengl.dll
0x00007ffa37ba0000 - 0x00007ffa37be9000 	C:\Windows\SYSTEM32\pdh.dll
0x00007ffa522d0000 - 0x00007ffa522df000 	C:\Windows\System32\perfproc.dll
0x00007ffa37460000 - 0x00007ffa3746f000 	C:\Windows\System32\perfos.dll
0x00007ffa572f0000 - 0x00007ffa57308000 	C:\Windows\SYSTEM32\CRYPTSP.dll
0x00007ffa56a30000 - 0x00007ffa56a64000 	C:\Windows\system32\rsaenh.dll
0x00007ffa57920000 - 0x00007ffa5794e000 	C:\Windows\SYSTEM32\USERENV.dll
0x00007ffa57310000 - 0x00007ffa5731c000 	C:\Windows\SYSTEM32\CRYPTBASE.dll
0x00007ffa4df10000 - 0x00007ffa4df27000 	C:\Windows\SYSTEM32\dhcpcsvc6.DLL
0x00007ffa4f160000 - 0x00007ffa4f17d000 	C:\Windows\SYSTEM32\dhcpcsvc.DLL
0x00007ffa3ebe0000 - 0x00007ffa3ec20000 	C:\Users\admin\AppData\Local\Temp\jna-92668751\jna16932848429899308660.dll
0x00007ffa58950000 - 0x00007ffa58a7b000 	C:\Windows\System32\Ole32.dll
0x00007ffa3f190000 - 0x00007ffa3f1af000 	C:\Windows\SYSTEM32\amsi.dll

dbghelp: loaded successfully - version: 4.0.5 - missing functions: none
symbol engine: initialized successfully - sym options: 0x614 - pdb path: .;C:\Program Files\Java\jdk-17\bin;C:\Windows\SYSTEM32;C:\Windows\WinSxS\amd64_microsoft.windows.common-controls_6595b64144ccf1df_6.0.19041.3636_none_60b6a03d71f818d5;C:\Program Files\Java\jdk-17\bin\server;C:\Users\admin\AppData\Local\Temp\lwjgladmin\3.3.1-build-7;C:\Windows\System32\DriverStore\FileRepository\u0399223.inf_amd64_afdf17d03cd73307\B396953;C:\Users\admin\AppData\Local\Temp\jna-92668751

VM Arguments:
jvm_args: -Dforge.enableGameTest=true -Dforge.enabledGameTestNamespaces=enhanced_minecraft -Dforge.logging.console.level=debug -Dforge.logging.markers=REGISTRIES -DignoreList=bootstraplauncher,securejarhandler,asm-commons,asm-util,asm-analysis,asm-tree,asm,JarJarFileSystems,client-extra,fmlcore,javafmllanguage,lowcodelanguage,mclanguage,forge- -Djava.net.preferIPv6Addresses=system -DlegacyClassPath.file=D:\Repositorios Github\Enhanced-Minecraft-Mod\Enhanched_Minecraft_Mod\build\classpath\runClient_minecraftClasspath.txt -DmergeModules=jna-5.10.0.jar,jna-platform-5.10.0.jar --module-path=C:\Users\admin\.gradle\caches\modules-2\files-2.1\cpw.mods\bootstraplauncher\1.1.2\c546e00443d8432cda6baa1c860346980742628\bootstraplauncher-1.1.2.jar;C:\Users\admin\.gradle\caches\modules-2\files-2.1\cpw.mods\securejarhandler\2.1.10\51e6a22c6c716beb11e244bf5b8be480f51dd6b5\securejarhandler-2.1.10.jar;C:\Users\admin\.gradle\caches\modules-2\files-2.1\org.ow2.asm\asm-commons\9.5\19ab5b5800a3910d30d3a3e64fdb00fd0cb42de0\asm-commons-9.5.jar;C:\Users\admin\.gradle\caches\modules-2\files-2.1\org.ow2.asm\asm-util\9.5\64b5a1fc8c1b15ed2efd6a063e976bc8d3dc5ffe\asm-util-9.5.jar;C:\Users\admin\.gradle\caches\modules-2\files-2.1\org.ow2.asm\asm-analysis\9.5\490bacc77de7cbc0be1a30bb3471072d705be4a4\asm-analysis-9.5.jar;C:\Users\admin\.gradle\caches\modules-2\files-2.1\org.ow2.asm\asm-tree\9.5\fd33c8b6373abaa675be407082fdfda35021254a\asm-tree-9.5.jar;C:\Users\admin\.gradle\caches\modules-2\files-2.1\org.ow2.asm\asm\9.5\dc6ea1875f4d64fbc85e1691c95b96a3d8569c90\asm-9.5.jar;C:\Users\admin\.gradle\caches\modules-2\files-2.1\net.minecraftforge\JarJarFileSystems\0.3.19\2464eb7d6b9ddb9db36a82cf8a95193e5c6fe020\JarJarFileSystems-0.3.19.jar --add-modules=ALL-MODULE-PATH --add-opens=java.base/java.util.jar=cpw.mods.securejarhandler --add-opens=java.base/java.lang.invoke=cpw.mods.securejarhandler --add-exports=java.base/sun.security.util=cpw.mods.securejarhandler --add-exports=jdk.naming.dns/com.sun.jndi.dns=java.naming -XX:HeapDumpPath=MojangTricksIntelDriversForPerformance_javaw.exe_minecraft.exe.heapdump -Dfile.encoding=windows-1252 -Duser.country=AR -Duser.language=es -Duser.variant 
java_command: cpw.mods.bootstraplauncher.BootstrapLauncher --launchTarget forgeclientuserdev --version MOD_DEV --assetIndex 5 --assetsDir C:\Users\admin\.gradle\caches\forge_gradle\assets --gameDir . --fml.forgeVersion 47.2.0 --fml.mcVersion 1.20.1 --fml.forgeGroup net.minecraftforge --fml.mcpVersion 20230612.114412
java_class_path (initial): D:\Repositorios Github\Enhanced-Minecraft-Mod\Enhanched_Minecraft_Mod\build\classes\java\main;D:\Repositorios Github\Enhanced-Minecraft-Mod\Enhanched_Minecraft_Mod\build\resources\main;C:\Users\admin\.gradle\caches\forge_gradle\minecraft_user_repo\net\minecraftforge\forge\1.20.1-47.2.0_mapped_parchment_2023.06.26-1.20.1\forge-1.20.1-47.2.0_mapped_parchment_2023.06.26-1.20.1.jar;C:\Users\admin\.gradle\caches\forge_gradle\minecraft_repo\versions\1.20.1\client-extra.jar;C:\Users\admin\.gradle\caches\modules-2\files-2.1\net.minecraftforge\fmlearlydisplay\1.20.1-47.2.0\4c56a03dcedcb909c7eaa8469dd5a36c493a0008\fmlearlydisplay-1.20.1-47.2.0.jar;C:\Users\admin\.gradle\caches\modules-2\files-2.1\net.minecraftforge\javafmllanguage\1.20.1-47.2.0\7f9181f85acc66547685a72020713fc8cbde98\javafmllanguage-1.20.1-47.2.0.jar;C:\Users\admin\.gradle\caches\modules-2\files-2.1\net.minecraftforge\lowcodelanguage\1.20.1-47.2.0\7872f5205685fdd26fae39b1be79b0e60ca5b7bd\lowcodelanguage-1.20.1-47.2.0.jar;C:\Users\admin\.gradle\caches\modules-2\files-2.1\net.minecraftforge\mclanguage\1.20.1-47.2.0\d501d161cabed08b3c139a2c6217b02a39f3c3e9\mclanguage-1.20.1-47.2.0.jar;C:\Users\admin\.gradle\caches\modules-2\files-2.1\net.minecraftforge\fmlcore\1.20.1-47.2.0\ffd3c6debac0a388c9e33ac43c9f5eafb91cb466\fmlcore-1.20.1-47.2.0.jar;C:\Users\admin\.gradle\caches\modules-2\files-2.1\net.minecraftforge\fmlloader\1.20.1-47.2.0\7811231940c0a8b6008453bbc64fdf7fa1280fe9\fmlloader-1.20.1-47.2.0.jar;C:\Users\admin\.gradle\caches\modules-2\files-2.1\net.minecraftforge\JarJarSelector\0.3.19\376cc9c8ea60720cf027c01fc033de915699801c\JarJarSelector-0.3.19.jar;C:\Users\admin\.gradle\caches\modules-2\files-2.1\net.minecraftforge\JarJarMetadata\0.3.19\83feaa9b770e6ac0e96ee4fc23fa89325c5fe2\JarJarMetadata-0.3.19.jar;C:\Users\admin\.gradle\caches\modules-2\files-2.1\com.google.guava\guava\31.1-jre\60458f877d055d0c9114d9e1a2efb737b4bc282c\guava-31.1-jre.jar;C:\Users\admin\.gradle\caches\modules-2
Launcher Type: SUN_STANDARD

[Global flags]
     intx CICompilerCount                          = 3                                         {product} {ergonomic}
     uint ConcGCThreads                            = 1                                         {product} {ergonomic}
     uint G1ConcRefinementThreads                  = 4                                         {product} {ergonomic}
   size_t G1HeapRegionSize                         = 1048576                                   {product} {ergonomic}
    uintx GCDrainStackTargetSize                   = 64                                        {product} {ergonomic}
    ccstr HeapDumpPath                             = MojangTricksIntelDriversForPerformance_javaw.exe_minecraft.exe.heapdump         {manageable} {command line}
   size_t InitialHeapSize                          = 100663296                                 {product} {ergonomic}
   size_t MarkStackSize                            = 4194304                                   {product} {ergonomic}
   size_t MaxHeapSize                              = 1598029824                                {product} {ergonomic}
   size_t MaxNewSize                               = 958398464                                 {product} {ergonomic}
   size_t MinHeapDeltaBytes                        = 1048576                                   {product} {ergonomic}
   size_t MinHeapSize                              = 8388608                                   {product} {ergonomic}
    uintx NonNMethodCodeHeapSize                   = 5832780                                {pd product} {ergonomic}
    uintx NonProfiledCodeHeapSize                  = 122912730                              {pd product} {ergonomic}
    uintx ProfiledCodeHeapSize                     = 122912730                              {pd product} {ergonomic}
    uintx ReservedCodeCacheSize                    = 251658240                              {pd product} {ergonomic}
     bool SegmentedCodeCache                       = true                                      {product} {ergonomic}
   size_t SoftMaxHeapSize                          = 1598029824                             {manageable} {ergonomic}
     bool UseCompressedClassPointers               = true                           {product lp64_product} {ergonomic}
     bool UseCompressedOops                        = true                           {product lp64_product} {ergonomic}
     bool UseG1GC                                  = true                                      {product} {ergonomic}
     bool UseLargePagesIndividualAllocation        = false                                  {pd product} {ergonomic}

Logging:
Log output configuration:
 #0: stdout all=warning uptime,level,tags
 #1: stderr all=off uptime,level,tags

Environment Variables:
JAVA_HOME=C:\Program Files\Eclipse Adoptium\jdk-17.0.9.9-hotspot\
PATH=C:\Program Files\Eclipse Adoptium\jdk-17.0.9.9-hotspot\bin;C:\Program Files\Common Files\Oracle\Java\javapath;C:\Program Files (x86)\Common Files\Oracle\Java\javapath;C:\Windows\system32;C:\Windows;C:\Windows\System32\Wbem;C:\Windows\System32\WindowsPowerShell\v1.0\;C:\Windows\System32\OpenSSH\;C:\Program Files\dotnet\;C:\Program Files\Git\cmd;C:\Users\admin\AppData\Local\Microsoft\WindowsApps;C:\Users\admin\.dotnet\tools;C:\Users\admin\AppData\Local\GitHubDesktop\bin
USERNAME=admin
OS=Windows_NT
PROCESSOR_IDENTIFIER=AMD64 Family 23 Model 17 Stepping 0, AuthenticAMD



---------------  S Y S T E M  ---------------

OS:
 Windows 10 , 64 bit Build 19041 (10.0.19041.3636)
OS uptime: 0 days 3:23 hours

CPU: total 4 (initial active 4) (4 cores per cpu, 2 threads per core) family 23 model 17 stepping 0 microcode 0x0, cx8, cmov, fxsr, ht, mmx, 3dnowpref, sse, sse2, sse3, ssse3, sse4a, sse4.1, sse4.2, popcnt, lzcnt, tsc, tscinvbit, avx, avx2, aes, clmul, bmi1, bmi2, adx, sha, fma, vzeroupper, clflush, clflushopt

Memory: 4k page, system-wide physical 6092M (273M free)
TotalPageFile size 21275M (AvailPageFile size 323M)
current process WorkingSet (physical memory assigned to process): 512M, peak: 515M
current process commit charge ("private bytes"): 602M, peak: 1007M

vm_info: Java HotSpot(TM) 64-Bit Server VM (17.0.9+11-LTS-201) for windows-amd64 JRE (17.0.9+11-LTS-201), built on Oct 10 2023 23:16:06 by "mach5one" with MS VC++ 17.1 (VS2022)

END.
